['skim', 'analyze']
# Conditions read from  CMS_CONDITIONS  via FrontierProd 

####################
Adding Skim step
####################

Adding GJet Skim step.
triggerSelection should be verified for new datasets.
photonID should be modified for each global tag.
 switching PAT Tau input to:  cms.InputTag("hpsPFTauProducer76xReMiniAOD")

####################
Adding Analyze step
####################

CMSSW_VERSION is CMSSW_7_6_3
Using the following global tags [MC, DATA]:
['76X_mcRun2_asymptotic_RunIIFall15DR76_v1', '76X_dataRun2_16Dec2015_v0']
DEBUG 2017-04-16 20:29:42,831: 	 Executing command: 'submit'
DEBUG 2017-04-16 20:29:42,840: 	 Found CRAB cache file /home/fengyb/.crab3
DEBUG 2017-04-16 20:29:42,850: 	 Checking credentials
DEBUG 2017-04-16 20:29:42,851: 	 Found proxy file /tmp/x509up_u1701
DEBUG 2017-04-16 20:29:42,851: 	 Getting proxy life time left
DEBUG 2017-04-16 20:29:42,957: 	 Executing : 
 command : voms-proxy-info -file /tmp/x509up_u1701 -timeleft
 output : 43076

 error: 
 retcode : 0
DEBUG 2017-04-16 20:29:43,065: 	 Executing : 
 command : voms-proxy-info -file /tmp/x509up_u1701 -actimeleft
 output : 43075

 error: 
 retcode : 0
DEBUG 2017-04-16 20:29:43,066: 	 Proxy valid for 11:57:56 hours
DEBUG 2017-04-16 20:29:43,067: 	 Will use CRAB Analysis plugin (i.e. will run an analysis job type).
DEBUG 2017-04-16 20:29:43,396: 	 Executing : 
 command : openssl x509 -in ~/.globus/usercert.pem -subject -noout
 output : subject= /DC=ch/DC=cern/OU=Organic Units/OU=Users/CN=yofeng/CN=785825/CN=Yongbin Feng

 error: 
 retcode : 0
DEBUG 2017-04-16 20:29:43,396: 	 Checking credentials
DEBUG 2017-04-16 20:29:43,396: 	 Found proxy file /tmp/x509up_u1701
DEBUG 2017-04-16 20:29:43,396: 	 Getting proxy life time left
DEBUG 2017-04-16 20:29:43,504: 	 Executing : 
 command : voms-proxy-info -file /tmp/x509up_u1701 -timeleft
 output : 43075

 error: 
 retcode : 0
DEBUG 2017-04-16 20:29:43,610: 	 Executing : 
 command : voms-proxy-info -file /tmp/x509up_u1701 -actimeleft
 output : 43075

 error: 
 retcode : 0
DEBUG 2017-04-16 20:29:43,611: 	 Proxy valid for 11:57:55 hours
DEBUG 2017-04-16 20:29:43,716: 	 Executing : 
 command : env X509_USER_PROXY=/tmp/x509up_u1701 voms-proxy-info -fqan
 output : /cms/Role=NULL/Capability=NULL

 error: 
 retcode : 0
DEBUG 2017-04-16 20:29:44,691: 	 Registering user credentials for server /DC=ch/DC=cern/OU=computers/CN=vocms(045|052|021|031|0118|0118a|0119|0108|0105|0109).cern.ch
DEBUG 2017-04-16 20:29:44,805: 	 Executing : 
 command : openssl x509 -in ~/.globus/usercert.pem -subject -noout
 output : subject= /DC=ch/DC=cern/OU=Organic Units/OU=Users/CN=yofeng/CN=785825/CN=Yongbin Feng

 error: 
 retcode : 0
DEBUG 2017-04-16 20:29:44,806: 	 Getting myproxy life time left for myproxy.cern.ch
DEBUG 2017-04-16 20:29:44,806: 	 Calculating hash of /DC=ch/DC=cern/OU=Organic Units/OU=Users/CN=yofeng/CN=785825/CN=Yongbin Feng_cmsweb.cern.ch for credential name
DEBUG 2017-04-16 20:29:45,614: 	 Executing : 
 command : myproxy-info -l 46a32ae7e95f6185805e22dd0e47513ea7de8fa0 -s myproxy.cern.ch
 output : username: 46a32ae7e95f6185805e22dd0e47513ea7de8fa0
owner: /DC=ch/DC=cern/OU=Organic Units/OU=Users/CN=yofeng/CN=785825/CN=Yongbin Feng
  renewal policy: /DC=ch/DC=cern/OU=computers/CN=vocms(045|052|021|031|0118|0118a|0119|0108|0105|0109).cern.ch
  trusted retrieval policy: /DC=ch/DC=cern/OU=computers/CN=vocms(045|052|021|031|0118|0118a|0119|0108|0105|0109).cern.ch
  timeleft: 625:33:27  (26.1 days)

 error: 
 retcode : 0
DEBUG 2017-04-16 20:29:45,617: 	 Myproxy is valid: 2252007
DEBUG 2017-04-16 20:29:45,617: 	 Command use: submit
DEBUG 2017-04-16 20:29:45,617: 	 Options use: ['--config', <WMCore.Configuration.Configuration object at 0xa639d0>]
DEBUG 2017-04-16 20:29:46,815: 	 CRABClient version: 3.3.1704
DEBUG 2017-04-16 20:29:46,815: 	 Instance is prod
DEBUG 2017-04-16 20:29:46,815: 	 Server base url is cmsweb.cern.ch
DEBUG 2017-04-16 20:29:46,815: 	 Command url /crabserver/prod/workflow
DEBUG 2017-04-16 20:29:46,815: 	 Started submission
DEBUG 2017-04-16 20:29:46,815: 	 Working on /data/users/fengyb/CMSSW_7_6_3/src/EmergingJetAnalysis/crabTasks/crab_Analysis-20170416-2017-0416-v10/crab_Analysis-20170416-GJets_HT-400To600_RunIIFall15DR76-2017-0416-202942
DEBUG 2017-04-16 20:29:47,826: 	 Loading required information from the environment
DEBUG 2017-04-16 20:29:47,826: 	 Found CMSSW_7_6_3 for slc6_amd64_gcc493 with base /data/users/fengyb/CMSSW_7_6_3
DEBUG 2017-04-16 20:29:47,826: 	 Loading required information from the environment
DEBUG 2017-04-16 20:29:47,826: 	 Found CMSSW_7_6_3 for slc6_amd64_gcc493 with base /data/users/fengyb/CMSSW_7_6_3
DEBUG 2017-04-16 20:29:47,844: 	 UNIQUE NAME: tarUUID 771e125e-9776-4e44-b11f-e81337602a05 
DEBUG 2017-04-16 20:29:47,845: 	 self.config: from WMCore.Configuration import Configuration
config = Configuration()
config.section_('General')
config.General.workArea = 'crabTasks/crab_Analysis-20170416-2017-0416-v10'
config.General.requestName = 'Analysis-20170416-GJets_HT-400To600_RunIIFall15DR76-2017-0416-202942'
config.section_('JobType')
config.JobType.priority = 30
config.JobType.psetName = 'Configuration/test/test_cfg.py'
config.JobType.pluginName = 'Analysis'
config.JobType.pyCfgParams = ['crab=1', 'data=0', 'sample=gjet']
config.section_('Data')
config.Data.inputDataset = '/GJets_HT-400To600_TuneCUETP8M1_13TeV-madgraphMLM-pythia8/RunIIFall15DR76-PU25nsData2015v1_76X_mcRun2_asymptotic_v12-v1/AODSIM'
config.Data.outputDatasetTag = 'Analysis-20170416'
config.Data.publication = True
config.Data.unitsPerJob = 1
config.Data.ignoreLocality = True
config.Data.splitting = 'FileBased'
config.Data.inputDBS = 'global'
config.Data.outLFNDirBase = '/store/user/yofeng/GJet/ntuple/Analysis-20170416-v10/pT35To90/GJets_HT-400To600_RunIIFall15DR76/'
config.Data.totalUnits = 1000
config.section_('Site')
config.Site.blacklist = ['T2_US_Purdue']
config.Site.storageSite = 'T3_US_UMD'

DEBUG 2017-04-16 20:29:47,845: 	 self.config.JobType.psetName: Configuration/test/test_cfg.py
INFO 2017-04-16 20:29:47,846: 	 Importing CMSSW configuration Configuration/test/test_cfg.py
DEBUG 2017-04-16 20:29:47,846: 	 Additional parameters for the CMSSW configuration are: ['crab=1', 'data=0', 'sample=gjet']
INFO 2017-04-16 20:29:54,203: 	 Finished importing CMSSW configuration Configuration/test/test_cfg.py
DEBUG 2017-04-16 20:29:54,203: 	 Writing CMSSW configuration to /data/users/fengyb/CMSSW_7_6_3/src/EmergingJetAnalysis/crabTasks/crab_Analysis-20170416-2017-0416-v10/crab_Analysis-20170416-GJets_HT-400To600_RunIIFall15DR76-2017-0416-202942/inputs/PSet.py
DEBUG 2017-04-16 20:29:57,228: 	 The following EDM output files will be collected: ['output.root']
DEBUG 2017-04-16 20:29:57,229: 	 The following TFile output files will be collected: ['ntuple.root']
DEBUG 2017-04-16 20:29:57,229: 	 The following user output files will be collected: []
DEBUG 2017-04-16 20:29:57,229: 	 Loading required information from the environment
DEBUG 2017-04-16 20:29:57,229: 	 Found CMSSW_7_6_3 for slc6_amd64_gcc493 with base /data/users/fengyb/CMSSW_7_6_3
DEBUG 2017-04-16 20:29:57,229: 	 Making tarball in /data/users/fengyb/CMSSW_7_6_3/src/EmergingJetAnalysis/crabTasks/crab_Analysis-20170416-2017-0416-v10/crab_Analysis-20170416-GJets_HT-400To600_RunIIFall15DR76-2017-0416-202942/inputs/771e125e-9776-4e44-b11f-e81337602a05default.tgz
DEBUG 2017-04-16 20:29:57,295: 	 Checking directory /data/users/fengyb/CMSSW_7_6_3/lib
DEBUG 2017-04-16 20:29:57,295: 	 Adding directory /data/users/fengyb/CMSSW_7_6_3/lib to tarball
DEBUG 2017-04-16 20:30:00,605: 	 Checking directory /data/users/fengyb/CMSSW_7_6_3/biglib
DEBUG 2017-04-16 20:30:00,605: 	 Adding directory /data/users/fengyb/CMSSW_7_6_3/biglib to tarball
DEBUG 2017-04-16 20:30:00,607: 	 Checking directory /data/users/fengyb/CMSSW_7_6_3/module
DEBUG 2017-04-16 20:30:00,751: 	 Adding data directory /data/users/fengyb/CMSSW_7_6_3/src/RecoEgamma/EgammaTools/data to tarball
DEBUG 2017-04-16 20:30:00,780: 	 Adding data directory /data/users/fengyb/CMSSW_7_6_3/src/RecoEgamma/EgammaTools/interface to tarball
DEBUG 2017-04-16 20:30:00,798: 	 Adding data directory /data/users/fengyb/CMSSW_7_6_3/src/RecoEgamma/PhotonIdentification/data to tarball
DEBUG 2017-04-16 20:30:00,807: 	 Adding data directory /data/users/fengyb/CMSSW_7_6_3/src/RecoEgamma/PhotonIdentification/interface to tarball
DEBUG 2017-04-16 20:30:00,841: 	 Adding data directory /data/users/fengyb/CMSSW_7_6_3/src/EmergingJetAnalysis/EmergingJetAnalyzer/interface to tarball
DEBUG 2017-04-16 20:30:00,870: 	 Adding data directory /data/users/fengyb/CMSSW_7_6_3/src/EmergingJetAnalysis/EmJetAnalyzer/interface to tarball
DEBUG 2017-04-16 20:30:03,018: 	 Uploading archive /data/users/fengyb/CMSSW_7_6_3/src/EmergingJetAnalysis/crabTasks/crab_Analysis-20170416-2017-0416-v10/crab_Analysis-20170416-GJets_HT-400To600_RunIIFall15DR76-2017-0416-202942/inputs/771e125e-9776-4e44-b11f-e81337602a05default.tgz (6.729492.1 MB) to the CRAB cache. Using URI https://cmsweb.cern.ch/crabcache
DEBUG 2017-04-16 20:30:08,953: 	 Loading required information from the environment
DEBUG 2017-04-16 20:30:08,953: 	 Found CMSSW_7_6_3 for slc6_amd64_gcc493 with base /data/users/fengyb/CMSSW_7_6_3
DEBUG 2017-04-16 20:30:08,953: 	 Making tarball in /data/users/fengyb/CMSSW_7_6_3/src/EmergingJetAnalysis/crabTasks/crab_Analysis-20170416-2017-0416-v10/crab_Analysis-20170416-GJets_HT-400To600_RunIIFall15DR76-2017-0416-202942/inputs/debugFiles.tgz
DEBUG 2017-04-16 20:30:09,031: 	 Uploading archive /data/users/fengyb/CMSSW_7_6_3/src/EmergingJetAnalysis/crabTasks/crab_Analysis-20170416-2017-0416-v10/crab_Analysis-20170416-GJets_HT-400To600_RunIIFall15DR76-2017-0416-202942/inputs/debugFiles.tgz (3 KB) to the CRAB cache. Using URI https://cmsweb.cern.ch/crabcache
DEBUG 2017-04-16 20:30:10,693: 	 Result uploading input files: 957576c83197a29fcf7a332b1b96028ff0966bc6b56cd0c3cfd57b19395a3ee4.tar.gz 
WARNING 2017-04-16 20:30:10,694: 	 Warning: The following output files will not be published, as they are not EDM files: ['ntuple.root']
INFO 2017-04-16 20:30:10,694: 	 Sending the request to the server
DEBUG 2017-04-16 20:30:10,694: 	 Submitting {'maxjobruntime': 1250, 'extrajdl': [], 'ignorelocality': 1, 'savelogsflag': 0, 'useparent': 0, 'asyncdest': 'T3_US_UMD', 'algoargs': 1, 'cachefilename': '957576c83197a29fcf7a332b1b96028ff0966bc6b56cd0c3cfd57b19395a3ee4.tar.gz', 'numcores': 1, 'addoutputfiles': [], 'generator': 'pythia', 'maxmemory': 2000, 'publishdbsurl': 'https://cmsweb.cern.ch/dbs/prod/phys03/DBSWriter', 'priority': 30, 'jobsw': 'CMSSW_7_6_3', 'edmoutfiles': ['output.root'], 'userfiles': [], 'primarydataset': '', 'inputdata': '/GJets_HT-400To600_TuneCUETP8M1_13TeV-madgraphMLM-pythia8/RunIIFall15DR76-PU25nsData2015v1_76X_mcRun2_asymptotic_v12-v1/AODSIM', 'lfn': '/store/user/yofeng/GJet/ntuple/Analysis-20170416-v10/pT35To90/GJets_HT-400To600_RunIIFall15DR76/', 'dryrun': 0, 'workflow': 'crab_Analysis-20170416-GJets_HT-400To600_RunIIFall15DR76-2017-0416-202942', 'cacheurl': u'https://cmsweb.cern.ch/crabcache', 'nonprodsw': 0, 'tfileoutfiles': ['ntuple.root'], 'oneEventMode': 0, 'debugfilename': '8c406678737b64111286831b5b14807a38b72c9c71a2f851cb1b426ddf4817cf.tar.gz', 'saveoutput': 1, 'publication': 1, 'jobarch': 'slc6_amd64_gcc493', 'totalunits': 1000, 'splitalgo': 'FileBased', 'ignoreglobalblacklist': 0, 'nonvaliddata': 0, 'dbsurl': 'https://cmsweb.cern.ch/dbs/prod/global/DBSReader', 'publishgroupname': 0, 'jobtype': 'Analysis', 'siteblacklist': ['T2_US_Purdue'], 'publishname2': 'Analysis-20170416'} 
DEBUG 2017-04-16 20:30:10,694: 	 Encoded submit request: maxjobruntime=1250&ignorelocality=1&savelogsflag=0&useparent=0&asyncdest=T3_US_UMD&algoargs=1&cachefilename=957576c83197a29fcf7a332b1b96028ff0966bc6b56cd0c3cfd57b19395a3ee4.tar.gz&numcores=1&generator=pythia&maxmemory=2000&publishdbsurl=https%3A%2F%2Fcmsweb.cern.ch%2Fdbs%2Fprod%2Fphys03%2FDBSWriter&priority=30&jobsw=CMSSW_7_6_3&primarydataset=&inputdata=%2FGJets_HT-400To600_TuneCUETP8M1_13TeV-madgraphMLM-pythia8%2FRunIIFall15DR76-PU25nsData2015v1_76X_mcRun2_asymptotic_v12-v1%2FAODSIM&lfn=%2Fstore%2Fuser%2Fyofeng%2FGJet%2Fntuple%2FAnalysis-20170416-v10%2FpT35To90%2FGJets_HT-400To600_RunIIFall15DR76%2F&dryrun=0&workflow=crab_Analysis-20170416-GJets_HT-400To600_RunIIFall15DR76-2017-0416-202942&cacheurl=https%3A%2F%2Fcmsweb.cern.ch%2Fcrabcache&nonprodsw=0&oneEventMode=0&debugfilename=8c406678737b64111286831b5b14807a38b72c9c71a2f851cb1b426ddf4817cf.tar.gz&saveoutput=1&publication=1&jobarch=slc6_amd64_gcc493&totalunits=1000&splitalgo=FileBased&ignoreglobalblacklist=0&nonvaliddata=0&dbsurl=https%3A%2F%2Fcmsweb.cern.ch%2Fdbs%2Fprod%2Fglobal%2FDBSReader&publishgroupname=0&jobtype=Analysis&publishname2=Analysis-20170416&siteblacklist=T2_US_Purdue&tfileoutfiles=ntuple.root&edmoutfiles=output.root
DEBUG 2017-04-16 20:30:12,511: 	 Result: {u'result': [{u'RequestName': u'170417_003011:yofeng_crab_Analysis-20170416-GJets_HT-400To600_RunIIFall15DR76-2017-0416-202942'}]}
INFO 2017-04-16 20:30:12,575: 	 Success: Your task has been delivered to the CRAB3 server.
INFO 2017-04-16 20:30:12,575: 	 Task name: 170417_003011:yofeng_crab_Analysis-20170416-GJets_HT-400To600_RunIIFall15DR76-2017-0416-202942
INFO 2017-04-16 20:30:12,576: 	 Please use 'crab status' to check how the submission process proceeds.
DEBUG 2017-04-16 20:30:12,576: 	 About to return
DEBUG 2017-04-16 20:31:16,696: 	 Executing command: 'status'
DEBUG 2017-04-16 20:31:16,697: 	 Found CRAB cache file /home/fengyb/.crab3
DEBUG 2017-04-16 20:31:16,702: 	 Checking credentials
DEBUG 2017-04-16 20:31:16,702: 	 Found proxy file /tmp/x509up_u1701
DEBUG 2017-04-16 20:31:16,702: 	 Getting proxy life time left
DEBUG 2017-04-16 20:31:16,806: 	 Executing : 
 command : voms-proxy-info -file /tmp/x509up_u1701 -timeleft
 output : 42982

 error: 
 retcode : 0
DEBUG 2017-04-16 20:31:16,911: 	 Executing : 
 command : voms-proxy-info -file /tmp/x509up_u1701 -actimeleft
 output : 42982

 error: 
 retcode : 0
DEBUG 2017-04-16 20:31:16,911: 	 Proxy valid for 11:56:22 hours
DEBUG 2017-04-16 20:31:17,023: 	 Executing : 
 command : openssl x509 -in ~/.globus/usercert.pem -subject -noout
 output : subject= /DC=ch/DC=cern/OU=Organic Units/OU=Users/CN=yofeng/CN=785825/CN=Yongbin Feng

 error: 
 retcode : 0
DEBUG 2017-04-16 20:31:17,023: 	 Checking credentials
DEBUG 2017-04-16 20:31:17,023: 	 Found proxy file /tmp/x509up_u1701
DEBUG 2017-04-16 20:31:17,023: 	 Getting proxy life time left
DEBUG 2017-04-16 20:31:17,128: 	 Executing : 
 command : voms-proxy-info -file /tmp/x509up_u1701 -timeleft
 output : 42981

 error: 
 retcode : 0
DEBUG 2017-04-16 20:31:17,232: 	 Executing : 
 command : voms-proxy-info -file /tmp/x509up_u1701 -actimeleft
 output : 42981

 error: 
 retcode : 0
DEBUG 2017-04-16 20:31:17,233: 	 Proxy valid for 11:56:21 hours
DEBUG 2017-04-16 20:31:18,441: 	 Registering user credentials for server /DC=ch/DC=cern/OU=computers/CN=vocms(045|052|021|031|0118|0118a|0119|0108|0105|0109).cern.ch
DEBUG 2017-04-16 20:31:18,549: 	 Executing : 
 command : openssl x509 -in ~/.globus/usercert.pem -subject -noout
 output : subject= /DC=ch/DC=cern/OU=Organic Units/OU=Users/CN=yofeng/CN=785825/CN=Yongbin Feng

 error: 
 retcode : 0
DEBUG 2017-04-16 20:31:18,549: 	 Getting myproxy life time left for myproxy.cern.ch
DEBUG 2017-04-16 20:31:18,549: 	 Calculating hash of /DC=ch/DC=cern/OU=Organic Units/OU=Users/CN=yofeng/CN=785825/CN=Yongbin Feng_cmsweb.cern.ch for credential name
DEBUG 2017-04-16 20:31:19,554: 	 Executing : 
 command : myproxy-info -l 46a32ae7e95f6185805e22dd0e47513ea7de8fa0 -s myproxy.cern.ch
 output : username: 46a32ae7e95f6185805e22dd0e47513ea7de8fa0
owner: /DC=ch/DC=cern/OU=Organic Units/OU=Users/CN=yofeng/CN=785825/CN=Yongbin Feng
  renewal policy: /DC=ch/DC=cern/OU=computers/CN=vocms(045|052|021|031|0118|0118a|0119|0108|0105|0109).cern.ch
  trusted retrieval policy: /DC=ch/DC=cern/OU=computers/CN=vocms(045|052|021|031|0118|0118a|0119|0108|0105|0109).cern.ch
  timeleft: 625:31:53  (26.1 days)

 error: 
 retcode : 0
DEBUG 2017-04-16 20:31:19,555: 	 Myproxy is valid: 2251913
DEBUG 2017-04-16 20:31:19,555: 	 Command use: status
DEBUG 2017-04-16 20:31:19,555: 	 Options use: ['-d', 'crab_Analysis-20170416-GJets_HT-400To600_RunIIFall15DR76-2017-0416-202942']
DEBUG 2017-04-16 20:31:20,560: 	 CRABClient version: 3.3.1704
DEBUG 2017-04-16 20:31:20,560: 	 Instance is prod
DEBUG 2017-04-16 20:31:20,560: 	 Server base url is cmsweb.cern.ch
DEBUG 2017-04-16 20:31:20,560: 	 Command url /crabserver/prod/workflow
DEBUG 2017-04-16 20:31:20,561: 	 Looking up detailed status of task 170417_003011:yofeng_crab_Analysis-20170416-GJets_HT-400To600_RunIIFall15DR76-2017-0416-202942
DEBUG 2017-04-16 20:31:24,387: 	 {u'status': u'SUBMITTED', u'username': u'yofeng', u'jobsPerStatus': {u'unsubmitted': 182}, u'jobs': {u'133': {u'State': u'unsubmitted'}, u'132': {u'State': u'unsubmitted'}, u'131': {u'State': u'unsubmitted'}, u'130': {u'State': u'unsubmitted'}, u'137': {u'State': u'unsubmitted'}, u'136': {u'State': u'unsubmitted'}, u'135': {u'State': u'unsubmitted'}, u'134': {u'State': u'unsubmitted'}, u'139': {u'State': u'unsubmitted'}, u'138': {u'State': u'unsubmitted'}, u'93': {u'State': u'unsubmitted'}, u'24': {u'State': u'unsubmitted'}, u'25': {u'State': u'unsubmitted'}, u'26': {u'State': u'unsubmitted'}, u'27': {u'State': u'unsubmitted'}, u'20': {u'State': u'unsubmitted'}, u'21': {u'State': u'unsubmitted'}, u'22': {u'State': u'unsubmitted'}, u'23': {u'State': u'unsubmitted'}, u'95': {u'State': u'unsubmitted'}, u'28': {u'State': u'unsubmitted'}, u'29': {u'State': u'unsubmitted'}, u'94': {u'State': u'unsubmitted'}, u'4': {u'State': u'unsubmitted'}, u'8': {u'State': u'unsubmitted'}, u'96': {u'State': u'unsubmitted'}, u'68': {u'State': u'unsubmitted'}, u'120': {u'State': u'unsubmitted'}, u'121': {u'State': u'unsubmitted'}, u'122': {u'State': u'unsubmitted'}, u'123': {u'State': u'unsubmitted'}, u'124': {u'State': u'unsubmitted'}, u'125': {u'State': u'unsubmitted'}, u'126': {u'State': u'unsubmitted'}, u'127': {u'State': u'unsubmitted'}, u'128': {u'State': u'unsubmitted'}, u'129': {u'State': u'unsubmitted'}, u'69': {u'State': u'unsubmitted'}, u'91': {u'State': u'unsubmitted'}, u'59': {u'State': u'unsubmitted'}, u'58': {u'State': u'unsubmitted'}, u'55': {u'State': u'unsubmitted'}, u'54': {u'State': u'unsubmitted'}, u'57': {u'State': u'unsubmitted'}, u'56': {u'State': u'unsubmitted'}, u'51': {u'State': u'unsubmitted'}, u'50': {u'State': u'unsubmitted'}, u'53': {u'State': u'unsubmitted'}, u'52': {u'State': u'unsubmitted'}, u'90': {u'State': u'unsubmitted'}, u'66': {u'State': u'unsubmitted'}, u'67': {u'State': u'unsubmitted'}, u'115': {u'State': u'unsubmitted'}, u'114': {u'State': u'unsubmitted'}, u'88': {u'State': u'unsubmitted'}, u'89': {u'State': u'unsubmitted'}, u'111': {u'State': u'unsubmitted'}, u'110': {u'State': u'unsubmitted'}, u'113': {u'State': u'unsubmitted'}, u'112': {u'State': u'unsubmitted'}, u'82': {u'State': u'unsubmitted'}, u'83': {u'State': u'unsubmitted'}, u'80': {u'State': u'unsubmitted'}, u'81': {u'State': u'unsubmitted'}, u'119': {u'State': u'unsubmitted'}, u'118': {u'State': u'unsubmitted'}, u'84': {u'State': u'unsubmitted'}, u'85': {u'State': u'unsubmitted'}, u'3': {u'State': u'unsubmitted'}, u'7': {u'State': u'unsubmitted'}, u'92': {u'State': u'unsubmitted'}, u'108': {u'State': u'unsubmitted'}, u'109': {u'State': u'unsubmitted'}, u'102': {u'State': u'unsubmitted'}, u'103': {u'State': u'unsubmitted'}, u'100': {u'State': u'unsubmitted'}, u'101': {u'State': u'unsubmitted'}, u'106': {u'State': u'unsubmitted'}, u'107': {u'State': u'unsubmitted'}, u'104': {u'State': u'unsubmitted'}, u'105': {u'State': u'unsubmitted'}, u'39': {u'State': u'unsubmitted'}, u'38': {u'State': u'unsubmitted'}, u'33': {u'State': u'unsubmitted'}, u'32': {u'State': u'unsubmitted'}, u'31': {u'State': u'unsubmitted'}, u'30': {u'State': u'unsubmitted'}, u'37': {u'State': u'unsubmitted'}, u'36': {u'State': u'unsubmitted'}, u'35': {u'State': u'unsubmitted'}, u'34': {u'State': u'unsubmitted'}, u'60': {u'State': u'unsubmitted'}, u'61': {u'State': u'unsubmitted'}, u'62': {u'State': u'unsubmitted'}, u'63': {u'State': u'unsubmitted'}, u'64': {u'State': u'unsubmitted'}, u'65': {u'State': u'unsubmitted'}, u'179': {u'State': u'unsubmitted'}, u'178': {u'State': u'unsubmitted'}, u'177': {u'State': u'unsubmitted'}, u'176': {u'State': u'unsubmitted'}, u'175': {u'State': u'unsubmitted'}, u'174': {u'State': u'unsubmitted'}, u'173': {u'State': u'unsubmitted'}, u'172': {u'State': u'unsubmitted'}, u'171': {u'State': u'unsubmitted'}, u'170': {u'State': u'unsubmitted'}, u'182': {u'State': u'unsubmitted'}, u'180': {u'State': u'unsubmitted'}, u'181': {u'State': u'unsubmitted'}, u'6': {u'State': u'unsubmitted'}, u'97': {u'State': u'unsubmitted'}, u'99': {u'State': u'unsubmitted'}, u'98': {u'State': u'unsubmitted'}, u'168': {u'State': u'unsubmitted'}, u'169': {u'State': u'unsubmitted'}, u'164': {u'State': u'unsubmitted'}, u'165': {u'State': u'unsubmitted'}, u'166': {u'State': u'unsubmitted'}, u'167': {u'State': u'unsubmitted'}, u'160': {u'State': u'unsubmitted'}, u'161': {u'State': u'unsubmitted'}, u'162': {u'State': u'unsubmitted'}, u'163': {u'State': u'unsubmitted'}, u'11': {u'State': u'unsubmitted'}, u'10': {u'State': u'unsubmitted'}, u'13': {u'State': u'unsubmitted'}, u'12': {u'State': u'unsubmitted'}, u'15': {u'State': u'unsubmitted'}, u'14': {u'State': u'unsubmitted'}, u'17': {u'State': u'unsubmitted'}, u'16': {u'State': u'unsubmitted'}, u'19': {u'State': u'unsubmitted'}, u'18': {u'State': u'unsubmitted'}, u'117': {u'State': u'unsubmitted'}, u'116': {u'State': u'unsubmitted'}, u'151': {u'State': u'unsubmitted'}, u'150': {u'State': u'unsubmitted'}, u'153': {u'State': u'unsubmitted'}, u'152': {u'State': u'unsubmitted'}, u'155': {u'State': u'unsubmitted'}, u'154': {u'State': u'unsubmitted'}, u'157': {u'State': u'unsubmitted'}, u'156': {u'State': u'unsubmitted'}, u'159': {u'State': u'unsubmitted'}, u'158': {u'State': u'unsubmitted'}, u'48': {u'State': u'unsubmitted'}, u'49': {u'State': u'unsubmitted'}, u'46': {u'State': u'unsubmitted'}, u'86': {u'State': u'unsubmitted'}, u'44': {u'State': u'unsubmitted'}, u'45': {u'State': u'unsubmitted'}, u'42': {u'State': u'unsubmitted'}, u'43': {u'State': u'unsubmitted'}, u'40': {u'State': u'unsubmitted'}, u'87': {u'State': u'unsubmitted'}, u'1': {u'State': u'unsubmitted'}, u'5': {u'State': u'unsubmitted'}, u'9': {u'State': u'unsubmitted'}, u'146': {u'State': u'unsubmitted'}, u'147': {u'State': u'unsubmitted'}, u'144': {u'State': u'unsubmitted'}, u'145': {u'State': u'unsubmitted'}, u'142': {u'State': u'unsubmitted'}, u'143': {u'State': u'unsubmitted'}, u'140': {u'State': u'unsubmitted'}, u'141': {u'State': u'unsubmitted'}, u'148': {u'State': u'unsubmitted'}, u'149': {u'State': u'unsubmitted'}, u'77': {u'State': u'unsubmitted'}, u'76': {u'State': u'unsubmitted'}, u'75': {u'State': u'unsubmitted'}, u'74': {u'State': u'unsubmitted'}, u'73': {u'State': u'unsubmitted'}, u'72': {u'State': u'unsubmitted'}, u'71': {u'State': u'unsubmitted'}, u'70': {u'State': u'unsubmitted'}, u'79': {u'State': u'unsubmitted'}, u'78': {u'State': u'unsubmitted'}, u'2': {u'State': u'unsubmitted'}, u'41': {u'State': u'unsubmitted'}, u'47': {u'State': u'unsubmitted'}}, u'publication': {}, u'taskWarningMsg': [], u'schedd': u'crab3@vocms0106.cern.ch', u'publicationFailures': {}, u'outdatasets': None, u'statusFailureMsg': u'', u'taskFailureMsg': u'', u'failedJobdefs': 0, u'ASOURL': u'https://cmsweb.cern.ch/crabserver/prod', u'command': u'SUBMIT', u'totalJobdefs': 0, u'submissionTime': 1492389012, u'jobdefErrors': [], u'collector': u'cmsgwms-collector-global.cern.ch:9620,cmssrv221.fnal.gov:9620', u'jobList': [[u'unsubmitted', 165], [u'unsubmitted', 133], [u'unsubmitted', 132], [u'unsubmitted', 131], [u'unsubmitted', 130], [u'unsubmitted', 137], [u'unsubmitted', 136], [u'unsubmitted', 135], [u'unsubmitted', 134], [u'unsubmitted', 139], [u'unsubmitted', 138], [u'unsubmitted', 166], [u'unsubmitted', 24], [u'unsubmitted', 25], [u'unsubmitted', 26], [u'unsubmitted', 27], [u'unsubmitted', 20], [u'unsubmitted', 21], [u'unsubmitted', 22], [u'unsubmitted', 23], [u'unsubmitted', 160], [u'unsubmitted', 28], [u'unsubmitted', 29], [u'unsubmitted', 161], [u'unsubmitted', 4], [u'unsubmitted', 8], [u'unsubmitted', 163], [u'unsubmitted', 119], [u'unsubmitted', 120], [u'unsubmitted', 121], [u'unsubmitted', 122], [u'unsubmitted', 123], [u'unsubmitted', 124], [u'unsubmitted', 125], [u'unsubmitted', 126], [u'unsubmitted', 127], [u'unsubmitted', 128], [u'unsubmitted', 129], [u'unsubmitted', 167], [u'unsubmitted', 118], [u'unsubmitted', 59], [u'unsubmitted', 58], [u'unsubmitted', 55], [u'unsubmitted', 54], [u'unsubmitted', 57], [u'unsubmitted', 56], [u'unsubmitted', 51], [u'unsubmitted', 50], [u'unsubmitted', 53], [u'unsubmitted', 52], [u'unsubmitted', 164], [u'unsubmitted', 179], [u'unsubmitted', 178], [u'unsubmitted', 115], [u'unsubmitted', 114], [u'unsubmitted', 88], [u'unsubmitted', 89], [u'unsubmitted', 111], [u'unsubmitted', 110], [u'unsubmitted', 113], [u'unsubmitted', 112], [u'unsubmitted', 82], [u'unsubmitted', 83], [u'unsubmitted', 80], [u'unsubmitted', 81], [u'unsubmitted', 86], [u'unsubmitted', 87], [u'unsubmitted', 84], [u'unsubmitted', 85], [u'unsubmitted', 3], [u'unsubmitted', 177], [u'unsubmitted', 7], [u'unsubmitted', 108], [u'unsubmitted', 109], [u'unsubmitted', 102], [u'unsubmitted', 103], [u'unsubmitted', 100], [u'unsubmitted', 101], [u'unsubmitted', 106], [u'unsubmitted', 107], [u'unsubmitted', 104], [u'unsubmitted', 105], [u'unsubmitted', 39], [u'unsubmitted', 38], [u'unsubmitted', 33], [u'unsubmitted', 32], [u'unsubmitted', 31], [u'unsubmitted', 30], [u'unsubmitted', 37], [u'unsubmitted', 36], [u'unsubmitted', 35], [u'unsubmitted', 34], [u'unsubmitted', 176], [u'unsubmitted', 60], [u'unsubmitted', 61], [u'unsubmitted', 62], [u'unsubmitted', 63], [u'unsubmitted', 64], [u'unsubmitted', 65], [u'unsubmitted', 66], [u'unsubmitted', 67], [u'unsubmitted', 68], [u'unsubmitted', 69], [u'unsubmitted', 175], [u'unsubmitted', 174], [u'unsubmitted', 173], [u'unsubmitted', 172], [u'unsubmitted', 171], [u'unsubmitted', 170], [u'unsubmitted', 181], [u'unsubmitted', 182], [u'unsubmitted', 180], [u'unsubmitted', 2], [u'unsubmitted', 162], [u'unsubmitted', 6], [u'unsubmitted', 99], [u'unsubmitted', 98], [u'unsubmitted', 168], [u'unsubmitted', 169], [u'unsubmitted', 91], [u'unsubmitted', 90], [u'unsubmitted', 93], [u'unsubmitted', 92], [u'unsubmitted', 95], [u'unsubmitted', 94], [u'unsubmitted', 97], [u'unsubmitted', 96], [u'unsubmitted', 11], [u'unsubmitted', 10], [u'unsubmitted', 13], [u'unsubmitted', 12], [u'unsubmitted', 15], [u'unsubmitted', 14], [u'unsubmitted', 17], [u'unsubmitted', 16], [u'unsubmitted', 19], [u'unsubmitted', 18], [u'unsubmitted', 117], [u'unsubmitted', 116], [u'unsubmitted', 151], [u'unsubmitted', 150], [u'unsubmitted', 153], [u'unsubmitted', 152], [u'unsubmitted', 155], [u'unsubmitted', 154], [u'unsubmitted', 157], [u'unsubmitted', 156], [u'unsubmitted', 159], [u'unsubmitted', 158], [u'unsubmitted', 48], [u'unsubmitted', 49], [u'unsubmitted', 46], [u'unsubmitted', 47], [u'unsubmitted', 44], [u'unsubmitted', 45], [u'unsubmitted', 42], [u'unsubmitted', 43], [u'unsubmitted', 40], [u'unsubmitted', 41], [u'unsubmitted', 1], [u'unsubmitted', 5], [u'unsubmitted', 9], [u'unsubmitted', 146], [u'unsubmitted', 147], [u'unsubmitted', 144], [u'unsubmitted', 145], [u'unsubmitted', 142], [u'unsubmitted', 143], [u'unsubmitted', 140], [u'unsubmitted', 141], [u'unsubmitted', 148], [u'unsubmitted', 149], [u'unsubmitted', 77], [u'unsubmitted', 76], [u'unsubmitted', 75], [u'unsubmitted', 74], [u'unsubmitted', 73], [u'unsubmitted', 72], [u'unsubmitted', 71], [u'unsubmitted', 70], [u'unsubmitted', 79], [u'unsubmitted', 78]]}
INFO 2017-04-16 20:31:24,387: 	 CRAB project directory:		/data/users/fengyb/CMSSW_7_6_3/src/EmergingJetAnalysis/crabTasks/crab_Analysis-20170416-2017-0416-v10/crab_Analysis-20170416-GJets_HT-400To600_RunIIFall15DR76-2017-0416-202942
INFO 2017-04-16 20:31:24,388: 	 Task name:			170417_003011:yofeng_crab_Analysis-20170416-GJets_HT-400To600_RunIIFall15DR76-2017-0416-202942
INFO 2017-04-16 20:31:24,388: 	 Grid scheduler:			crab3@vocms0106.cern.ch
INFO 2017-04-16 20:31:24,388: 	 Task status:			SUBMITTED
INFO 2017-04-16 20:31:24,389: 	 Task URL to use for HELP:	https://cmsweb.cern.ch/crabserver/ui/task/170417_003011%3Ayofeng_crab_Analysis-20170416-GJets_HT-400To600_RunIIFall15DR76-2017-0416-202942
INFO 2017-04-16 20:31:24,389: 	 Dashboard monitoring URL:	http://dashb-cms-job.cern.ch/dashboard/templates/task-analysis/#user=yofeng&table=Mains&pattern=170417_003011%3Ayofeng_crab_Analysis-20170416-GJets_HT-400To600_RunIIFall15DR76-2017-0416-202942
INFO 2017-04-16 20:31:24,389: 	 
Jobs status:			unsubmitted   100.0% (182/182)
INFO 2017-04-16 20:31:24,390: 	 
No publication information available yet
INFO 2017-04-16 20:31:24,396: 	 Log file is /data/users/fengyb/CMSSW_7_6_3/src/EmergingJetAnalysis/crabTasks/crab_Analysis-20170416-2017-0416-v10/crab_Analysis-20170416-GJets_HT-400To600_RunIIFall15DR76-2017-0416-202942/crab.log
DEBUG 2017-04-16 20:37:33,965: 	 Executing command: 'status'
DEBUG 2017-04-16 20:37:33,966: 	 Found CRAB cache file /home/fengyb/.crab3
DEBUG 2017-04-16 20:37:33,971: 	 Checking credentials
DEBUG 2017-04-16 20:37:33,972: 	 Found proxy file /tmp/x509up_u1701
DEBUG 2017-04-16 20:37:33,972: 	 Getting proxy life time left
DEBUG 2017-04-16 20:37:34,085: 	 Executing : 
 command : voms-proxy-info -file /tmp/x509up_u1701 -timeleft
 output : 42604

 error: 
 retcode : 0
DEBUG 2017-04-16 20:37:34,188: 	 Executing : 
 command : voms-proxy-info -file /tmp/x509up_u1701 -actimeleft
 output : 42604

 error: 
 retcode : 0
DEBUG 2017-04-16 20:37:34,189: 	 Proxy valid for 11:50:04 hours
DEBUG 2017-04-16 20:37:34,299: 	 Executing : 
 command : openssl x509 -in ~/.globus/usercert.pem -subject -noout
 output : subject= /DC=ch/DC=cern/OU=Organic Units/OU=Users/CN=yofeng/CN=785825/CN=Yongbin Feng

 error: 
 retcode : 0
DEBUG 2017-04-16 20:37:34,299: 	 Checking credentials
DEBUG 2017-04-16 20:37:34,300: 	 Found proxy file /tmp/x509up_u1701
DEBUG 2017-04-16 20:37:34,300: 	 Getting proxy life time left
DEBUG 2017-04-16 20:37:34,406: 	 Executing : 
 command : voms-proxy-info -file /tmp/x509up_u1701 -timeleft
 output : 42604

 error: 
 retcode : 0
DEBUG 2017-04-16 20:37:34,509: 	 Executing : 
 command : voms-proxy-info -file /tmp/x509up_u1701 -actimeleft
 output : 42604

 error: 
 retcode : 0
DEBUG 2017-04-16 20:37:34,509: 	 Proxy valid for 11:50:04 hours
DEBUG 2017-04-16 20:37:35,452: 	 Registering user credentials for server /DC=ch/DC=cern/OU=computers/CN=vocms(045|052|021|031|0118|0118a|0119|0108|0105|0109).cern.ch
DEBUG 2017-04-16 20:37:35,558: 	 Executing : 
 command : openssl x509 -in ~/.globus/usercert.pem -subject -noout
 output : subject= /DC=ch/DC=cern/OU=Organic Units/OU=Users/CN=yofeng/CN=785825/CN=Yongbin Feng

 error: 
 retcode : 0
DEBUG 2017-04-16 20:37:35,559: 	 Getting myproxy life time left for myproxy.cern.ch
DEBUG 2017-04-16 20:37:35,559: 	 Calculating hash of /DC=ch/DC=cern/OU=Organic Units/OU=Users/CN=yofeng/CN=785825/CN=Yongbin Feng_cmsweb.cern.ch for credential name
DEBUG 2017-04-16 20:37:36,366: 	 Executing : 
 command : myproxy-info -l 46a32ae7e95f6185805e22dd0e47513ea7de8fa0 -s myproxy.cern.ch
 output : username: 46a32ae7e95f6185805e22dd0e47513ea7de8fa0
owner: /DC=ch/DC=cern/OU=Organic Units/OU=Users/CN=yofeng/CN=785825/CN=Yongbin Feng
  renewal policy: /DC=ch/DC=cern/OU=computers/CN=vocms(045|052|021|031|0118|0118a|0119|0108|0105|0109).cern.ch
  trusted retrieval policy: /DC=ch/DC=cern/OU=computers/CN=vocms(045|052|021|031|0118|0118a|0119|0108|0105|0109).cern.ch
  timeleft: 625:25:36  (26.1 days)

 error: 
 retcode : 0
DEBUG 2017-04-16 20:37:36,367: 	 Myproxy is valid: 2251536
DEBUG 2017-04-16 20:37:36,367: 	 Command use: status
DEBUG 2017-04-16 20:37:36,367: 	 Options use: ['-d', 'crab_Analysis-20170416-GJets_HT-400To600_RunIIFall15DR76-2017-0416-202942']
DEBUG 2017-04-16 20:37:37,252: 	 CRABClient version: 3.3.1704
DEBUG 2017-04-16 20:37:37,253: 	 Instance is prod
DEBUG 2017-04-16 20:37:37,253: 	 Server base url is cmsweb.cern.ch
DEBUG 2017-04-16 20:37:37,253: 	 Command url /crabserver/prod/workflow
DEBUG 2017-04-16 20:37:37,253: 	 Looking up detailed status of task 170417_003011:yofeng_crab_Analysis-20170416-GJets_HT-400To600_RunIIFall15DR76-2017-0416-202942
DEBUG 2017-04-16 20:37:39,182: 	 {u'status': u'SUBMITTED', u'username': u'yofeng', u'jobsPerStatus': {u'idle': 62, u'running': 120}, u'jobs': {u'133': {u'State': u'idle'}, u'132': {u'State': u'idle'}, u'131': {u'State': u'idle'}, u'130': {u'State': u'idle'}, u'137': {u'State': u'idle'}, u'136': {u'State': u'idle'}, u'135': {u'State': u'idle'}, u'134': {u'State': u'idle'}, u'139': {u'State': u'idle'}, u'138': {u'State': u'idle'}, u'93': {u'State': u'running'}, u'24': {u'State': u'running'}, u'25': {u'State': u'running'}, u'26': {u'State': u'running'}, u'27': {u'State': u'running'}, u'20': {u'State': u'running'}, u'21': {u'State': u'idle'}, u'22': {u'State': u'running'}, u'23': {u'State': u'running'}, u'95': {u'State': u'running'}, u'28': {u'State': u'running'}, u'29': {u'State': u'running'}, u'94': {u'State': u'running'}, u'4': {u'State': u'idle'}, u'8': {u'State': u'running'}, u'96': {u'State': u'running'}, u'68': {u'State': u'running'}, u'120': {u'State': u'running'}, u'121': {u'State': u'running'}, u'122': {u'State': u'running'}, u'123': {u'State': u'running'}, u'124': {u'State': u'running'}, u'125': {u'State': u'running'}, u'126': {u'State': u'running'}, u'127': {u'State': u'running'}, u'128': {u'State': u'idle'}, u'129': {u'State': u'idle'}, u'69': {u'State': u'running'}, u'91': {u'State': u'running'}, u'59': {u'State': u'running'}, u'58': {u'State': u'running'}, u'55': {u'State': u'running'}, u'54': {u'State': u'running'}, u'57': {u'State': u'running'}, u'56': {u'State': u'running'}, u'51': {u'State': u'running'}, u'50': {u'State': u'running'}, u'53': {u'State': u'running'}, u'52': {u'State': u'running'}, u'90': {u'State': u'running'}, u'66': {u'State': u'running'}, u'67': {u'State': u'running'}, u'115': {u'State': u'running'}, u'114': {u'State': u'running'}, u'88': {u'State': u'running'}, u'89': {u'State': u'running'}, u'111': {u'State': u'running'}, u'110': {u'State': u'running'}, u'113': {u'State': u'running'}, u'112': {u'State': u'running'}, u'82': {u'State': u'running'}, u'83': {u'State': u'running'}, u'80': {u'State': u'running'}, u'81': {u'State': u'running'}, u'119': {u'State': u'running'}, u'118': {u'State': u'running'}, u'84': {u'State': u'running'}, u'85': {u'State': u'running'}, u'3': {u'State': u'idle'}, u'7': {u'State': u'running'}, u'92': {u'State': u'running'}, u'108': {u'State': u'running'}, u'109': {u'State': u'running'}, u'102': {u'State': u'idle'}, u'103': {u'State': u'running'}, u'100': {u'State': u'running'}, u'101': {u'State': u'running'}, u'106': {u'State': u'running'}, u'107': {u'State': u'running'}, u'104': {u'State': u'running'}, u'105': {u'State': u'running'}, u'39': {u'State': u'running'}, u'38': {u'State': u'running'}, u'33': {u'State': u'running'}, u'32': {u'State': u'running'}, u'31': {u'State': u'running'}, u'30': {u'State': u'running'}, u'37': {u'State': u'running'}, u'36': {u'State': u'running'}, u'35': {u'State': u'running'}, u'34': {u'State': u'running'}, u'60': {u'State': u'running'}, u'61': {u'State': u'running'}, u'62': {u'State': u'running'}, u'63': {u'State': u'running'}, u'64': {u'State': u'running'}, u'65': {u'State': u'running'}, u'179': {u'State': u'idle'}, u'178': {u'State': u'idle'}, u'177': {u'State': u'idle'}, u'176': {u'State': u'idle'}, u'175': {u'State': u'idle'}, u'174': {u'State': u'idle'}, u'173': {u'State': u'idle'}, u'172': {u'State': u'idle'}, u'171': {u'State': u'idle'}, u'170': {u'State': u'idle'}, u'182': {u'State': u'idle'}, u'180': {u'State': u'idle'}, u'181': {u'State': u'idle'}, u'6': {u'State': u'running'}, u'97': {u'State': u'running'}, u'99': {u'State': u'running'}, u'98': {u'State': u'running'}, u'168': {u'State': u'idle'}, u'169': {u'State': u'idle'}, u'164': {u'State': u'idle'}, u'165': {u'State': u'idle'}, u'166': {u'State': u'idle'}, u'167': {u'State': u'idle'}, u'160': {u'State': u'idle'}, u'161': {u'State': u'idle'}, u'162': {u'State': u'idle'}, u'163': {u'State': u'idle'}, u'11': {u'State': u'running'}, u'10': {u'State': u'running'}, u'13': {u'State': u'running'}, u'12': {u'State': u'running'}, u'15': {u'State': u'running'}, u'14': {u'State': u'running'}, u'17': {u'State': u'running'}, u'16': {u'State': u'running'}, u'19': {u'State': u'running'}, u'18': {u'State': u'running'}, u'117': {u'State': u'running'}, u'116': {u'State': u'running'}, u'151': {u'State': u'idle'}, u'150': {u'State': u'idle'}, u'153': {u'State': u'idle'}, u'152': {u'State': u'idle'}, u'155': {u'State': u'idle'}, u'154': {u'State': u'idle'}, u'157': {u'State': u'idle'}, u'156': {u'State': u'idle'}, u'159': {u'State': u'idle'}, u'158': {u'State': u'idle'}, u'48': {u'State': u'running'}, u'49': {u'State': u'running'}, u'46': {u'State': u'running'}, u'86': {u'State': u'running'}, u'44': {u'State': u'running'}, u'45': {u'State': u'running'}, u'42': {u'State': u'running'}, u'43': {u'State': u'running'}, u'40': {u'State': u'running'}, u'87': {u'State': u'running'}, u'1': {u'State': u'idle'}, u'5': {u'State': u'idle'}, u'9': {u'State': u'running'}, u'146': {u'State': u'idle'}, u'147': {u'State': u'idle'}, u'144': {u'State': u'idle'}, u'145': {u'State': u'idle'}, u'142': {u'State': u'idle'}, u'143': {u'State': u'idle'}, u'140': {u'State': u'idle'}, u'141': {u'State': u'idle'}, u'148': {u'State': u'idle'}, u'149': {u'State': u'idle'}, u'77': {u'State': u'running'}, u'76': {u'State': u'running'}, u'75': {u'State': u'running'}, u'74': {u'State': u'running'}, u'73': {u'State': u'running'}, u'72': {u'State': u'running'}, u'71': {u'State': u'running'}, u'70': {u'State': u'running'}, u'79': {u'State': u'running'}, u'78': {u'State': u'running'}, u'2': {u'State': u'idle'}, u'41': {u'State': u'running'}, u'47': {u'State': u'running'}}, u'publication': {}, u'taskWarningMsg': [], u'schedd': u'crab3@vocms0106.cern.ch', u'publicationFailures': {}, u'outdatasets': None, u'statusFailureMsg': u'', u'taskFailureMsg': u'', u'failedJobdefs': 0, u'ASOURL': u'https://cmsweb.cern.ch/crabserver/prod', u'command': u'SUBMIT', u'totalJobdefs': 0, u'submissionTime': 1492389012, u'jobdefErrors': [], u'collector': u'cmsgwms-collector-global.cern.ch:9620,cmssrv221.fnal.gov:9620', u'jobList': [[u'idle', 165], [u'idle', 133], [u'idle', 132], [u'idle', 131], [u'idle', 130], [u'idle', 137], [u'idle', 136], [u'idle', 135], [u'idle', 134], [u'idle', 139], [u'idle', 138], [u'idle', 166], [u'running', 24], [u'running', 25], [u'running', 26], [u'running', 27], [u'running', 20], [u'idle', 21], [u'running', 22], [u'running', 23], [u'idle', 160], [u'running', 28], [u'running', 29], [u'idle', 161], [u'idle', 4], [u'running', 8], [u'idle', 163], [u'running', 119], [u'running', 120], [u'running', 121], [u'running', 122], [u'running', 123], [u'running', 124], [u'running', 125], [u'running', 126], [u'running', 127], [u'idle', 128], [u'idle', 129], [u'idle', 167], [u'running', 118], [u'running', 59], [u'running', 58], [u'running', 55], [u'running', 54], [u'running', 57], [u'running', 56], [u'running', 51], [u'running', 50], [u'running', 53], [u'running', 52], [u'idle', 164], [u'idle', 179], [u'idle', 178], [u'running', 115], [u'running', 114], [u'running', 88], [u'running', 89], [u'running', 111], [u'running', 110], [u'running', 113], [u'running', 112], [u'running', 82], [u'running', 83], [u'running', 80], [u'running', 81], [u'running', 86], [u'running', 87], [u'running', 84], [u'running', 85], [u'idle', 3], [u'idle', 177], [u'running', 7], [u'running', 108], [u'running', 109], [u'idle', 102], [u'running', 103], [u'running', 100], [u'running', 101], [u'running', 106], [u'running', 107], [u'running', 104], [u'running', 105], [u'running', 39], [u'running', 38], [u'running', 33], [u'running', 32], [u'running', 31], [u'running', 30], [u'running', 37], [u'running', 36], [u'running', 35], [u'running', 34], [u'idle', 176], [u'running', 60], [u'running', 61], [u'running', 62], [u'running', 63], [u'running', 64], [u'running', 65], [u'running', 66], [u'running', 67], [u'running', 68], [u'running', 69], [u'idle', 175], [u'idle', 174], [u'idle', 173], [u'idle', 172], [u'idle', 171], [u'idle', 170], [u'idle', 181], [u'idle', 182], [u'idle', 180], [u'idle', 2], [u'idle', 162], [u'running', 6], [u'running', 99], [u'running', 98], [u'idle', 168], [u'idle', 169], [u'running', 91], [u'running', 90], [u'running', 93], [u'running', 92], [u'running', 95], [u'running', 94], [u'running', 97], [u'running', 96], [u'running', 11], [u'running', 10], [u'running', 13], [u'running', 12], [u'running', 15], [u'running', 14], [u'running', 17], [u'running', 16], [u'running', 19], [u'running', 18], [u'running', 117], [u'running', 116], [u'idle', 151], [u'idle', 150], [u'idle', 153], [u'idle', 152], [u'idle', 155], [u'idle', 154], [u'idle', 157], [u'idle', 156], [u'idle', 159], [u'idle', 158], [u'running', 48], [u'running', 49], [u'running', 46], [u'running', 47], [u'running', 44], [u'running', 45], [u'running', 42], [u'running', 43], [u'running', 40], [u'running', 41], [u'idle', 1], [u'idle', 5], [u'running', 9], [u'idle', 146], [u'idle', 147], [u'idle', 144], [u'idle', 145], [u'idle', 142], [u'idle', 143], [u'idle', 140], [u'idle', 141], [u'idle', 148], [u'idle', 149], [u'running', 77], [u'running', 76], [u'running', 75], [u'running', 74], [u'running', 73], [u'running', 72], [u'running', 71], [u'running', 70], [u'running', 79], [u'running', 78]]}
INFO 2017-04-16 20:37:39,183: 	 CRAB project directory:		/data/users/fengyb/CMSSW_7_6_3/src/EmergingJetAnalysis/crabTasks/crab_Analysis-20170416-2017-0416-v10/crab_Analysis-20170416-GJets_HT-400To600_RunIIFall15DR76-2017-0416-202942
INFO 2017-04-16 20:37:39,183: 	 Task name:			170417_003011:yofeng_crab_Analysis-20170416-GJets_HT-400To600_RunIIFall15DR76-2017-0416-202942
INFO 2017-04-16 20:37:39,183: 	 Grid scheduler:			crab3@vocms0106.cern.ch
INFO 2017-04-16 20:37:39,184: 	 Task status:			SUBMITTED
INFO 2017-04-16 20:37:39,184: 	 Task URL to use for HELP:	https://cmsweb.cern.ch/crabserver/ui/task/170417_003011%3Ayofeng_crab_Analysis-20170416-GJets_HT-400To600_RunIIFall15DR76-2017-0416-202942
INFO 2017-04-16 20:37:39,184: 	 Dashboard monitoring URL:	http://dashb-cms-job.cern.ch/dashboard/templates/task-analysis/#user=yofeng&table=Mains&pattern=170417_003011%3Ayofeng_crab_Analysis-20170416-GJets_HT-400To600_RunIIFall15DR76-2017-0416-202942
INFO 2017-04-16 20:37:39,185: 	 
Jobs status:			idle           34.1% ( 62/182)
INFO 2017-04-16 20:37:39,185: 	 				running        65.9% (120/182)
INFO 2017-04-16 20:37:39,185: 	 
No publication information available yet
INFO 2017-04-16 20:37:39,193: 	 Log file is /data/users/fengyb/CMSSW_7_6_3/src/EmergingJetAnalysis/crabTasks/crab_Analysis-20170416-2017-0416-v10/crab_Analysis-20170416-GJets_HT-400To600_RunIIFall15DR76-2017-0416-202942/crab.log
DEBUG 2017-04-16 20:46:48,787: 	 Executing command: 'status'
DEBUG 2017-04-16 20:46:48,788: 	 Found CRAB cache file /home/fengyb/.crab3
DEBUG 2017-04-16 20:46:48,796: 	 Checking credentials
DEBUG 2017-04-16 20:46:48,796: 	 Found proxy file /tmp/x509up_u1701
DEBUG 2017-04-16 20:46:48,796: 	 Getting proxy life time left
DEBUG 2017-04-16 20:46:48,899: 	 Executing : 
 command : voms-proxy-info -file /tmp/x509up_u1701 -timeleft
 output : 42050

 error: 
 retcode : 0
DEBUG 2017-04-16 20:46:49,004: 	 Executing : 
 command : voms-proxy-info -file /tmp/x509up_u1701 -actimeleft
 output : 42050

 error: 
 retcode : 0
DEBUG 2017-04-16 20:46:49,004: 	 Proxy valid for 11:40:50 hours
DEBUG 2017-04-16 20:46:49,113: 	 Executing : 
 command : openssl x509 -in ~/.globus/usercert.pem -subject -noout
 output : subject= /DC=ch/DC=cern/OU=Organic Units/OU=Users/CN=yofeng/CN=785825/CN=Yongbin Feng

 error: 
 retcode : 0
DEBUG 2017-04-16 20:46:49,113: 	 Checking credentials
DEBUG 2017-04-16 20:46:49,113: 	 Found proxy file /tmp/x509up_u1701
DEBUG 2017-04-16 20:46:49,113: 	 Getting proxy life time left
DEBUG 2017-04-16 20:46:49,217: 	 Executing : 
 command : voms-proxy-info -file /tmp/x509up_u1701 -timeleft
 output : 42049

 error: 
 retcode : 0
DEBUG 2017-04-16 20:46:49,320: 	 Executing : 
 command : voms-proxy-info -file /tmp/x509up_u1701 -actimeleft
 output : 42049

 error: 
 retcode : 0
DEBUG 2017-04-16 20:46:49,320: 	 Proxy valid for 11:40:49 hours
DEBUG 2017-04-16 20:46:50,506: 	 Registering user credentials for server /DC=ch/DC=cern/OU=computers/CN=vocms(045|052|021|031|0118|0118a|0119|0108|0105|0109).cern.ch
DEBUG 2017-04-16 20:46:50,613: 	 Executing : 
 command : openssl x509 -in ~/.globus/usercert.pem -subject -noout
 output : subject= /DC=ch/DC=cern/OU=Organic Units/OU=Users/CN=yofeng/CN=785825/CN=Yongbin Feng

 error: 
 retcode : 0
DEBUG 2017-04-16 20:46:50,613: 	 Getting myproxy life time left for myproxy.cern.ch
DEBUG 2017-04-16 20:46:50,613: 	 Calculating hash of /DC=ch/DC=cern/OU=Organic Units/OU=Users/CN=yofeng/CN=785825/CN=Yongbin Feng_cmsweb.cern.ch for credential name
DEBUG 2017-04-16 20:46:51,520: 	 Executing : 
 command : myproxy-info -l 46a32ae7e95f6185805e22dd0e47513ea7de8fa0 -s myproxy.cern.ch
 output : username: 46a32ae7e95f6185805e22dd0e47513ea7de8fa0
owner: /DC=ch/DC=cern/OU=Organic Units/OU=Users/CN=yofeng/CN=785825/CN=Yongbin Feng
  renewal policy: /DC=ch/DC=cern/OU=computers/CN=vocms(045|052|021|031|0118|0118a|0119|0108|0105|0109).cern.ch
  trusted retrieval policy: /DC=ch/DC=cern/OU=computers/CN=vocms(045|052|021|031|0118|0118a|0119|0108|0105|0109).cern.ch
  timeleft: 625:16:21  (26.1 days)

 error: 
 retcode : 0
DEBUG 2017-04-16 20:46:51,522: 	 Myproxy is valid: 2250981
DEBUG 2017-04-16 20:46:51,522: 	 Command use: status
DEBUG 2017-04-16 20:46:51,523: 	 Options use: ['-d', 'crab_Analysis-20170416-GJets_HT-400To600_RunIIFall15DR76-2017-0416-202942']
DEBUG 2017-04-16 20:46:52,962: 	 CRABClient version: 3.3.1704
DEBUG 2017-04-16 20:46:52,962: 	 Instance is prod
DEBUG 2017-04-16 20:46:52,962: 	 Server base url is cmsweb.cern.ch
DEBUG 2017-04-16 20:46:52,962: 	 Command url /crabserver/prod/workflow
DEBUG 2017-04-16 20:46:52,962: 	 Looking up detailed status of task 170417_003011:yofeng_crab_Analysis-20170416-GJets_HT-400To600_RunIIFall15DR76-2017-0416-202942
DEBUG 2017-04-16 20:46:55,678: 	 {u'status': u'SUBMITTED', u'username': u'yofeng', u'jobsPerStatus': {u'running': 175, u'idle': 7}, u'jobs': {u'133': {u'State': u'running'}, u'132': {u'State': u'running'}, u'131': {u'State': u'running'}, u'130': {u'State': u'running'}, u'137': {u'State': u'running'}, u'136': {u'State': u'running'}, u'135': {u'State': u'running'}, u'134': {u'State': u'running'}, u'139': {u'State': u'running'}, u'138': {u'State': u'running'}, u'93': {u'State': u'running'}, u'24': {u'State': u'running'}, u'25': {u'State': u'running'}, u'26': {u'State': u'running'}, u'27': {u'State': u'running'}, u'20': {u'State': u'running'}, u'21': {u'State': u'idle'}, u'22': {u'State': u'running'}, u'23': {u'State': u'running'}, u'95': {u'State': u'running'}, u'28': {u'State': u'running'}, u'29': {u'State': u'running'}, u'94': {u'State': u'running'}, u'4': {u'State': u'idle'}, u'8': {u'State': u'running'}, u'96': {u'State': u'running'}, u'68': {u'State': u'running'}, u'120': {u'State': u'running'}, u'121': {u'State': u'running'}, u'122': {u'State': u'running'}, u'123': {u'State': u'running'}, u'124': {u'State': u'running'}, u'125': {u'State': u'running'}, u'126': {u'State': u'running'}, u'127': {u'State': u'running'}, u'128': {u'State': u'running'}, u'129': {u'State': u'running'}, u'69': {u'State': u'running'}, u'91': {u'State': u'running'}, u'59': {u'State': u'running'}, u'58': {u'State': u'running'}, u'55': {u'State': u'running'}, u'54': {u'State': u'running'}, u'57': {u'State': u'running'}, u'56': {u'State': u'running'}, u'51': {u'State': u'running'}, u'50': {u'State': u'running'}, u'53': {u'State': u'running'}, u'52': {u'State': u'running'}, u'90': {u'State': u'running'}, u'66': {u'State': u'running'}, u'67': {u'State': u'running'}, u'115': {u'State': u'running'}, u'114': {u'State': u'running'}, u'88': {u'State': u'running'}, u'89': {u'State': u'running'}, u'111': {u'State': u'running'}, u'110': {u'State': u'running'}, u'113': {u'State': u'running'}, u'112': {u'State': u'running'}, u'82': {u'State': u'running'}, u'83': {u'State': u'running'}, u'80': {u'State': u'running'}, u'81': {u'State': u'running'}, u'119': {u'State': u'running'}, u'118': {u'State': u'running'}, u'84': {u'State': u'running'}, u'85': {u'State': u'running'}, u'3': {u'State': u'idle'}, u'7': {u'State': u'running'}, u'92': {u'State': u'running'}, u'108': {u'State': u'running'}, u'109': {u'State': u'running'}, u'102': {u'State': u'idle'}, u'103': {u'State': u'running'}, u'100': {u'State': u'running'}, u'101': {u'State': u'running'}, u'106': {u'State': u'running'}, u'107': {u'State': u'running'}, u'104': {u'State': u'running'}, u'105': {u'State': u'running'}, u'39': {u'State': u'running'}, u'38': {u'State': u'running'}, u'33': {u'State': u'running'}, u'32': {u'State': u'running'}, u'31': {u'State': u'running'}, u'30': {u'State': u'running'}, u'37': {u'State': u'running'}, u'36': {u'State': u'running'}, u'35': {u'State': u'running'}, u'34': {u'State': u'running'}, u'60': {u'State': u'running'}, u'61': {u'State': u'running'}, u'62': {u'State': u'running'}, u'63': {u'State': u'running'}, u'64': {u'State': u'running'}, u'65': {u'State': u'running'}, u'179': {u'State': u'running'}, u'178': {u'State': u'running'}, u'177': {u'State': u'running'}, u'176': {u'State': u'running'}, u'175': {u'State': u'running'}, u'174': {u'State': u'running'}, u'173': {u'State': u'running'}, u'172': {u'State': u'running'}, u'171': {u'State': u'running'}, u'170': {u'State': u'running'}, u'182': {u'State': u'running'}, u'180': {u'State': u'running'}, u'181': {u'State': u'running'}, u'6': {u'State': u'running'}, u'97': {u'State': u'running'}, u'99': {u'State': u'running'}, u'98': {u'State': u'running'}, u'168': {u'State': u'running'}, u'169': {u'State': u'running'}, u'164': {u'State': u'running'}, u'165': {u'State': u'running'}, u'166': {u'State': u'running'}, u'167': {u'State': u'running'}, u'160': {u'State': u'running'}, u'161': {u'State': u'running'}, u'162': {u'State': u'running'}, u'163': {u'State': u'running'}, u'11': {u'State': u'running'}, u'10': {u'State': u'running'}, u'13': {u'State': u'running'}, u'12': {u'State': u'running'}, u'15': {u'State': u'running'}, u'14': {u'State': u'running'}, u'17': {u'State': u'running'}, u'16': {u'State': u'running'}, u'19': {u'State': u'running'}, u'18': {u'State': u'running'}, u'117': {u'State': u'running'}, u'116': {u'State': u'running'}, u'151': {u'State': u'running'}, u'150': {u'State': u'running'}, u'153': {u'State': u'running'}, u'152': {u'State': u'running'}, u'155': {u'State': u'running'}, u'154': {u'State': u'running'}, u'157': {u'State': u'running'}, u'156': {u'State': u'running'}, u'159': {u'State': u'running'}, u'158': {u'State': u'running'}, u'48': {u'State': u'running'}, u'49': {u'State': u'running'}, u'46': {u'State': u'running'}, u'86': {u'State': u'running'}, u'44': {u'State': u'running'}, u'45': {u'State': u'running'}, u'42': {u'State': u'running'}, u'43': {u'State': u'running'}, u'40': {u'State': u'running'}, u'87': {u'State': u'running'}, u'1': {u'State': u'idle'}, u'5': {u'State': u'idle'}, u'9': {u'State': u'running'}, u'146': {u'State': u'running'}, u'147': {u'State': u'running'}, u'144': {u'State': u'running'}, u'145': {u'State': u'running'}, u'142': {u'State': u'running'}, u'143': {u'State': u'running'}, u'140': {u'State': u'running'}, u'141': {u'State': u'running'}, u'148': {u'State': u'running'}, u'149': {u'State': u'running'}, u'77': {u'State': u'running'}, u'76': {u'State': u'running'}, u'75': {u'State': u'running'}, u'74': {u'State': u'running'}, u'73': {u'State': u'running'}, u'72': {u'State': u'running'}, u'71': {u'State': u'running'}, u'70': {u'State': u'running'}, u'79': {u'State': u'running'}, u'78': {u'State': u'running'}, u'2': {u'State': u'idle'}, u'41': {u'State': u'running'}, u'47': {u'State': u'running'}}, u'publication': {}, u'taskWarningMsg': [], u'schedd': u'crab3@vocms0106.cern.ch', u'publicationFailures': {}, u'outdatasets': None, u'statusFailureMsg': u'', u'taskFailureMsg': u'', u'failedJobdefs': 0, u'ASOURL': u'https://cmsweb.cern.ch/crabserver/prod', u'command': u'SUBMIT', u'totalJobdefs': 0, u'submissionTime': 1492389012, u'jobdefErrors': [], u'collector': u'cmsgwms-collector-global.cern.ch:9620,cmssrv221.fnal.gov:9620', u'jobList': [[u'running', 165], [u'running', 133], [u'running', 132], [u'running', 131], [u'running', 130], [u'running', 137], [u'running', 136], [u'running', 135], [u'running', 134], [u'running', 139], [u'running', 138], [u'running', 166], [u'running', 24], [u'running', 25], [u'running', 26], [u'running', 27], [u'running', 20], [u'idle', 21], [u'running', 22], [u'running', 23], [u'running', 160], [u'running', 28], [u'running', 29], [u'running', 161], [u'idle', 4], [u'running', 8], [u'running', 163], [u'running', 119], [u'running', 120], [u'running', 121], [u'running', 122], [u'running', 123], [u'running', 124], [u'running', 125], [u'running', 126], [u'running', 127], [u'running', 128], [u'running', 129], [u'running', 167], [u'running', 118], [u'running', 59], [u'running', 58], [u'running', 55], [u'running', 54], [u'running', 57], [u'running', 56], [u'running', 51], [u'running', 50], [u'running', 53], [u'running', 52], [u'running', 164], [u'running', 179], [u'running', 178], [u'running', 115], [u'running', 114], [u'running', 88], [u'running', 89], [u'running', 111], [u'running', 110], [u'running', 113], [u'running', 112], [u'running', 82], [u'running', 83], [u'running', 80], [u'running', 81], [u'running', 86], [u'running', 87], [u'running', 84], [u'running', 85], [u'idle', 3], [u'running', 177], [u'running', 7], [u'running', 108], [u'running', 109], [u'idle', 102], [u'running', 103], [u'running', 100], [u'running', 101], [u'running', 106], [u'running', 107], [u'running', 104], [u'running', 105], [u'running', 39], [u'running', 38], [u'running', 33], [u'running', 32], [u'running', 31], [u'running', 30], [u'running', 37], [u'running', 36], [u'running', 35], [u'running', 34], [u'running', 176], [u'running', 60], [u'running', 61], [u'running', 62], [u'running', 63], [u'running', 64], [u'running', 65], [u'running', 66], [u'running', 67], [u'running', 68], [u'running', 69], [u'running', 175], [u'running', 174], [u'running', 173], [u'running', 172], [u'running', 171], [u'running', 170], [u'running', 181], [u'running', 182], [u'running', 180], [u'idle', 2], [u'running', 162], [u'running', 6], [u'running', 99], [u'running', 98], [u'running', 168], [u'running', 169], [u'running', 91], [u'running', 90], [u'running', 93], [u'running', 92], [u'running', 95], [u'running', 94], [u'running', 97], [u'running', 96], [u'running', 11], [u'running', 10], [u'running', 13], [u'running', 12], [u'running', 15], [u'running', 14], [u'running', 17], [u'running', 16], [u'running', 19], [u'running', 18], [u'running', 117], [u'running', 116], [u'running', 151], [u'running', 150], [u'running', 153], [u'running', 152], [u'running', 155], [u'running', 154], [u'running', 157], [u'running', 156], [u'running', 159], [u'running', 158], [u'running', 48], [u'running', 49], [u'running', 46], [u'running', 47], [u'running', 44], [u'running', 45], [u'running', 42], [u'running', 43], [u'running', 40], [u'running', 41], [u'idle', 1], [u'idle', 5], [u'running', 9], [u'running', 146], [u'running', 147], [u'running', 144], [u'running', 145], [u'running', 142], [u'running', 143], [u'running', 140], [u'running', 141], [u'running', 148], [u'running', 149], [u'running', 77], [u'running', 76], [u'running', 75], [u'running', 74], [u'running', 73], [u'running', 72], [u'running', 71], [u'running', 70], [u'running', 79], [u'running', 78]]}
INFO 2017-04-16 20:46:55,678: 	 CRAB project directory:		/data/users/fengyb/CMSSW_7_6_3/src/EmergingJetAnalysis/crabTasks/crab_Analysis-20170416-2017-0416-v10/crab_Analysis-20170416-GJets_HT-400To600_RunIIFall15DR76-2017-0416-202942
INFO 2017-04-16 20:46:55,678: 	 Task name:			170417_003011:yofeng_crab_Analysis-20170416-GJets_HT-400To600_RunIIFall15DR76-2017-0416-202942
INFO 2017-04-16 20:46:55,679: 	 Grid scheduler:			crab3@vocms0106.cern.ch
INFO 2017-04-16 20:46:55,679: 	 Task status:			SUBMITTED
INFO 2017-04-16 20:46:55,679: 	 Task URL to use for HELP:	https://cmsweb.cern.ch/crabserver/ui/task/170417_003011%3Ayofeng_crab_Analysis-20170416-GJets_HT-400To600_RunIIFall15DR76-2017-0416-202942
INFO 2017-04-16 20:46:55,679: 	 Dashboard monitoring URL:	http://dashb-cms-job.cern.ch/dashboard/templates/task-analysis/#user=yofeng&table=Mains&pattern=170417_003011%3Ayofeng_crab_Analysis-20170416-GJets_HT-400To600_RunIIFall15DR76-2017-0416-202942
INFO 2017-04-16 20:46:55,679: 	 
Jobs status:			idle            3.8% (  7/182)
INFO 2017-04-16 20:46:55,679: 	 				running        96.2% (175/182)
INFO 2017-04-16 20:46:55,679: 	 
No publication information available yet
INFO 2017-04-16 20:46:55,682: 	 Log file is /data/users/fengyb/CMSSW_7_6_3/src/EmergingJetAnalysis/crabTasks/crab_Analysis-20170416-2017-0416-v10/crab_Analysis-20170416-GJets_HT-400To600_RunIIFall15DR76-2017-0416-202942/crab.log
DEBUG 2017-04-16 22:45:09,161: 	 Executing command: 'status'
DEBUG 2017-04-16 22:45:09,162: 	 Found CRAB cache file /home/fengyb/.crab3
DEBUG 2017-04-16 22:45:09,168: 	 Checking credentials
DEBUG 2017-04-16 22:45:09,169: 	 Found proxy file /tmp/x509up_u1701
DEBUG 2017-04-16 22:45:09,169: 	 Getting proxy life time left
DEBUG 2017-04-16 22:45:09,271: 	 Executing : 
 command : voms-proxy-info -file /tmp/x509up_u1701 -timeleft
 output : 43191

 error: 
 retcode : 0
DEBUG 2017-04-16 22:45:09,375: 	 Executing : 
 command : voms-proxy-info -file /tmp/x509up_u1701 -actimeleft
 output : 43191

 error: 
 retcode : 0
DEBUG 2017-04-16 22:45:09,375: 	 Proxy valid for 11:59:51 hours
DEBUG 2017-04-16 22:45:09,487: 	 Executing : 
 command : openssl x509 -in ~/.globus/usercert.pem -subject -noout
 output : subject= /DC=ch/DC=cern/OU=Organic Units/OU=Users/CN=yofeng/CN=785825/CN=Yongbin Feng

 error: 
 retcode : 0
DEBUG 2017-04-16 22:45:09,487: 	 Checking credentials
DEBUG 2017-04-16 22:45:09,487: 	 Found proxy file /tmp/x509up_u1701
DEBUG 2017-04-16 22:45:09,487: 	 Getting proxy life time left
DEBUG 2017-04-16 22:45:09,591: 	 Executing : 
 command : voms-proxy-info -file /tmp/x509up_u1701 -timeleft
 output : 43191

 error: 
 retcode : 0
DEBUG 2017-04-16 22:45:09,694: 	 Executing : 
 command : voms-proxy-info -file /tmp/x509up_u1701 -actimeleft
 output : 43191

 error: 
 retcode : 0
DEBUG 2017-04-16 22:45:09,694: 	 Proxy valid for 11:59:51 hours
DEBUG 2017-04-16 22:45:11,063: 	 Registering user credentials for server /DC=ch/DC=cern/OU=computers/CN=vocms(045|052|021|031|0118|0118a|0119|0108|0105|0109).cern.ch
DEBUG 2017-04-16 22:45:11,272: 	 Executing : 
 command : openssl x509 -in ~/.globus/usercert.pem -subject -noout
 output : subject= /DC=ch/DC=cern/OU=Organic Units/OU=Users/CN=yofeng/CN=785825/CN=Yongbin Feng

 error: 
 retcode : 0
DEBUG 2017-04-16 22:45:11,273: 	 Getting myproxy life time left for myproxy.cern.ch
DEBUG 2017-04-16 22:45:11,273: 	 Calculating hash of /DC=ch/DC=cern/OU=Organic Units/OU=Users/CN=yofeng/CN=785825/CN=Yongbin Feng_cmsweb.cern.ch for credential name
DEBUG 2017-04-16 22:45:12,479: 	 Executing : 
 command : myproxy-info -l 46a32ae7e95f6185805e22dd0e47513ea7de8fa0 -s myproxy.cern.ch
 output : username: 46a32ae7e95f6185805e22dd0e47513ea7de8fa0
owner: /DC=ch/DC=cern/OU=Organic Units/OU=Users/CN=yofeng/CN=785825/CN=Yongbin Feng
  renewal policy: /DC=ch/DC=cern/OU=computers/CN=vocms(045|052|021|031|0118|0118a|0119|0108|0105|0109).cern.ch
  trusted retrieval policy: /DC=ch/DC=cern/OU=computers/CN=vocms(045|052|021|031|0118|0118a|0119|0108|0105|0109).cern.ch
  timeleft: 623:18:00  (26.0 days)

 error: 
 retcode : 0
DEBUG 2017-04-16 22:45:12,480: 	 Myproxy is valid: 2243880
DEBUG 2017-04-16 22:45:12,480: 	 Command use: status
DEBUG 2017-04-16 22:45:12,480: 	 Options use: ['-d', 'crab_Analysis-20170416-GJets_HT-400To600_RunIIFall15DR76-2017-0416-202942']
DEBUG 2017-04-16 22:45:13,574: 	 CRABClient version: 3.3.1704
DEBUG 2017-04-16 22:45:13,574: 	 Instance is prod
DEBUG 2017-04-16 22:45:13,574: 	 Server base url is cmsweb.cern.ch
DEBUG 2017-04-16 22:45:13,574: 	 Command url /crabserver/prod/workflow
DEBUG 2017-04-16 22:45:13,574: 	 Looking up detailed status of task 170417_003011:yofeng_crab_Analysis-20170416-GJets_HT-400To600_RunIIFall15DR76-2017-0416-202942
DEBUG 2017-04-16 22:45:15,048: 	 {u'status': u'SUBMITTED', u'username': u'yofeng', u'jobsPerStatus': {u'failed': 1, u'running': 149, u'transferring': 17, u'finished': 15}, u'jobs': {u'133': {u'State': u'running'}, u'132': {u'State': u'finished'}, u'131': {u'State': u'running'}, u'130': {u'State': u'running'}, u'137': {u'State': u'running'}, u'136': {u'State': u'running'}, u'135': {u'State': u'running'}, u'134': {u'State': u'running'}, u'139': {u'State': u'running'}, u'138': {u'State': u'running'}, u'93': {u'State': u'running'}, u'24': {u'State': u'running'}, u'25': {u'State': u'transferring'}, u'26': {u'State': u'running'}, u'27': {u'State': u'running'}, u'20': {u'State': u'running'}, u'21': {u'State': u'finished'}, u'22': {u'State': u'transferring'}, u'23': {u'State': u'running'}, u'95': {u'State': u'running'}, u'28': {u'State': u'running'}, u'29': {u'State': u'running'}, u'94': {u'State': u'running'}, u'4': {u'State': u'running'}, u'8': {u'State': u'running'}, u'96': {u'State': u'running'}, u'68': {u'State': u'running'}, u'120': {u'State': u'running'}, u'121': {u'State': u'running'}, u'122': {u'State': u'running'}, u'123': {u'State': u'transferring'}, u'124': {u'State': u'running'}, u'125': {u'State': u'running'}, u'126': {u'State': u'running'}, u'127': {u'State': u'transferring'}, u'128': {u'State': u'running'}, u'129': {u'State': u'running'}, u'69': {u'State': u'running'}, u'91': {u'State': u'running'}, u'59': {u'State': u'running'}, u'58': {u'State': u'running'}, u'55': {u'State': u'running'}, u'54': {u'State': u'running'}, u'57': {u'State': u'running'}, u'56': {u'State': u'running'}, u'51': {u'State': u'running'}, u'50': {u'State': u'running'}, u'53': {u'State': u'running'}, u'52': {u'State': u'transferring'}, u'90': {u'State': u'running'}, u'66': {u'State': u'running'}, u'67': {u'State': u'running'}, u'115': {u'State': u'running'}, u'114': {u'State': u'running'}, u'88': {u'State': u'running'}, u'89': {u'State': u'finished'}, u'111': {u'State': u'running'}, u'110': {u'State': u'running'}, u'113': {u'State': u'running'}, u'112': {u'State': u'running'}, u'82': {u'State': u'finished'}, u'83': {u'State': u'running'}, u'80': {u'State': u'running'}, u'81': {u'State': u'running'}, u'119': {u'State': u'running'}, u'118': {u'State': u'running'}, u'84': {u'State': u'running'}, u'85': {u'State': u'finished'}, u'3': {u'State': u'running'}, u'7': {u'State': u'running'}, u'92': {u'State': u'running'}, u'108': {u'State': u'running'}, u'109': {u'State': u'running'}, u'102': {u'State': u'running'}, u'103': {u'State': u'finished'}, u'100': {u'State': u'running'}, u'101': {u'State': u'running'}, u'106': {u'State': u'running'}, u'107': {u'State': u'running'}, u'104': {u'State': u'running'}, u'105': {u'State': u'running'}, u'39': {u'State': u'running'}, u'38': {u'State': u'running'}, u'33': {u'State': u'running'}, u'32': {u'State': u'running'}, u'31': {u'State': u'running'}, u'30': {u'State': u'running'}, u'37': {u'State': u'running'}, u'36': {u'State': u'running'}, u'35': {u'State': u'running'}, u'34': {u'State': u'failed', u'Error': [8022, u'CmsRunFailure\nCMSSW error message follows.\nFatal Exception\nAn exception of category \'FatalRootError\' occurred while\n   [0] Constructing the EventProcessor\n   [1] Constructing service of type TFileService\n   Additional Info:\n      [a] Fatal Root Error: @SUB=TInterpreter::AutoParse\nError parsing payload code for class TStorageFactoryFile with content:\n\n\n#ifndef G__VECTOR_HAS_CLASS_ITERATOR\n  #define G__VECTOR_HAS_CLASS_ITERATOR 1\n#endif\n#ifndef CMS_DICT_IMPL\n  #define CMS_DICT_IMPL 1\n#endif\n#ifndef _REENTRANT\n  #define _REENTRANT 1\n#endif\n#ifndef GNUSOURCE\n  #define GNUSOURCE 1\n#endif\n#ifndef __STRICT_ANSI__\n  #define __STRICT_ANSI__ 1\n#endif\n#ifndef GNU_GCC\n  #define GNU_GCC 1\n#endif\n#ifndef _GNU_SOURCE\n  #define _GNU_SOURCE 1\n#endif\n#ifndef CMSSW_GIT_HASH\n  #define CMSSW_GIT_HASH "CMSSW_7_6_3"\n#endif\n#ifndef PROJECT_NAME\n  #define PROJECT_NAME "CMSSW"\n#endif\n#ifndef PROJECT_VERSION\n  #define PROJECT_VERSION "CMSSW_7_6_3"\n#endif\n#ifndef BOOST_SPIRIT_THREADSAFE\n  #define BOOST_SPIRIT_THREADSAFE 1\n#endif\n#ifndef PHOENIX_THREADSAFE\n  #define PHOENIX_THREADSAFE 1\n#endif\n#ifndef CMSSW_REFLEX_DICT\n  #define CMSSW_REFLEX_DICT 1\n#endif\n\n#define _BACKWARD_BACKWARD_WARNING_H\n#include "IOPool/TFileAdaptor/interface/TStorageFactoryFile.h"\n#include "IOPool/TFileAdaptor/interface/TStorageFactorySystem.h"\n#include "IOPool/TFileAdaptor/src/TFileAdaptor.h"\n\n#undef  _BACKWARD_BACKWARD_WARNING_H\n', {u'type': u'Fatal Exception', u'details': u'An exception of category \'FatalRootError\' occurred while\n   [0] Constructing the EventProcessor\n   [1] Constructing service of type TFileService\n   Additional Info:\n      [a] Fatal Root Error: @SUB=TInterpreter::AutoParse\nError parsing payload code for class TStorageFactoryFile with content:\n\n\n#ifndef G__VECTOR_HAS_CLASS_ITERATOR\n  #define G__VECTOR_HAS_CLASS_ITERATOR 1\n#endif\n#ifndef CMS_DICT_IMPL\n  #define CMS_DICT_IMPL 1\n#endif\n#ifndef _REENTRANT\n  #define _REENTRANT 1\n#endif\n#ifndef GNUSOURCE\n  #define GNUSOURCE 1\n#endif\n#ifndef __STRICT_ANSI__\n  #define __STRICT_ANSI__ 1\n#endif\n#ifndef GNU_GCC\n  #define GNU_GCC 1\n#endif\n#ifndef _GNU_SOURCE\n  #define _GNU_SOURCE 1\n#endif\n#ifndef CMSSW_GIT_HASH\n  #define CMSSW_GIT_HASH "CMSSW_7_6_3"\n#endif\n#ifndef PROJECT_NAME\n  #define PROJECT_NAME "CMSSW"\n#endif\n#ifndef PROJECT_VERSION\n  #define PROJECT_VERSION "CMSSW_7_6_3"\n#endif\n#ifndef BOOST_SPIRIT_THREADSAFE\n  #define BOOST_SPIRIT_THREADSAFE 1\n#endif\n#ifndef PHOENIX_THREADSAFE\n  #define PHOENIX_THREADSAFE 1\n#endif\n#ifndef CMSSW_REFLEX_DICT\n  #define CMSSW_REFLEX_DICT 1\n#endif\n\n#define _BACKWARD_BACKWARD_WARNING_H\n#include "IOPool/TFileAdaptor/interface/TStorageFactoryFile.h"\n#include "IOPool/TFileAdaptor/interface/TStorageFactorySystem.h"\n#include "IOPool/TFileAdaptor/src/TFileAdaptor.h"\n\n#undef  _BACKWARD_BACKWARD_WARNING_H', u'exitCode': u'8022'}]}, u'60': {u'State': u'running'}, u'61': {u'State': u'finished'}, u'62': {u'State': u'running'}, u'63': {u'State': u'running'}, u'64': {u'State': u'running'}, u'65': {u'State': u'running'}, u'179': {u'State': u'running'}, u'178': {u'State': u'running'}, u'177': {u'State': u'running'}, u'176': {u'State': u'running'}, u'175': {u'State': u'running'}, u'174': {u'State': u'transferring'}, u'173': {u'State': u'transferring'}, u'172': {u'State': u'running'}, u'171': {u'State': u'running'}, u'170': {u'State': u'running'}, u'182': {u'State': u'running'}, u'180': {u'State': u'transferring'}, u'181': {u'State': u'transferring'}, u'6': {u'State': u'running'}, u'97': {u'State': u'running'}, u'99': {u'State': u'running'}, u'98': {u'State': u'running'}, u'168': {u'State': u'running'}, u'169': {u'State': u'transferring'}, u'164': {u'State': u'transferring'}, u'165': {u'State': u'running'}, u'166': {u'State': u'running'}, u'167': {u'State': u'running'}, u'160': {u'State': u'running'}, u'161': {u'State': u'running'}, u'162': {u'State': u'running'}, u'163': {u'State': u'running'}, u'11': {u'State': u'running'}, u'10': {u'State': u'running'}, u'13': {u'State': u'transferring'}, u'12': {u'State': u'running'}, u'15': {u'State': u'running'}, u'14': {u'State': u'running'}, u'17': {u'State': u'finished'}, u'16': {u'State': u'finished'}, u'19': {u'State': u'running'}, u'18': {u'State': u'finished'}, u'117': {u'State': u'running'}, u'116': {u'State': u'finished'}, u'151': {u'State': u'finished'}, u'150': {u'State': u'running'}, u'153': {u'State': u'finished'}, u'152': {u'State': u'running'}, u'155': {u'State': u'running'}, u'154': {u'State': u'running'}, u'157': {u'State': u'running'}, u'156': {u'State': u'running'}, u'159': {u'State': u'running'}, u'158': {u'State': u'transferring'}, u'48': {u'State': u'running'}, u'49': {u'State': u'running'}, u'46': {u'State': u'running'}, u'86': {u'State': u'running'}, u'44': {u'State': u'running'}, u'45': {u'State': u'running'}, u'42': {u'State': u'transferring'}, u'43': {u'State': u'running'}, u'40': {u'State': u'running'}, u'87': {u'State': u'running'}, u'1': {u'State': u'running'}, u'5': {u'State': u'running'}, u'9': {u'State': u'running'}, u'146': {u'State': u'running'}, u'147': {u'State': u'running'}, u'144': {u'State': u'running'}, u'145': {u'State': u'running'}, u'142': {u'State': u'running'}, u'143': {u'State': u'running'}, u'140': {u'State': u'running'}, u'141': {u'State': u'running'}, u'148': {u'State': u'finished'}, u'149': {u'State': u'running'}, u'77': {u'State': u'running'}, u'76': {u'State': u'running'}, u'75': {u'State': u'running'}, u'74': {u'State': u'transferring'}, u'73': {u'State': u'running'}, u'72': {u'State': u'running'}, u'71': {u'State': u'running'}, u'70': {u'State': u'running'}, u'79': {u'State': u'transferring'}, u'78': {u'State': u'running'}, u'2': {u'State': u'running'}, u'41': {u'State': u'transferring'}, u'47': {u'State': u'finished'}}, u'publication': {u'acquired': 10, u'new': 7, u'done': 15}, u'taskWarningMsg': [], u'schedd': u'crab3@vocms0106.cern.ch', u'publicationFailures': {}, u'outdatasets': [u'/GJets_HT-400To600_TuneCUETP8M1_13TeV-madgraphMLM-pythia8/yofeng-Analysis-20170416-8e4c91f6c48dd064d89c358e8f6a85d1/USER'], u'statusFailureMsg': u'', u'taskFailureMsg': u'', u'failedJobdefs': 0, u'ASOURL': u'https://cmsweb.cern.ch/crabserver/prod', u'command': u'SUBMIT', u'totalJobdefs': 0, u'submissionTime': 1492389012, u'jobdefErrors': [], u'collector': u'cmsgwms-collector-global.cern.ch:9620,cmssrv221.fnal.gov:9620', u'jobList': [[u'running', 165], [u'running', 133], [u'finished', 132], [u'running', 131], [u'running', 130], [u'running', 137], [u'running', 136], [u'running', 135], [u'running', 134], [u'running', 139], [u'running', 138], [u'running', 166], [u'running', 24], [u'transferring', 25], [u'running', 26], [u'running', 27], [u'running', 20], [u'finished', 21], [u'transferring', 22], [u'running', 23], [u'running', 160], [u'running', 28], [u'running', 29], [u'running', 161], [u'running', 4], [u'running', 8], [u'running', 163], [u'running', 119], [u'running', 120], [u'running', 121], [u'running', 122], [u'transferring', 123], [u'running', 124], [u'running', 125], [u'running', 126], [u'transferring', 127], [u'running', 128], [u'running', 129], [u'running', 167], [u'running', 118], [u'running', 59], [u'running', 58], [u'running', 55], [u'running', 54], [u'running', 57], [u'running', 56], [u'running', 51], [u'running', 50], [u'running', 53], [u'transferring', 52], [u'transferring', 164], [u'running', 179], [u'running', 178], [u'running', 115], [u'running', 114], [u'running', 88], [u'finished', 89], [u'running', 111], [u'running', 110], [u'running', 113], [u'running', 112], [u'finished', 82], [u'running', 83], [u'running', 80], [u'running', 81], [u'running', 86], [u'running', 87], [u'running', 84], [u'finished', 85], [u'running', 3], [u'running', 177], [u'running', 7], [u'running', 108], [u'running', 109], [u'running', 102], [u'finished', 103], [u'running', 100], [u'running', 101], [u'running', 106], [u'running', 107], [u'running', 104], [u'running', 105], [u'running', 39], [u'running', 38], [u'running', 33], [u'running', 32], [u'running', 31], [u'running', 30], [u'running', 37], [u'running', 36], [u'running', 35], [u'failed', 34], [u'running', 176], [u'running', 60], [u'finished', 61], [u'running', 62], [u'running', 63], [u'running', 64], [u'running', 65], [u'running', 66], [u'running', 67], [u'running', 68], [u'running', 69], [u'running', 175], [u'transferring', 174], [u'transferring', 173], [u'running', 172], [u'running', 171], [u'running', 170], [u'transferring', 181], [u'running', 182], [u'transferring', 180], [u'running', 2], [u'running', 162], [u'running', 6], [u'running', 99], [u'running', 98], [u'running', 168], [u'transferring', 169], [u'running', 91], [u'running', 90], [u'running', 93], [u'running', 92], [u'running', 95], [u'running', 94], [u'running', 97], [u'running', 96], [u'running', 11], [u'running', 10], [u'transferring', 13], [u'running', 12], [u'running', 15], [u'running', 14], [u'finished', 17], [u'finished', 16], [u'running', 19], [u'finished', 18], [u'running', 117], [u'finished', 116], [u'finished', 151], [u'running', 150], [u'finished', 153], [u'running', 152], [u'running', 155], [u'running', 154], [u'running', 157], [u'running', 156], [u'running', 159], [u'transferring', 158], [u'running', 48], [u'running', 49], [u'running', 46], [u'finished', 47], [u'running', 44], [u'running', 45], [u'transferring', 42], [u'running', 43], [u'running', 40], [u'transferring', 41], [u'running', 1], [u'running', 5], [u'running', 9], [u'running', 146], [u'running', 147], [u'running', 144], [u'running', 145], [u'running', 142], [u'running', 143], [u'running', 140], [u'running', 141], [u'finished', 148], [u'running', 149], [u'running', 77], [u'running', 76], [u'running', 75], [u'transferring', 74], [u'running', 73], [u'running', 72], [u'running', 71], [u'running', 70], [u'transferring', 79], [u'running', 78]]}
INFO 2017-04-16 22:45:15,048: 	 CRAB project directory:		/data/users/fengyb/CMSSW_7_6_3/src/EmergingJetAnalysis/crabTasks/crab_Analysis-20170416-2017-0416-v10/crab_Analysis-20170416-GJets_HT-400To600_RunIIFall15DR76-2017-0416-202942
INFO 2017-04-16 22:45:15,048: 	 Task name:			170417_003011:yofeng_crab_Analysis-20170416-GJets_HT-400To600_RunIIFall15DR76-2017-0416-202942
INFO 2017-04-16 22:45:15,048: 	 Grid scheduler:			crab3@vocms0106.cern.ch
INFO 2017-04-16 22:45:15,049: 	 Task status:			SUBMITTED
INFO 2017-04-16 22:45:15,049: 	 Task URL to use for HELP:	https://cmsweb.cern.ch/crabserver/ui/task/170417_003011%3Ayofeng_crab_Analysis-20170416-GJets_HT-400To600_RunIIFall15DR76-2017-0416-202942
INFO 2017-04-16 22:45:15,049: 	 Dashboard monitoring URL:	http://dashb-cms-job.cern.ch/dashboard/templates/task-analysis/#user=yofeng&table=Mains&pattern=170417_003011%3Ayofeng_crab_Analysis-20170416-GJets_HT-400To600_RunIIFall15DR76-2017-0416-202942
INFO 2017-04-16 22:45:15,049: 	 
Jobs status:			failed          0.5% (  1/182)
INFO 2017-04-16 22:45:15,049: 	 				finished        8.2% ( 15/182)
INFO 2017-04-16 22:45:15,049: 	 				running        81.9% (149/182)
INFO 2017-04-16 22:45:15,049: 	 				transferring    9.3% ( 17/182)
INFO 2017-04-16 22:45:15,049: 	 
Publication status:		running         5.5% ( 10/182)
				finished        8.2% ( 15/182)
				idle            3.8% (  7/182)
				unsubmitted    82.4% (150/182)
INFO 2017-04-16 22:45:15,049: 	 
Output dataset:			/GJets_HT-400To600_TuneCUETP8M1_13TeV-madgraphMLM-pythia8/yofeng-Analysis-20170416-8e4c91f6c48dd064d89c358e8f6a85d1/USER
Output dataset DAS URL:		https://cmsweb.cern.ch/das/request?input=%2FGJets_HT-400To600_TuneCUETP8M1_13TeV-madgraphMLM-pythia8%2Fyofeng-Analysis-20170416-8e4c91f6c48dd064d89c358e8f6a85d1%2FUSER&instance=prod%2Fphys03
INFO 2017-04-16 22:45:15,050: 	 
Error Summary: (use crab status --verboseErrors for details about the errors)

  1 jobs failed with exit code 8022

Have a look at https://twiki.cern.ch/twiki/bin/viewauth/CMSPublic/JobExitCodes for a description of the exit codes.
INFO 2017-04-16 22:45:15,053: 	 Log file is /data/users/fengyb/CMSSW_7_6_3/src/EmergingJetAnalysis/crabTasks/crab_Analysis-20170416-2017-0416-v10/crab_Analysis-20170416-GJets_HT-400To600_RunIIFall15DR76-2017-0416-202942/crab.log
DEBUG 2017-04-16 22:45:22,018: 	 Executing command: 'resubmit'
DEBUG 2017-04-16 22:45:22,019: 	 Found CRAB cache file /home/fengyb/.crab3
DEBUG 2017-04-16 22:45:22,025: 	 Checking credentials
DEBUG 2017-04-16 22:45:22,025: 	 Found proxy file /tmp/x509up_u1701
DEBUG 2017-04-16 22:45:22,025: 	 Getting proxy life time left
DEBUG 2017-04-16 22:45:22,128: 	 Executing : 
 command : voms-proxy-info -file /tmp/x509up_u1701 -timeleft
 output : 43178

 error: 
 retcode : 0
DEBUG 2017-04-16 22:45:22,231: 	 Executing : 
 command : voms-proxy-info -file /tmp/x509up_u1701 -actimeleft
 output : 43178

 error: 
 retcode : 0
DEBUG 2017-04-16 22:45:22,231: 	 Proxy valid for 11:59:38 hours
DEBUG 2017-04-16 22:45:22,341: 	 Executing : 
 command : openssl x509 -in ~/.globus/usercert.pem -subject -noout
 output : subject= /DC=ch/DC=cern/OU=Organic Units/OU=Users/CN=yofeng/CN=785825/CN=Yongbin Feng

 error: 
 retcode : 0
DEBUG 2017-04-16 22:45:22,342: 	 Checking credentials
DEBUG 2017-04-16 22:45:22,342: 	 Found proxy file /tmp/x509up_u1701
DEBUG 2017-04-16 22:45:22,342: 	 Getting proxy life time left
DEBUG 2017-04-16 22:45:22,445: 	 Executing : 
 command : voms-proxy-info -file /tmp/x509up_u1701 -timeleft
 output : 43178

 error: 
 retcode : 0
DEBUG 2017-04-16 22:45:22,549: 	 Executing : 
 command : voms-proxy-info -file /tmp/x509up_u1701 -actimeleft
 output : 43178

 error: 
 retcode : 0
DEBUG 2017-04-16 22:45:22,549: 	 Proxy valid for 11:59:38 hours
DEBUG 2017-04-16 22:45:23,628: 	 Registering user credentials for server /DC=ch/DC=cern/OU=computers/CN=vocms(045|052|021|031|0118|0118a|0119|0108|0105|0109).cern.ch
DEBUG 2017-04-16 22:45:23,734: 	 Executing : 
 command : openssl x509 -in ~/.globus/usercert.pem -subject -noout
 output : subject= /DC=ch/DC=cern/OU=Organic Units/OU=Users/CN=yofeng/CN=785825/CN=Yongbin Feng

 error: 
 retcode : 0
DEBUG 2017-04-16 22:45:23,735: 	 Getting myproxy life time left for myproxy.cern.ch
DEBUG 2017-04-16 22:45:23,735: 	 Calculating hash of /DC=ch/DC=cern/OU=Organic Units/OU=Users/CN=yofeng/CN=785825/CN=Yongbin Feng_cmsweb.cern.ch for credential name
DEBUG 2017-04-16 22:45:24,538: 	 Executing : 
 command : myproxy-info -l 46a32ae7e95f6185805e22dd0e47513ea7de8fa0 -s myproxy.cern.ch
 output : username: 46a32ae7e95f6185805e22dd0e47513ea7de8fa0
owner: /DC=ch/DC=cern/OU=Organic Units/OU=Users/CN=yofeng/CN=785825/CN=Yongbin Feng
  renewal policy: /DC=ch/DC=cern/OU=computers/CN=vocms(045|052|021|031|0118|0118a|0119|0108|0105|0109).cern.ch
  trusted retrieval policy: /DC=ch/DC=cern/OU=computers/CN=vocms(045|052|021|031|0118|0118a|0119|0108|0105|0109).cern.ch
  timeleft: 623:17:48  (26.0 days)

 error: 
 retcode : 0
DEBUG 2017-04-16 22:45:24,540: 	 Myproxy is valid: 2243868
DEBUG 2017-04-16 22:45:24,540: 	 Command use: resubmit
DEBUG 2017-04-16 22:45:24,540: 	 Options use: ['-d', 'crab_Analysis-20170416-GJets_HT-400To600_RunIIFall15DR76-2017-0416-202942']
DEBUG 2017-04-16 22:45:25,622: 	 CRABClient version: 3.3.1704
DEBUG 2017-04-16 22:45:25,622: 	 Instance is prod
DEBUG 2017-04-16 22:45:25,622: 	 Server base url is cmsweb.cern.ch
DEBUG 2017-04-16 22:45:25,622: 	 Command url /crabserver/prod/workflow
DEBUG 2017-04-16 22:45:25,622: 	 Requesting resubmission of failed jobs in task 170417_003011:yofeng_crab_Analysis-20170416-GJets_HT-400To600_RunIIFall15DR76-2017-0416-202942
INFO 2017-04-16 22:45:25,622: 	 Sending resubmit request to the server.
DEBUG 2017-04-16 22:45:25,622: 	 Submitting {'publication': 0, 'force': 0, 'subresource': 'resubmit', 'workflow': u'170417_003011:yofeng_crab_Analysis-20170416-GJets_HT-400To600_RunIIFall15DR76-2017-0416-202942'} 
DEBUG 2017-04-16 22:45:25,622: 	 Encoded resubmit request: publication=0&force=0&subresource=resubmit&workflow=170417_003011%3Ayofeng_crab_Analysis-20170416-GJets_HT-400To600_RunIIFall15DR76-2017-0416-202942
DEBUG 2017-04-16 22:45:27,229: 	 Result: {u'result': [{u'result': u'ok'}], u'desc': {u'columns': [u'tm_site_blacklist', u'tm_site_whitelist', u'tm_maxjobruntime', u'tm_maxmemory', u'tm_numcores', u'tm_priority']}}
INFO 2017-04-16 22:45:27,229: 	 Resubmit request sent to the server.
INFO 2017-04-16 22:45:27,229: 	 Please use 'crab status' to check how the resubmission process proceeds.
Notice it may take a couple of minutes for the resubmission to get fully processed.
INFO 2017-04-16 22:45:27,232: 	 Log file is /data/users/fengyb/CMSSW_7_6_3/src/EmergingJetAnalysis/crabTasks/crab_Analysis-20170416-2017-0416-v10/crab_Analysis-20170416-GJets_HT-400To600_RunIIFall15DR76-2017-0416-202942/crab.log
DEBUG 2017-04-17 00:47:10,547: 	 Executing command: 'kill'
DEBUG 2017-04-17 00:47:10,548: 	 Found CRAB cache file /home/fengyb/.crab3
DEBUG 2017-04-17 00:47:10,553: 	 Checking credentials
DEBUG 2017-04-17 00:47:10,553: 	 Found proxy file /tmp/x509up_u1701
DEBUG 2017-04-17 00:47:10,553: 	 Getting proxy life time left
DEBUG 2017-04-17 00:47:10,656: 	 Executing : 
 command : voms-proxy-info -file /tmp/x509up_u1701 -timeleft
 output : 43192

 error: 
 retcode : 0
DEBUG 2017-04-17 00:47:10,759: 	 Executing : 
 command : voms-proxy-info -file /tmp/x509up_u1701 -actimeleft
 output : 43192

 error: 
 retcode : 0
DEBUG 2017-04-17 00:47:10,759: 	 Proxy valid for 11:59:52 hours
DEBUG 2017-04-17 00:47:10,888: 	 Executing : 
 command : openssl x509 -in ~/.globus/usercert.pem -subject -noout
 output : subject= /DC=ch/DC=cern/OU=Organic Units/OU=Users/CN=yofeng/CN=785825/CN=Yongbin Feng

 error: 
 retcode : 0
DEBUG 2017-04-17 00:47:10,889: 	 Checking credentials
DEBUG 2017-04-17 00:47:10,889: 	 Found proxy file /tmp/x509up_u1701
DEBUG 2017-04-17 00:47:10,889: 	 Getting proxy life time left
DEBUG 2017-04-17 00:47:10,991: 	 Executing : 
 command : voms-proxy-info -file /tmp/x509up_u1701 -timeleft
 output : 43192

 error: 
 retcode : 0
DEBUG 2017-04-17 00:47:11,094: 	 Executing : 
 command : voms-proxy-info -file /tmp/x509up_u1701 -actimeleft
 output : 43191

 error: 
 retcode : 0
DEBUG 2017-04-17 00:47:11,094: 	 Proxy valid for 11:59:52 hours
DEBUG 2017-04-17 00:47:12,523: 	 Registering user credentials for server /DC=ch/DC=cern/OU=computers/CN=vocms(045|052|021|031|0118|0118a|0119|0108|0105|0109).cern.ch
DEBUG 2017-04-17 00:47:12,737: 	 Executing : 
 command : openssl x509 -in ~/.globus/usercert.pem -subject -noout
 output : subject= /DC=ch/DC=cern/OU=Organic Units/OU=Users/CN=yofeng/CN=785825/CN=Yongbin Feng

 error: 
 retcode : 0
DEBUG 2017-04-17 00:47:12,737: 	 Getting myproxy life time left for myproxy.cern.ch
DEBUG 2017-04-17 00:47:12,737: 	 Calculating hash of /DC=ch/DC=cern/OU=Organic Units/OU=Users/CN=yofeng/CN=785825/CN=Yongbin Feng_cmsweb.cern.ch for credential name
DEBUG 2017-04-17 00:47:14,243: 	 Executing : 
 command : myproxy-info -l 46a32ae7e95f6185805e22dd0e47513ea7de8fa0 -s myproxy.cern.ch
 output : username: 46a32ae7e95f6185805e22dd0e47513ea7de8fa0
owner: /DC=ch/DC=cern/OU=Organic Units/OU=Users/CN=yofeng/CN=785825/CN=Yongbin Feng
  renewal policy: /DC=ch/DC=cern/OU=computers/CN=vocms(045|052|021|031|0118|0118a|0119|0108|0105|0109).cern.ch
  trusted retrieval policy: /DC=ch/DC=cern/OU=computers/CN=vocms(045|052|021|031|0118|0118a|0119|0108|0105|0109).cern.ch
  timeleft: 621:15:58  (25.9 days)

 error: 
 retcode : 0
DEBUG 2017-04-17 00:47:14,246: 	 Myproxy is valid: 2236558
DEBUG 2017-04-17 00:47:14,246: 	 Command use: kill
DEBUG 2017-04-17 00:47:14,246: 	 Options use: ['crab_Analysis-20170416-GJets_HT-400To600_RunIIFall15DR76-2017-0416-202942']
DEBUG 2017-04-17 00:47:15,444: 	 CRABClient version: 3.3.1704
DEBUG 2017-04-17 00:47:15,444: 	 Instance is prod
DEBUG 2017-04-17 00:47:15,444: 	 Server base url is cmsweb.cern.ch
DEBUG 2017-04-17 00:47:15,444: 	 Command url /crabserver/prod/workflow
DEBUG 2017-04-17 00:47:15,444: 	 Killing task 170417_003011:yofeng_crab_Analysis-20170416-GJets_HT-400To600_RunIIFall15DR76-2017-0416-202942
DEBUG 2017-04-17 00:47:16,438: 	 Result: {u'result': [{u'result': u'ok'}], u'desc': {u'columns': [u'tm_taskname', u'panda_jobset_id', u'tm_task_status', u'tm_task_command', u'tm_user_role', u'tm_user_group', u'tm_task_failure', u'tm_split_args', u'panda_resubmitted_jobs', u'tm_save_logs', u'tm_username', u'tm_user_dn', u'tm_arguments', u'tm_input_dataset', u'tm_dbs_url', u'tm_task_warnings', u'tm_publication', u'tm_user_webdir', u'tm_asourl', u'tm_asodb', u'tm_output_dataset', u'tm_collector', u'tm_schedd', u'tm_dry_run', u'clusterid', u'tm_start_time']}}
INFO 2017-04-17 00:47:16,438: 	 Kill request successfully sent
INFO 2017-04-17 00:47:16,472: 	 Log file is /data/users/fengyb/CMSSW_7_6_3/src/EmergingJetAnalysis/crabTasks/crab_Analysis-20170416-2017-0416-v10/crab_Analysis-20170416-GJets_HT-400To600_RunIIFall15DR76-2017-0416-202942/crab.log
