['skim', 'analyze']
# Conditions read from  CMS_CONDITIONS  via FrontierProd 

####################
Adding Skim step
####################

Adding GJet Skim step.
triggerSelection should be verified for new datasets.
photonID should be modified for each global tag.
 switching PAT Tau input to:  cms.InputTag("hpsPFTauProducer76xReMiniAOD")

####################
Adding Analyze step
####################

CMSSW_VERSION is CMSSW_7_6_3
Using the following global tags [MC, DATA]:
['76X_mcRun2_asymptotic_RunIIFall15DR76_v1', '76X_dataRun2_16Dec2015_v0']
DEBUG 2017-03-01 14:37:55,838: 	 Executing command: 'submit'
DEBUG 2017-03-01 14:37:55,854: 	 Found CRAB cache file /home/fengyb/.crab3
DEBUG 2017-03-01 14:37:55,861: 	 Checking credentials
DEBUG 2017-03-01 14:37:55,861: 	 Found proxy file /tmp/x509up_u1701
DEBUG 2017-03-01 14:37:55,861: 	 Getting proxy life time left
DEBUG 2017-03-01 14:37:55,964: 	 Executing : 
 command : voms-proxy-info -file /tmp/x509up_u1701 -timeleft
 output : 43080

 error: 
 retcode : 0
DEBUG 2017-03-01 14:37:56,068: 	 Executing : 
 command : voms-proxy-info -file /tmp/x509up_u1701 -actimeleft
 output : 43080

 error: 
 retcode : 0
DEBUG 2017-03-01 14:37:56,068: 	 Proxy valid for 11:58:00 hours
DEBUG 2017-03-01 14:37:56,069: 	 Will use CRAB Analysis plugin (i.e. will run an analysis job type).
DEBUG 2017-03-01 14:37:56,259: 	 Executing : 
 command : openssl x509 -in ~/.globus/usercert.pem -subject -noout
 output : subject= /DC=ch/DC=cern/OU=Organic Units/OU=Users/CN=yofeng/CN=785825/CN=Yongbin Feng

 error: 
 retcode : 0
DEBUG 2017-03-01 14:37:56,259: 	 Checking credentials
DEBUG 2017-03-01 14:37:56,259: 	 Found proxy file /tmp/x509up_u1701
DEBUG 2017-03-01 14:37:56,259: 	 Getting proxy life time left
DEBUG 2017-03-01 14:37:56,362: 	 Executing : 
 command : voms-proxy-info -file /tmp/x509up_u1701 -timeleft
 output : 43079

 error: 
 retcode : 0
DEBUG 2017-03-01 14:37:56,466: 	 Executing : 
 command : voms-proxy-info -file /tmp/x509up_u1701 -actimeleft
 output : 43079

 error: 
 retcode : 0
DEBUG 2017-03-01 14:37:56,466: 	 Proxy valid for 11:57:59 hours
DEBUG 2017-03-01 14:37:56,569: 	 Executing : 
 command : env X509_USER_PROXY=/tmp/x509up_u1701 voms-proxy-info -fqan
 output : /cms/Role=NULL/Capability=NULL

 error: 
 retcode : 0
DEBUG 2017-03-01 14:37:57,667: 	 Registering user credentials for server /DC=ch/DC=cern/OU=computers/CN=vocms(045|052|021|031|0118|0118a|0119|0108|0105).cern.ch
DEBUG 2017-03-01 14:37:57,775: 	 Executing : 
 command : openssl x509 -in ~/.globus/usercert.pem -subject -noout
 output : subject= /DC=ch/DC=cern/OU=Organic Units/OU=Users/CN=yofeng/CN=785825/CN=Yongbin Feng

 error: 
 retcode : 0
DEBUG 2017-03-01 14:37:57,775: 	 Getting myproxy life time left for myproxy.cern.ch
DEBUG 2017-03-01 14:37:57,775: 	 Calculating hash of /DC=ch/DC=cern/OU=Organic Units/OU=Users/CN=yofeng/CN=785825/CN=Yongbin Feng_cmsweb.cern.ch for credential name
DEBUG 2017-03-01 14:38:00,882: 	 Executing : 
 command : myproxy-info -l 46a32ae7e95f6185805e22dd0e47513ea7de8fa0 -s myproxy.cern.ch
 output : username: 46a32ae7e95f6185805e22dd0e47513ea7de8fa0
owner: /DC=ch/DC=cern/OU=Organic Units/OU=Users/CN=yofeng/CN=785825/CN=Yongbin Feng
  renewal policy: /DC=ch/DC=cern/OU=computers/CN=vocms(045|052|021|031|0118|0118a|0119|0108|0105).cern.ch
  trusted retrieval policy: /DC=ch/DC=cern/OU=computers/CN=vocms(045|052|021|031|0118|0118a|0119|0108|0105).cern.ch
  timeleft: 719:16:39  (30.0 days)

 error: 
 retcode : 0
DEBUG 2017-03-01 14:38:00,883: 	 Myproxy is valid: 2589399
DEBUG 2017-03-01 14:38:00,883: 	 Command use: submit
DEBUG 2017-03-01 14:38:00,883: 	 Options use: ['--config', <WMCore.Configuration.Configuration object at 0x1a0a9d0>]
DEBUG 2017-03-01 14:38:01,969: 	 CRABClient version: 3.3.1702
DEBUG 2017-03-01 14:38:01,969: 	 Instance is prod
DEBUG 2017-03-01 14:38:01,969: 	 Server base url is cmsweb.cern.ch
DEBUG 2017-03-01 14:38:01,970: 	 Command url /crabserver/prod/workflow
DEBUG 2017-03-01 14:38:01,970: 	 Started submission
DEBUG 2017-03-01 14:38:01,970: 	 Working on /data/users/fengyb/CMSSW_7_6_3/src/EmergingJetAnalysis/crabTasks/crab_Analysis-20170301-2017-0301-v3/crab_Analysis-20170301-GJets_HT-100To200_RunIIFall15DR76-2017-0301-143755
DEBUG 2017-03-01 14:38:03,153: 	 Loading required information from the environment
DEBUG 2017-03-01 14:38:03,154: 	 Found CMSSW_7_6_3 for slc6_amd64_gcc493 with base /data/users/fengyb/CMSSW_7_6_3
DEBUG 2017-03-01 14:38:03,154: 	 Loading required information from the environment
DEBUG 2017-03-01 14:38:03,154: 	 Found CMSSW_7_6_3 for slc6_amd64_gcc493 with base /data/users/fengyb/CMSSW_7_6_3
DEBUG 2017-03-01 14:38:03,168: 	 UNIQUE NAME: tarUUID ba16025f-bfa5-46ab-a205-468906ab9aab 
DEBUG 2017-03-01 14:38:03,169: 	 self.config: from WMCore.Configuration import Configuration
config = Configuration()
config.section_('General')
config.General.workArea = 'crabTasks/crab_Analysis-20170301-2017-0301-v3'
config.General.requestName = 'Analysis-20170301-GJets_HT-100To200_RunIIFall15DR76-2017-0301-143755'
config.section_('JobType')
config.JobType.priority = 30
config.JobType.psetName = 'Configuration/test/test_cfg.py'
config.JobType.pluginName = 'Analysis'
config.JobType.pyCfgParams = ['crab=1', 'data=0', 'sample=gjet']
config.section_('Data')
config.Data.inputDataset = '/GJets_HT-100To200_TuneCUETP8M1_13TeV-madgraphMLM-pythia8/RunIIFall15DR76-PU25nsData2015v1_76X_mcRun2_asymptotic_v12-v1/AODSIM'
config.Data.outputDatasetTag = 'Analysis-20170301'
config.Data.publication = True
config.Data.unitsPerJob = 1
config.Data.ignoreLocality = True
config.Data.splitting = 'FileBased'
config.Data.inputDBS = 'global'
config.Data.outLFNDirBase = '/store/user/yofeng/GJet/ntuple/Analysis-20170301-v3/GJets_HT-100To200_RunIIFall15DR76/'
config.Data.totalUnits = 1000
config.section_('Site')
config.Site.blacklist = ['T2_US_Purdue']
config.Site.storageSite = 'T3_US_UMD'

DEBUG 2017-03-01 14:38:03,169: 	 self.config.JobType.psetName: Configuration/test/test_cfg.py
INFO 2017-03-01 14:38:03,169: 	 Importing CMSSW configuration Configuration/test/test_cfg.py
DEBUG 2017-03-01 14:38:03,169: 	 Additional parameters for the CMSSW configuration are: ['crab=1', 'data=0', 'sample=gjet']
INFO 2017-03-01 14:38:08,845: 	 Finished importing CMSSW configuration Configuration/test/test_cfg.py
DEBUG 2017-03-01 14:38:08,845: 	 Writing CMSSW configuration to /data/users/fengyb/CMSSW_7_6_3/src/EmergingJetAnalysis/crabTasks/crab_Analysis-20170301-2017-0301-v3/crab_Analysis-20170301-GJets_HT-100To200_RunIIFall15DR76-2017-0301-143755/inputs/PSet.py
DEBUG 2017-03-01 14:38:11,763: 	 The following EDM output files will be collected: ['output.root']
DEBUG 2017-03-01 14:38:11,763: 	 The following TFile output files will be collected: ['ntuple.root']
DEBUG 2017-03-01 14:38:11,763: 	 The following user output files will be collected: []
DEBUG 2017-03-01 14:38:11,763: 	 Loading required information from the environment
DEBUG 2017-03-01 14:38:11,763: 	 Found CMSSW_7_6_3 for slc6_amd64_gcc493 with base /data/users/fengyb/CMSSW_7_6_3
DEBUG 2017-03-01 14:38:11,763: 	 Making tarball in /data/users/fengyb/CMSSW_7_6_3/src/EmergingJetAnalysis/crabTasks/crab_Analysis-20170301-2017-0301-v3/crab_Analysis-20170301-GJets_HT-100To200_RunIIFall15DR76-2017-0301-143755/inputs/ba16025f-bfa5-46ab-a205-468906ab9aabdefault.tgz
DEBUG 2017-03-01 14:38:11,789: 	 Checking directory /data/users/fengyb/CMSSW_7_6_3/lib
DEBUG 2017-03-01 14:38:11,789: 	 Adding directory /data/users/fengyb/CMSSW_7_6_3/lib to tarball
DEBUG 2017-03-01 14:38:15,243: 	 Checking directory /data/users/fengyb/CMSSW_7_6_3/biglib
DEBUG 2017-03-01 14:38:15,243: 	 Adding directory /data/users/fengyb/CMSSW_7_6_3/biglib to tarball
DEBUG 2017-03-01 14:38:15,245: 	 Checking directory /data/users/fengyb/CMSSW_7_6_3/module
DEBUG 2017-03-01 14:38:15,363: 	 Adding data directory /data/users/fengyb/CMSSW_7_6_3/src/RecoEgamma/EgammaTools/data to tarball
DEBUG 2017-03-01 14:38:15,388: 	 Adding data directory /data/users/fengyb/CMSSW_7_6_3/src/RecoEgamma/EgammaTools/interface to tarball
DEBUG 2017-03-01 14:38:15,412: 	 Adding data directory /data/users/fengyb/CMSSW_7_6_3/src/RecoEgamma/PhotonIdentification/data to tarball
DEBUG 2017-03-01 14:38:15,421: 	 Adding data directory /data/users/fengyb/CMSSW_7_6_3/src/RecoEgamma/PhotonIdentification/interface to tarball
DEBUG 2017-03-01 14:38:15,465: 	 Adding data directory /data/users/fengyb/CMSSW_7_6_3/src/EmergingJetAnalysis/EmergingJetAnalyzer/interface to tarball
DEBUG 2017-03-01 14:38:15,507: 	 Adding data directory /data/users/fengyb/CMSSW_7_6_3/src/EmergingJetAnalysis/EmJetAnalyzer/interface to tarball
DEBUG 2017-03-01 14:38:16,122: 	 Uploading archive /data/users/fengyb/CMSSW_7_6_3/src/EmergingJetAnalysis/crabTasks/crab_Analysis-20170301-2017-0301-v3/crab_Analysis-20170301-GJets_HT-100To200_RunIIFall15DR76-2017-0301-143755/inputs/ba16025f-bfa5-46ab-a205-468906ab9aabdefault.tgz to the CRAB cache. Using URI https://cmsweb.cern.ch/crabcache
DEBUG 2017-03-01 14:38:22,532: 	 Loading required information from the environment
DEBUG 2017-03-01 14:38:22,533: 	 Found CMSSW_7_6_3 for slc6_amd64_gcc493 with base /data/users/fengyb/CMSSW_7_6_3
DEBUG 2017-03-01 14:38:22,533: 	 Making tarball in /data/users/fengyb/CMSSW_7_6_3/src/EmergingJetAnalysis/crabTasks/crab_Analysis-20170301-2017-0301-v3/crab_Analysis-20170301-GJets_HT-100To200_RunIIFall15DR76-2017-0301-143755/inputs/debugFiles.tgz
DEBUG 2017-03-01 14:38:22,537: 	 Uploading archive /data/users/fengyb/CMSSW_7_6_3/src/EmergingJetAnalysis/crabTasks/crab_Analysis-20170301-2017-0301-v3/crab_Analysis-20170301-GJets_HT-100To200_RunIIFall15DR76-2017-0301-143755/inputs/debugFiles.tgz to the CRAB cache. Using URI https://cmsweb.cern.ch/crabcache
DEBUG 2017-03-01 14:38:23,848: 	 Result uploading input files: a60e243c9f490ae55c407d93c8a64178da955556ab5fa3ab265efad67e939b9a.tar.gz 
WARNING 2017-03-01 14:38:23,848: 	 Warning: The following output files will not be published, as they are not EDM files: ['ntuple.root']
INFO 2017-03-01 14:38:23,848: 	 Sending the request to the server
DEBUG 2017-03-01 14:38:23,848: 	 Submitting {'maxjobruntime': 1250, 'extrajdl': [], 'ignorelocality': 1, 'savelogsflag': 0, 'useparent': 0, 'asyncdest': 'T3_US_UMD', 'algoargs': 1, 'cachefilename': 'a60e243c9f490ae55c407d93c8a64178da955556ab5fa3ab265efad67e939b9a.tar.gz', 'numcores': 1, 'addoutputfiles': [], 'generator': 'pythia', 'maxmemory': 2000, 'publishdbsurl': 'https://cmsweb.cern.ch/dbs/prod/phys03/DBSWriter', 'priority': 30, 'jobsw': 'CMSSW_7_6_3', 'edmoutfiles': ['output.root'], 'userfiles': [], 'primarydataset': '', 'inputdata': '/GJets_HT-100To200_TuneCUETP8M1_13TeV-madgraphMLM-pythia8/RunIIFall15DR76-PU25nsData2015v1_76X_mcRun2_asymptotic_v12-v1/AODSIM', 'lfn': '/store/user/yofeng/GJet/ntuple/Analysis-20170301-v3/GJets_HT-100To200_RunIIFall15DR76/', 'dryrun': 0, 'workflow': 'crab_Analysis-20170301-GJets_HT-100To200_RunIIFall15DR76-2017-0301-143755', 'adduserfiles': [], 'nonprodsw': 0, 'tfileoutfiles': ['ntuple.root'], 'oneEventMode': 0, 'debugfilename': '13caeb8930a3a1655b69de810a493a130d1f745b10092099810d9bf0670e10ef.tar.gz', 'cacheurl': u'https://cmsweb.cern.ch/crabcache', 'saveoutput': 1, 'publication': 1, 'jobarch': 'slc6_amd64_gcc493', 'totalunits': 1000, 'splitalgo': 'FileBased', 'ignoreglobalblacklist': 0, 'nonvaliddata': 0, 'dbsurl': 'https://cmsweb.cern.ch/dbs/prod/global/DBSReader', 'publishgroupname': 0, 'jobtype': 'Analysis', 'siteblacklist': ['T2_US_Purdue'], 'publishname2': 'Analysis-20170301'} 
DEBUG 2017-03-01 14:38:23,849: 	 Encoded submit request: maxjobruntime=1250&ignorelocality=1&savelogsflag=0&useparent=0&asyncdest=T3_US_UMD&algoargs=1&cachefilename=a60e243c9f490ae55c407d93c8a64178da955556ab5fa3ab265efad67e939b9a.tar.gz&numcores=1&generator=pythia&maxmemory=2000&publishdbsurl=https%3A%2F%2Fcmsweb.cern.ch%2Fdbs%2Fprod%2Fphys03%2FDBSWriter&priority=30&jobsw=CMSSW_7_6_3&primarydataset=&inputdata=%2FGJets_HT-100To200_TuneCUETP8M1_13TeV-madgraphMLM-pythia8%2FRunIIFall15DR76-PU25nsData2015v1_76X_mcRun2_asymptotic_v12-v1%2FAODSIM&lfn=%2Fstore%2Fuser%2Fyofeng%2FGJet%2Fntuple%2FAnalysis-20170301-v3%2FGJets_HT-100To200_RunIIFall15DR76%2F&dryrun=0&workflow=crab_Analysis-20170301-GJets_HT-100To200_RunIIFall15DR76-2017-0301-143755&nonprodsw=0&oneEventMode=0&debugfilename=13caeb8930a3a1655b69de810a493a130d1f745b10092099810d9bf0670e10ef.tar.gz&cacheurl=https%3A%2F%2Fcmsweb.cern.ch%2Fcrabcache&saveoutput=1&publication=1&jobarch=slc6_amd64_gcc493&totalunits=1000&splitalgo=FileBased&ignoreglobalblacklist=0&nonvaliddata=0&dbsurl=https%3A%2F%2Fcmsweb.cern.ch%2Fdbs%2Fprod%2Fglobal%2FDBSReader&publishgroupname=0&jobtype=Analysis&publishname2=Analysis-20170301&siteblacklist=T2_US_Purdue&tfileoutfiles=ntuple.root&edmoutfiles=output.root
DEBUG 2017-03-01 14:38:25,398: 	 Result: {u'result': [{u'RequestName': u'170301_193824:yofeng_crab_Analysis-20170301-GJets_HT-100To200_RunIIFall15DR76-2017-0301-143755'}]}
INFO 2017-03-01 14:38:25,399: 	 Success: Your task has been delivered to the CRAB3 server.
INFO 2017-03-01 14:38:25,399: 	 Task name: 170301_193824:yofeng_crab_Analysis-20170301-GJets_HT-100To200_RunIIFall15DR76-2017-0301-143755
INFO 2017-03-01 14:38:25,399: 	 Please use 'crab status' to check how the submission process proceeds.
DEBUG 2017-03-01 14:38:25,400: 	 About to return
