['skim', 'analyze']
# Conditions read from  CMS_CONDITIONS  via FrontierProd 

####################
Adding Skim step
####################

Adding GJet Skim step.
triggerSelection should be verified for new datasets.
photonID should be modified for each global tag.
 switching PAT Tau input to:  cms.InputTag("hpsPFTauProducer76xReMiniAOD")

####################
Adding Analyze step
####################

CMSSW_VERSION is CMSSW_7_6_3
Using the following global tags [MC, DATA]:
['76X_mcRun2_asymptotic_RunIIFall15DR76_v1', '76X_dataRun2_16Dec2015_v0']
DEBUG 2017-02-13 20:42:55,603: 	 Executing command: 'submit'
DEBUG 2017-02-13 20:42:55,616: 	 Found CRAB cache file /home/fengyb/.crab3
DEBUG 2017-02-13 20:42:55,623: 	 Checking credentials
DEBUG 2017-02-13 20:42:55,624: 	 Found proxy file /tmp/x509up_u1701
DEBUG 2017-02-13 20:42:55,624: 	 Getting proxy life time left
DEBUG 2017-02-13 20:42:55,727: 	 Executing : 
 command : voms-proxy-info -file /tmp/x509up_u1701 -timeleft
 output : 41568

 error: 
 retcode : 0
DEBUG 2017-02-13 20:42:55,830: 	 Executing : 
 command : voms-proxy-info -file /tmp/x509up_u1701 -actimeleft
 output : 41568

 error: 
 retcode : 0
DEBUG 2017-02-13 20:42:55,831: 	 Proxy valid for 11:32:48 hours
DEBUG 2017-02-13 20:42:55,831: 	 Will use CRAB Analysis plugin (i.e. will run an analysis job type).
DEBUG 2017-02-13 20:42:55,942: 	 Executing : 
 command : openssl x509 -in ~/.globus/usercert.pem -subject -noout
 output : subject= /DC=ch/DC=cern/OU=Organic Units/OU=Users/CN=yofeng/CN=785825/CN=Yongbin Feng

 error: 
 retcode : 0
DEBUG 2017-02-13 20:42:55,942: 	 Checking credentials
DEBUG 2017-02-13 20:42:55,943: 	 Found proxy file /tmp/x509up_u1701
DEBUG 2017-02-13 20:42:55,943: 	 Getting proxy life time left
DEBUG 2017-02-13 20:42:56,046: 	 Executing : 
 command : voms-proxy-info -file /tmp/x509up_u1701 -timeleft
 output : 41568

 error: 
 retcode : 0
DEBUG 2017-02-13 20:42:56,149: 	 Executing : 
 command : voms-proxy-info -file /tmp/x509up_u1701 -actimeleft
 output : 41567

 error: 
 retcode : 0
DEBUG 2017-02-13 20:42:56,149: 	 Proxy valid for 11:32:48 hours
DEBUG 2017-02-13 20:42:56,252: 	 Executing : 
 command : env X509_USER_PROXY=/tmp/x509up_u1701 voms-proxy-info -fqan
 output : /cms/Role=NULL/Capability=NULL

 error: 
 retcode : 0
DEBUG 2017-02-13 20:42:57,537: 	 Registering user credentials for server /DC=ch/DC=cern/OU=computers/CN=vocms(045|052|021|031|0118|0118a|0119|0108|0105).cern.ch
DEBUG 2017-02-13 20:42:57,645: 	 Executing : 
 command : openssl x509 -in ~/.globus/usercert.pem -subject -noout
 output : subject= /DC=ch/DC=cern/OU=Organic Units/OU=Users/CN=yofeng/CN=785825/CN=Yongbin Feng

 error: 
 retcode : 0
DEBUG 2017-02-13 20:42:57,645: 	 Getting myproxy life time left for myproxy.cern.ch
DEBUG 2017-02-13 20:42:57,645: 	 Calculating hash of /DC=ch/DC=cern/OU=Organic Units/OU=Users/CN=yofeng/CN=785825/CN=Yongbin Feng_cmsweb.cern.ch for credential name
DEBUG 2017-02-13 20:42:58,649: 	 Executing : 
 command : myproxy-info -l 46a32ae7e95f6185805e22dd0e47513ea7de8fa0 -s myproxy.cern.ch
 output : username: 46a32ae7e95f6185805e22dd0e47513ea7de8fa0
owner: /DC=ch/DC=cern/OU=Organic Units/OU=Users/CN=yofeng/CN=785825/CN=Yongbin Feng
  renewal policy: /DC=ch/DC=cern/OU=computers/CN=vocms(045|052|021|031|0118|0118a|0119|0108|0105).cern.ch
  trusted retrieval policy: /DC=ch/DC=cern/OU=computers/CN=vocms(045|052|021|031|0118|0118a|0119|0108|0105).cern.ch
  timeleft: 615:51:46  (25.7 days)

 error: 
 retcode : 0
DEBUG 2017-02-13 20:42:58,650: 	 Myproxy is valid: 2217106
DEBUG 2017-02-13 20:42:58,650: 	 Command use: submit
DEBUG 2017-02-13 20:42:58,650: 	 Options use: ['--config', <WMCore.Configuration.Configuration object at 0x25b59d0>]
DEBUG 2017-02-13 20:42:59,732: 	 CRABClient version: 3.3.1702
DEBUG 2017-02-13 20:42:59,733: 	 Instance is prod
DEBUG 2017-02-13 20:42:59,733: 	 Server base url is cmsweb.cern.ch
DEBUG 2017-02-13 20:42:59,733: 	 Command url /crabserver/prod/workflow
DEBUG 2017-02-13 20:42:59,733: 	 Started submission
DEBUG 2017-02-13 20:42:59,733: 	 Working on /data/users/fengyb/CMSSW_7_6_3/src/EmergingJetAnalysis/crabTasks/crab_Analysis-20170213-2017-0213-v0/crab_Analysis-20170213-GJets_HT-100To400_RunIISpring15DR74-2017-0213-204255
DEBUG 2017-02-13 20:43:02,370: 	 Loading required information from the environment
DEBUG 2017-02-13 20:43:02,370: 	 Found CMSSW_7_6_3 for slc6_amd64_gcc493 with base /data/users/fengyb/CMSSW_7_6_3
DEBUG 2017-02-13 20:43:02,370: 	 Loading required information from the environment
DEBUG 2017-02-13 20:43:02,370: 	 Found CMSSW_7_6_3 for slc6_amd64_gcc493 with base /data/users/fengyb/CMSSW_7_6_3
DEBUG 2017-02-13 20:43:02,382: 	 UNIQUE NAME: tarUUID d262a40c-3723-4730-bafd-14b7f0d2e62b 
DEBUG 2017-02-13 20:43:02,383: 	 self.config: from WMCore.Configuration import Configuration
config = Configuration()
config.section_('General')
config.General.workArea = 'crabTasks/crab_Analysis-20170213-2017-0213-v0'
config.General.requestName = 'Analysis-20170213-GJets_HT-100To400_RunIISpring15DR74-2017-0213-204255'
config.section_('JobType')
config.JobType.priority = 30
config.JobType.psetName = 'Configuration/test/test_cfg.py'
config.JobType.pluginName = 'Analysis'
config.JobType.pyCfgParams = ['crab=1', 'data=0', 'sample=gjet']
config.section_('Data')
config.Data.inputDataset = '/GJets_HT-100To400_TuneCUETP8M1_13TeV-madgraphMLM-pythia8/RunIISpring15DR74-Asympt25ns_MCRUN2_74_V9-v2/AODSIM'
config.Data.outputDatasetTag = 'Analysis-20170213'
config.Data.publication = True
config.Data.unitsPerJob = 1
config.Data.ignoreLocality = True
config.Data.splitting = 'FileBased'
config.Data.inputDBS = 'global'
config.Data.outLFNDirBase = '/store/user/yofeng/GJet/ntuple/Analysis-20170213-v0/GJets_HT-100To400_RunIISpring15DR74/'
config.Data.totalUnits = 1000
config.section_('Site')
config.Site.blacklist = ['T2_US_Purdue']
config.Site.storageSite = 'T3_US_UMD'

DEBUG 2017-02-13 20:43:02,383: 	 self.config.JobType.psetName: Configuration/test/test_cfg.py
INFO 2017-02-13 20:43:02,384: 	 Importing CMSSW configuration Configuration/test/test_cfg.py
DEBUG 2017-02-13 20:43:02,384: 	 Additional parameters for the CMSSW configuration are: ['crab=1', 'data=0', 'sample=gjet']
INFO 2017-02-13 20:43:08,292: 	 Finished importing CMSSW configuration Configuration/test/test_cfg.py
DEBUG 2017-02-13 20:43:08,292: 	 Writing CMSSW configuration to /data/users/fengyb/CMSSW_7_6_3/src/EmergingJetAnalysis/crabTasks/crab_Analysis-20170213-2017-0213-v0/crab_Analysis-20170213-GJets_HT-100To400_RunIISpring15DR74-2017-0213-204255/inputs/PSet.py
DEBUG 2017-02-13 20:43:11,169: 	 The following EDM output files will be collected: ['output.root']
DEBUG 2017-02-13 20:43:11,169: 	 The following TFile output files will be collected: ['ntuple.root']
DEBUG 2017-02-13 20:43:11,169: 	 The following user output files will be collected: []
DEBUG 2017-02-13 20:43:11,169: 	 Loading required information from the environment
DEBUG 2017-02-13 20:43:11,169: 	 Found CMSSW_7_6_3 for slc6_amd64_gcc493 with base /data/users/fengyb/CMSSW_7_6_3
DEBUG 2017-02-13 20:43:11,169: 	 Making tarball in /data/users/fengyb/CMSSW_7_6_3/src/EmergingJetAnalysis/crabTasks/crab_Analysis-20170213-2017-0213-v0/crab_Analysis-20170213-GJets_HT-100To400_RunIISpring15DR74-2017-0213-204255/inputs/d262a40c-3723-4730-bafd-14b7f0d2e62bdefault.tgz
DEBUG 2017-02-13 20:43:11,214: 	 Checking directory /data/users/fengyb/CMSSW_7_6_3/lib
DEBUG 2017-02-13 20:43:11,214: 	 Adding directory /data/users/fengyb/CMSSW_7_6_3/lib to tarball
DEBUG 2017-02-13 20:43:14,146: 	 Checking directory /data/users/fengyb/CMSSW_7_6_3/biglib
DEBUG 2017-02-13 20:43:14,146: 	 Adding directory /data/users/fengyb/CMSSW_7_6_3/biglib to tarball
DEBUG 2017-02-13 20:43:14,149: 	 Checking directory /data/users/fengyb/CMSSW_7_6_3/module
DEBUG 2017-02-13 20:43:14,271: 	 Adding data directory /data/users/fengyb/CMSSW_7_6_3/src/RecoEgamma/EgammaTools/data to tarball
DEBUG 2017-02-13 20:43:14,299: 	 Adding data directory /data/users/fengyb/CMSSW_7_6_3/src/RecoEgamma/EgammaTools/interface to tarball
DEBUG 2017-02-13 20:43:14,324: 	 Adding data directory /data/users/fengyb/CMSSW_7_6_3/src/RecoEgamma/PhotonIdentification/data to tarball
DEBUG 2017-02-13 20:43:14,334: 	 Adding data directory /data/users/fengyb/CMSSW_7_6_3/src/RecoEgamma/PhotonIdentification/interface to tarball
DEBUG 2017-02-13 20:43:14,386: 	 Adding data directory /data/users/fengyb/CMSSW_7_6_3/src/EmergingJetAnalysis/EmergingJetAnalyzer/interface to tarball
DEBUG 2017-02-13 20:43:14,431: 	 Adding data directory /data/users/fengyb/CMSSW_7_6_3/src/EmergingJetAnalysis/EmJetAnalyzer/interface to tarball
DEBUG 2017-02-13 20:43:14,981: 	 Uploading archive /data/users/fengyb/CMSSW_7_6_3/src/EmergingJetAnalysis/crabTasks/crab_Analysis-20170213-2017-0213-v0/crab_Analysis-20170213-GJets_HT-100To400_RunIISpring15DR74-2017-0213-204255/inputs/d262a40c-3723-4730-bafd-14b7f0d2e62bdefault.tgz to the CRAB cache. Using URI https://cmsweb.cern.ch/crabcache
DEBUG 2017-02-13 20:43:20,503: 	 Loading required information from the environment
DEBUG 2017-02-13 20:43:20,504: 	 Found CMSSW_7_6_3 for slc6_amd64_gcc493 with base /data/users/fengyb/CMSSW_7_6_3
DEBUG 2017-02-13 20:43:20,504: 	 Making tarball in /data/users/fengyb/CMSSW_7_6_3/src/EmergingJetAnalysis/crabTasks/crab_Analysis-20170213-2017-0213-v0/crab_Analysis-20170213-GJets_HT-100To400_RunIISpring15DR74-2017-0213-204255/inputs/debugFiles.tgz
DEBUG 2017-02-13 20:43:20,507: 	 Uploading archive /data/users/fengyb/CMSSW_7_6_3/src/EmergingJetAnalysis/crabTasks/crab_Analysis-20170213-2017-0213-v0/crab_Analysis-20170213-GJets_HT-100To400_RunIISpring15DR74-2017-0213-204255/inputs/debugFiles.tgz to the CRAB cache. Using URI https://cmsweb.cern.ch/crabcache
DEBUG 2017-02-13 20:43:21,817: 	 Result uploading input files: 9aafe0a8491236198e8172e212a66d0df38cbb56017f2f7821d2bbc229867fe1.tar.gz 
WARNING 2017-02-13 20:43:21,817: 	 Warning: The following output files will not be published, as they are not EDM files: ['ntuple.root']
INFO 2017-02-13 20:43:21,817: 	 Sending the request to the server
DEBUG 2017-02-13 20:43:21,818: 	 Submitting {'maxjobruntime': 1250, 'extrajdl': [], 'ignorelocality': 1, 'savelogsflag': 0, 'useparent': 0, 'asyncdest': 'T3_US_UMD', 'algoargs': 1, 'cachefilename': '9aafe0a8491236198e8172e212a66d0df38cbb56017f2f7821d2bbc229867fe1.tar.gz', 'numcores': 1, 'addoutputfiles': [], 'generator': 'pythia', 'maxmemory': 2000, 'publishdbsurl': 'https://cmsweb.cern.ch/dbs/prod/phys03/DBSWriter', 'priority': 30, 'jobsw': 'CMSSW_7_6_3', 'edmoutfiles': ['output.root'], 'userfiles': [], 'primarydataset': '', 'inputdata': '/GJets_HT-100To400_TuneCUETP8M1_13TeV-madgraphMLM-pythia8/RunIISpring15DR74-Asympt25ns_MCRUN2_74_V9-v2/AODSIM', 'lfn': '/store/user/yofeng/GJet/ntuple/Analysis-20170213-v0/GJets_HT-100To400_RunIISpring15DR74/', 'dryrun': 0, 'workflow': 'crab_Analysis-20170213-GJets_HT-100To400_RunIISpring15DR74-2017-0213-204255', 'adduserfiles': [], 'nonprodsw': 0, 'tfileoutfiles': ['ntuple.root'], 'oneEventMode': 0, 'debugfilename': '0fb190ef11441732766f4d8802c63d9b29f70dbd5c353f57b88888d357369dc0.tar.gz', 'cacheurl': u'https://cmsweb.cern.ch/crabcache', 'saveoutput': 1, 'publication': 1, 'jobarch': 'slc6_amd64_gcc493', 'totalunits': 1000, 'splitalgo': 'FileBased', 'ignoreglobalblacklist': 0, 'nonvaliddata': 0, 'dbsurl': 'https://cmsweb.cern.ch/dbs/prod/global/DBSReader', 'publishgroupname': 0, 'jobtype': 'Analysis', 'siteblacklist': ['T2_US_Purdue'], 'publishname2': 'Analysis-20170213'} 
DEBUG 2017-02-13 20:43:21,818: 	 Encoded submit request: maxjobruntime=1250&ignorelocality=1&savelogsflag=0&useparent=0&asyncdest=T3_US_UMD&algoargs=1&cachefilename=9aafe0a8491236198e8172e212a66d0df38cbb56017f2f7821d2bbc229867fe1.tar.gz&numcores=1&generator=pythia&maxmemory=2000&publishdbsurl=https%3A%2F%2Fcmsweb.cern.ch%2Fdbs%2Fprod%2Fphys03%2FDBSWriter&priority=30&jobsw=CMSSW_7_6_3&primarydataset=&inputdata=%2FGJets_HT-100To400_TuneCUETP8M1_13TeV-madgraphMLM-pythia8%2FRunIISpring15DR74-Asympt25ns_MCRUN2_74_V9-v2%2FAODSIM&lfn=%2Fstore%2Fuser%2Fyofeng%2FGJet%2Fntuple%2FAnalysis-20170213-v0%2FGJets_HT-100To400_RunIISpring15DR74%2F&dryrun=0&workflow=crab_Analysis-20170213-GJets_HT-100To400_RunIISpring15DR74-2017-0213-204255&nonprodsw=0&oneEventMode=0&debugfilename=0fb190ef11441732766f4d8802c63d9b29f70dbd5c353f57b88888d357369dc0.tar.gz&cacheurl=https%3A%2F%2Fcmsweb.cern.ch%2Fcrabcache&saveoutput=1&publication=1&jobarch=slc6_amd64_gcc493&totalunits=1000&splitalgo=FileBased&ignoreglobalblacklist=0&nonvaliddata=0&dbsurl=https%3A%2F%2Fcmsweb.cern.ch%2Fdbs%2Fprod%2Fglobal%2FDBSReader&publishgroupname=0&jobtype=Analysis&publishname2=Analysis-20170213&siteblacklist=T2_US_Purdue&tfileoutfiles=ntuple.root&edmoutfiles=output.root
DEBUG 2017-02-13 20:43:24,850: 	 Result: {u'result': [{u'RequestName': u'170214_014322:yofeng_crab_Analysis-20170213-GJets_HT-100To400_RunIISpring15DR74-2017-0213-204255'}]}
INFO 2017-02-13 20:43:24,874: 	 Success: Your task has been delivered to the CRAB3 server.
INFO 2017-02-13 20:43:24,875: 	 Task name: 170214_014322:yofeng_crab_Analysis-20170213-GJets_HT-100To400_RunIISpring15DR74-2017-0213-204255
INFO 2017-02-13 20:43:24,875: 	 Please use 'crab status' to check how the submission process proceeds.
DEBUG 2017-02-13 20:43:24,875: 	 About to return
DEBUG 2017-02-13 20:45:07,712: 	 Executing command: 'status'
DEBUG 2017-02-13 20:45:07,712: 	 Found CRAB cache file /home/fengyb/.crab3
DEBUG 2017-02-13 20:45:07,718: 	 Checking credentials
DEBUG 2017-02-13 20:45:07,718: 	 Found proxy file /tmp/x509up_u1701
DEBUG 2017-02-13 20:45:07,718: 	 Getting proxy life time left
DEBUG 2017-02-13 20:45:07,822: 	 Executing : 
 command : voms-proxy-info -file /tmp/x509up_u1701 -timeleft
 output : 41436

 error: 
 retcode : 0
DEBUG 2017-02-13 20:45:07,925: 	 Executing : 
 command : voms-proxy-info -file /tmp/x509up_u1701 -actimeleft
 output : 41436

 error: 
 retcode : 0
DEBUG 2017-02-13 20:45:07,926: 	 Proxy valid for 11:30:36 hours
DEBUG 2017-02-13 20:45:08,036: 	 Executing : 
 command : openssl x509 -in ~/.globus/usercert.pem -subject -noout
 output : subject= /DC=ch/DC=cern/OU=Organic Units/OU=Users/CN=yofeng/CN=785825/CN=Yongbin Feng

 error: 
 retcode : 0
DEBUG 2017-02-13 20:45:08,037: 	 Checking credentials
DEBUG 2017-02-13 20:45:08,037: 	 Found proxy file /tmp/x509up_u1701
DEBUG 2017-02-13 20:45:08,037: 	 Getting proxy life time left
DEBUG 2017-02-13 20:45:08,140: 	 Executing : 
 command : voms-proxy-info -file /tmp/x509up_u1701 -timeleft
 output : 41435

 error: 
 retcode : 0
DEBUG 2017-02-13 20:45:08,243: 	 Executing : 
 command : voms-proxy-info -file /tmp/x509up_u1701 -actimeleft
 output : 41435

 error: 
 retcode : 0
DEBUG 2017-02-13 20:45:08,244: 	 Proxy valid for 11:30:35 hours
DEBUG 2017-02-13 20:45:32,417: 	 Registering user credentials for server /DC=ch/DC=cern/OU=computers/CN=vocms(045|052|021|031|0118|0118a|0119|0108|0105).cern.ch
DEBUG 2017-02-13 20:45:32,527: 	 Executing : 
 command : openssl x509 -in ~/.globus/usercert.pem -subject -noout
 output : subject= /DC=ch/DC=cern/OU=Organic Units/OU=Users/CN=yofeng/CN=785825/CN=Yongbin Feng

 error: 
 retcode : 0
DEBUG 2017-02-13 20:45:32,527: 	 Getting myproxy life time left for myproxy.cern.ch
DEBUG 2017-02-13 20:45:32,527: 	 Calculating hash of /DC=ch/DC=cern/OU=Organic Units/OU=Users/CN=yofeng/CN=785825/CN=Yongbin Feng_cmsweb.cern.ch for credential name
DEBUG 2017-02-13 20:45:33,632: 	 Executing : 
 command : myproxy-info -l 46a32ae7e95f6185805e22dd0e47513ea7de8fa0 -s myproxy.cern.ch
 output : username: 46a32ae7e95f6185805e22dd0e47513ea7de8fa0
owner: /DC=ch/DC=cern/OU=Organic Units/OU=Users/CN=yofeng/CN=785825/CN=Yongbin Feng
  renewal policy: /DC=ch/DC=cern/OU=computers/CN=vocms(045|052|021|031|0118|0118a|0119|0108|0105).cern.ch
  trusted retrieval policy: /DC=ch/DC=cern/OU=computers/CN=vocms(045|052|021|031|0118|0118a|0119|0108|0105).cern.ch
  timeleft: 615:49:11  (25.7 days)

 error: 
 retcode : 0
DEBUG 2017-02-13 20:45:33,633: 	 Myproxy is valid: 2216951
DEBUG 2017-02-13 20:45:33,633: 	 Command use: status
DEBUG 2017-02-13 20:45:33,633: 	 Options use: ['-d', 'crab_Analysis-20170213-GJets_HT-100To400_RunIISpring15DR74-2017-0213-204255']
DEBUG 2017-02-13 20:45:34,702: 	 CRABClient version: 3.3.1702
DEBUG 2017-02-13 20:45:34,702: 	 Instance is prod
DEBUG 2017-02-13 20:45:34,702: 	 Server base url is cmsweb.cern.ch
DEBUG 2017-02-13 20:45:34,702: 	 Command url /crabserver/prod/workflow
DEBUG 2017-02-13 20:45:34,702: 	 Looking up detailed status of task 170214_014322:yofeng_crab_Analysis-20170213-GJets_HT-100To400_RunIISpring15DR74-2017-0213-204255
DEBUG 2017-02-13 20:45:35,813: 	 {u'status': u'SUBMITFAILED', u'username': u'yofeng', u'totalJobdefs': 0, u'jobsPerStatus': {}, u'taskWarningMsg': [], u'schedd': u'', u'statusFailureMsg': u'', u'taskFailureMsg': u'Cannot find dataset /GJets_HT-100To400_TuneCUETP8M1_13TeV-madgraphMLM-pythia8/RunIISpring15DR74-Asympt25ns_MCRUN2_74_V9-v2/AODSIM in prod/global DBS instance', u'failedJobdefs': 0, u'command': u'SUBMIT', u'submissionTime': 1487036604, u'jobdefErrors': [], u'collector': u'cmsgwms-collector-global.cern.ch,cmssrv221.fnal.gov', u'jobList': []}
INFO 2017-02-13 20:45:35,813: 	 CRAB project directory:		/data/users/fengyb/CMSSW_7_6_3/src/EmergingJetAnalysis/crabTasks/crab_Analysis-20170213-2017-0213-v0/crab_Analysis-20170213-GJets_HT-100To400_RunIISpring15DR74-2017-0213-204255
INFO 2017-02-13 20:45:35,813: 	 Task name:			170214_014322:yofeng_crab_Analysis-20170213-GJets_HT-100To400_RunIISpring15DR74-2017-0213-204255
INFO 2017-02-13 20:45:35,813: 	 Task status:			SUBMITFAILED
INFO 2017-02-13 20:45:35,813: 	 Task URL to use for HELP:	https://cmsweb.cern.ch/crabserver/ui/task/170214_014322%3Ayofeng_crab_Analysis-20170213-GJets_HT-100To400_RunIISpring15DR74-2017-0213-204255
ERROR 2017-02-13 20:45:35,813: 	 Failure message:		Cannot find dataset /GJets_HT-100To400_TuneCUETP8M1_13TeV-madgraphMLM-pythia8/RunIISpring15DR74-Asympt25ns_MCRUN2_74_V9-v2/AODSIM in prod/global DBS instance
INFO 2017-02-13 20:45:35,816: 	 Log file is /data/users/fengyb/CMSSW_7_6_3/src/EmergingJetAnalysis/crabTasks/crab_Analysis-20170213-2017-0213-v0/crab_Analysis-20170213-GJets_HT-100To400_RunIISpring15DR74-2017-0213-204255/crab.log
