['skim', 'analyze']
# Conditions read from  CMS_CONDITIONS  via FrontierProd 

####################
Adding Skim step
####################

Adding GJet Skim step.
triggerSelection should be verified for new datasets.
photonID should be modified for each global tag.
 switching PAT Tau input to:  cms.InputTag("hpsPFTauProducer76xReMiniAOD")

####################
Adding Analyze step
####################

CMSSW_VERSION is CMSSW_7_6_3
Using the following global tags [MC, DATA]:
['76X_mcRun2_asymptotic_RunIIFall15DR76_v1', '76X_dataRun2_16Dec2015_v0']
DEBUG 2017-03-01 14:37:28,122: 	 Executing command: 'submit'
DEBUG 2017-03-01 14:37:28,127: 	 Found CRAB cache file /home/fengyb/.crab3
DEBUG 2017-03-01 14:37:28,133: 	 Checking credentials
DEBUG 2017-03-01 14:37:28,133: 	 Found proxy file /tmp/x509up_u1701
DEBUG 2017-03-01 14:37:28,133: 	 Getting proxy life time left
DEBUG 2017-03-01 14:37:28,236: 	 Executing : 
 command : voms-proxy-info -file /tmp/x509up_u1701 -timeleft
 output : 43107

 error: 
 retcode : 0
DEBUG 2017-03-01 14:37:28,340: 	 Executing : 
 command : voms-proxy-info -file /tmp/x509up_u1701 -actimeleft
 output : 43107

 error: 
 retcode : 0
DEBUG 2017-03-01 14:37:28,340: 	 Proxy valid for 11:58:27 hours
DEBUG 2017-03-01 14:37:28,341: 	 Will use CRAB Analysis plugin (i.e. will run an analysis job type).
DEBUG 2017-03-01 14:37:28,505: 	 Executing : 
 command : openssl x509 -in ~/.globus/usercert.pem -subject -noout
 output : subject= /DC=ch/DC=cern/OU=Organic Units/OU=Users/CN=yofeng/CN=785825/CN=Yongbin Feng

 error: 
 retcode : 0
DEBUG 2017-03-01 14:37:28,505: 	 Checking credentials
DEBUG 2017-03-01 14:37:28,505: 	 Found proxy file /tmp/x509up_u1701
DEBUG 2017-03-01 14:37:28,505: 	 Getting proxy life time left
DEBUG 2017-03-01 14:37:28,608: 	 Executing : 
 command : voms-proxy-info -file /tmp/x509up_u1701 -timeleft
 output : 43107

 error: 
 retcode : 0
DEBUG 2017-03-01 14:37:28,711: 	 Executing : 
 command : voms-proxy-info -file /tmp/x509up_u1701 -actimeleft
 output : 43107

 error: 
 retcode : 0
DEBUG 2017-03-01 14:37:28,712: 	 Proxy valid for 11:58:27 hours
DEBUG 2017-03-01 14:37:28,815: 	 Executing : 
 command : env X509_USER_PROXY=/tmp/x509up_u1701 voms-proxy-info -fqan
 output : /cms/Role=NULL/Capability=NULL

 error: 
 retcode : 0
DEBUG 2017-03-01 14:37:29,941: 	 Registering user credentials for server /DC=ch/DC=cern/OU=computers/CN=vocms(045|052|021|031|0118|0118a|0119|0108|0105).cern.ch
DEBUG 2017-03-01 14:37:30,048: 	 Executing : 
 command : openssl x509 -in ~/.globus/usercert.pem -subject -noout
 output : subject= /DC=ch/DC=cern/OU=Organic Units/OU=Users/CN=yofeng/CN=785825/CN=Yongbin Feng

 error: 
 retcode : 0
DEBUG 2017-03-01 14:37:30,049: 	 Getting myproxy life time left for myproxy.cern.ch
DEBUG 2017-03-01 14:37:30,049: 	 Calculating hash of /DC=ch/DC=cern/OU=Organic Units/OU=Users/CN=yofeng/CN=785825/CN=Yongbin Feng_cmsweb.cern.ch for credential name
DEBUG 2017-03-01 14:37:30,853: 	 Executing : 
 command : myproxy-info -l 46a32ae7e95f6185805e22dd0e47513ea7de8fa0 -s myproxy.cern.ch
 output : username: 46a32ae7e95f6185805e22dd0e47513ea7de8fa0
owner: /DC=ch/DC=cern/OU=Organic Units/OU=Users/CN=yofeng/CN=785825/CN=Yongbin Feng
  renewal policy: /DC=ch/DC=cern/OU=computers/CN=vocms(045|052|021|031|0118|0118a|0119|0108|0105).cern.ch
  trusted retrieval policy: /DC=ch/DC=cern/OU=computers/CN=vocms(045|052|021|031|0118|0118a|0119|0108|0105).cern.ch
  timeleft: 719:17:09  (30.0 days)

 error: 
 retcode : 0
DEBUG 2017-03-01 14:37:30,854: 	 Myproxy is valid: 2589429
DEBUG 2017-03-01 14:37:30,854: 	 Command use: submit
DEBUG 2017-03-01 14:37:30,854: 	 Options use: ['--config', <WMCore.Configuration.Configuration object at 0x1a0a9d0>]
DEBUG 2017-03-01 14:37:31,923: 	 CRABClient version: 3.3.1702
DEBUG 2017-03-01 14:37:31,923: 	 Instance is prod
DEBUG 2017-03-01 14:37:31,923: 	 Server base url is cmsweb.cern.ch
DEBUG 2017-03-01 14:37:31,923: 	 Command url /crabserver/prod/workflow
DEBUG 2017-03-01 14:37:31,923: 	 Started submission
DEBUG 2017-03-01 14:37:31,923: 	 Working on /data/users/fengyb/CMSSW_7_6_3/src/EmergingJetAnalysis/crabTasks/crab_Analysis-20170301-2017-0301-v3/crab_Analysis-20170301-GJets_HT-200To400_RunIIFall15DR76-2017-0301-143728
DEBUG 2017-03-01 14:37:33,085: 	 Loading required information from the environment
DEBUG 2017-03-01 14:37:33,085: 	 Found CMSSW_7_6_3 for slc6_amd64_gcc493 with base /data/users/fengyb/CMSSW_7_6_3
DEBUG 2017-03-01 14:37:33,085: 	 Loading required information from the environment
DEBUG 2017-03-01 14:37:33,085: 	 Found CMSSW_7_6_3 for slc6_amd64_gcc493 with base /data/users/fengyb/CMSSW_7_6_3
DEBUG 2017-03-01 14:37:33,096: 	 UNIQUE NAME: tarUUID ac2a736f-49d9-4191-bfeb-3e94fd105266 
DEBUG 2017-03-01 14:37:33,097: 	 self.config: from WMCore.Configuration import Configuration
config = Configuration()
config.section_('General')
config.General.workArea = 'crabTasks/crab_Analysis-20170301-2017-0301-v3'
config.General.requestName = 'Analysis-20170301-GJets_HT-200To400_RunIIFall15DR76-2017-0301-143728'
config.section_('JobType')
config.JobType.priority = 30
config.JobType.psetName = 'Configuration/test/test_cfg.py'
config.JobType.pluginName = 'Analysis'
config.JobType.pyCfgParams = ['crab=1', 'data=0', 'sample=gjet']
config.section_('Data')
config.Data.inputDataset = '/GJets_HT-200To400_TuneCUETP8M1_13TeV-madgraphMLM-pythia8/RunIIFall15DR76-PU25nsData2015v1_76X_mcRun2_asymptotic_v12-v1/AODSIM'
config.Data.outputDatasetTag = 'Analysis-20170301'
config.Data.publication = True
config.Data.unitsPerJob = 1
config.Data.ignoreLocality = True
config.Data.splitting = 'FileBased'
config.Data.inputDBS = 'global'
config.Data.outLFNDirBase = '/store/user/yofeng/GJet/ntuple/Analysis-20170301-v3/GJets_HT-200To400_RunIIFall15DR76/'
config.Data.totalUnits = 1000
config.section_('Site')
config.Site.blacklist = ['T2_US_Purdue']
config.Site.storageSite = 'T3_US_UMD'

DEBUG 2017-03-01 14:37:33,097: 	 self.config.JobType.psetName: Configuration/test/test_cfg.py
INFO 2017-03-01 14:37:33,097: 	 Importing CMSSW configuration Configuration/test/test_cfg.py
DEBUG 2017-03-01 14:37:33,097: 	 Additional parameters for the CMSSW configuration are: ['crab=1', 'data=0', 'sample=gjet']
INFO 2017-03-01 14:37:38,593: 	 Finished importing CMSSW configuration Configuration/test/test_cfg.py
DEBUG 2017-03-01 14:37:38,593: 	 Writing CMSSW configuration to /data/users/fengyb/CMSSW_7_6_3/src/EmergingJetAnalysis/crabTasks/crab_Analysis-20170301-2017-0301-v3/crab_Analysis-20170301-GJets_HT-200To400_RunIIFall15DR76-2017-0301-143728/inputs/PSet.py
DEBUG 2017-03-01 14:37:41,523: 	 The following EDM output files will be collected: ['output.root']
DEBUG 2017-03-01 14:37:41,523: 	 The following TFile output files will be collected: ['ntuple.root']
DEBUG 2017-03-01 14:37:41,523: 	 The following user output files will be collected: []
DEBUG 2017-03-01 14:37:41,523: 	 Loading required information from the environment
DEBUG 2017-03-01 14:37:41,523: 	 Found CMSSW_7_6_3 for slc6_amd64_gcc493 with base /data/users/fengyb/CMSSW_7_6_3
DEBUG 2017-03-01 14:37:41,523: 	 Making tarball in /data/users/fengyb/CMSSW_7_6_3/src/EmergingJetAnalysis/crabTasks/crab_Analysis-20170301-2017-0301-v3/crab_Analysis-20170301-GJets_HT-200To400_RunIIFall15DR76-2017-0301-143728/inputs/ac2a736f-49d9-4191-bfeb-3e94fd105266default.tgz
DEBUG 2017-03-01 14:37:41,528: 	 Checking directory /data/users/fengyb/CMSSW_7_6_3/lib
DEBUG 2017-03-01 14:37:41,528: 	 Adding directory /data/users/fengyb/CMSSW_7_6_3/lib to tarball
DEBUG 2017-03-01 14:37:44,978: 	 Checking directory /data/users/fengyb/CMSSW_7_6_3/biglib
DEBUG 2017-03-01 14:37:44,978: 	 Adding directory /data/users/fengyb/CMSSW_7_6_3/biglib to tarball
DEBUG 2017-03-01 14:37:44,980: 	 Checking directory /data/users/fengyb/CMSSW_7_6_3/module
DEBUG 2017-03-01 14:37:44,996: 	 Adding data directory /data/users/fengyb/CMSSW_7_6_3/src/RecoEgamma/EgammaTools/data to tarball
DEBUG 2017-03-01 14:37:45,022: 	 Adding data directory /data/users/fengyb/CMSSW_7_6_3/src/RecoEgamma/EgammaTools/interface to tarball
DEBUG 2017-03-01 14:37:45,037: 	 Adding data directory /data/users/fengyb/CMSSW_7_6_3/src/RecoEgamma/PhotonIdentification/data to tarball
DEBUG 2017-03-01 14:37:45,044: 	 Adding data directory /data/users/fengyb/CMSSW_7_6_3/src/RecoEgamma/PhotonIdentification/interface to tarball
DEBUG 2017-03-01 14:37:45,064: 	 Adding data directory /data/users/fengyb/CMSSW_7_6_3/src/EmergingJetAnalysis/EmergingJetAnalyzer/interface to tarball
DEBUG 2017-03-01 14:37:45,079: 	 Adding data directory /data/users/fengyb/CMSSW_7_6_3/src/EmergingJetAnalysis/EmJetAnalyzer/interface to tarball
DEBUG 2017-03-01 14:37:45,641: 	 Uploading archive /data/users/fengyb/CMSSW_7_6_3/src/EmergingJetAnalysis/crabTasks/crab_Analysis-20170301-2017-0301-v3/crab_Analysis-20170301-GJets_HT-200To400_RunIIFall15DR76-2017-0301-143728/inputs/ac2a736f-49d9-4191-bfeb-3e94fd105266default.tgz to the CRAB cache. Using URI https://cmsweb.cern.ch/crabcache
DEBUG 2017-03-01 14:37:52,437: 	 Loading required information from the environment
DEBUG 2017-03-01 14:37:52,437: 	 Found CMSSW_7_6_3 for slc6_amd64_gcc493 with base /data/users/fengyb/CMSSW_7_6_3
DEBUG 2017-03-01 14:37:52,437: 	 Making tarball in /data/users/fengyb/CMSSW_7_6_3/src/EmergingJetAnalysis/crabTasks/crab_Analysis-20170301-2017-0301-v3/crab_Analysis-20170301-GJets_HT-200To400_RunIIFall15DR76-2017-0301-143728/inputs/debugFiles.tgz
DEBUG 2017-03-01 14:37:52,441: 	 Uploading archive /data/users/fengyb/CMSSW_7_6_3/src/EmergingJetAnalysis/crabTasks/crab_Analysis-20170301-2017-0301-v3/crab_Analysis-20170301-GJets_HT-200To400_RunIIFall15DR76-2017-0301-143728/inputs/debugFiles.tgz to the CRAB cache. Using URI https://cmsweb.cern.ch/crabcache
DEBUG 2017-03-01 14:37:54,100: 	 Result uploading input files: a60e243c9f490ae55c407d93c8a64178da955556ab5fa3ab265efad67e939b9a.tar.gz 
WARNING 2017-03-01 14:37:54,100: 	 Warning: The following output files will not be published, as they are not EDM files: ['ntuple.root']
INFO 2017-03-01 14:37:54,101: 	 Sending the request to the server
DEBUG 2017-03-01 14:37:54,101: 	 Submitting {'maxjobruntime': 1250, 'extrajdl': [], 'ignorelocality': 1, 'savelogsflag': 0, 'useparent': 0, 'asyncdest': 'T3_US_UMD', 'algoargs': 1, 'cachefilename': 'a60e243c9f490ae55c407d93c8a64178da955556ab5fa3ab265efad67e939b9a.tar.gz', 'numcores': 1, 'addoutputfiles': [], 'generator': 'pythia', 'maxmemory': 2000, 'publishdbsurl': 'https://cmsweb.cern.ch/dbs/prod/phys03/DBSWriter', 'priority': 30, 'jobsw': 'CMSSW_7_6_3', 'edmoutfiles': ['output.root'], 'userfiles': [], 'primarydataset': '', 'inputdata': '/GJets_HT-200To400_TuneCUETP8M1_13TeV-madgraphMLM-pythia8/RunIIFall15DR76-PU25nsData2015v1_76X_mcRun2_asymptotic_v12-v1/AODSIM', 'lfn': '/store/user/yofeng/GJet/ntuple/Analysis-20170301-v3/GJets_HT-200To400_RunIIFall15DR76/', 'dryrun': 0, 'workflow': 'crab_Analysis-20170301-GJets_HT-200To400_RunIIFall15DR76-2017-0301-143728', 'adduserfiles': [], 'nonprodsw': 0, 'tfileoutfiles': ['ntuple.root'], 'oneEventMode': 0, 'debugfilename': '121858e0a13a97d6724a1de6f2a3c7d299146dbde06d40b50fea5792982a7791.tar.gz', 'cacheurl': u'https://cmsweb.cern.ch/crabcache', 'saveoutput': 1, 'publication': 1, 'jobarch': 'slc6_amd64_gcc493', 'totalunits': 1000, 'splitalgo': 'FileBased', 'ignoreglobalblacklist': 0, 'nonvaliddata': 0, 'dbsurl': 'https://cmsweb.cern.ch/dbs/prod/global/DBSReader', 'publishgroupname': 0, 'jobtype': 'Analysis', 'siteblacklist': ['T2_US_Purdue'], 'publishname2': 'Analysis-20170301'} 
DEBUG 2017-03-01 14:37:54,101: 	 Encoded submit request: maxjobruntime=1250&ignorelocality=1&savelogsflag=0&useparent=0&asyncdest=T3_US_UMD&algoargs=1&cachefilename=a60e243c9f490ae55c407d93c8a64178da955556ab5fa3ab265efad67e939b9a.tar.gz&numcores=1&generator=pythia&maxmemory=2000&publishdbsurl=https%3A%2F%2Fcmsweb.cern.ch%2Fdbs%2Fprod%2Fphys03%2FDBSWriter&priority=30&jobsw=CMSSW_7_6_3&primarydataset=&inputdata=%2FGJets_HT-200To400_TuneCUETP8M1_13TeV-madgraphMLM-pythia8%2FRunIIFall15DR76-PU25nsData2015v1_76X_mcRun2_asymptotic_v12-v1%2FAODSIM&lfn=%2Fstore%2Fuser%2Fyofeng%2FGJet%2Fntuple%2FAnalysis-20170301-v3%2FGJets_HT-200To400_RunIIFall15DR76%2F&dryrun=0&workflow=crab_Analysis-20170301-GJets_HT-200To400_RunIIFall15DR76-2017-0301-143728&nonprodsw=0&oneEventMode=0&debugfilename=121858e0a13a97d6724a1de6f2a3c7d299146dbde06d40b50fea5792982a7791.tar.gz&cacheurl=https%3A%2F%2Fcmsweb.cern.ch%2Fcrabcache&saveoutput=1&publication=1&jobarch=slc6_amd64_gcc493&totalunits=1000&splitalgo=FileBased&ignoreglobalblacklist=0&nonvaliddata=0&dbsurl=https%3A%2F%2Fcmsweb.cern.ch%2Fdbs%2Fprod%2Fglobal%2FDBSReader&publishgroupname=0&jobtype=Analysis&publishname2=Analysis-20170301&siteblacklist=T2_US_Purdue&tfileoutfiles=ntuple.root&edmoutfiles=output.root
DEBUG 2017-03-01 14:37:55,759: 	 Result: {u'result': [{u'RequestName': u'170301_193755:yofeng_crab_Analysis-20170301-GJets_HT-200To400_RunIIFall15DR76-2017-0301-143728'}]}
INFO 2017-03-01 14:37:55,820: 	 Success: Your task has been delivered to the CRAB3 server.
INFO 2017-03-01 14:37:55,820: 	 Task name: 170301_193755:yofeng_crab_Analysis-20170301-GJets_HT-200To400_RunIIFall15DR76-2017-0301-143728
INFO 2017-03-01 14:37:55,820: 	 Please use 'crab status' to check how the submission process proceeds.
DEBUG 2017-03-01 14:37:55,820: 	 About to return
DEBUG 2017-03-01 14:41:17,619: 	 Executing command: 'status'
DEBUG 2017-03-01 14:41:17,619: 	 Found CRAB cache file /home/fengyb/.crab3
DEBUG 2017-03-01 14:41:17,627: 	 Checking credentials
DEBUG 2017-03-01 14:41:17,627: 	 Found proxy file /tmp/x509up_u1701
DEBUG 2017-03-01 14:41:17,627: 	 Getting proxy life time left
DEBUG 2017-03-01 14:41:17,730: 	 Executing : 
 command : voms-proxy-info -file /tmp/x509up_u1701 -timeleft
 output : 42878

 error: 
 retcode : 0
DEBUG 2017-03-01 14:41:17,834: 	 Executing : 
 command : voms-proxy-info -file /tmp/x509up_u1701 -actimeleft
 output : 42878

 error: 
 retcode : 0
DEBUG 2017-03-01 14:41:17,834: 	 Proxy valid for 11:54:38 hours
DEBUG 2017-03-01 14:41:17,945: 	 Executing : 
 command : openssl x509 -in ~/.globus/usercert.pem -subject -noout
 output : subject= /DC=ch/DC=cern/OU=Organic Units/OU=Users/CN=yofeng/CN=785825/CN=Yongbin Feng

 error: 
 retcode : 0
DEBUG 2017-03-01 14:41:17,945: 	 Checking credentials
DEBUG 2017-03-01 14:41:17,945: 	 Found proxy file /tmp/x509up_u1701
DEBUG 2017-03-01 14:41:17,945: 	 Getting proxy life time left
DEBUG 2017-03-01 14:41:18,048: 	 Executing : 
 command : voms-proxy-info -file /tmp/x509up_u1701 -timeleft
 output : 42878

 error: 
 retcode : 0
DEBUG 2017-03-01 14:41:18,152: 	 Executing : 
 command : voms-proxy-info -file /tmp/x509up_u1701 -actimeleft
 output : 42877

 error: 
 retcode : 0
DEBUG 2017-03-01 14:41:18,152: 	 Proxy valid for 11:54:38 hours
DEBUG 2017-03-01 14:41:19,410: 	 Registering user credentials for server /DC=ch/DC=cern/OU=computers/CN=vocms(045|052|021|031|0118|0118a|0119|0108|0105).cern.ch
DEBUG 2017-03-01 14:41:19,519: 	 Executing : 
 command : openssl x509 -in ~/.globus/usercert.pem -subject -noout
 output : subject= /DC=ch/DC=cern/OU=Organic Units/OU=Users/CN=yofeng/CN=785825/CN=Yongbin Feng

 error: 
 retcode : 0
DEBUG 2017-03-01 14:41:19,519: 	 Getting myproxy life time left for myproxy.cern.ch
DEBUG 2017-03-01 14:41:19,519: 	 Calculating hash of /DC=ch/DC=cern/OU=Organic Units/OU=Users/CN=yofeng/CN=785825/CN=Yongbin Feng_cmsweb.cern.ch for credential name
DEBUG 2017-03-01 14:41:20,423: 	 Executing : 
 command : myproxy-info -l 46a32ae7e95f6185805e22dd0e47513ea7de8fa0 -s myproxy.cern.ch
 output : username: 46a32ae7e95f6185805e22dd0e47513ea7de8fa0
owner: /DC=ch/DC=cern/OU=Organic Units/OU=Users/CN=yofeng/CN=785825/CN=Yongbin Feng
  renewal policy: /DC=ch/DC=cern/OU=computers/CN=vocms(045|052|021|031|0118|0118a|0119|0108|0105).cern.ch
  trusted retrieval policy: /DC=ch/DC=cern/OU=computers/CN=vocms(045|052|021|031|0118|0118a|0119|0108|0105).cern.ch
  timeleft: 719:13:19  (30.0 days)

 error: 
 retcode : 0
DEBUG 2017-03-01 14:41:20,424: 	 Myproxy is valid: 2589199
DEBUG 2017-03-01 14:41:20,424: 	 Command use: status
DEBUG 2017-03-01 14:41:20,424: 	 Options use: ['-d', 'crab_Analysis-20170301-GJets_HT-200To400_RunIIFall15DR76-2017-0301-143728']
DEBUG 2017-03-01 14:41:21,926: 	 CRABClient version: 3.3.1702
DEBUG 2017-03-01 14:41:21,926: 	 Instance is prod
DEBUG 2017-03-01 14:41:21,926: 	 Server base url is cmsweb.cern.ch
DEBUG 2017-03-01 14:41:21,926: 	 Command url /crabserver/prod/workflow
DEBUG 2017-03-01 14:41:21,926: 	 Looking up detailed status of task 170301_193755:yofeng_crab_Analysis-20170301-GJets_HT-200To400_RunIIFall15DR76-2017-0301-143728
DEBUG 2017-03-01 14:41:23,672: 	 {u'status': u'SUBMITTED', u'username': u'yofeng', u'jobsPerStatus': {u'idle': 648}, u'jobs': {u'199': {u'State': u'idle'}, u'198': {u'State': u'idle'}, u'344': {u'State': u'idle'}, u'345': {u'State': u'idle'}, u'346': {u'State': u'idle'}, u'347': {u'State': u'idle'}, u'340': {u'State': u'idle'}, u'341': {u'State': u'idle'}, u'342': {u'State': u'idle'}, u'343': {u'State': u'idle'}, u'348': {u'State': u'idle'}, u'349': {u'State': u'idle'}, u'129': {u'State': u'idle'}, u'619': {u'State': u'idle'}, u'298': {u'State': u'idle'}, u'299': {u'State': u'idle'}, u'296': {u'State': u'idle'}, u'297': {u'State': u'idle'}, u'294': {u'State': u'idle'}, u'295': {u'State': u'idle'}, u'292': {u'State': u'idle'}, u'293': {u'State': u'idle'}, u'290': {u'State': u'idle'}, u'291': {u'State': u'idle'}, u'591': {u'State': u'idle'}, u'590': {u'State': u'idle'}, u'593': {u'State': u'idle'}, u'592': {u'State': u'idle'}, u'595': {u'State': u'idle'}, u'594': {u'State': u'idle'}, u'597': {u'State': u'idle'}, u'596': {u'State': u'idle'}, u'195': {u'State': u'idle'}, u'194': {u'State': u'idle'}, u'197': {u'State': u'idle'}, u'196': {u'State': u'idle'}, u'191': {u'State': u'idle'}, u'190': {u'State': u'idle'}, u'193': {u'State': u'idle'}, u'192': {u'State': u'idle'}, u'270': {u'State': u'idle'}, u'271': {u'State': u'idle'}, u'272': {u'State': u'idle'}, u'273': {u'State': u'idle'}, u'274': {u'State': u'idle'}, u'275': {u'State': u'idle'}, u'276': {u'State': u'idle'}, u'277': {u'State': u'idle'}, u'278': {u'State': u'idle'}, u'279': {u'State': u'idle'}, u'524': {u'State': u'idle'}, u'525': {u'State': u'idle'}, u'526': {u'State': u'idle'}, u'527': {u'State': u'idle'}, u'520': {u'State': u'idle'}, u'521': {u'State': u'idle'}, u'522': {u'State': u'idle'}, u'523': {u'State': u'idle'}, u'528': {u'State': u'idle'}, u'529': {u'State': u'idle'}, u'449': {u'State': u'idle'}, u'448': {u'State': u'idle'}, u'443': {u'State': u'idle'}, u'442': {u'State': u'idle'}, u'441': {u'State': u'idle'}, u'440': {u'State': u'idle'}, u'447': {u'State': u'idle'}, u'446': {u'State': u'idle'}, u'445': {u'State': u'idle'}, u'444': {u'State': u'idle'}, u'108': {u'State': u'idle'}, u'109': {u'State': u'idle'}, u'102': {u'State': u'idle'}, u'103': {u'State': u'idle'}, u'100': {u'State': u'idle'}, u'101': {u'State': u'idle'}, u'106': {u'State': u'idle'}, u'107': {u'State': u'idle'}, u'104': {u'State': u'idle'}, u'105': {u'State': u'idle'}, u'39': {u'State': u'idle'}, u'38': {u'State': u'idle'}, u'33': {u'State': u'idle'}, u'32': {u'State': u'idle'}, u'31': {u'State': u'idle'}, u'30': {u'State': u'idle'}, u'37': {u'State': u'idle'}, u'36': {u'State': u'idle'}, u'35': {u'State': u'idle'}, u'34': {u'State': u'idle'}, u'641': {u'State': u'idle'}, u'640': {u'State': u'idle'}, u'643': {u'State': u'idle'}, u'642': {u'State': u'idle'}, u'645': {u'State': u'idle'}, u'644': {u'State': u'idle'}, u'438': {u'State': u'idle'}, u'439': {u'State': u'idle'}, u'436': {u'State': u'idle'}, u'437': {u'State': u'idle'}, u'434': {u'State': u'idle'}, u'435': {u'State': u'idle'}, u'432': {u'State': u'idle'}, u'433': {u'State': u'idle'}, u'430': {u'State': u'idle'}, u'431': {u'State': u'idle'}, u'339': {u'State': u'idle'}, u'338': {u'State': u'idle'}, u'335': {u'State': u'idle'}, u'334': {u'State': u'idle'}, u'337': {u'State': u'idle'}, u'336': {u'State': u'idle'}, u'331': {u'State': u'idle'}, u'330': {u'State': u'idle'}, u'333': {u'State': u'idle'}, u'332': {u'State': u'idle'}, u'6': {u'State': u'idle'}, u'99': {u'State': u'idle'}, u'98': {u'State': u'idle'}, u'91': {u'State': u'idle'}, u'90': {u'State': u'idle'}, u'93': {u'State': u'idle'}, u'92': {u'State': u'idle'}, u'95': {u'State': u'idle'}, u'94': {u'State': u'idle'}, u'97': {u'State': u'idle'}, u'96': {u'State': u'idle'}, u'153': {u'State': u'idle'}, u'559': {u'State': u'idle'}, u'558': {u'State': u'idle'}, u'555': {u'State': u'idle'}, u'554': {u'State': u'idle'}, u'557': {u'State': u'idle'}, u'556': {u'State': u'idle'}, u'551': {u'State': u'idle'}, u'550': {u'State': u'idle'}, u'553': {u'State': u'idle'}, u'552': {u'State': u'idle'}, u'238': {u'State': u'idle'}, u'239': {u'State': u'idle'}, u'234': {u'State': u'idle'}, u'235': {u'State': u'idle'}, u'236': {u'State': u'idle'}, u'237': {u'State': u'idle'}, u'230': {u'State': u'idle'}, u'231': {u'State': u'idle'}, u'232': {u'State': u'idle'}, u'233': {u'State': u'idle'}, u'1': {u'State': u'idle'}, u'614': {u'State': u'idle'}, u'155': {u'State': u'idle'}, u'146': {u'State': u'idle'}, u'147': {u'State': u'idle'}, u'618': {u'State': u'idle'}, u'145': {u'State': u'idle'}, u'142': {u'State': u'idle'}, u'143': {u'State': u'idle'}, u'140': {u'State': u'idle'}, u'141': {u'State': u'idle'}, u'612': {u'State': u'idle'}, u'613': {u'State': u'idle'}, u'610': {u'State': u'idle'}, u'611': {u'State': u'idle'}, u'616': {u'State': u'idle'}, u'617': {u'State': u'idle'}, u'148': {u'State': u'idle'}, u'149': {u'State': u'idle'}, u'154': {u'State': u'idle'}, u'623': {u'State': u'idle'}, u'622': {u'State': u'idle'}, u'133': {u'State': u'idle'}, u'132': {u'State': u'idle'}, u'131': {u'State': u'idle'}, u'130': {u'State': u'idle'}, u'137': {u'State': u'idle'}, u'136': {u'State': u'idle'}, u'135': {u'State': u'idle'}, u'134': {u'State': u'idle'}, u'494': {u'State': u'idle'}, u'495': {u'State': u'idle'}, u'139': {u'State': u'idle'}, u'138': {u'State': u'idle'}, u'490': {u'State': u'idle'}, u'491': {u'State': u'idle'}, u'492': {u'State': u'idle'}, u'493': {u'State': u'idle'}, u'24': {u'State': u'idle'}, u'25': {u'State': u'idle'}, u'26': {u'State': u'idle'}, u'27': {u'State': u'idle'}, u'20': {u'State': u'idle'}, u'21': {u'State': u'idle'}, u'22': {u'State': u'idle'}, u'23': {u'State': u'idle'}, u'28': {u'State': u'idle'}, u'29': {u'State': u'idle'}, u'407': {u'State': u'idle'}, u'406': {u'State': u'idle'}, u'405': {u'State': u'idle'}, u'404': {u'State': u'idle'}, u'403': {u'State': u'idle'}, u'402': {u'State': u'idle'}, u'401': {u'State': u'idle'}, u'400': {u'State': u'idle'}, u'629': {u'State': u'idle'}, u'409': {u'State': u'idle'}, u'408': {u'State': u'idle'}, u'628': {u'State': u'idle'}, u'379': {u'State': u'idle'}, u'378': {u'State': u'idle'}, u'371': {u'State': u'idle'}, u'370': {u'State': u'idle'}, u'373': {u'State': u'idle'}, u'372': {u'State': u'idle'}, u'375': {u'State': u'idle'}, u'374': {u'State': u'idle'}, u'377': {u'State': u'idle'}, u'376': {u'State': u'idle'}, u'144': {u'State': u'idle'}, u'393': {u'State': u'idle'}, u'392': {u'State': u'idle'}, u'88': {u'State': u'idle'}, u'89': {u'State': u'idle'}, u'397': {u'State': u'idle'}, u'396': {u'State': u'idle'}, u'395': {u'State': u'idle'}, u'394': {u'State': u'idle'}, u'82': {u'State': u'idle'}, u'83': {u'State': u'idle'}, u'80': {u'State': u'idle'}, u'81': {u'State': u'idle'}, u'86': {u'State': u'idle'}, u'87': {u'State': u'idle'}, u'84': {u'State': u'idle'}, u'85': {u'State': u'idle'}, u'7': {u'State': u'idle'}, u'586': {u'State': u'idle'}, u'587': {u'State': u'idle'}, u'584': {u'State': u'idle'}, u'585': {u'State': u'idle'}, u'582': {u'State': u'idle'}, u'583': {u'State': u'idle'}, u'580': {u'State': u'idle'}, u'581': {u'State': u'idle'}, u'588': {u'State': u'idle'}, u'589': {u'State': u'idle'}, u'245': {u'State': u'idle'}, u'244': {u'State': u'idle'}, u'247': {u'State': u'idle'}, u'246': {u'State': u'idle'}, u'241': {u'State': u'idle'}, u'240': {u'State': u'idle'}, u'243': {u'State': u'idle'}, u'242': {u'State': u'idle'}, u'615': {u'State': u'idle'}, u'249': {u'State': u'idle'}, u'248': {u'State': u'idle'}, u'519': {u'State': u'idle'}, u'518': {u'State': u'idle'}, u'511': {u'State': u'idle'}, u'510': {u'State': u'idle'}, u'513': {u'State': u'idle'}, u'512': {u'State': u'idle'}, u'515': {u'State': u'idle'}, u'514': {u'State': u'idle'}, u'517': {u'State': u'idle'}, u'516': {u'State': u'idle'}, u'458': {u'State': u'idle'}, u'459': {u'State': u'idle'}, u'621': {u'State': u'idle'}, u'620': {u'State': u'idle'}, u'627': {u'State': u'idle'}, u'626': {u'State': u'idle'}, u'625': {u'State': u'idle'}, u'624': {u'State': u'idle'}, u'450': {u'State': u'idle'}, u'451': {u'State': u'idle'}, u'452': {u'State': u'idle'}, u'453': {u'State': u'idle'}, u'454': {u'State': u'idle'}, u'455': {u'State': u'idle'}, u'456': {u'State': u'idle'}, u'457': {u'State': u'idle'}, u'179': {u'State': u'idle'}, u'178': {u'State': u'idle'}, u'177': {u'State': u'idle'}, u'176': {u'State': u'idle'}, u'175': {u'State': u'idle'}, u'174': {u'State': u'idle'}, u'173': {u'State': u'idle'}, u'172': {u'State': u'idle'}, u'171': {u'State': u'idle'}, u'170': {u'State': u'idle'}, u'183': {u'State': u'idle'}, u'182': {u'State': u'idle'}, u'599': {u'State': u'idle'}, u'180': {u'State': u'idle'}, u'181': {u'State': u'idle'}, u'186': {u'State': u'idle'}, u'187': {u'State': u'idle'}, u'184': {u'State': u'idle'}, u'185': {u'State': u'idle'}, u'188': {u'State': u'idle'}, u'189': {u'State': u'idle'}, u'11': {u'State': u'idle'}, u'10': {u'State': u'idle'}, u'13': {u'State': u'idle'}, u'12': {u'State': u'idle'}, u'15': {u'State': u'idle'}, u'14': {u'State': u'idle'}, u'17': {u'State': u'idle'}, u'16': {u'State': u'idle'}, u'19': {u'State': u'idle'}, u'18': {u'State': u'idle'}, u'322': {u'State': u'idle'}, u'323': {u'State': u'idle'}, u'320': {u'State': u'idle'}, u'321': {u'State': u'idle'}, u'326': {u'State': u'idle'}, u'327': {u'State': u'idle'}, u'324': {u'State': u'idle'}, u'325': {u'State': u'idle'}, u'328': {u'State': u'idle'}, u'329': {u'State': u'idle'}, u'201': {u'State': u'idle'}, u'200': {u'State': u'idle'}, u'203': {u'State': u'idle'}, u'202': {u'State': u'idle'}, u'205': {u'State': u'idle'}, u'204': {u'State': u'idle'}, u'207': {u'State': u'idle'}, u'206': {u'State': u'idle'}, u'209': {u'State': u'idle'}, u'208': {u'State': u'idle'}, u'77': {u'State': u'idle'}, u'76': {u'State': u'idle'}, u'75': {u'State': u'idle'}, u'74': {u'State': u'idle'}, u'73': {u'State': u'idle'}, u'72': {u'State': u'idle'}, u'71': {u'State': u'idle'}, u'70': {u'State': u'idle'}, u'79': {u'State': u'idle'}, u'78': {u'State': u'idle'}, u'542': {u'State': u'idle'}, u'543': {u'State': u'idle'}, u'540': {u'State': u'idle'}, u'541': {u'State': u'idle'}, u'546': {u'State': u'idle'}, u'547': {u'State': u'idle'}, u'544': {u'State': u'idle'}, u'545': {u'State': u'idle'}, u'8': {u'State': u'idle'}, u'548': {u'State': u'idle'}, u'549': {u'State': u'idle'}, u'598': {u'State': u'idle'}, u'120': {u'State': u'idle'}, u'121': {u'State': u'idle'}, u'122': {u'State': u'idle'}, u'123': {u'State': u'idle'}, u'124': {u'State': u'idle'}, u'125': {u'State': u'idle'}, u'126': {u'State': u'idle'}, u'127': {u'State': u'idle'}, u'128': {u'State': u'idle'}, u'2': {u'State': u'idle'}, u'414': {u'State': u'idle'}, u'415': {u'State': u'idle'}, u'416': {u'State': u'idle'}, u'417': {u'State': u'idle'}, u'410': {u'State': u'idle'}, u'411': {u'State': u'idle'}, u'412': {u'State': u'idle'}, u'413': {u'State': u'idle'}, u'498': {u'State': u'idle'}, u'418': {u'State': u'idle'}, u'419': {u'State': u'idle'}, u'499': {u'State': u'idle'}, u'319': {u'State': u'idle'}, u'318': {u'State': u'idle'}, u'313': {u'State': u'idle'}, u'312': {u'State': u'idle'}, u'311': {u'State': u'idle'}, u'310': {u'State': u'idle'}, u'317': {u'State': u'idle'}, u'316': {u'State': u'idle'}, u'315': {u'State': u'idle'}, u'314': {u'State': u'idle'}, u'496': {u'State': u'idle'}, u'497': {u'State': u'idle'}, u'3': {u'State': u'idle'}, u'368': {u'State': u'idle'}, u'369': {u'State': u'idle'}, u'366': {u'State': u'idle'}, u'367': {u'State': u'idle'}, u'364': {u'State': u'idle'}, u'365': {u'State': u'idle'}, u'362': {u'State': u'idle'}, u'363': {u'State': u'idle'}, u'360': {u'State': u'idle'}, u'361': {u'State': u'idle'}, u'380': {u'State': u'idle'}, u'381': {u'State': u'idle'}, u'382': {u'State': u'idle'}, u'383': {u'State': u'idle'}, u'384': {u'State': u'idle'}, u'385': {u'State': u'idle'}, u'386': {u'State': u'idle'}, u'387': {u'State': u'idle'}, u'388': {u'State': u'idle'}, u'389': {u'State': u'idle'}, u'151': {u'State': u'idle'}, u'579': {u'State': u'idle'}, u'578': {u'State': u'idle'}, u'150': {u'State': u'idle'}, u'573': {u'State': u'idle'}, u'572': {u'State': u'idle'}, u'571': {u'State': u'idle'}, u'570': {u'State': u'idle'}, u'577': {u'State': u'idle'}, u'576': {u'State': u'idle'}, u'575': {u'State': u'idle'}, u'574': {u'State': u'idle'}, u'60': {u'State': u'idle'}, u'61': {u'State': u'idle'}, u'62': {u'State': u'idle'}, u'259': {u'State': u'idle'}, u'64': {u'State': u'idle'}, u'65': {u'State': u'idle'}, u'66': {u'State': u'idle'}, u'67': {u'State': u'idle'}, u'68': {u'State': u'idle'}, u'253': {u'State': u'idle'}, u'250': {u'State': u'idle'}, u'251': {u'State': u'idle'}, u'256': {u'State': u'idle'}, u'257': {u'State': u'idle'}, u'254': {u'State': u'idle'}, u'255': {u'State': u'idle'}, u'157': {u'State': u'idle'}, u'156': {u'State': u'idle'}, u'508': {u'State': u'idle'}, u'509': {u'State': u'idle'}, u'506': {u'State': u'idle'}, u'507': {u'State': u'idle'}, u'504': {u'State': u'idle'}, u'505': {u'State': u'idle'}, u'502': {u'State': u'idle'}, u'503': {u'State': u'idle'}, u'500': {u'State': u'idle'}, u'501': {u'State': u'idle'}, u'630': {u'State': u'idle'}, u'631': {u'State': u'idle'}, u'632': {u'State': u'idle'}, u'633': {u'State': u'idle'}, u'469': {u'State': u'idle'}, u'468': {u'State': u'idle'}, u'636': {u'State': u'idle'}, u'637': {u'State': u'idle'}, u'465': {u'State': u'idle'}, u'464': {u'State': u'idle'}, u'467': {u'State': u'idle'}, u'466': {u'State': u'idle'}, u'461': {u'State': u'idle'}, u'460': {u'State': u'idle'}, u'463': {u'State': u'idle'}, u'462': {u'State': u'idle'}, u'168': {u'State': u'idle'}, u'169': {u'State': u'idle'}, u'164': {u'State': u'idle'}, u'165': {u'State': u'idle'}, u'166': {u'State': u'idle'}, u'167': {u'State': u'idle'}, u'160': {u'State': u'idle'}, u'161': {u'State': u'idle'}, u'162': {u'State': u'idle'}, u'163': {u'State': u'idle'}, u'9': {u'State': u'idle'}, u'647': {u'State': u'idle'}, u'646': {u'State': u'idle'}, u'648': {u'State': u'idle'}, u'357': {u'State': u'idle'}, u'356': {u'State': u'idle'}, u'355': {u'State': u'idle'}, u'354': {u'State': u'idle'}, u'353': {u'State': u'idle'}, u'352': {u'State': u'idle'}, u'351': {u'State': u'idle'}, u'350': {u'State': u'idle'}, u'359': {u'State': u'idle'}, u'358': {u'State': u'idle'}, u'216': {u'State': u'idle'}, u'217': {u'State': u'idle'}, u'214': {u'State': u'idle'}, u'215': {u'State': u'idle'}, u'212': {u'State': u'idle'}, u'213': {u'State': u'idle'}, u'210': {u'State': u'idle'}, u'211': {u'State': u'idle'}, u'218': {u'State': u'idle'}, u'219': {u'State': u'idle'}, u'289': {u'State': u'idle'}, u'288': {u'State': u'idle'}, u'4': {u'State': u'idle'}, u'281': {u'State': u'idle'}, u'280': {u'State': u'idle'}, u'283': {u'State': u'idle'}, u'282': {u'State': u'idle'}, u'285': {u'State': u'idle'}, u'284': {u'State': u'idle'}, u'287': {u'State': u'idle'}, u'286': {u'State': u'idle'}, u'263': {u'State': u'idle'}, u'262': {u'State': u'idle'}, u'261': {u'State': u'idle'}, u'260': {u'State': u'idle'}, u'267': {u'State': u'idle'}, u'266': {u'State': u'idle'}, u'265': {u'State': u'idle'}, u'264': {u'State': u'idle'}, u'269': {u'State': u'idle'}, u'268': {u'State': u'idle'}, u'59': {u'State': u'idle'}, u'58': {u'State': u'idle'}, u'55': {u'State': u'idle'}, u'54': {u'State': u'idle'}, u'57': {u'State': u'idle'}, u'56': {u'State': u'idle'}, u'51': {u'State': u'idle'}, u'258': {u'State': u'idle'}, u'53': {u'State': u'idle'}, u'52': {u'State': u'idle'}, u'537': {u'State': u'idle'}, u'536': {u'State': u'idle'}, u'535': {u'State': u'idle'}, u'63': {u'State': u'idle'}, u'533': {u'State': u'idle'}, u'532': {u'State': u'idle'}, u'531': {u'State': u'idle'}, u'530': {u'State': u'idle'}, u'152': {u'State': u'idle'}, u'539': {u'State': u'idle'}, u'538': {u'State': u'idle'}, u'50': {u'State': u'idle'}, u'115': {u'State': u'idle'}, u'252': {u'State': u'idle'}, u'117': {u'State': u'idle'}, u'116': {u'State': u'idle'}, u'111': {u'State': u'idle'}, u'110': {u'State': u'idle'}, u'113': {u'State': u'idle'}, u'69': {u'State': u'idle'}, u'119': {u'State': u'idle'}, u'118': {u'State': u'idle'}, u'429': {u'State': u'idle'}, u'428': {u'State': u'idle'}, u'534': {u'State': u'idle'}, u'421': {u'State': u'idle'}, u'420': {u'State': u'idle'}, u'423': {u'State': u'idle'}, u'422': {u'State': u'idle'}, u'425': {u'State': u'idle'}, u'424': {u'State': u'idle'}, u'427': {u'State': u'idle'}, u'426': {u'State': u'idle'}, u'308': {u'State': u'idle'}, u'309': {u'State': u'idle'}, u'300': {u'State': u'idle'}, u'301': {u'State': u'idle'}, u'302': {u'State': u'idle'}, u'303': {u'State': u'idle'}, u'304': {u'State': u'idle'}, u'305': {u'State': u'idle'}, u'306': {u'State': u'idle'}, u'307': {u'State': u'idle'}, u'568': {u'State': u'idle'}, u'569': {u'State': u'idle'}, u'560': {u'State': u'idle'}, u'561': {u'State': u'idle'}, u'562': {u'State': u'idle'}, u'563': {u'State': u'idle'}, u'564': {u'State': u'idle'}, u'565': {u'State': u'idle'}, u'566': {u'State': u'idle'}, u'567': {u'State': u'idle'}, u'229': {u'State': u'idle'}, u'228': {u'State': u'idle'}, u'227': {u'State': u'idle'}, u'226': {u'State': u'idle'}, u'225': {u'State': u'idle'}, u'224': {u'State': u'idle'}, u'223': {u'State': u'idle'}, u'222': {u'State': u'idle'}, u'221': {u'State': u'idle'}, u'220': {u'State': u'idle'}, u'114': {u'State': u'idle'}, u'391': {u'State': u'idle'}, u'390': {u'State': u'idle'}, u'605': {u'State': u'idle'}, u'604': {u'State': u'idle'}, u'607': {u'State': u'idle'}, u'606': {u'State': u'idle'}, u'601': {u'State': u'idle'}, u'600': {u'State': u'idle'}, u'603': {u'State': u'idle'}, u'602': {u'State': u'idle'}, u'159': {u'State': u'idle'}, u'158': {u'State': u'idle'}, u'112': {u'State': u'idle'}, u'609': {u'State': u'idle'}, u'608': {u'State': u'idle'}, u'634': {u'State': u'idle'}, u'399': {u'State': u'idle'}, u'635': {u'State': u'idle'}, u'398': {u'State': u'idle'}, u'48': {u'State': u'idle'}, u'49': {u'State': u'idle'}, u'46': {u'State': u'idle'}, u'47': {u'State': u'idle'}, u'44': {u'State': u'idle'}, u'45': {u'State': u'idle'}, u'42': {u'State': u'idle'}, u'43': {u'State': u'idle'}, u'40': {u'State': u'idle'}, u'41': {u'State': u'idle'}, u'638': {u'State': u'idle'}, u'5': {u'State': u'idle'}, u'639': {u'State': u'idle'}, u'489': {u'State': u'idle'}, u'488': {u'State': u'idle'}, u'487': {u'State': u'idle'}, u'486': {u'State': u'idle'}, u'485': {u'State': u'idle'}, u'484': {u'State': u'idle'}, u'483': {u'State': u'idle'}, u'482': {u'State': u'idle'}, u'481': {u'State': u'idle'}, u'480': {u'State': u'idle'}, u'472': {u'State': u'idle'}, u'473': {u'State': u'idle'}, u'470': {u'State': u'idle'}, u'471': {u'State': u'idle'}, u'476': {u'State': u'idle'}, u'477': {u'State': u'idle'}, u'474': {u'State': u'idle'}, u'475': {u'State': u'idle'}, u'478': {u'State': u'idle'}, u'479': {u'State': u'idle'}}, u'publication': {}, u'taskWarningMsg': [], u'schedd': u'crab3@vocms0197.cern.ch', u'publicationFailures': {}, u'outdatasets': None, u'statusFailureMsg': u'', u'taskFailureMsg': u'', u'failedJobdefs': 0, u'ASOURL': u'https://cmsweb.cern.ch/couchdb2', u'command': u'SUBMIT', u'totalJobdefs': 0, u'submissionTime': 1488397075, u'jobdefErrors': [], u'collector': u'cmsgwms-collector-global.cern.ch,cmssrv221.fnal.gov', u'jobList': [[u'idle', 344], [u'idle', 345], [u'idle', 346], [u'idle', 347], [u'idle', 340], [u'idle', 341], [u'idle', 342], [u'idle', 343], [u'idle', 348], [u'idle', 349], [u'idle', 595], [u'idle', 606], [u'idle', 594], [u'idle', 619], [u'idle', 298], [u'idle', 299], [u'idle', 296], [u'idle', 297], [u'idle', 294], [u'idle', 295], [u'idle', 292], [u'idle', 293], [u'idle', 290], [u'idle', 291], [u'idle', 591], [u'idle', 590], [u'idle', 593], [u'idle', 592], [u'idle', 199], [u'idle', 198], [u'idle', 597], [u'idle', 596], [u'idle', 195], [u'idle', 194], [u'idle', 197], [u'idle', 196], [u'idle', 191], [u'idle', 190], [u'idle', 193], [u'idle', 192], [u'idle', 270], [u'idle', 271], [u'idle', 272], [u'idle', 273], [u'idle', 274], [u'idle', 275], [u'idle', 276], [u'idle', 277], [u'idle', 278], [u'idle', 279], [u'idle', 524], [u'idle', 525], [u'idle', 526], [u'idle', 527], [u'idle', 520], [u'idle', 521], [u'idle', 522], [u'idle', 523], [u'idle', 599], [u'idle', 528], [u'idle', 529], [u'idle', 449], [u'idle', 448], [u'idle', 443], [u'idle', 442], [u'idle', 441], [u'idle', 440], [u'idle', 447], [u'idle', 446], [u'idle', 445], [u'idle', 444], [u'idle', 108], [u'idle', 109], [u'idle', 102], [u'idle', 103], [u'idle', 100], [u'idle', 101], [u'idle', 106], [u'idle', 107], [u'idle', 104], [u'idle', 105], [u'idle', 39], [u'idle', 38], [u'idle', 33], [u'idle', 32], [u'idle', 31], [u'idle', 30], [u'idle', 37], [u'idle', 36], [u'idle', 35], [u'idle', 34], [u'idle', 641], [u'idle', 640], [u'idle', 643], [u'idle', 642], [u'idle', 645], [u'idle', 644], [u'idle', 438], [u'idle', 439], [u'idle', 436], [u'idle', 437], [u'idle', 434], [u'idle', 435], [u'idle', 432], [u'idle', 433], [u'idle', 430], [u'idle', 431], [u'idle', 339], [u'idle', 338], [u'idle', 335], [u'idle', 334], [u'idle', 337], [u'idle', 336], [u'idle', 331], [u'idle', 330], [u'idle', 333], [u'idle', 332], [u'idle', 6], [u'idle', 99], [u'idle', 98], [u'idle', 91], [u'idle', 90], [u'idle', 93], [u'idle', 92], [u'idle', 95], [u'idle', 94], [u'idle', 97], [u'idle', 96], [u'idle', 559], [u'idle', 558], [u'idle', 555], [u'idle', 554], [u'idle', 557], [u'idle', 556], [u'idle', 551], [u'idle', 550], [u'idle', 553], [u'idle', 552], [u'idle', 238], [u'idle', 239], [u'idle', 234], [u'idle', 235], [u'idle', 236], [u'idle', 237], [u'idle', 230], [u'idle', 231], [u'idle', 232], [u'idle', 233], [u'idle', 1], [u'idle', 614], [u'idle', 146], [u'idle', 147], [u'idle', 144], [u'idle', 145], [u'idle', 142], [u'idle', 143], [u'idle', 140], [u'idle', 141], [u'idle', 612], [u'idle', 613], [u'idle', 610], [u'idle', 611], [u'idle', 616], [u'idle', 617], [u'idle', 148], [u'idle', 149], [u'idle', 623], [u'idle', 622], [u'idle', 133], [u'idle', 132], [u'idle', 131], [u'idle', 130], [u'idle', 137], [u'idle', 136], [u'idle', 135], [u'idle', 134], [u'idle', 494], [u'idle', 495], [u'idle', 139], [u'idle', 138], [u'idle', 490], [u'idle', 491], [u'idle', 492], [u'idle', 493], [u'idle', 24], [u'idle', 25], [u'idle', 26], [u'idle', 27], [u'idle', 20], [u'idle', 21], [u'idle', 22], [u'idle', 23], [u'idle', 28], [u'idle', 29], [u'idle', 407], [u'idle', 406], [u'idle', 405], [u'idle', 404], [u'idle', 403], [u'idle', 402], [u'idle', 401], [u'idle', 400], [u'idle', 629], [u'idle', 409], [u'idle', 408], [u'idle', 628], [u'idle', 379], [u'idle', 378], [u'idle', 371], [u'idle', 370], [u'idle', 373], [u'idle', 372], [u'idle', 375], [u'idle', 374], [u'idle', 377], [u'idle', 376], [u'idle', 618], [u'idle', 393], [u'idle', 392], [u'idle', 88], [u'idle', 89], [u'idle', 397], [u'idle', 396], [u'idle', 395], [u'idle', 394], [u'idle', 82], [u'idle', 83], [u'idle', 80], [u'idle', 81], [u'idle', 86], [u'idle', 87], [u'idle', 84], [u'idle', 85], [u'idle', 7], [u'idle', 601], [u'idle', 607], [u'idle', 586], [u'idle', 587], [u'idle', 584], [u'idle', 585], [u'idle', 582], [u'idle', 583], [u'idle', 580], [u'idle', 581], [u'idle', 588], [u'idle', 589], [u'idle', 245], [u'idle', 244], [u'idle', 247], [u'idle', 246], [u'idle', 241], [u'idle', 240], [u'idle', 243], [u'idle', 242], [u'idle', 615], [u'idle', 249], [u'idle', 248], [u'idle', 519], [u'idle', 518], [u'idle', 511], [u'idle', 510], [u'idle', 513], [u'idle', 512], [u'idle', 515], [u'idle', 514], [u'idle', 517], [u'idle', 516], [u'idle', 458], [u'idle', 459], [u'idle', 621], [u'idle', 620], [u'idle', 627], [u'idle', 626], [u'idle', 625], [u'idle', 624], [u'idle', 450], [u'idle', 451], [u'idle', 452], [u'idle', 453], [u'idle', 454], [u'idle', 455], [u'idle', 456], [u'idle', 457], [u'idle', 179], [u'idle', 178], [u'idle', 177], [u'idle', 176], [u'idle', 175], [u'idle', 174], [u'idle', 173], [u'idle', 172], [u'idle', 171], [u'idle', 170], [u'idle', 253], [u'idle', 182], [u'idle', 183], [u'idle', 180], [u'idle', 181], [u'idle', 186], [u'idle', 187], [u'idle', 184], [u'idle', 185], [u'idle', 188], [u'idle', 189], [u'idle', 11], [u'idle', 10], [u'idle', 13], [u'idle', 12], [u'idle', 15], [u'idle', 14], [u'idle', 17], [u'idle', 16], [u'idle', 19], [u'idle', 18], [u'idle', 62], [u'idle', 322], [u'idle', 323], [u'idle', 320], [u'idle', 321], [u'idle', 326], [u'idle', 327], [u'idle', 324], [u'idle', 325], [u'idle', 328], [u'idle', 329], [u'idle', 201], [u'idle', 200], [u'idle', 203], [u'idle', 202], [u'idle', 205], [u'idle', 204], [u'idle', 207], [u'idle', 206], [u'idle', 209], [u'idle', 208], [u'idle', 77], [u'idle', 76], [u'idle', 75], [u'idle', 74], [u'idle', 73], [u'idle', 72], [u'idle', 71], [u'idle', 70], [u'idle', 79], [u'idle', 78], [u'idle', 2], [u'idle', 542], [u'idle', 543], [u'idle', 540], [u'idle', 541], [u'idle', 546], [u'idle', 547], [u'idle', 544], [u'idle', 545], [u'idle', 8], [u'idle', 548], [u'idle', 549], [u'idle', 68], [u'idle', 598], [u'idle', 120], [u'idle', 121], [u'idle', 122], [u'idle', 123], [u'idle', 124], [u'idle', 125], [u'idle', 126], [u'idle', 127], [u'idle', 128], [u'idle', 129], [u'idle', 414], [u'idle', 415], [u'idle', 416], [u'idle', 417], [u'idle', 410], [u'idle', 411], [u'idle', 412], [u'idle', 413], [u'idle', 498], [u'idle', 418], [u'idle', 419], [u'idle', 499], [u'idle', 319], [u'idle', 318], [u'idle', 313], [u'idle', 312], [u'idle', 311], [u'idle', 310], [u'idle', 317], [u'idle', 316], [u'idle', 315], [u'idle', 314], [u'idle', 496], [u'idle', 497], [u'idle', 3], [u'idle', 368], [u'idle', 369], [u'idle', 366], [u'idle', 367], [u'idle', 364], [u'idle', 365], [u'idle', 362], [u'idle', 363], [u'idle', 360], [u'idle', 361], [u'idle', 380], [u'idle', 381], [u'idle', 382], [u'idle', 383], [u'idle', 384], [u'idle', 385], [u'idle', 386], [u'idle', 387], [u'idle', 388], [u'idle', 389], [u'idle', 605], [u'idle', 579], [u'idle', 578], [u'idle', 604], [u'idle', 573], [u'idle', 572], [u'idle', 571], [u'idle', 570], [u'idle', 577], [u'idle', 576], [u'idle', 575], [u'idle', 574], [u'idle', 60], [u'idle', 61], [u'idle', 258], [u'idle', 259], [u'idle', 64], [u'idle', 65], [u'idle', 66], [u'idle', 67], [u'idle', 252], [u'idle', 69], [u'idle', 250], [u'idle', 251], [u'idle', 256], [u'idle', 257], [u'idle', 254], [u'idle', 255], [u'idle', 603], [u'idle', 602], [u'idle', 508], [u'idle', 509], [u'idle', 506], [u'idle', 507], [u'idle', 504], [u'idle', 505], [u'idle', 502], [u'idle', 503], [u'idle', 500], [u'idle', 501], [u'idle', 630], [u'idle', 631], [u'idle', 632], [u'idle', 633], [u'idle', 469], [u'idle', 468], [u'idle', 636], [u'idle', 637], [u'idle', 465], [u'idle', 464], [u'idle', 467], [u'idle', 466], [u'idle', 461], [u'idle', 460], [u'idle', 463], [u'idle', 462], [u'idle', 168], [u'idle', 169], [u'idle', 164], [u'idle', 165], [u'idle', 166], [u'idle', 167], [u'idle', 160], [u'idle', 161], [u'idle', 162], [u'idle', 163], [u'idle', 600], [u'idle', 9], [u'idle', 647], [u'idle', 646], [u'idle', 648], [u'idle', 357], [u'idle', 356], [u'idle', 355], [u'idle', 354], [u'idle', 353], [u'idle', 352], [u'idle', 351], [u'idle', 350], [u'idle', 359], [u'idle', 358], [u'idle', 216], [u'idle', 217], [u'idle', 214], [u'idle', 215], [u'idle', 212], [u'idle', 213], [u'idle', 210], [u'idle', 211], [u'idle', 218], [u'idle', 219], [u'idle', 289], [u'idle', 288], [u'idle', 4], [u'idle', 281], [u'idle', 280], [u'idle', 283], [u'idle', 282], [u'idle', 285], [u'idle', 284], [u'idle', 287], [u'idle', 286], [u'idle', 263], [u'idle', 262], [u'idle', 261], [u'idle', 260], [u'idle', 267], [u'idle', 266], [u'idle', 265], [u'idle', 264], [u'idle', 269], [u'idle', 268], [u'idle', 59], [u'idle', 58], [u'idle', 55], [u'idle', 54], [u'idle', 57], [u'idle', 56], [u'idle', 51], [u'idle', 50], [u'idle', 53], [u'idle', 52], [u'idle', 537], [u'idle', 536], [u'idle', 535], [u'idle', 63], [u'idle', 533], [u'idle', 532], [u'idle', 531], [u'idle', 530], [u'idle', 539], [u'idle', 538], [u'idle', 115], [u'idle', 114], [u'idle', 117], [u'idle', 116], [u'idle', 111], [u'idle', 110], [u'idle', 113], [u'idle', 112], [u'idle', 119], [u'idle', 118], [u'idle', 429], [u'idle', 428], [u'idle', 534], [u'idle', 421], [u'idle', 420], [u'idle', 423], [u'idle', 422], [u'idle', 425], [u'idle', 424], [u'idle', 427], [u'idle', 426], [u'idle', 308], [u'idle', 309], [u'idle', 300], [u'idle', 301], [u'idle', 302], [u'idle', 303], [u'idle', 304], [u'idle', 305], [u'idle', 306], [u'idle', 307], [u'idle', 568], [u'idle', 569], [u'idle', 560], [u'idle', 561], [u'idle', 562], [u'idle', 563], [u'idle', 564], [u'idle', 565], [u'idle', 566], [u'idle', 567], [u'idle', 229], [u'idle', 228], [u'idle', 227], [u'idle', 226], [u'idle', 225], [u'idle', 224], [u'idle', 223], [u'idle', 222], [u'idle', 221], [u'idle', 220], [u'idle', 391], [u'idle', 390], [u'idle', 151], [u'idle', 150], [u'idle', 153], [u'idle', 152], [u'idle', 155], [u'idle', 154], [u'idle', 157], [u'idle', 156], [u'idle', 159], [u'idle', 158], [u'idle', 609], [u'idle', 608], [u'idle', 634], [u'idle', 399], [u'idle', 635], [u'idle', 398], [u'idle', 48], [u'idle', 49], [u'idle', 46], [u'idle', 47], [u'idle', 44], [u'idle', 45], [u'idle', 42], [u'idle', 43], [u'idle', 40], [u'idle', 41], [u'idle', 638], [u'idle', 5], [u'idle', 639], [u'idle', 489], [u'idle', 488], [u'idle', 487], [u'idle', 486], [u'idle', 485], [u'idle', 484], [u'idle', 483], [u'idle', 482], [u'idle', 481], [u'idle', 480], [u'idle', 472], [u'idle', 473], [u'idle', 470], [u'idle', 471], [u'idle', 476], [u'idle', 477], [u'idle', 474], [u'idle', 475], [u'idle', 478], [u'idle', 479]]}
INFO 2017-03-01 14:41:23,672: 	 CRAB project directory:		/data/users/fengyb/CMSSW_7_6_3/src/EmergingJetAnalysis/crabTasks/crab_Analysis-20170301-2017-0301-v3/crab_Analysis-20170301-GJets_HT-200To400_RunIIFall15DR76-2017-0301-143728
INFO 2017-03-01 14:41:23,672: 	 Task name:			170301_193755:yofeng_crab_Analysis-20170301-GJets_HT-200To400_RunIIFall15DR76-2017-0301-143728
INFO 2017-03-01 14:41:23,672: 	 Grid scheduler:			crab3@vocms0197.cern.ch
INFO 2017-03-01 14:41:23,672: 	 Task status:			SUBMITTED
INFO 2017-03-01 14:41:23,672: 	 Task URL to use for HELP:	https://cmsweb.cern.ch/crabserver/ui/task/170301_193755%3Ayofeng_crab_Analysis-20170301-GJets_HT-200To400_RunIIFall15DR76-2017-0301-143728
INFO 2017-03-01 14:41:23,672: 	 Dashboard monitoring URL:	http://dashb-cms-job.cern.ch/dashboard/templates/task-analysis/#user=yofeng&table=Mains&pattern=170301_193755%3Ayofeng_crab_Analysis-20170301-GJets_HT-200To400_RunIIFall15DR76-2017-0301-143728
INFO 2017-03-01 14:41:23,673: 	 
Jobs status:			idle          100.0% (648/648)
INFO 2017-03-01 14:41:23,673: 	 
No publication information available yet
INFO 2017-03-01 14:41:23,678: 	 Log file is /data/users/fengyb/CMSSW_7_6_3/src/EmergingJetAnalysis/crabTasks/crab_Analysis-20170301-2017-0301-v3/crab_Analysis-20170301-GJets_HT-200To400_RunIIFall15DR76-2017-0301-143728/crab.log
DEBUG 2017-03-01 20:16:05,590: 	 Executing command: 'status'
DEBUG 2017-03-01 20:16:05,590: 	 Found CRAB cache file /home/fengyb/.crab3
DEBUG 2017-03-01 20:16:05,598: 	 Checking credentials
DEBUG 2017-03-01 20:16:05,599: 	 Found proxy file /tmp/x509up_u1701
DEBUG 2017-03-01 20:16:05,599: 	 Getting proxy life time left
DEBUG 2017-03-01 20:16:05,702: 	 Executing : 
 command : voms-proxy-info -file /tmp/x509up_u1701 -timeleft
 output : 43068

 error: 
 retcode : 0
DEBUG 2017-03-01 20:16:05,806: 	 Executing : 
 command : voms-proxy-info -file /tmp/x509up_u1701 -actimeleft
 output : 43067

 error: 
 retcode : 0
DEBUG 2017-03-01 20:16:05,806: 	 Proxy valid for 11:57:48 hours
DEBUG 2017-03-01 20:16:05,944: 	 Executing : 
 command : openssl x509 -in ~/.globus/usercert.pem -subject -noout
 output : subject= /DC=ch/DC=cern/OU=Organic Units/OU=Users/CN=yofeng/CN=785825/CN=Yongbin Feng

 error: 
 retcode : 0
DEBUG 2017-03-01 20:16:05,944: 	 Checking credentials
DEBUG 2017-03-01 20:16:05,944: 	 Found proxy file /tmp/x509up_u1701
DEBUG 2017-03-01 20:16:05,944: 	 Getting proxy life time left
DEBUG 2017-03-01 20:16:06,047: 	 Executing : 
 command : voms-proxy-info -file /tmp/x509up_u1701 -timeleft
 output : 43068

 error: 
 retcode : 0
DEBUG 2017-03-01 20:16:06,151: 	 Executing : 
 command : voms-proxy-info -file /tmp/x509up_u1701 -actimeleft
 output : 43066

 error: 
 retcode : 0
DEBUG 2017-03-01 20:16:06,151: 	 Proxy valid for 11:57:48 hours
DEBUG 2017-03-01 20:16:07,230: 	 Registering user credentials for server /DC=ch/DC=cern/OU=computers/CN=vocms(045|052|021|031|0118|0118a|0119|0108|0105).cern.ch
DEBUG 2017-03-01 20:16:07,340: 	 Executing : 
 command : openssl x509 -in ~/.globus/usercert.pem -subject -noout
 output : subject= /DC=ch/DC=cern/OU=Organic Units/OU=Users/CN=yofeng/CN=785825/CN=Yongbin Feng

 error: 
 retcode : 0
DEBUG 2017-03-01 20:16:07,340: 	 Getting myproxy life time left for myproxy.cern.ch
DEBUG 2017-03-01 20:16:07,340: 	 Calculating hash of /DC=ch/DC=cern/OU=Organic Units/OU=Users/CN=yofeng/CN=785825/CN=Yongbin Feng_cmsweb.cern.ch for credential name
DEBUG 2017-03-01 20:16:08,044: 	 Executing : 
 command : myproxy-info -l 46a32ae7e95f6185805e22dd0e47513ea7de8fa0 -s myproxy.cern.ch
 output : username: 46a32ae7e95f6185805e22dd0e47513ea7de8fa0
owner: /DC=ch/DC=cern/OU=Organic Units/OU=Users/CN=yofeng/CN=785825/CN=Yongbin Feng
  renewal policy: /DC=ch/DC=cern/OU=computers/CN=vocms(045|052|021|031|0118|0118a|0119|0108|0105).cern.ch
  trusted retrieval policy: /DC=ch/DC=cern/OU=computers/CN=vocms(045|052|021|031|0118|0118a|0119|0108|0105).cern.ch
  timeleft: 713:38:31  (29.7 days)

 error: 
 retcode : 0
DEBUG 2017-03-01 20:16:08,045: 	 Myproxy is valid: 2569111
DEBUG 2017-03-01 20:16:08,045: 	 Command use: status
DEBUG 2017-03-01 20:16:08,045: 	 Options use: ['-d', 'crab_Analysis-20170301-GJets_HT-200To400_RunIIFall15DR76-2017-0301-143728']
DEBUG 2017-03-01 20:16:09,112: 	 CRABClient version: 3.3.1702
DEBUG 2017-03-01 20:16:09,112: 	 Instance is prod
DEBUG 2017-03-01 20:16:09,112: 	 Server base url is cmsweb.cern.ch
DEBUG 2017-03-01 20:16:09,112: 	 Command url /crabserver/prod/workflow
DEBUG 2017-03-01 20:16:09,112: 	 Looking up detailed status of task 170301_193755:yofeng_crab_Analysis-20170301-GJets_HT-200To400_RunIIFall15DR76-2017-0301-143728
DEBUG 2017-03-01 20:16:11,640: 	 {u'status': u'SUBMITTED', u'username': u'yofeng', u'jobsPerStatus': {u'failed': 1, u'finished': 429, u'transferring': 205, u'running': 13}, u'jobs': {u'199': {u'State': u'finished'}, u'198': {u'State': u'transferring'}, u'344': {u'State': u'finished'}, u'345': {u'State': u'finished'}, u'346': {u'State': u'transferring'}, u'347': {u'State': u'finished'}, u'340': {u'State': u'finished'}, u'341': {u'State': u'finished'}, u'342': {u'State': u'finished'}, u'343': {u'State': u'finished'}, u'348': {u'State': u'finished'}, u'349': {u'State': u'transferring'}, u'129': {u'State': u'finished'}, u'619': {u'State': u'finished'}, u'298': {u'State': u'transferring'}, u'299': {u'State': u'finished'}, u'296': {u'State': u'transferring'}, u'297': {u'State': u'transferring'}, u'294': {u'State': u'finished'}, u'295': {u'State': u'transferring'}, u'292': {u'State': u'finished'}, u'293': {u'State': u'transferring'}, u'290': {u'State': u'finished'}, u'291': {u'State': u'finished'}, u'591': {u'State': u'finished'}, u'590': {u'State': u'finished'}, u'593': {u'State': u'finished'}, u'592': {u'State': u'transferring'}, u'595': {u'State': u'finished'}, u'594': {u'State': u'transferring'}, u'597': {u'State': u'finished'}, u'596': {u'State': u'finished'}, u'195': {u'State': u'finished'}, u'194': {u'State': u'transferring'}, u'197': {u'State': u'finished'}, u'196': {u'State': u'transferring'}, u'191': {u'State': u'finished'}, u'190': {u'State': u'transferring'}, u'193': {u'State': u'finished'}, u'192': {u'State': u'transferring'}, u'270': {u'State': u'finished'}, u'271': {u'State': u'finished'}, u'272': {u'State': u'finished'}, u'273': {u'State': u'finished'}, u'274': {u'State': u'finished'}, u'275': {u'State': u'finished'}, u'276': {u'State': u'finished'}, u'277': {u'State': u'transferring'}, u'278': {u'State': u'transferring'}, u'279': {u'State': u'transferring'}, u'524': {u'State': u'finished'}, u'525': {u'State': u'finished'}, u'526': {u'State': u'transferring'}, u'527': {u'State': u'finished'}, u'520': {u'State': u'finished'}, u'521': {u'State': u'finished'}, u'522': {u'State': u'finished'}, u'523': {u'State': u'finished'}, u'528': {u'State': u'finished'}, u'529': {u'State': u'transferring'}, u'449': {u'State': u'transferring'}, u'448': {u'State': u'transferring'}, u'443': {u'State': u'finished'}, u'442': {u'State': u'transferring'}, u'441': {u'State': u'transferring'}, u'440': {u'State': u'finished'}, u'447': {u'State': u'transferring'}, u'446': {u'State': u'transferring'}, u'445': {u'State': u'transferring'}, u'444': {u'State': u'finished'}, u'108': {u'State': u'finished'}, u'109': {u'State': u'transferring'}, u'102': {u'State': u'finished'}, u'103': {u'State': u'transferring'}, u'100': {u'State': u'finished'}, u'101': {u'State': u'finished'}, u'106': {u'State': u'finished'}, u'107': {u'State': u'finished'}, u'104': {u'State': u'finished'}, u'105': {u'State': u'finished'}, u'39': {u'State': u'transferring'}, u'38': {u'State': u'finished'}, u'33': {u'State': u'finished'}, u'32': {u'State': u'finished'}, u'31': {u'State': u'transferring'}, u'30': {u'State': u'finished'}, u'37': {u'State': u'finished'}, u'36': {u'State': u'transferring'}, u'35': {u'State': u'transferring'}, u'34': {u'State': u'finished'}, u'641': {u'State': u'finished'}, u'640': {u'State': u'finished'}, u'643': {u'State': u'transferring'}, u'642': {u'State': u'finished'}, u'645': {u'State': u'finished'}, u'644': {u'State': u'finished'}, u'438': {u'State': u'finished'}, u'439': {u'State': u'transferring'}, u'436': {u'State': u'finished'}, u'437': {u'State': u'finished'}, u'434': {u'State': u'finished'}, u'435': {u'State': u'finished'}, u'432': {u'State': u'finished'}, u'433': {u'State': u'finished'}, u'430': {u'State': u'transferring'}, u'431': {u'State': u'failed', u'Error': [50660, u'Job killed by HTCondor due to excessive memory use (RSS=2250 MB). Will not retry it.', {}]}, u'339': {u'State': u'transferring'}, u'338': {u'State': u'finished'}, u'335': {u'State': u'finished'}, u'334': {u'State': u'transferring'}, u'337': {u'State': u'transferring'}, u'336': {u'State': u'finished'}, u'331': {u'State': u'finished'}, u'330': {u'State': u'finished'}, u'333': {u'State': u'finished'}, u'332': {u'State': u'finished'}, u'6': {u'State': u'finished'}, u'99': {u'State': u'finished'}, u'98': {u'State': u'finished'}, u'91': {u'State': u'running'}, u'90': {u'State': u'transferring'}, u'93': {u'State': u'finished'}, u'92': {u'State': u'finished'}, u'95': {u'State': u'finished'}, u'94': {u'State': u'finished'}, u'97': {u'State': u'transferring'}, u'96': {u'State': u'finished'}, u'153': {u'State': u'transferring'}, u'559': {u'State': u'finished'}, u'558': {u'State': u'finished'}, u'555': {u'State': u'finished'}, u'554': {u'State': u'finished'}, u'557': {u'State': u'finished'}, u'556': {u'State': u'finished'}, u'551': {u'State': u'transferring'}, u'550': {u'State': u'transferring'}, u'553': {u'State': u'finished'}, u'552': {u'State': u'finished'}, u'238': {u'State': u'transferring'}, u'239': {u'State': u'finished'}, u'234': {u'State': u'finished'}, u'235': {u'State': u'finished'}, u'236': {u'State': u'transferring'}, u'237': {u'State': u'transferring'}, u'230': {u'State': u'running'}, u'231': {u'State': u'finished'}, u'232': {u'State': u'finished'}, u'233': {u'State': u'transferring'}, u'1': {u'State': u'finished'}, u'614': {u'State': u'finished'}, u'155': {u'State': u'transferring'}, u'146': {u'State': u'transferring'}, u'147': {u'State': u'finished'}, u'618': {u'State': u'transferring'}, u'145': {u'State': u'finished'}, u'142': {u'State': u'transferring'}, u'143': {u'State': u'finished'}, u'140': {u'State': u'finished'}, u'141': {u'State': u'transferring'}, u'612': {u'State': u'finished'}, u'613': {u'State': u'transferring'}, u'610': {u'State': u'finished'}, u'611': {u'State': u'finished'}, u'616': {u'State': u'transferring'}, u'617': {u'State': u'finished'}, u'148': {u'State': u'transferring'}, u'149': {u'State': u'finished'}, u'154': {u'State': u'transferring'}, u'623': {u'State': u'finished'}, u'622': {u'State': u'transferring'}, u'133': {u'State': u'transferring'}, u'132': {u'State': u'finished'}, u'131': {u'State': u'transferring'}, u'130': {u'State': u'finished'}, u'137': {u'State': u'finished'}, u'136': {u'State': u'transferring'}, u'135': {u'State': u'transferring'}, u'134': {u'State': u'finished'}, u'494': {u'State': u'finished'}, u'495': {u'State': u'finished'}, u'139': {u'State': u'finished'}, u'138': {u'State': u'transferring'}, u'490': {u'State': u'finished'}, u'491': {u'State': u'finished'}, u'492': {u'State': u'finished'}, u'493': {u'State': u'running'}, u'24': {u'State': u'finished'}, u'25': {u'State': u'finished'}, u'26': {u'State': u'finished'}, u'27': {u'State': u'finished'}, u'20': {u'State': u'transferring'}, u'21': {u'State': u'finished'}, u'22': {u'State': u'finished'}, u'23': {u'State': u'running'}, u'28': {u'State': u'finished'}, u'29': {u'State': u'transferring'}, u'407': {u'State': u'finished'}, u'406': {u'State': u'finished'}, u'405': {u'State': u'transferring'}, u'404': {u'State': u'finished'}, u'403': {u'State': u'finished'}, u'402': {u'State': u'finished'}, u'401': {u'State': u'transferring'}, u'400': {u'State': u'finished'}, u'629': {u'State': u'finished'}, u'409': {u'State': u'finished'}, u'408': {u'State': u'finished'}, u'628': {u'State': u'finished'}, u'379': {u'State': u'finished'}, u'378': {u'State': u'finished'}, u'371': {u'State': u'transferring'}, u'370': {u'State': u'transferring'}, u'373': {u'State': u'transferring'}, u'372': {u'State': u'finished'}, u'375': {u'State': u'finished'}, u'374': {u'State': u'finished'}, u'377': {u'State': u'finished'}, u'376': {u'State': u'finished'}, u'144': {u'State': u'transferring'}, u'393': {u'State': u'transferring'}, u'392': {u'State': u'finished'}, u'88': {u'State': u'finished'}, u'89': {u'State': u'transferring'}, u'397': {u'State': u'finished'}, u'396': {u'State': u'finished'}, u'395': {u'State': u'transferring'}, u'394': {u'State': u'finished'}, u'82': {u'State': u'finished'}, u'83': {u'State': u'finished'}, u'80': {u'State': u'finished'}, u'81': {u'State': u'finished'}, u'86': {u'State': u'transferring'}, u'87': {u'State': u'transferring'}, u'84': {u'State': u'transferring'}, u'85': {u'State': u'finished'}, u'7': {u'State': u'transferring'}, u'586': {u'State': u'finished'}, u'587': {u'State': u'finished'}, u'584': {u'State': u'finished'}, u'585': {u'State': u'finished'}, u'582': {u'State': u'transferring'}, u'583': {u'State': u'transferring'}, u'580': {u'State': u'finished'}, u'581': {u'State': u'transferring'}, u'588': {u'State': u'finished'}, u'589': {u'State': u'finished'}, u'245': {u'State': u'finished'}, u'244': {u'State': u'finished'}, u'247': {u'State': u'finished'}, u'246': {u'State': u'finished'}, u'241': {u'State': u'finished'}, u'240': {u'State': u'finished'}, u'243': {u'State': u'finished'}, u'242': {u'State': u'finished'}, u'615': {u'State': u'finished'}, u'249': {u'State': u'finished'}, u'248': {u'State': u'transferring'}, u'519': {u'State': u'transferring'}, u'518': {u'State': u'transferring'}, u'511': {u'State': u'finished'}, u'510': {u'State': u'finished'}, u'513': {u'State': u'finished'}, u'512': {u'State': u'finished'}, u'515': {u'State': u'finished'}, u'514': {u'State': u'transferring'}, u'517': {u'State': u'finished'}, u'516': {u'State': u'finished'}, u'458': {u'State': u'finished'}, u'459': {u'State': u'finished'}, u'621': {u'State': u'transferring'}, u'620': {u'State': u'finished'}, u'627': {u'State': u'transferring'}, u'626': {u'State': u'finished'}, u'625': {u'State': u'finished'}, u'624': {u'State': u'finished'}, u'450': {u'State': u'transferring'}, u'451': {u'State': u'finished'}, u'452': {u'State': u'transferring'}, u'453': {u'State': u'transferring'}, u'454': {u'State': u'transferring'}, u'455': {u'State': u'finished'}, u'456': {u'State': u'finished'}, u'457': {u'State': u'finished'}, u'179': {u'State': u'finished'}, u'178': {u'State': u'finished'}, u'177': {u'State': u'transferring'}, u'176': {u'State': u'transferring'}, u'175': {u'State': u'finished'}, u'174': {u'State': u'transferring'}, u'173': {u'State': u'finished'}, u'172': {u'State': u'finished'}, u'171': {u'State': u'transferring'}, u'170': {u'State': u'transferring'}, u'183': {u'State': u'finished'}, u'182': {u'State': u'running'}, u'599': {u'State': u'finished'}, u'180': {u'State': u'finished'}, u'181': {u'State': u'finished'}, u'186': {u'State': u'finished'}, u'187': {u'State': u'finished'}, u'184': {u'State': u'finished'}, u'185': {u'State': u'finished'}, u'188': {u'State': u'finished'}, u'189': {u'State': u'finished'}, u'11': {u'State': u'finished'}, u'10': {u'State': u'finished'}, u'13': {u'State': u'transferring'}, u'12': {u'State': u'finished'}, u'15': {u'State': u'transferring'}, u'14': {u'State': u'transferring'}, u'17': {u'State': u'finished'}, u'16': {u'State': u'transferring'}, u'19': {u'State': u'transferring'}, u'18': {u'State': u'finished'}, u'322': {u'State': u'finished'}, u'323': {u'State': u'finished'}, u'320': {u'State': u'transferring'}, u'321': {u'State': u'finished'}, u'326': {u'State': u'finished'}, u'327': {u'State': u'transferring'}, u'324': {u'State': u'transferring'}, u'325': {u'State': u'running'}, u'328': {u'State': u'transferring'}, u'329': {u'State': u'finished'}, u'201': {u'State': u'transferring'}, u'200': {u'State': u'finished'}, u'203': {u'State': u'finished'}, u'202': {u'State': u'transferring'}, u'205': {u'State': u'transferring'}, u'204': {u'State': u'finished'}, u'207': {u'State': u'running'}, u'206': {u'State': u'finished'}, u'209': {u'State': u'finished'}, u'208': {u'State': u'transferring'}, u'77': {u'State': u'finished'}, u'76': {u'State': u'finished'}, u'75': {u'State': u'transferring'}, u'74': {u'State': u'transferring'}, u'73': {u'State': u'finished'}, u'72': {u'State': u'finished'}, u'71': {u'State': u'finished'}, u'70': {u'State': u'finished'}, u'79': {u'State': u'transferring'}, u'78': {u'State': u'finished'}, u'542': {u'State': u'finished'}, u'543': {u'State': u'finished'}, u'540': {u'State': u'transferring'}, u'541': {u'State': u'finished'}, u'546': {u'State': u'transferring'}, u'547': {u'State': u'finished'}, u'544': {u'State': u'finished'}, u'545': {u'State': u'finished'}, u'8': {u'State': u'transferring'}, u'548': {u'State': u'transferring'}, u'549': {u'State': u'finished'}, u'598': {u'State': u'finished'}, u'120': {u'State': u'transferring'}, u'121': {u'State': u'finished'}, u'122': {u'State': u'finished'}, u'123': {u'State': u'finished'}, u'124': {u'State': u'finished'}, u'125': {u'State': u'finished'}, u'126': {u'State': u'finished'}, u'127': {u'State': u'finished'}, u'128': {u'State': u'finished'}, u'2': {u'State': u'finished'}, u'414': {u'State': u'finished'}, u'415': {u'State': u'finished'}, u'416': {u'State': u'finished'}, u'417': {u'State': u'finished'}, u'410': {u'State': u'finished'}, u'411': {u'State': u'finished'}, u'412': {u'State': u'finished'}, u'413': {u'State': u'finished'}, u'498': {u'State': u'transferring'}, u'418': {u'State': u'transferring'}, u'419': {u'State': u'finished'}, u'499': {u'State': u'transferring'}, u'319': {u'State': u'transferring'}, u'318': {u'State': u'finished'}, u'313': {u'State': u'finished'}, u'312': {u'State': u'transferring'}, u'311': {u'State': u'finished'}, u'310': {u'State': u'transferring'}, u'317': {u'State': u'finished'}, u'316': {u'State': u'finished'}, u'315': {u'State': u'transferring'}, u'314': {u'State': u'finished'}, u'496': {u'State': u'finished'}, u'497': {u'State': u'transferring'}, u'3': {u'State': u'finished'}, u'368': {u'State': u'finished'}, u'369': {u'State': u'finished'}, u'366': {u'State': u'finished'}, u'367': {u'State': u'transferring'}, u'364': {u'State': u'finished'}, u'365': {u'State': u'transferring'}, u'362': {u'State': u'finished'}, u'363': {u'State': u'finished'}, u'360': {u'State': u'finished'}, u'361': {u'State': u'finished'}, u'380': {u'State': u'finished'}, u'381': {u'State': u'finished'}, u'382': {u'State': u'finished'}, u'383': {u'State': u'finished'}, u'384': {u'State': u'finished'}, u'385': {u'State': u'running'}, u'386': {u'State': u'finished'}, u'387': {u'State': u'finished'}, u'388': {u'State': u'transferring'}, u'389': {u'State': u'transferring'}, u'151': {u'State': u'transferring'}, u'579': {u'State': u'finished'}, u'578': {u'State': u'finished'}, u'150': {u'State': u'finished'}, u'573': {u'State': u'finished'}, u'572': {u'State': u'finished'}, u'571': {u'State': u'finished'}, u'570': {u'State': u'finished'}, u'577': {u'State': u'finished'}, u'576': {u'State': u'transferring'}, u'575': {u'State': u'finished'}, u'574': {u'State': u'transferring'}, u'60': {u'State': u'finished'}, u'61': {u'State': u'finished'}, u'62': {u'State': u'finished'}, u'259': {u'State': u'finished'}, u'64': {u'State': u'transferring'}, u'65': {u'State': u'finished'}, u'66': {u'State': u'finished'}, u'67': {u'State': u'finished'}, u'68': {u'State': u'finished'}, u'253': {u'State': u'transferring'}, u'250': {u'State': u'transferring'}, u'251': {u'State': u'finished'}, u'256': {u'State': u'transferring'}, u'257': {u'State': u'finished'}, u'254': {u'State': u'transferring'}, u'255': {u'State': u'finished'}, u'157': {u'State': u'transferring'}, u'156': {u'State': u'transferring'}, u'508': {u'State': u'running'}, u'509': {u'State': u'finished'}, u'506': {u'State': u'finished'}, u'507': {u'State': u'finished'}, u'504': {u'State': u'transferring'}, u'505': {u'State': u'transferring'}, u'502': {u'State': u'transferring'}, u'503': {u'State': u'transferring'}, u'500': {u'State': u'transferring'}, u'501': {u'State': u'finished'}, u'630': {u'State': u'finished'}, u'631': {u'State': u'finished'}, u'632': {u'State': u'transferring'}, u'633': {u'State': u'finished'}, u'469': {u'State': u'transferring'}, u'468': {u'State': u'transferring'}, u'636': {u'State': u'finished'}, u'637': {u'State': u'finished'}, u'465': {u'State': u'transferring'}, u'464': {u'State': u'finished'}, u'467': {u'State': u'finished'}, u'466': {u'State': u'finished'}, u'461': {u'State': u'finished'}, u'460': {u'State': u'finished'}, u'463': {u'State': u'finished'}, u'462': {u'State': u'running'}, u'168': {u'State': u'transferring'}, u'169': {u'State': u'finished'}, u'164': {u'State': u'transferring'}, u'165': {u'State': u'transferring'}, u'166': {u'State': u'transferring'}, u'167': {u'State': u'finished'}, u'160': {u'State': u'finished'}, u'161': {u'State': u'transferring'}, u'162': {u'State': u'transferring'}, u'163': {u'State': u'transferring'}, u'9': {u'State': u'transferring'}, u'647': {u'State': u'finished'}, u'646': {u'State': u'transferring'}, u'648': {u'State': u'finished'}, u'357': {u'State': u'transferring'}, u'356': {u'State': u'transferring'}, u'355': {u'State': u'finished'}, u'354': {u'State': u'transferring'}, u'353': {u'State': u'finished'}, u'352': {u'State': u'finished'}, u'351': {u'State': u'transferring'}, u'350': {u'State': u'finished'}, u'359': {u'State': u'transferring'}, u'358': {u'State': u'finished'}, u'216': {u'State': u'transferring'}, u'217': {u'State': u'finished'}, u'214': {u'State': u'transferring'}, u'215': {u'State': u'running'}, u'212': {u'State': u'transferring'}, u'213': {u'State': u'transferring'}, u'210': {u'State': u'transferring'}, u'211': {u'State': u'transferring'}, u'218': {u'State': u'finished'}, u'219': {u'State': u'finished'}, u'289': {u'State': u'finished'}, u'288': {u'State': u'transferring'}, u'4': {u'State': u'finished'}, u'281': {u'State': u'finished'}, u'280': {u'State': u'finished'}, u'283': {u'State': u'finished'}, u'282': {u'State': u'transferring'}, u'285': {u'State': u'finished'}, u'284': {u'State': u'finished'}, u'287': {u'State': u'finished'}, u'286': {u'State': u'finished'}, u'263': {u'State': u'transferring'}, u'262': {u'State': u'finished'}, u'261': {u'State': u'finished'}, u'260': {u'State': u'finished'}, u'267': {u'State': u'finished'}, u'266': {u'State': u'finished'}, u'265': {u'State': u'finished'}, u'264': {u'State': u'finished'}, u'269': {u'State': u'finished'}, u'268': {u'State': u'finished'}, u'59': {u'State': u'finished'}, u'58': {u'State': u'transferring'}, u'55': {u'State': u'finished'}, u'54': {u'State': u'finished'}, u'57': {u'State': u'finished'}, u'56': {u'State': u'finished'}, u'51': {u'State': u'finished'}, u'258': {u'State': u'transferring'}, u'53': {u'State': u'finished'}, u'52': {u'State': u'finished'}, u'537': {u'State': u'transferring'}, u'536': {u'State': u'finished'}, u'535': {u'State': u'finished'}, u'63': {u'State': u'finished'}, u'533': {u'State': u'finished'}, u'532': {u'State': u'finished'}, u'531': {u'State': u'finished'}, u'530': {u'State': u'transferring'}, u'152': {u'State': u'finished'}, u'539': {u'State': u'finished'}, u'538': {u'State': u'transferring'}, u'50': {u'State': u'finished'}, u'115': {u'State': u'finished'}, u'252': {u'State': u'finished'}, u'117': {u'State': u'finished'}, u'116': {u'State': u'finished'}, u'111': {u'State': u'transferring'}, u'110': {u'State': u'finished'}, u'113': {u'State': u'transferring'}, u'69': {u'State': u'finished'}, u'119': {u'State': u'transferring'}, u'118': {u'State': u'finished'}, u'429': {u'State': u'finished'}, u'428': {u'State': u'finished'}, u'534': {u'State': u'transferring'}, u'421': {u'State': u'finished'}, u'420': {u'State': u'finished'}, u'423': {u'State': u'finished'}, u'422': {u'State': u'finished'}, u'425': {u'State': u'finished'}, u'424': {u'State': u'finished'}, u'427': {u'State': u'finished'}, u'426': {u'State': u'finished'}, u'308': {u'State': u'finished'}, u'309': {u'State': u'transferring'}, u'300': {u'State': u'finished'}, u'301': {u'State': u'finished'}, u'302': {u'State': u'finished'}, u'303': {u'State': u'running'}, u'304': {u'State': u'finished'}, u'305': {u'State': u'finished'}, u'306': {u'State': u'transferring'}, u'307': {u'State': u'finished'}, u'568': {u'State': u'transferring'}, u'569': {u'State': u'finished'}, u'560': {u'State': u'finished'}, u'561': {u'State': u'finished'}, u'562': {u'State': u'transferring'}, u'563': {u'State': u'finished'}, u'564': {u'State': u'transferring'}, u'565': {u'State': u'finished'}, u'566': {u'State': u'finished'}, u'567': {u'State': u'finished'}, u'229': {u'State': u'finished'}, u'228': {u'State': u'finished'}, u'227': {u'State': u'finished'}, u'226': {u'State': u'running'}, u'225': {u'State': u'finished'}, u'224': {u'State': u'finished'}, u'223': {u'State': u'finished'}, u'222': {u'State': u'finished'}, u'221': {u'State': u'finished'}, u'220': {u'State': u'finished'}, u'114': {u'State': u'finished'}, u'391': {u'State': u'finished'}, u'390': {u'State': u'finished'}, u'605': {u'State': u'finished'}, u'604': {u'State': u'finished'}, u'607': {u'State': u'finished'}, u'606': {u'State': u'finished'}, u'601': {u'State': u'finished'}, u'600': {u'State': u'transferring'}, u'603': {u'State': u'transferring'}, u'602': {u'State': u'finished'}, u'159': {u'State': u'transferring'}, u'158': {u'State': u'transferring'}, u'112': {u'State': u'finished'}, u'609': {u'State': u'finished'}, u'608': {u'State': u'finished'}, u'634': {u'State': u'finished'}, u'399': {u'State': u'transferring'}, u'635': {u'State': u'finished'}, u'398': {u'State': u'finished'}, u'48': {u'State': u'finished'}, u'49': {u'State': u'finished'}, u'46': {u'State': u'finished'}, u'47': {u'State': u'transferring'}, u'44': {u'State': u'finished'}, u'45': {u'State': u'finished'}, u'42': {u'State': u'finished'}, u'43': {u'State': u'transferring'}, u'40': {u'State': u'finished'}, u'41': {u'State': u'finished'}, u'638': {u'State': u'transferring'}, u'5': {u'State': u'finished'}, u'639': {u'State': u'finished'}, u'489': {u'State': u'transferring'}, u'488': {u'State': u'finished'}, u'487': {u'State': u'transferring'}, u'486': {u'State': u'transferring'}, u'485': {u'State': u'finished'}, u'484': {u'State': u'finished'}, u'483': {u'State': u'transferring'}, u'482': {u'State': u'transferring'}, u'481': {u'State': u'transferring'}, u'480': {u'State': u'transferring'}, u'472': {u'State': u'transferring'}, u'473': {u'State': u'finished'}, u'470': {u'State': u'transferring'}, u'471': {u'State': u'finished'}, u'476': {u'State': u'finished'}, u'477': {u'State': u'transferring'}, u'474': {u'State': u'transferring'}, u'475': {u'State': u'finished'}, u'478': {u'State': u'transferring'}, u'479': {u'State': u'transferring'}}, u'publication': {u'publishing': 0, u'publication_failed': 0, u'not_published': 230, u'published': 405}, u'taskWarningMsg': [], u'schedd': u'crab3@vocms0197.cern.ch', u'publicationFailures': {}, u'outdatasets': [u'/GJets_HT-200To400_TuneCUETP8M1_13TeV-madgraphMLM-pythia8/yofeng-Analysis-20170301-5fc285fcc1de9c7a8e1aeab2e6d06c5e/USER'], u'statusFailureMsg': u'', u'taskFailureMsg': u'', u'failedJobdefs': 0, u'ASOURL': u'https://cmsweb.cern.ch/couchdb2', u'command': u'SUBMIT', u'totalJobdefs': 0, u'submissionTime': 1488397075, u'jobdefErrors': [], u'collector': u'cmsgwms-collector-global.cern.ch,cmssrv221.fnal.gov', u'jobList': [[u'finished', 344], [u'finished', 345], [u'transferring', 346], [u'finished', 347], [u'finished', 340], [u'finished', 341], [u'finished', 342], [u'finished', 343], [u'finished', 348], [u'transferring', 349], [u'finished', 595], [u'finished', 606], [u'transferring', 594], [u'finished', 619], [u'transferring', 298], [u'finished', 299], [u'transferring', 296], [u'transferring', 297], [u'finished', 294], [u'transferring', 295], [u'finished', 292], [u'transferring', 293], [u'finished', 290], [u'finished', 291], [u'finished', 591], [u'finished', 590], [u'finished', 593], [u'transferring', 592], [u'finished', 199], [u'transferring', 198], [u'finished', 597], [u'finished', 596], [u'finished', 195], [u'transferring', 194], [u'finished', 197], [u'transferring', 196], [u'finished', 191], [u'transferring', 190], [u'finished', 193], [u'transferring', 192], [u'finished', 270], [u'finished', 271], [u'finished', 272], [u'finished', 273], [u'finished', 274], [u'finished', 275], [u'finished', 276], [u'transferring', 277], [u'transferring', 278], [u'transferring', 279], [u'finished', 524], [u'finished', 525], [u'transferring', 526], [u'finished', 527], [u'finished', 520], [u'finished', 521], [u'finished', 522], [u'finished', 523], [u'finished', 599], [u'finished', 528], [u'transferring', 529], [u'transferring', 449], [u'transferring', 448], [u'finished', 443], [u'transferring', 442], [u'transferring', 441], [u'finished', 440], [u'transferring', 447], [u'transferring', 446], [u'transferring', 445], [u'finished', 444], [u'finished', 108], [u'transferring', 109], [u'finished', 102], [u'transferring', 103], [u'finished', 100], [u'finished', 101], [u'finished', 106], [u'finished', 107], [u'finished', 104], [u'finished', 105], [u'transferring', 39], [u'finished', 38], [u'finished', 33], [u'finished', 32], [u'transferring', 31], [u'finished', 30], [u'finished', 37], [u'transferring', 36], [u'transferring', 35], [u'finished', 34], [u'finished', 641], [u'finished', 640], [u'transferring', 643], [u'finished', 642], [u'finished', 645], [u'finished', 644], [u'finished', 438], [u'transferring', 439], [u'finished', 436], [u'finished', 437], [u'finished', 434], [u'finished', 435], [u'finished', 432], [u'finished', 433], [u'transferring', 430], [u'failed', 431], [u'transferring', 339], [u'finished', 338], [u'finished', 335], [u'transferring', 334], [u'transferring', 337], [u'finished', 336], [u'finished', 331], [u'finished', 330], [u'finished', 333], [u'finished', 332], [u'finished', 6], [u'finished', 99], [u'finished', 98], [u'running', 91], [u'transferring', 90], [u'finished', 93], [u'finished', 92], [u'finished', 95], [u'finished', 94], [u'transferring', 97], [u'finished', 96], [u'finished', 559], [u'finished', 558], [u'finished', 555], [u'finished', 554], [u'finished', 557], [u'finished', 556], [u'transferring', 551], [u'transferring', 550], [u'finished', 553], [u'finished', 552], [u'transferring', 238], [u'finished', 239], [u'finished', 234], [u'finished', 235], [u'transferring', 236], [u'transferring', 237], [u'running', 230], [u'finished', 231], [u'finished', 232], [u'transferring', 233], [u'finished', 1], [u'finished', 614], [u'transferring', 146], [u'finished', 147], [u'transferring', 144], [u'finished', 145], [u'transferring', 142], [u'finished', 143], [u'finished', 140], [u'transferring', 141], [u'finished', 612], [u'transferring', 613], [u'finished', 610], [u'finished', 611], [u'transferring', 616], [u'finished', 617], [u'transferring', 148], [u'finished', 149], [u'finished', 623], [u'transferring', 622], [u'transferring', 133], [u'finished', 132], [u'transferring', 131], [u'finished', 130], [u'finished', 137], [u'transferring', 136], [u'transferring', 135], [u'finished', 134], [u'finished', 494], [u'finished', 495], [u'finished', 139], [u'transferring', 138], [u'finished', 490], [u'finished', 491], [u'finished', 492], [u'running', 493], [u'finished', 24], [u'finished', 25], [u'finished', 26], [u'finished', 27], [u'transferring', 20], [u'finished', 21], [u'finished', 22], [u'running', 23], [u'finished', 28], [u'transferring', 29], [u'finished', 407], [u'finished', 406], [u'transferring', 405], [u'finished', 404], [u'finished', 403], [u'finished', 402], [u'transferring', 401], [u'finished', 400], [u'finished', 629], [u'finished', 409], [u'finished', 408], [u'finished', 628], [u'finished', 379], [u'finished', 378], [u'transferring', 371], [u'transferring', 370], [u'transferring', 373], [u'finished', 372], [u'finished', 375], [u'finished', 374], [u'finished', 377], [u'finished', 376], [u'transferring', 618], [u'transferring', 393], [u'finished', 392], [u'finished', 88], [u'transferring', 89], [u'finished', 397], [u'finished', 396], [u'transferring', 395], [u'finished', 394], [u'finished', 82], [u'finished', 83], [u'finished', 80], [u'finished', 81], [u'transferring', 86], [u'transferring', 87], [u'transferring', 84], [u'finished', 85], [u'transferring', 7], [u'finished', 601], [u'finished', 607], [u'finished', 586], [u'finished', 587], [u'finished', 584], [u'finished', 585], [u'transferring', 582], [u'transferring', 583], [u'finished', 580], [u'transferring', 581], [u'finished', 588], [u'finished', 589], [u'finished', 245], [u'finished', 244], [u'finished', 247], [u'finished', 246], [u'finished', 241], [u'finished', 240], [u'finished', 243], [u'finished', 242], [u'finished', 615], [u'finished', 249], [u'transferring', 248], [u'transferring', 519], [u'transferring', 518], [u'finished', 511], [u'finished', 510], [u'finished', 513], [u'finished', 512], [u'finished', 515], [u'transferring', 514], [u'finished', 517], [u'finished', 516], [u'finished', 458], [u'finished', 459], [u'transferring', 621], [u'finished', 620], [u'transferring', 627], [u'finished', 626], [u'finished', 625], [u'finished', 624], [u'transferring', 450], [u'finished', 451], [u'transferring', 452], [u'transferring', 453], [u'transferring', 454], [u'finished', 455], [u'finished', 456], [u'finished', 457], [u'finished', 179], [u'finished', 178], [u'transferring', 177], [u'transferring', 176], [u'finished', 175], [u'transferring', 174], [u'finished', 173], [u'finished', 172], [u'transferring', 171], [u'transferring', 170], [u'transferring', 253], [u'running', 182], [u'finished', 183], [u'finished', 180], [u'finished', 181], [u'finished', 186], [u'finished', 187], [u'finished', 184], [u'finished', 185], [u'finished', 188], [u'finished', 189], [u'finished', 11], [u'finished', 10], [u'transferring', 13], [u'finished', 12], [u'transferring', 15], [u'transferring', 14], [u'finished', 17], [u'transferring', 16], [u'transferring', 19], [u'finished', 18], [u'finished', 62], [u'finished', 322], [u'finished', 323], [u'transferring', 320], [u'finished', 321], [u'finished', 326], [u'transferring', 327], [u'transferring', 324], [u'running', 325], [u'transferring', 328], [u'finished', 329], [u'transferring', 201], [u'finished', 200], [u'finished', 203], [u'transferring', 202], [u'transferring', 205], [u'finished', 204], [u'running', 207], [u'finished', 206], [u'finished', 209], [u'transferring', 208], [u'finished', 77], [u'finished', 76], [u'transferring', 75], [u'transferring', 74], [u'finished', 73], [u'finished', 72], [u'finished', 71], [u'finished', 70], [u'transferring', 79], [u'finished', 78], [u'finished', 2], [u'finished', 542], [u'finished', 543], [u'transferring', 540], [u'finished', 541], [u'transferring', 546], [u'finished', 547], [u'finished', 544], [u'finished', 545], [u'transferring', 8], [u'transferring', 548], [u'finished', 549], [u'finished', 68], [u'finished', 598], [u'transferring', 120], [u'finished', 121], [u'finished', 122], [u'finished', 123], [u'finished', 124], [u'finished', 125], [u'finished', 126], [u'finished', 127], [u'finished', 128], [u'finished', 129], [u'finished', 414], [u'finished', 415], [u'finished', 416], [u'finished', 417], [u'finished', 410], [u'finished', 411], [u'finished', 412], [u'finished', 413], [u'transferring', 498], [u'transferring', 418], [u'finished', 419], [u'transferring', 499], [u'transferring', 319], [u'finished', 318], [u'finished', 313], [u'transferring', 312], [u'finished', 311], [u'transferring', 310], [u'finished', 317], [u'finished', 316], [u'transferring', 315], [u'finished', 314], [u'finished', 496], [u'transferring', 497], [u'finished', 3], [u'finished', 368], [u'finished', 369], [u'finished', 366], [u'transferring', 367], [u'finished', 364], [u'transferring', 365], [u'finished', 362], [u'finished', 363], [u'finished', 360], [u'finished', 361], [u'finished', 380], [u'finished', 381], [u'finished', 382], [u'finished', 383], [u'finished', 384], [u'running', 385], [u'finished', 386], [u'finished', 387], [u'transferring', 388], [u'transferring', 389], [u'finished', 605], [u'finished', 579], [u'finished', 578], [u'finished', 604], [u'finished', 573], [u'finished', 572], [u'finished', 571], [u'finished', 570], [u'finished', 577], [u'transferring', 576], [u'finished', 575], [u'transferring', 574], [u'finished', 60], [u'finished', 61], [u'transferring', 258], [u'finished', 259], [u'transferring', 64], [u'finished', 65], [u'finished', 66], [u'finished', 67], [u'finished', 252], [u'finished', 69], [u'transferring', 250], [u'finished', 251], [u'transferring', 256], [u'finished', 257], [u'transferring', 254], [u'finished', 255], [u'transferring', 603], [u'finished', 602], [u'running', 508], [u'finished', 509], [u'finished', 506], [u'finished', 507], [u'transferring', 504], [u'transferring', 505], [u'transferring', 502], [u'transferring', 503], [u'transferring', 500], [u'finished', 501], [u'finished', 630], [u'finished', 631], [u'transferring', 632], [u'finished', 633], [u'transferring', 469], [u'transferring', 468], [u'finished', 636], [u'finished', 637], [u'transferring', 465], [u'finished', 464], [u'finished', 467], [u'finished', 466], [u'finished', 461], [u'finished', 460], [u'finished', 463], [u'running', 462], [u'transferring', 168], [u'finished', 169], [u'transferring', 164], [u'transferring', 165], [u'transferring', 166], [u'finished', 167], [u'finished', 160], [u'transferring', 161], [u'transferring', 162], [u'transferring', 163], [u'transferring', 600], [u'transferring', 9], [u'finished', 647], [u'transferring', 646], [u'finished', 648], [u'transferring', 357], [u'transferring', 356], [u'finished', 355], [u'transferring', 354], [u'finished', 353], [u'finished', 352], [u'transferring', 351], [u'finished', 350], [u'transferring', 359], [u'finished', 358], [u'transferring', 216], [u'finished', 217], [u'transferring', 214], [u'running', 215], [u'transferring', 212], [u'transferring', 213], [u'transferring', 210], [u'transferring', 211], [u'finished', 218], [u'finished', 219], [u'finished', 289], [u'transferring', 288], [u'finished', 4], [u'finished', 281], [u'finished', 280], [u'finished', 283], [u'transferring', 282], [u'finished', 285], [u'finished', 284], [u'finished', 287], [u'finished', 286], [u'transferring', 263], [u'finished', 262], [u'finished', 261], [u'finished', 260], [u'finished', 267], [u'finished', 266], [u'finished', 265], [u'finished', 264], [u'finished', 269], [u'finished', 268], [u'finished', 59], [u'transferring', 58], [u'finished', 55], [u'finished', 54], [u'finished', 57], [u'finished', 56], [u'finished', 51], [u'finished', 50], [u'finished', 53], [u'finished', 52], [u'transferring', 537], [u'finished', 536], [u'finished', 535], [u'finished', 63], [u'finished', 533], [u'finished', 532], [u'finished', 531], [u'transferring', 530], [u'finished', 539], [u'transferring', 538], [u'finished', 115], [u'finished', 114], [u'finished', 117], [u'finished', 116], [u'transferring', 111], [u'finished', 110], [u'transferring', 113], [u'finished', 112], [u'transferring', 119], [u'finished', 118], [u'finished', 429], [u'finished', 428], [u'transferring', 534], [u'finished', 421], [u'finished', 420], [u'finished', 423], [u'finished', 422], [u'finished', 425], [u'finished', 424], [u'finished', 427], [u'finished', 426], [u'finished', 308], [u'transferring', 309], [u'finished', 300], [u'finished', 301], [u'finished', 302], [u'running', 303], [u'finished', 304], [u'finished', 305], [u'transferring', 306], [u'finished', 307], [u'transferring', 568], [u'finished', 569], [u'finished', 560], [u'finished', 561], [u'transferring', 562], [u'finished', 563], [u'transferring', 564], [u'finished', 565], [u'finished', 566], [u'finished', 567], [u'finished', 229], [u'finished', 228], [u'finished', 227], [u'running', 226], [u'finished', 225], [u'finished', 224], [u'finished', 223], [u'finished', 222], [u'finished', 221], [u'finished', 220], [u'finished', 391], [u'finished', 390], [u'transferring', 151], [u'finished', 150], [u'transferring', 153], [u'finished', 152], [u'transferring', 155], [u'transferring', 154], [u'transferring', 157], [u'transferring', 156], [u'transferring', 159], [u'transferring', 158], [u'finished', 609], [u'finished', 608], [u'finished', 634], [u'transferring', 399], [u'finished', 635], [u'finished', 398], [u'finished', 48], [u'finished', 49], [u'finished', 46], [u'transferring', 47], [u'finished', 44], [u'finished', 45], [u'finished', 42], [u'transferring', 43], [u'finished', 40], [u'finished', 41], [u'transferring', 638], [u'finished', 5], [u'finished', 639], [u'transferring', 489], [u'finished', 488], [u'transferring', 487], [u'transferring', 486], [u'finished', 485], [u'finished', 484], [u'transferring', 483], [u'transferring', 482], [u'transferring', 481], [u'transferring', 480], [u'transferring', 472], [u'finished', 473], [u'transferring', 470], [u'finished', 471], [u'finished', 476], [u'transferring', 477], [u'transferring', 474], [u'finished', 475], [u'transferring', 478], [u'transferring', 479]]}
INFO 2017-03-01 20:16:11,640: 	 CRAB project directory:		/data/users/fengyb/CMSSW_7_6_3/src/EmergingJetAnalysis/crabTasks/crab_Analysis-20170301-2017-0301-v3/crab_Analysis-20170301-GJets_HT-200To400_RunIIFall15DR76-2017-0301-143728
INFO 2017-03-01 20:16:11,640: 	 Task name:			170301_193755:yofeng_crab_Analysis-20170301-GJets_HT-200To400_RunIIFall15DR76-2017-0301-143728
INFO 2017-03-01 20:16:11,640: 	 Grid scheduler:			crab3@vocms0197.cern.ch
INFO 2017-03-01 20:16:11,640: 	 Task status:			SUBMITTED
INFO 2017-03-01 20:16:11,640: 	 Task URL to use for HELP:	https://cmsweb.cern.ch/crabserver/ui/task/170301_193755%3Ayofeng_crab_Analysis-20170301-GJets_HT-200To400_RunIIFall15DR76-2017-0301-143728
INFO 2017-03-01 20:16:11,641: 	 Dashboard monitoring URL:	http://dashb-cms-job.cern.ch/dashboard/templates/task-analysis/#user=yofeng&table=Mains&pattern=170301_193755%3Ayofeng_crab_Analysis-20170301-GJets_HT-200To400_RunIIFall15DR76-2017-0301-143728
INFO 2017-03-01 20:16:11,641: 	 
Jobs status:			failed          0.2% (  1/648)
INFO 2017-03-01 20:16:11,641: 	 				finished       66.2% (429/648)
INFO 2017-03-01 20:16:11,641: 	 				running         2.0% ( 13/648)
INFO 2017-03-01 20:16:11,641: 	 				transferring   31.6% (205/648)
INFO 2017-03-01 20:16:11,641: 	 
Publication status:		idle           35.5% (230/648)
				finished       62.5% (405/648)
				unsubmitted     2.0% ( 13/648)
INFO 2017-03-01 20:16:11,641: 	 
Output dataset:			/GJets_HT-200To400_TuneCUETP8M1_13TeV-madgraphMLM-pythia8/yofeng-Analysis-20170301-5fc285fcc1de9c7a8e1aeab2e6d06c5e/USER
Output dataset DAS URL:		https://cmsweb.cern.ch/das/request?input=%2FGJets_HT-200To400_TuneCUETP8M1_13TeV-madgraphMLM-pythia8%2Fyofeng-Analysis-20170301-5fc285fcc1de9c7a8e1aeab2e6d06c5e%2FUSER&instance=prod%2Fphys03
INFO 2017-03-01 20:16:11,642: 	 
Error Summary: (use crab status --verboseErrors for details about the errors)

  1 jobs failed with exit code 50660

Have a look at https://twiki.cern.ch/twiki/bin/viewauth/CMSPublic/JobExitCodes for a description of the exit codes.
INFO 2017-03-01 20:16:11,651: 	 Log file is /data/users/fengyb/CMSSW_7_6_3/src/EmergingJetAnalysis/crabTasks/crab_Analysis-20170301-2017-0301-v3/crab_Analysis-20170301-GJets_HT-200To400_RunIIFall15DR76-2017-0301-143728/crab.log
DEBUG 2017-03-01 20:16:23,027: 	 Executing command: 'resubmit'
DEBUG 2017-03-01 20:16:23,028: 	 Found CRAB cache file /home/fengyb/.crab3
DEBUG 2017-03-01 20:16:23,037: 	 Checking credentials
DEBUG 2017-03-01 20:16:23,037: 	 Found proxy file /tmp/x509up_u1701
DEBUG 2017-03-01 20:16:23,037: 	 Getting proxy life time left
DEBUG 2017-03-01 20:16:23,141: 	 Executing : 
 command : voms-proxy-info -file /tmp/x509up_u1701 -timeleft
 output : 43050

 error: 
 retcode : 0
DEBUG 2017-03-01 20:16:23,245: 	 Executing : 
 command : voms-proxy-info -file /tmp/x509up_u1701 -actimeleft
 output : 43049

 error: 
 retcode : 0
DEBUG 2017-03-01 20:16:23,246: 	 Proxy valid for 11:57:30 hours
DEBUG 2017-03-01 20:16:23,357: 	 Executing : 
 command : openssl x509 -in ~/.globus/usercert.pem -subject -noout
 output : subject= /DC=ch/DC=cern/OU=Organic Units/OU=Users/CN=yofeng/CN=785825/CN=Yongbin Feng

 error: 
 retcode : 0
DEBUG 2017-03-01 20:16:23,357: 	 Checking credentials
DEBUG 2017-03-01 20:16:23,357: 	 Found proxy file /tmp/x509up_u1701
DEBUG 2017-03-01 20:16:23,357: 	 Getting proxy life time left
DEBUG 2017-03-01 20:16:23,461: 	 Executing : 
 command : voms-proxy-info -file /tmp/x509up_u1701 -timeleft
 output : 43050

 error: 
 retcode : 0
DEBUG 2017-03-01 20:16:23,564: 	 Executing : 
 command : voms-proxy-info -file /tmp/x509up_u1701 -actimeleft
 output : 43049

 error: 
 retcode : 0
DEBUG 2017-03-01 20:16:23,565: 	 Proxy valid for 11:57:30 hours
DEBUG 2017-03-01 20:16:24,909: 	 Registering user credentials for server /DC=ch/DC=cern/OU=computers/CN=vocms(045|052|021|031|0118|0118a|0119|0108|0105).cern.ch
DEBUG 2017-03-01 20:16:25,018: 	 Executing : 
 command : openssl x509 -in ~/.globus/usercert.pem -subject -noout
 output : subject= /DC=ch/DC=cern/OU=Organic Units/OU=Users/CN=yofeng/CN=785825/CN=Yongbin Feng

 error: 
 retcode : 0
DEBUG 2017-03-01 20:16:25,018: 	 Getting myproxy life time left for myproxy.cern.ch
DEBUG 2017-03-01 20:16:25,018: 	 Calculating hash of /DC=ch/DC=cern/OU=Organic Units/OU=Users/CN=yofeng/CN=785825/CN=Yongbin Feng_cmsweb.cern.ch for credential name
DEBUG 2017-03-01 20:16:25,823: 	 Executing : 
 command : myproxy-info -l 46a32ae7e95f6185805e22dd0e47513ea7de8fa0 -s myproxy.cern.ch
 output : username: 46a32ae7e95f6185805e22dd0e47513ea7de8fa0
owner: /DC=ch/DC=cern/OU=Organic Units/OU=Users/CN=yofeng/CN=785825/CN=Yongbin Feng
  renewal policy: /DC=ch/DC=cern/OU=computers/CN=vocms(045|052|021|031|0118|0118a|0119|0108|0105).cern.ch
  trusted retrieval policy: /DC=ch/DC=cern/OU=computers/CN=vocms(045|052|021|031|0118|0118a|0119|0108|0105).cern.ch
  timeleft: 713:38:14  (29.7 days)

 error: 
 retcode : 0
DEBUG 2017-03-01 20:16:25,824: 	 Myproxy is valid: 2569094
DEBUG 2017-03-01 20:16:25,824: 	 Command use: resubmit
DEBUG 2017-03-01 20:16:25,824: 	 Options use: ['-d', 'crab_Analysis-20170301-GJets_HT-200To400_RunIIFall15DR76-2017-0301-143728']
DEBUG 2017-03-01 20:16:26,894: 	 CRABClient version: 3.3.1702
DEBUG 2017-03-01 20:16:26,894: 	 Instance is prod
DEBUG 2017-03-01 20:16:26,894: 	 Server base url is cmsweb.cern.ch
DEBUG 2017-03-01 20:16:26,894: 	 Command url /crabserver/prod/workflow
DEBUG 2017-03-01 20:16:26,894: 	 Requesting resubmission of failed jobs in task 170301_193755:yofeng_crab_Analysis-20170301-GJets_HT-200To400_RunIIFall15DR76-2017-0301-143728
INFO 2017-03-01 20:16:26,894: 	 Sending resubmit request to the server.
DEBUG 2017-03-01 20:16:26,895: 	 Submitting {'publication': 0, 'force': 0, 'subresource': 'resubmit', 'workflow': u'170301_193755:yofeng_crab_Analysis-20170301-GJets_HT-200To400_RunIIFall15DR76-2017-0301-143728'} 
DEBUG 2017-03-01 20:16:26,895: 	 Encoded resubmit request: publication=0&force=0&subresource=resubmit&workflow=170301_193755%3Ayofeng_crab_Analysis-20170301-GJets_HT-200To400_RunIIFall15DR76-2017-0301-143728
DEBUG 2017-03-01 20:16:28,912: 	 Result: {u'result': [{u'result': u'ok'}], u'desc': {u'columns': [u'tm_site_blacklist', u'tm_site_whitelist', u'tm_maxjobruntime', u'tm_maxmemory', u'tm_numcores', u'tm_priority']}}
INFO 2017-03-01 20:16:28,912: 	 Resubmit request sent to the server.
INFO 2017-03-01 20:16:28,912: 	 Please use 'crab status' to check how the resubmission process proceeds.
Notice it may take a couple of minutes for the resubmission to get fully processed.
INFO 2017-03-01 20:16:29,043: 	 Log file is /data/users/fengyb/CMSSW_7_6_3/src/EmergingJetAnalysis/crabTasks/crab_Analysis-20170301-2017-0301-v3/crab_Analysis-20170301-GJets_HT-200To400_RunIIFall15DR76-2017-0301-143728/crab.log
