['skim', 'analyze']
# Conditions read from  CMS_CONDITIONS  via FrontierProd 

####################
Adding Skim step
####################

Adding GJet Skim step.
triggerSelection should be verified for new datasets.
photonID should be modified for each global tag.
 switching PAT Tau input to:  cms.InputTag("hpsPFTauProducer76xReMiniAOD")

####################
Adding Analyze step
####################

CMSSW_VERSION is CMSSW_7_6_3
Using the following global tags [MC, DATA]:
['76X_mcRun2_asymptotic_RunIIFall15DR76_v1', '76X_dataRun2_16Dec2015_v0']
DEBUG 2017-03-01 13:56:34,877: 	 Executing command: 'submit'
DEBUG 2017-03-01 13:56:34,882: 	 Found CRAB cache file /home/fengyb/.crab3
DEBUG 2017-03-01 13:56:34,890: 	 Checking credentials
DEBUG 2017-03-01 13:56:34,890: 	 Found proxy file /tmp/x509up_u1701
DEBUG 2017-03-01 13:56:34,890: 	 Getting proxy life time left
DEBUG 2017-03-01 13:56:34,993: 	 Executing : 
 command : voms-proxy-info -file /tmp/x509up_u1701 -timeleft
 output : 43060

 error: 
 retcode : 0
DEBUG 2017-03-01 13:56:35,097: 	 Executing : 
 command : voms-proxy-info -file /tmp/x509up_u1701 -actimeleft
 output : 43059

 error: 
 retcode : 0
DEBUG 2017-03-01 13:56:35,097: 	 Proxy valid for 11:57:40 hours
DEBUG 2017-03-01 13:56:35,098: 	 Will use CRAB Analysis plugin (i.e. will run an analysis job type).
DEBUG 2017-03-01 13:56:35,209: 	 Executing : 
 command : openssl x509 -in ~/.globus/usercert.pem -subject -noout
 output : subject= /DC=ch/DC=cern/OU=Organic Units/OU=Users/CN=yofeng/CN=785825/CN=Yongbin Feng

 error: 
 retcode : 0
DEBUG 2017-03-01 13:56:35,209: 	 Checking credentials
DEBUG 2017-03-01 13:56:35,209: 	 Found proxy file /tmp/x509up_u1701
DEBUG 2017-03-01 13:56:35,209: 	 Getting proxy life time left
DEBUG 2017-03-01 13:56:35,312: 	 Executing : 
 command : voms-proxy-info -file /tmp/x509up_u1701 -timeleft
 output : 43059

 error: 
 retcode : 0
DEBUG 2017-03-01 13:56:35,416: 	 Executing : 
 command : voms-proxy-info -file /tmp/x509up_u1701 -actimeleft
 output : 43059

 error: 
 retcode : 0
DEBUG 2017-03-01 13:56:35,416: 	 Proxy valid for 11:57:39 hours
DEBUG 2017-03-01 13:56:35,519: 	 Executing : 
 command : env X509_USER_PROXY=/tmp/x509up_u1701 voms-proxy-info -fqan
 output : /cms/Role=NULL/Capability=NULL

 error: 
 retcode : 0
DEBUG 2017-03-01 13:56:36,609: 	 Registering user credentials for server /DC=ch/DC=cern/OU=computers/CN=vocms(045|052|021|031|0118|0118a|0119|0108|0105).cern.ch
DEBUG 2017-03-01 13:56:36,717: 	 Executing : 
 command : openssl x509 -in ~/.globus/usercert.pem -subject -noout
 output : subject= /DC=ch/DC=cern/OU=Organic Units/OU=Users/CN=yofeng/CN=785825/CN=Yongbin Feng

 error: 
 retcode : 0
DEBUG 2017-03-01 13:56:36,717: 	 Getting myproxy life time left for myproxy.cern.ch
DEBUG 2017-03-01 13:56:36,717: 	 Calculating hash of /DC=ch/DC=cern/OU=Organic Units/OU=Users/CN=yofeng/CN=785825/CN=Yongbin Feng_cmsweb.cern.ch for credential name
DEBUG 2017-03-01 13:56:37,521: 	 Executing : 
 command : myproxy-info -l 46a32ae7e95f6185805e22dd0e47513ea7de8fa0 -s myproxy.cern.ch
 output : username: 46a32ae7e95f6185805e22dd0e47513ea7de8fa0
owner: /DC=ch/DC=cern/OU=Organic Units/OU=Users/CN=yofeng/CN=785825/CN=Yongbin Feng
  renewal policy: /DC=ch/DC=cern/OU=computers/CN=vocms(045|052|021|031|0118|0118a|0119|0108|0105).cern.ch
  trusted retrieval policy: /DC=ch/DC=cern/OU=computers/CN=vocms(045|052|021|031|0118|0118a|0119|0108|0105).cern.ch
  timeleft: 719:58:02  (30.0 days)

 error: 
 retcode : 0
DEBUG 2017-03-01 13:56:37,522: 	 Myproxy is valid: 2591882
DEBUG 2017-03-01 13:56:37,522: 	 Command use: submit
DEBUG 2017-03-01 13:56:37,522: 	 Options use: ['--config', <WMCore.Configuration.Configuration object at 0x1e589d0>]
DEBUG 2017-03-01 13:56:38,609: 	 CRABClient version: 3.3.1702
DEBUG 2017-03-01 13:56:38,609: 	 Instance is prod
DEBUG 2017-03-01 13:56:38,609: 	 Server base url is cmsweb.cern.ch
DEBUG 2017-03-01 13:56:38,609: 	 Command url /crabserver/prod/workflow
DEBUG 2017-03-01 13:56:38,610: 	 Started submission
DEBUG 2017-03-01 13:56:38,610: 	 Working on /data/users/fengyb/CMSSW_7_6_3/src/EmergingJetAnalysis/crabTasks/crab_Analysis-20170228-2017-0301-v2/crab_Analysis-20170228-GJets_HT-40To100_RunIISpring15DR74-2017-0301-135634
DEBUG 2017-03-01 13:56:39,701: 	 Loading required information from the environment
DEBUG 2017-03-01 13:56:39,701: 	 Found CMSSW_7_6_3 for slc6_amd64_gcc493 with base /data/users/fengyb/CMSSW_7_6_3
DEBUG 2017-03-01 13:56:39,701: 	 Loading required information from the environment
DEBUG 2017-03-01 13:56:39,701: 	 Found CMSSW_7_6_3 for slc6_amd64_gcc493 with base /data/users/fengyb/CMSSW_7_6_3
DEBUG 2017-03-01 13:56:39,711: 	 UNIQUE NAME: tarUUID 6617fd86-b21d-4926-9f0d-23139ff0f985 
DEBUG 2017-03-01 13:56:39,712: 	 self.config: from WMCore.Configuration import Configuration
config = Configuration()
config.section_('General')
config.General.workArea = 'crabTasks/crab_Analysis-20170228-2017-0301-v2'
config.General.requestName = 'Analysis-20170228-GJets_HT-40To100_RunIISpring15DR74-2017-0301-135634'
config.section_('JobType')
config.JobType.priority = 30
config.JobType.psetName = 'Configuration/test/test_cfg.py'
config.JobType.pluginName = 'Analysis'
config.JobType.pyCfgParams = ['crab=1', 'data=0', 'sample=gjet']
config.section_('Data')
config.Data.inputDataset = '/GJets_HT-40To100_TuneCUETP8M1_13TeV-madgraphMLM-pythia8/RunIISpring15DR74-Asympt25ns_MCRUN2_74_V9-v2/AODSIM'
config.Data.outputDatasetTag = 'Analysis-20170228'
config.Data.publication = True
config.Data.unitsPerJob = 1
config.Data.ignoreLocality = True
config.Data.splitting = 'FileBased'
config.Data.inputDBS = 'global'
config.Data.outLFNDirBase = '/store/user/yofeng/GJet/ntuple/Analysis-20170228-v2/GJets_HT-40To100_RunIISpring15DR74/'
config.Data.totalUnits = 1000
config.section_('Site')
config.Site.blacklist = ['T2_US_Purdue']
config.Site.storageSite = 'T3_US_UMD'

DEBUG 2017-03-01 13:56:39,712: 	 self.config.JobType.psetName: Configuration/test/test_cfg.py
INFO 2017-03-01 13:56:39,712: 	 Importing CMSSW configuration Configuration/test/test_cfg.py
DEBUG 2017-03-01 13:56:39,712: 	 Additional parameters for the CMSSW configuration are: ['crab=1', 'data=0', 'sample=gjet']
INFO 2017-03-01 13:56:45,163: 	 Finished importing CMSSW configuration Configuration/test/test_cfg.py
DEBUG 2017-03-01 13:56:45,163: 	 Writing CMSSW configuration to /data/users/fengyb/CMSSW_7_6_3/src/EmergingJetAnalysis/crabTasks/crab_Analysis-20170228-2017-0301-v2/crab_Analysis-20170228-GJets_HT-40To100_RunIISpring15DR74-2017-0301-135634/inputs/PSet.py
DEBUG 2017-03-01 13:56:48,066: 	 The following EDM output files will be collected: ['output.root']
DEBUG 2017-03-01 13:56:48,066: 	 The following TFile output files will be collected: ['ntuple.root']
DEBUG 2017-03-01 13:56:48,066: 	 The following user output files will be collected: []
DEBUG 2017-03-01 13:56:48,066: 	 Loading required information from the environment
DEBUG 2017-03-01 13:56:48,067: 	 Found CMSSW_7_6_3 for slc6_amd64_gcc493 with base /data/users/fengyb/CMSSW_7_6_3
DEBUG 2017-03-01 13:56:48,067: 	 Making tarball in /data/users/fengyb/CMSSW_7_6_3/src/EmergingJetAnalysis/crabTasks/crab_Analysis-20170228-2017-0301-v2/crab_Analysis-20170228-GJets_HT-40To100_RunIISpring15DR74-2017-0301-135634/inputs/6617fd86-b21d-4926-9f0d-23139ff0f985default.tgz
DEBUG 2017-03-01 13:56:48,079: 	 Checking directory /data/users/fengyb/CMSSW_7_6_3/lib
DEBUG 2017-03-01 13:56:48,079: 	 Adding directory /data/users/fengyb/CMSSW_7_6_3/lib to tarball
DEBUG 2017-03-01 13:56:51,532: 	 Checking directory /data/users/fengyb/CMSSW_7_6_3/biglib
DEBUG 2017-03-01 13:56:51,532: 	 Adding directory /data/users/fengyb/CMSSW_7_6_3/biglib to tarball
DEBUG 2017-03-01 13:56:51,534: 	 Checking directory /data/users/fengyb/CMSSW_7_6_3/module
DEBUG 2017-03-01 13:56:51,646: 	 Adding data directory /data/users/fengyb/CMSSW_7_6_3/src/RecoEgamma/EgammaTools/data to tarball
DEBUG 2017-03-01 13:56:51,674: 	 Adding data directory /data/users/fengyb/CMSSW_7_6_3/src/RecoEgamma/EgammaTools/interface to tarball
DEBUG 2017-03-01 13:56:51,695: 	 Adding data directory /data/users/fengyb/CMSSW_7_6_3/src/RecoEgamma/PhotonIdentification/data to tarball
DEBUG 2017-03-01 13:56:51,705: 	 Adding data directory /data/users/fengyb/CMSSW_7_6_3/src/RecoEgamma/PhotonIdentification/interface to tarball
DEBUG 2017-03-01 13:56:51,739: 	 Adding data directory /data/users/fengyb/CMSSW_7_6_3/src/EmergingJetAnalysis/EmergingJetAnalyzer/interface to tarball
DEBUG 2017-03-01 13:56:51,772: 	 Adding data directory /data/users/fengyb/CMSSW_7_6_3/src/EmergingJetAnalysis/EmJetAnalyzer/interface to tarball
DEBUG 2017-03-01 13:56:52,358: 	 Uploading archive /data/users/fengyb/CMSSW_7_6_3/src/EmergingJetAnalysis/crabTasks/crab_Analysis-20170228-2017-0301-v2/crab_Analysis-20170228-GJets_HT-40To100_RunIISpring15DR74-2017-0301-135634/inputs/6617fd86-b21d-4926-9f0d-23139ff0f985default.tgz to the CRAB cache. Using URI https://cmsweb.cern.ch/crabcache
DEBUG 2017-03-01 13:56:58,527: 	 Loading required information from the environment
DEBUG 2017-03-01 13:56:58,527: 	 Found CMSSW_7_6_3 for slc6_amd64_gcc493 with base /data/users/fengyb/CMSSW_7_6_3
DEBUG 2017-03-01 13:56:58,527: 	 Making tarball in /data/users/fengyb/CMSSW_7_6_3/src/EmergingJetAnalysis/crabTasks/crab_Analysis-20170228-2017-0301-v2/crab_Analysis-20170228-GJets_HT-40To100_RunIISpring15DR74-2017-0301-135634/inputs/debugFiles.tgz
DEBUG 2017-03-01 13:56:58,531: 	 Uploading archive /data/users/fengyb/CMSSW_7_6_3/src/EmergingJetAnalysis/crabTasks/crab_Analysis-20170228-2017-0301-v2/crab_Analysis-20170228-GJets_HT-40To100_RunIISpring15DR74-2017-0301-135634/inputs/debugFiles.tgz to the CRAB cache. Using URI https://cmsweb.cern.ch/crabcache
DEBUG 2017-03-01 13:56:59,844: 	 Result uploading input files: 55e7cca72ea3369c2967f96a59840ef169dbe60c09eb65755df88fdd65be78d9.tar.gz 
WARNING 2017-03-01 13:56:59,845: 	 Warning: The following output files will not be published, as they are not EDM files: ['ntuple.root']
INFO 2017-03-01 13:56:59,845: 	 Sending the request to the server
DEBUG 2017-03-01 13:56:59,845: 	 Submitting {'maxjobruntime': 1250, 'extrajdl': [], 'ignorelocality': 1, 'savelogsflag': 0, 'useparent': 0, 'asyncdest': 'T3_US_UMD', 'algoargs': 1, 'cachefilename': '55e7cca72ea3369c2967f96a59840ef169dbe60c09eb65755df88fdd65be78d9.tar.gz', 'numcores': 1, 'addoutputfiles': [], 'generator': 'pythia', 'maxmemory': 2000, 'publishdbsurl': 'https://cmsweb.cern.ch/dbs/prod/phys03/DBSWriter', 'priority': 30, 'jobsw': 'CMSSW_7_6_3', 'edmoutfiles': ['output.root'], 'userfiles': [], 'primarydataset': '', 'inputdata': '/GJets_HT-40To100_TuneCUETP8M1_13TeV-madgraphMLM-pythia8/RunIISpring15DR74-Asympt25ns_MCRUN2_74_V9-v2/AODSIM', 'lfn': '/store/user/yofeng/GJet/ntuple/Analysis-20170228-v2/GJets_HT-40To100_RunIISpring15DR74/', 'dryrun': 0, 'workflow': 'crab_Analysis-20170228-GJets_HT-40To100_RunIISpring15DR74-2017-0301-135634', 'adduserfiles': [], 'nonprodsw': 0, 'tfileoutfiles': ['ntuple.root'], 'oneEventMode': 0, 'debugfilename': '5bff64fd7b4eec473a354b1065576ca4cff4a48f0fb4e646f6a6d9beed2aadce.tar.gz', 'cacheurl': u'https://cmsweb.cern.ch/crabcache', 'saveoutput': 1, 'publication': 1, 'jobarch': 'slc6_amd64_gcc493', 'totalunits': 1000, 'splitalgo': 'FileBased', 'ignoreglobalblacklist': 0, 'nonvaliddata': 0, 'dbsurl': 'https://cmsweb.cern.ch/dbs/prod/global/DBSReader', 'publishgroupname': 0, 'jobtype': 'Analysis', 'siteblacklist': ['T2_US_Purdue'], 'publishname2': 'Analysis-20170228'} 
DEBUG 2017-03-01 13:56:59,845: 	 Encoded submit request: maxjobruntime=1250&ignorelocality=1&savelogsflag=0&useparent=0&asyncdest=T3_US_UMD&algoargs=1&cachefilename=55e7cca72ea3369c2967f96a59840ef169dbe60c09eb65755df88fdd65be78d9.tar.gz&numcores=1&generator=pythia&maxmemory=2000&publishdbsurl=https%3A%2F%2Fcmsweb.cern.ch%2Fdbs%2Fprod%2Fphys03%2FDBSWriter&priority=30&jobsw=CMSSW_7_6_3&primarydataset=&inputdata=%2FGJets_HT-40To100_TuneCUETP8M1_13TeV-madgraphMLM-pythia8%2FRunIISpring15DR74-Asympt25ns_MCRUN2_74_V9-v2%2FAODSIM&lfn=%2Fstore%2Fuser%2Fyofeng%2FGJet%2Fntuple%2FAnalysis-20170228-v2%2FGJets_HT-40To100_RunIISpring15DR74%2F&dryrun=0&workflow=crab_Analysis-20170228-GJets_HT-40To100_RunIISpring15DR74-2017-0301-135634&nonprodsw=0&oneEventMode=0&debugfilename=5bff64fd7b4eec473a354b1065576ca4cff4a48f0fb4e646f6a6d9beed2aadce.tar.gz&cacheurl=https%3A%2F%2Fcmsweb.cern.ch%2Fcrabcache&saveoutput=1&publication=1&jobarch=slc6_amd64_gcc493&totalunits=1000&splitalgo=FileBased&ignoreglobalblacklist=0&nonvaliddata=0&dbsurl=https%3A%2F%2Fcmsweb.cern.ch%2Fdbs%2Fprod%2Fglobal%2FDBSReader&publishgroupname=0&jobtype=Analysis&publishname2=Analysis-20170228&siteblacklist=T2_US_Purdue&tfileoutfiles=ntuple.root&edmoutfiles=output.root
DEBUG 2017-03-01 13:57:01,315: 	 Result: {u'result': [{u'RequestName': u'170301_185700:yofeng_crab_Analysis-20170228-GJets_HT-40To100_RunIISpring15DR74-2017-0301-135634'}]}
INFO 2017-03-01 13:57:01,316: 	 Success: Your task has been delivered to the CRAB3 server.
INFO 2017-03-01 13:57:01,317: 	 Task name: 170301_185700:yofeng_crab_Analysis-20170228-GJets_HT-40To100_RunIISpring15DR74-2017-0301-135634
INFO 2017-03-01 13:57:01,317: 	 Please use 'crab status' to check how the submission process proceeds.
DEBUG 2017-03-01 13:57:01,317: 	 About to return
DEBUG 2017-03-01 14:04:22,961: 	 Executing command: 'status'
DEBUG 2017-03-01 14:04:22,964: 	 Found CRAB cache file /home/fengyb/.crab3
DEBUG 2017-03-01 14:04:22,972: 	 Checking credentials
DEBUG 2017-03-01 14:04:22,972: 	 Found proxy file /tmp/x509up_u1701
DEBUG 2017-03-01 14:04:22,972: 	 Getting proxy life time left
DEBUG 2017-03-01 14:04:23,076: 	 Executing : 
 command : voms-proxy-info -file /tmp/x509up_u1701 -timeleft
 output : 42591

 error: 
 retcode : 0
DEBUG 2017-03-01 14:04:23,179: 	 Executing : 
 command : voms-proxy-info -file /tmp/x509up_u1701 -actimeleft
 output : 42591

 error: 
 retcode : 0
DEBUG 2017-03-01 14:04:23,179: 	 Proxy valid for 11:49:51 hours
DEBUG 2017-03-01 14:04:23,291: 	 Executing : 
 command : openssl x509 -in ~/.globus/usercert.pem -subject -noout
 output : subject= /DC=ch/DC=cern/OU=Organic Units/OU=Users/CN=yofeng/CN=785825/CN=Yongbin Feng

 error: 
 retcode : 0
DEBUG 2017-03-01 14:04:23,292: 	 Checking credentials
DEBUG 2017-03-01 14:04:23,292: 	 Found proxy file /tmp/x509up_u1701
DEBUG 2017-03-01 14:04:23,292: 	 Getting proxy life time left
DEBUG 2017-03-01 14:04:23,395: 	 Executing : 
 command : voms-proxy-info -file /tmp/x509up_u1701 -timeleft
 output : 42591

 error: 
 retcode : 0
DEBUG 2017-03-01 14:04:23,498: 	 Executing : 
 command : voms-proxy-info -file /tmp/x509up_u1701 -actimeleft
 output : 42591

 error: 
 retcode : 0
DEBUG 2017-03-01 14:04:23,499: 	 Proxy valid for 11:49:51 hours
DEBUG 2017-03-01 14:04:24,566: 	 Registering user credentials for server /DC=ch/DC=cern/OU=computers/CN=vocms(045|052|021|031|0118|0118a|0119|0108|0105).cern.ch
DEBUG 2017-03-01 14:04:24,675: 	 Executing : 
 command : openssl x509 -in ~/.globus/usercert.pem -subject -noout
 output : subject= /DC=ch/DC=cern/OU=Organic Units/OU=Users/CN=yofeng/CN=785825/CN=Yongbin Feng

 error: 
 retcode : 0
DEBUG 2017-03-01 14:04:24,676: 	 Getting myproxy life time left for myproxy.cern.ch
DEBUG 2017-03-01 14:04:24,676: 	 Calculating hash of /DC=ch/DC=cern/OU=Organic Units/OU=Users/CN=yofeng/CN=785825/CN=Yongbin Feng_cmsweb.cern.ch for credential name
DEBUG 2017-03-01 14:04:25,780: 	 Executing : 
 command : myproxy-info -l 46a32ae7e95f6185805e22dd0e47513ea7de8fa0 -s myproxy.cern.ch
 output : username: 46a32ae7e95f6185805e22dd0e47513ea7de8fa0
owner: /DC=ch/DC=cern/OU=Organic Units/OU=Users/CN=yofeng/CN=785825/CN=Yongbin Feng
  renewal policy: /DC=ch/DC=cern/OU=computers/CN=vocms(045|052|021|031|0118|0118a|0119|0108|0105).cern.ch
  trusted retrieval policy: /DC=ch/DC=cern/OU=computers/CN=vocms(045|052|021|031|0118|0118a|0119|0108|0105).cern.ch
  timeleft: 719:50:14  (30.0 days)

 error: 
 retcode : 0
DEBUG 2017-03-01 14:04:25,781: 	 Myproxy is valid: 2591414
DEBUG 2017-03-01 14:04:25,781: 	 Command use: status
DEBUG 2017-03-01 14:04:25,781: 	 Options use: ['-d', 'crab_Analysis-20170228-GJets_HT-40To100_RunIISpring15DR74-2017-0301-135634']
DEBUG 2017-03-01 14:04:27,143: 	 CRABClient version: 3.3.1702
DEBUG 2017-03-01 14:04:27,143: 	 Instance is prod
DEBUG 2017-03-01 14:04:27,143: 	 Server base url is cmsweb.cern.ch
DEBUG 2017-03-01 14:04:27,143: 	 Command url /crabserver/prod/workflow
DEBUG 2017-03-01 14:04:27,143: 	 Looking up detailed status of task 170301_185700:yofeng_crab_Analysis-20170228-GJets_HT-40To100_RunIISpring15DR74-2017-0301-135634
DEBUG 2017-03-01 14:04:29,782: 	 {u'status': u'SUBMITTED', u'username': u'yofeng', u'jobsPerStatus': {u'running': 403, u'idle': 3}, u'jobs': {u'344': {u'State': u'running'}, u'345': {u'State': u'running'}, u'346': {u'State': u'running'}, u'347': {u'State': u'running'}, u'340': {u'State': u'running'}, u'341': {u'State': u'running'}, u'342': {u'State': u'running'}, u'343': {u'State': u'running'}, u'348': {u'State': u'running'}, u'349': {u'State': u'running'}, u'298': {u'State': u'running'}, u'299': {u'State': u'running'}, u'296': {u'State': u'running'}, u'297': {u'State': u'running'}, u'294': {u'State': u'running'}, u'295': {u'State': u'running'}, u'292': {u'State': u'running'}, u'293': {u'State': u'running'}, u'290': {u'State': u'running'}, u'291': {u'State': u'running'}, u'199': {u'State': u'running'}, u'198': {u'State': u'running'}, u'195': {u'State': u'running'}, u'194': {u'State': u'running'}, u'197': {u'State': u'running'}, u'196': {u'State': u'running'}, u'191': {u'State': u'running'}, u'190': {u'State': u'running'}, u'193': {u'State': u'running'}, u'192': {u'State': u'running'}, u'270': {u'State': u'running'}, u'271': {u'State': u'running'}, u'272': {u'State': u'running'}, u'273': {u'State': u'running'}, u'274': {u'State': u'running'}, u'275': {u'State': u'running'}, u'276': {u'State': u'running'}, u'277': {u'State': u'running'}, u'278': {u'State': u'running'}, u'279': {u'State': u'running'}, u'108': {u'State': u'running'}, u'109': {u'State': u'running'}, u'102': {u'State': u'running'}, u'103': {u'State': u'running'}, u'100': {u'State': u'running'}, u'101': {u'State': u'running'}, u'106': {u'State': u'running'}, u'107': {u'State': u'running'}, u'104': {u'State': u'running'}, u'105': {u'State': u'running'}, u'39': {u'State': u'running'}, u'38': {u'State': u'running'}, u'33': {u'State': u'running'}, u'32': {u'State': u'running'}, u'31': {u'State': u'running'}, u'30': {u'State': u'running'}, u'37': {u'State': u'running'}, u'36': {u'State': u'running'}, u'35': {u'State': u'running'}, u'34': {u'State': u'running'}, u'339': {u'State': u'running'}, u'338': {u'State': u'running'}, u'335': {u'State': u'running'}, u'334': {u'State': u'running'}, u'337': {u'State': u'running'}, u'336': {u'State': u'running'}, u'331': {u'State': u'running'}, u'330': {u'State': u'running'}, u'333': {u'State': u'running'}, u'332': {u'State': u'running'}, u'6': {u'State': u'running'}, u'99': {u'State': u'running'}, u'98': {u'State': u'running'}, u'91': {u'State': u'running'}, u'90': {u'State': u'running'}, u'93': {u'State': u'running'}, u'92': {u'State': u'running'}, u'95': {u'State': u'running'}, u'94': {u'State': u'running'}, u'97': {u'State': u'running'}, u'96': {u'State': u'running'}, u'238': {u'State': u'running'}, u'239': {u'State': u'running'}, u'234': {u'State': u'running'}, u'235': {u'State': u'running'}, u'236': {u'State': u'running'}, u'237': {u'State': u'running'}, u'230': {u'State': u'running'}, u'231': {u'State': u'running'}, u'232': {u'State': u'running'}, u'233': {u'State': u'running'}, u'1': {u'State': u'running'}, u'146': {u'State': u'running'}, u'147': {u'State': u'running'}, u'144': {u'State': u'running'}, u'145': {u'State': u'running'}, u'142': {u'State': u'running'}, u'143': {u'State': u'running'}, u'140': {u'State': u'running'}, u'141': {u'State': u'running'}, u'148': {u'State': u'running'}, u'149': {u'State': u'running'}, u'133': {u'State': u'running'}, u'132': {u'State': u'running'}, u'131': {u'State': u'running'}, u'130': {u'State': u'running'}, u'137': {u'State': u'running'}, u'136': {u'State': u'running'}, u'135': {u'State': u'running'}, u'134': {u'State': u'running'}, u'139': {u'State': u'running'}, u'138': {u'State': u'running'}, u'24': {u'State': u'running'}, u'25': {u'State': u'running'}, u'26': {u'State': u'running'}, u'27': {u'State': u'running'}, u'20': {u'State': u'running'}, u'21': {u'State': u'running'}, u'22': {u'State': u'running'}, u'23': {u'State': u'running'}, u'28': {u'State': u'running'}, u'29': {u'State': u'running'}, u'406': {u'State': u'running'}, u'405': {u'State': u'running'}, u'404': {u'State': u'running'}, u'403': {u'State': u'running'}, u'402': {u'State': u'running'}, u'401': {u'State': u'running'}, u'400': {u'State': u'running'}, u'379': {u'State': u'running'}, u'378': {u'State': u'running'}, u'371': {u'State': u'running'}, u'370': {u'State': u'running'}, u'373': {u'State': u'running'}, u'372': {u'State': u'running'}, u'375': {u'State': u'running'}, u'374': {u'State': u'running'}, u'377': {u'State': u'running'}, u'376': {u'State': u'running'}, u'393': {u'State': u'running'}, u'392': {u'State': u'running'}, u'88': {u'State': u'running'}, u'89': {u'State': u'running'}, u'397': {u'State': u'running'}, u'396': {u'State': u'running'}, u'395': {u'State': u'running'}, u'394': {u'State': u'running'}, u'82': {u'State': u'running'}, u'181': {u'State': u'running'}, u'80': {u'State': u'running'}, u'81': {u'State': u'running'}, u'86': {u'State': u'running'}, u'87': {u'State': u'running'}, u'84': {u'State': u'running'}, u'85': {u'State': u'running'}, u'7': {u'State': u'running'}, u'245': {u'State': u'running'}, u'244': {u'State': u'running'}, u'247': {u'State': u'running'}, u'246': {u'State': u'running'}, u'241': {u'State': u'running'}, u'240': {u'State': u'running'}, u'243': {u'State': u'running'}, u'242': {u'State': u'running'}, u'249': {u'State': u'running'}, u'248': {u'State': u'running'}, u'179': {u'State': u'running'}, u'178': {u'State': u'running'}, u'177': {u'State': u'running'}, u'176': {u'State': u'running'}, u'175': {u'State': u'running'}, u'174': {u'State': u'running'}, u'173': {u'State': u'running'}, u'172': {u'State': u'running'}, u'171': {u'State': u'running'}, u'170': {u'State': u'running'}, u'182': {u'State': u'running'}, u'183': {u'State': u'running'}, u'180': {u'State': u'running'}, u'2': {u'State': u'running'}, u'186': {u'State': u'running'}, u'187': {u'State': u'running'}, u'184': {u'State': u'running'}, u'185': {u'State': u'running'}, u'188': {u'State': u'running'}, u'189': {u'State': u'running'}, u'11': {u'State': u'running'}, u'10': {u'State': u'running'}, u'13': {u'State': u'running'}, u'12': {u'State': u'running'}, u'15': {u'State': u'running'}, u'14': {u'State': u'running'}, u'17': {u'State': u'running'}, u'16': {u'State': u'running'}, u'19': {u'State': u'running'}, u'18': {u'State': u'running'}, u'322': {u'State': u'running'}, u'323': {u'State': u'running'}, u'320': {u'State': u'running'}, u'321': {u'State': u'running'}, u'326': {u'State': u'running'}, u'327': {u'State': u'running'}, u'324': {u'State': u'running'}, u'325': {u'State': u'running'}, u'328': {u'State': u'running'}, u'329': {u'State': u'running'}, u'201': {u'State': u'running'}, u'200': {u'State': u'running'}, u'203': {u'State': u'running'}, u'202': {u'State': u'running'}, u'205': {u'State': u'running'}, u'204': {u'State': u'running'}, u'207': {u'State': u'running'}, u'206': {u'State': u'running'}, u'209': {u'State': u'running'}, u'208': {u'State': u'running'}, u'77': {u'State': u'running'}, u'76': {u'State': u'running'}, u'75': {u'State': u'running'}, u'74': {u'State': u'running'}, u'73': {u'State': u'running'}, u'72': {u'State': u'running'}, u'71': {u'State': u'running'}, u'70': {u'State': u'running'}, u'79': {u'State': u'running'}, u'78': {u'State': u'running'}, u'8': {u'State': u'running'}, u'120': {u'State': u'running'}, u'121': {u'State': u'running'}, u'122': {u'State': u'running'}, u'123': {u'State': u'running'}, u'124': {u'State': u'running'}, u'125': {u'State': u'running'}, u'126': {u'State': u'running'}, u'127': {u'State': u'running'}, u'128': {u'State': u'running'}, u'129': {u'State': u'running'}, u'319': {u'State': u'running'}, u'318': {u'State': u'running'}, u'313': {u'State': u'running'}, u'312': {u'State': u'running'}, u'311': {u'State': u'running'}, u'310': {u'State': u'running'}, u'317': {u'State': u'running'}, u'316': {u'State': u'running'}, u'315': {u'State': u'running'}, u'314': {u'State': u'running'}, u'3': {u'State': u'running'}, u'368': {u'State': u'running'}, u'369': {u'State': u'running'}, u'366': {u'State': u'running'}, u'367': {u'State': u'running'}, u'364': {u'State': u'running'}, u'365': {u'State': u'running'}, u'362': {u'State': u'running'}, u'363': {u'State': u'running'}, u'360': {u'State': u'running'}, u'361': {u'State': u'running'}, u'380': {u'State': u'running'}, u'381': {u'State': u'running'}, u'382': {u'State': u'running'}, u'383': {u'State': u'running'}, u'384': {u'State': u'running'}, u'385': {u'State': u'running'}, u'386': {u'State': u'running'}, u'387': {u'State': u'running'}, u'388': {u'State': u'running'}, u'389': {u'State': u'running'}, u'60': {u'State': u'idle'}, u'61': {u'State': u'running'}, u'258': {u'State': u'running'}, u'259': {u'State': u'running'}, u'64': {u'State': u'running'}, u'65': {u'State': u'running'}, u'66': {u'State': u'running'}, u'67': {u'State': u'running'}, u'68': {u'State': u'running'}, u'69': {u'State': u'running'}, u'250': {u'State': u'running'}, u'251': {u'State': u'running'}, u'256': {u'State': u'running'}, u'257': {u'State': u'running'}, u'254': {u'State': u'running'}, u'255': {u'State': u'running'}, u'168': {u'State': u'running'}, u'169': {u'State': u'running'}, u'164': {u'State': u'running'}, u'165': {u'State': u'running'}, u'166': {u'State': u'running'}, u'167': {u'State': u'running'}, u'160': {u'State': u'running'}, u'161': {u'State': u'running'}, u'162': {u'State': u'running'}, u'163': {u'State': u'running'}, u'9': {u'State': u'running'}, u'357': {u'State': u'running'}, u'356': {u'State': u'running'}, u'355': {u'State': u'running'}, u'354': {u'State': u'running'}, u'353': {u'State': u'running'}, u'352': {u'State': u'running'}, u'351': {u'State': u'running'}, u'350': {u'State': u'running'}, u'359': {u'State': u'running'}, u'358': {u'State': u'running'}, u'216': {u'State': u'running'}, u'217': {u'State': u'running'}, u'214': {u'State': u'running'}, u'215': {u'State': u'running'}, u'212': {u'State': u'running'}, u'213': {u'State': u'running'}, u'210': {u'State': u'running'}, u'211': {u'State': u'running'}, u'218': {u'State': u'running'}, u'219': {u'State': u'running'}, u'289': {u'State': u'running'}, u'288': {u'State': u'running'}, u'4': {u'State': u'running'}, u'281': {u'State': u'running'}, u'280': {u'State': u'running'}, u'283': {u'State': u'running'}, u'282': {u'State': u'running'}, u'285': {u'State': u'running'}, u'284': {u'State': u'running'}, u'287': {u'State': u'running'}, u'286': {u'State': u'running'}, u'263': {u'State': u'running'}, u'262': {u'State': u'running'}, u'261': {u'State': u'running'}, u'260': {u'State': u'running'}, u'267': {u'State': u'running'}, u'266': {u'State': u'running'}, u'265': {u'State': u'running'}, u'264': {u'State': u'running'}, u'269': {u'State': u'running'}, u'268': {u'State': u'running'}, u'59': {u'State': u'running'}, u'58': {u'State': u'running'}, u'55': {u'State': u'running'}, u'54': {u'State': u'running'}, u'57': {u'State': u'running'}, u'56': {u'State': u'idle'}, u'51': {u'State': u'running'}, u'62': {u'State': u'running'}, u'53': {u'State': u'running'}, u'52': {u'State': u'idle'}, u'63': {u'State': u'running'}, u'50': {u'State': u'running'}, u'115': {u'State': u'running'}, u'252': {u'State': u'running'}, u'117': {u'State': u'running'}, u'116': {u'State': u'running'}, u'111': {u'State': u'running'}, u'110': {u'State': u'running'}, u'113': {u'State': u'running'}, u'253': {u'State': u'running'}, u'119': {u'State': u'running'}, u'118': {u'State': u'running'}, u'308': {u'State': u'running'}, u'309': {u'State': u'running'}, u'300': {u'State': u'running'}, u'301': {u'State': u'running'}, u'302': {u'State': u'running'}, u'303': {u'State': u'running'}, u'304': {u'State': u'running'}, u'305': {u'State': u'running'}, u'306': {u'State': u'running'}, u'307': {u'State': u'running'}, u'229': {u'State': u'running'}, u'228': {u'State': u'running'}, u'227': {u'State': u'running'}, u'226': {u'State': u'running'}, u'225': {u'State': u'running'}, u'224': {u'State': u'running'}, u'223': {u'State': u'running'}, u'222': {u'State': u'running'}, u'221': {u'State': u'running'}, u'220': {u'State': u'running'}, u'114': {u'State': u'running'}, u'391': {u'State': u'running'}, u'390': {u'State': u'running'}, u'151': {u'State': u'running'}, u'150': {u'State': u'running'}, u'153': {u'State': u'running'}, u'152': {u'State': u'running'}, u'155': {u'State': u'running'}, u'154': {u'State': u'running'}, u'157': {u'State': u'running'}, u'156': {u'State': u'running'}, u'159': {u'State': u'running'}, u'158': {u'State': u'running'}, u'112': {u'State': u'running'}, u'83': {u'State': u'running'}, u'399': {u'State': u'running'}, u'398': {u'State': u'running'}, u'48': {u'State': u'running'}, u'49': {u'State': u'running'}, u'46': {u'State': u'running'}, u'47': {u'State': u'running'}, u'44': {u'State': u'running'}, u'45': {u'State': u'running'}, u'42': {u'State': u'running'}, u'43': {u'State': u'running'}, u'40': {u'State': u'running'}, u'41': {u'State': u'running'}, u'5': {u'State': u'running'}}, u'publication': {}, u'taskWarningMsg': [], u'schedd': u'crab3@vocms0121.cern.ch', u'publicationFailures': {}, u'outdatasets': None, u'statusFailureMsg': u'', u'taskFailureMsg': u'', u'failedJobdefs': 0, u'ASOURL': u'https://cmsweb.cern.ch/couchdb2', u'command': u'SUBMIT', u'totalJobdefs': 0, u'submissionTime': 1488394621, u'jobdefErrors': [], u'collector': u'cmsgwms-collector-global.cern.ch,cmssrv221.fnal.gov', u'jobList': [[u'running', 344], [u'running', 345], [u'running', 346], [u'running', 347], [u'running', 340], [u'running', 341], [u'running', 342], [u'running', 343], [u'running', 348], [u'running', 349], [u'running', 298], [u'running', 299], [u'running', 296], [u'running', 297], [u'running', 294], [u'running', 295], [u'running', 292], [u'running', 293], [u'running', 290], [u'running', 291], [u'running', 199], [u'running', 198], [u'running', 195], [u'running', 194], [u'running', 197], [u'running', 196], [u'running', 191], [u'running', 190], [u'running', 193], [u'running', 192], [u'running', 270], [u'running', 271], [u'running', 272], [u'running', 273], [u'running', 274], [u'running', 275], [u'running', 276], [u'running', 277], [u'running', 278], [u'running', 279], [u'running', 108], [u'running', 109], [u'running', 102], [u'running', 103], [u'running', 100], [u'running', 101], [u'running', 106], [u'running', 107], [u'running', 104], [u'running', 105], [u'running', 39], [u'running', 38], [u'running', 33], [u'running', 32], [u'running', 31], [u'running', 30], [u'running', 37], [u'running', 36], [u'running', 35], [u'running', 34], [u'running', 339], [u'running', 338], [u'running', 335], [u'running', 334], [u'running', 337], [u'running', 336], [u'running', 331], [u'running', 330], [u'running', 333], [u'running', 332], [u'running', 6], [u'running', 99], [u'running', 98], [u'running', 91], [u'running', 90], [u'running', 93], [u'running', 92], [u'running', 95], [u'running', 94], [u'running', 97], [u'running', 96], [u'running', 238], [u'running', 239], [u'running', 234], [u'running', 235], [u'running', 236], [u'running', 237], [u'running', 230], [u'running', 231], [u'running', 232], [u'running', 233], [u'running', 1], [u'running', 146], [u'running', 147], [u'running', 144], [u'running', 145], [u'running', 142], [u'running', 143], [u'running', 140], [u'running', 141], [u'running', 148], [u'running', 149], [u'running', 133], [u'running', 132], [u'running', 131], [u'running', 130], [u'running', 137], [u'running', 136], [u'running', 135], [u'running', 134], [u'running', 139], [u'running', 138], [u'running', 24], [u'running', 25], [u'running', 26], [u'running', 27], [u'running', 20], [u'running', 21], [u'running', 22], [u'running', 23], [u'running', 28], [u'running', 29], [u'running', 406], [u'running', 405], [u'running', 404], [u'running', 403], [u'running', 402], [u'running', 401], [u'running', 400], [u'running', 379], [u'running', 378], [u'running', 371], [u'running', 370], [u'running', 373], [u'running', 372], [u'running', 375], [u'running', 374], [u'running', 377], [u'running', 376], [u'running', 393], [u'running', 392], [u'running', 88], [u'running', 89], [u'running', 397], [u'running', 396], [u'running', 395], [u'running', 394], [u'running', 82], [u'running', 83], [u'running', 80], [u'running', 81], [u'running', 86], [u'running', 87], [u'running', 84], [u'running', 85], [u'running', 7], [u'running', 245], [u'running', 244], [u'running', 247], [u'running', 246], [u'running', 241], [u'running', 240], [u'running', 243], [u'running', 242], [u'running', 249], [u'running', 248], [u'running', 179], [u'running', 178], [u'running', 177], [u'running', 176], [u'running', 175], [u'running', 174], [u'running', 173], [u'running', 172], [u'running', 171], [u'running', 170], [u'running', 253], [u'running', 182], [u'running', 183], [u'running', 180], [u'running', 181], [u'running', 186], [u'running', 187], [u'running', 184], [u'running', 185], [u'running', 188], [u'running', 189], [u'running', 11], [u'running', 10], [u'running', 13], [u'running', 12], [u'running', 15], [u'running', 14], [u'running', 17], [u'running', 16], [u'running', 19], [u'running', 18], [u'running', 62], [u'running', 322], [u'running', 323], [u'running', 320], [u'running', 321], [u'running', 326], [u'running', 327], [u'running', 324], [u'running', 325], [u'running', 328], [u'running', 329], [u'running', 201], [u'running', 200], [u'running', 203], [u'running', 202], [u'running', 205], [u'running', 204], [u'running', 207], [u'running', 206], [u'running', 209], [u'running', 208], [u'running', 77], [u'running', 76], [u'running', 75], [u'running', 74], [u'running', 73], [u'running', 72], [u'running', 71], [u'running', 70], [u'running', 79], [u'running', 78], [u'running', 2], [u'running', 8], [u'running', 68], [u'running', 120], [u'running', 121], [u'running', 122], [u'running', 123], [u'running', 124], [u'running', 125], [u'running', 126], [u'running', 127], [u'running', 128], [u'running', 129], [u'running', 319], [u'running', 318], [u'running', 313], [u'running', 312], [u'running', 311], [u'running', 310], [u'running', 317], [u'running', 316], [u'running', 315], [u'running', 314], [u'running', 3], [u'running', 368], [u'running', 369], [u'running', 366], [u'running', 367], [u'running', 364], [u'running', 365], [u'running', 362], [u'running', 363], [u'running', 360], [u'running', 361], [u'running', 380], [u'running', 381], [u'running', 382], [u'running', 383], [u'running', 384], [u'running', 385], [u'running', 386], [u'running', 387], [u'running', 388], [u'running', 389], [u'idle', 60], [u'running', 61], [u'running', 258], [u'running', 259], [u'running', 64], [u'running', 65], [u'running', 66], [u'running', 67], [u'running', 252], [u'running', 69], [u'running', 250], [u'running', 251], [u'running', 256], [u'running', 257], [u'running', 254], [u'running', 255], [u'running', 168], [u'running', 169], [u'running', 164], [u'running', 165], [u'running', 166], [u'running', 167], [u'running', 160], [u'running', 161], [u'running', 162], [u'running', 163], [u'running', 9], [u'running', 357], [u'running', 356], [u'running', 355], [u'running', 354], [u'running', 353], [u'running', 352], [u'running', 351], [u'running', 350], [u'running', 359], [u'running', 358], [u'running', 216], [u'running', 217], [u'running', 214], [u'running', 215], [u'running', 212], [u'running', 213], [u'running', 210], [u'running', 211], [u'running', 218], [u'running', 219], [u'running', 289], [u'running', 288], [u'running', 4], [u'running', 281], [u'running', 280], [u'running', 283], [u'running', 282], [u'running', 285], [u'running', 284], [u'running', 287], [u'running', 286], [u'running', 263], [u'running', 262], [u'running', 261], [u'running', 260], [u'running', 267], [u'running', 266], [u'running', 265], [u'running', 264], [u'running', 269], [u'running', 268], [u'running', 59], [u'running', 58], [u'running', 55], [u'running', 54], [u'running', 57], [u'idle', 56], [u'running', 51], [u'running', 50], [u'running', 53], [u'idle', 52], [u'running', 63], [u'running', 115], [u'running', 114], [u'running', 117], [u'running', 116], [u'running', 111], [u'running', 110], [u'running', 113], [u'running', 112], [u'running', 119], [u'running', 118], [u'running', 308], [u'running', 309], [u'running', 300], [u'running', 301], [u'running', 302], [u'running', 303], [u'running', 304], [u'running', 305], [u'running', 306], [u'running', 307], [u'running', 229], [u'running', 228], [u'running', 227], [u'running', 226], [u'running', 225], [u'running', 224], [u'running', 223], [u'running', 222], [u'running', 221], [u'running', 220], [u'running', 391], [u'running', 390], [u'running', 151], [u'running', 150], [u'running', 153], [u'running', 152], [u'running', 155], [u'running', 154], [u'running', 157], [u'running', 156], [u'running', 159], [u'running', 158], [u'running', 399], [u'running', 398], [u'running', 48], [u'running', 49], [u'running', 46], [u'running', 47], [u'running', 44], [u'running', 45], [u'running', 42], [u'running', 43], [u'running', 40], [u'running', 41], [u'running', 5]]}
INFO 2017-03-01 14:04:29,782: 	 CRAB project directory:		/data/users/fengyb/CMSSW_7_6_3/src/EmergingJetAnalysis/crabTasks/crab_Analysis-20170228-2017-0301-v2/crab_Analysis-20170228-GJets_HT-40To100_RunIISpring15DR74-2017-0301-135634
INFO 2017-03-01 14:04:29,782: 	 Task name:			170301_185700:yofeng_crab_Analysis-20170228-GJets_HT-40To100_RunIISpring15DR74-2017-0301-135634
INFO 2017-03-01 14:04:29,783: 	 Grid scheduler:			crab3@vocms0121.cern.ch
INFO 2017-03-01 14:04:29,783: 	 Task status:			SUBMITTED
INFO 2017-03-01 14:04:29,783: 	 Task URL to use for HELP:	https://cmsweb.cern.ch/crabserver/ui/task/170301_185700%3Ayofeng_crab_Analysis-20170228-GJets_HT-40To100_RunIISpring15DR74-2017-0301-135634
INFO 2017-03-01 14:04:29,783: 	 Dashboard monitoring URL:	http://dashb-cms-job.cern.ch/dashboard/templates/task-analysis/#user=yofeng&table=Mains&pattern=170301_185700%3Ayofeng_crab_Analysis-20170228-GJets_HT-40To100_RunIISpring15DR74-2017-0301-135634
INFO 2017-03-01 14:04:29,783: 	 
Jobs status:			idle            0.7% (  3/406)
INFO 2017-03-01 14:04:29,783: 	 				running        99.3% (403/406)
INFO 2017-03-01 14:04:29,783: 	 
No publication information available yet
INFO 2017-03-01 14:04:29,787: 	 Log file is /data/users/fengyb/CMSSW_7_6_3/src/EmergingJetAnalysis/crabTasks/crab_Analysis-20170228-2017-0301-v2/crab_Analysis-20170228-GJets_HT-40To100_RunIISpring15DR74-2017-0301-135634/crab.log
