['skim', 'analyze']
# Conditions read from  CMS_CONDITIONS  via FrontierProd 

####################
Adding Skim step
####################

Adding GJet Skim step.
triggerSelection should be verified for new datasets.
photonID should be modified for each global tag.
 switching PAT Tau input to:  cms.InputTag("hpsPFTauProducer76xReMiniAOD")

####################
Adding Analyze step
####################

CMSSW_VERSION is CMSSW_7_6_3
Using the following global tags [MC, DATA]:
['76X_mcRun2_asymptotic_RunIIFall15DR76_v1', '76X_dataRun2_16Dec2015_v0']
DEBUG 2017-03-15 18:05:31,475: 	 Executing command: 'submit'
DEBUG 2017-03-15 18:05:31,480: 	 Found CRAB cache file /home/fengyb/.crab3
DEBUG 2017-03-15 18:05:31,486: 	 Checking credentials
DEBUG 2017-03-15 18:05:31,487: 	 Found proxy file /tmp/x509up_u1701
DEBUG 2017-03-15 18:05:31,487: 	 Getting proxy life time left
DEBUG 2017-03-15 18:05:31,590: 	 Executing : 
 command : voms-proxy-info -file /tmp/x509up_u1701 -timeleft
 output : 42512

 error: 
 retcode : 0
DEBUG 2017-03-15 18:05:31,693: 	 Executing : 
 command : voms-proxy-info -file /tmp/x509up_u1701 -actimeleft
 output : 42512

 error: 
 retcode : 0
DEBUG 2017-03-15 18:05:31,694: 	 Proxy valid for 11:48:32 hours
DEBUG 2017-03-15 18:05:31,694: 	 Will use CRAB Analysis plugin (i.e. will run an analysis job type).
DEBUG 2017-03-15 18:05:31,806: 	 Executing : 
 command : openssl x509 -in ~/.globus/usercert.pem -subject -noout
 output : subject= /DC=ch/DC=cern/OU=Organic Units/OU=Users/CN=yofeng/CN=785825/CN=Yongbin Feng

 error: 
 retcode : 0
DEBUG 2017-03-15 18:05:31,806: 	 Checking credentials
DEBUG 2017-03-15 18:05:31,806: 	 Found proxy file /tmp/x509up_u1701
DEBUG 2017-03-15 18:05:31,806: 	 Getting proxy life time left
DEBUG 2017-03-15 18:05:31,909: 	 Executing : 
 command : voms-proxy-info -file /tmp/x509up_u1701 -timeleft
 output : 42512

 error: 
 retcode : 0
DEBUG 2017-03-15 18:05:32,013: 	 Executing : 
 command : voms-proxy-info -file /tmp/x509up_u1701 -actimeleft
 output : 42512

 error: 
 retcode : 0
DEBUG 2017-03-15 18:05:32,013: 	 Proxy valid for 11:48:32 hours
DEBUG 2017-03-15 18:05:32,116: 	 Executing : 
 command : env X509_USER_PROXY=/tmp/x509up_u1701 voms-proxy-info -fqan
 output : /cms/Role=NULL/Capability=NULL

 error: 
 retcode : 0
DEBUG 2017-03-15 18:05:33,479: 	 Registering user credentials for server /DC=ch/DC=cern/OU=computers/CN=vocms(045|052|021|031|0118|0118a|0119|0108|0105).cern.ch
DEBUG 2017-03-15 18:05:33,587: 	 Executing : 
 command : openssl x509 -in ~/.globus/usercert.pem -subject -noout
 output : subject= /DC=ch/DC=cern/OU=Organic Units/OU=Users/CN=yofeng/CN=785825/CN=Yongbin Feng

 error: 
 retcode : 0
DEBUG 2017-03-15 18:05:33,587: 	 Getting myproxy life time left for myproxy.cern.ch
DEBUG 2017-03-15 18:05:33,587: 	 Calculating hash of /DC=ch/DC=cern/OU=Organic Units/OU=Users/CN=yofeng/CN=785825/CN=Yongbin Feng_cmsweb.cern.ch for credential name
DEBUG 2017-03-15 18:05:34,792: 	 Executing : 
 command : myproxy-info -l 46a32ae7e95f6185805e22dd0e47513ea7de8fa0 -s myproxy.cern.ch
 output : username: 46a32ae7e95f6185805e22dd0e47513ea7de8fa0
owner: /DC=ch/DC=cern/OU=Organic Units/OU=Users/CN=yofeng/CN=785825/CN=Yongbin Feng
  renewal policy: /DC=ch/DC=cern/OU=computers/CN=vocms(045|052|021|031|0118|0118a|0119|0108|0105).cern.ch
  trusted retrieval policy: /DC=ch/DC=cern/OU=computers/CN=vocms(045|052|021|031|0118|0118a|0119|0108|0105).cern.ch
  timeleft: 380:49:05  (15.9 days)

 error: 
 retcode : 0
DEBUG 2017-03-15 18:05:34,793: 	 Myproxy is valid: 1370945
DEBUG 2017-03-15 18:05:34,793: 	 Command use: submit
DEBUG 2017-03-15 18:05:34,793: 	 Options use: ['--config', <WMCore.Configuration.Configuration object at 0x2497950>]
DEBUG 2017-03-15 18:05:36,015: 	 CRABClient version: 3.3.1703
DEBUG 2017-03-15 18:05:36,015: 	 Instance is prod
DEBUG 2017-03-15 18:05:36,015: 	 Server base url is cmsweb.cern.ch
DEBUG 2017-03-15 18:05:36,015: 	 Command url /crabserver/prod/workflow
DEBUG 2017-03-15 18:05:36,015: 	 Started submission
DEBUG 2017-03-15 18:05:36,015: 	 Working on /data/users/fengyb/CMSSW_7_6_3/src/EmergingJetAnalysis/crabTasks/crab_Analysis-20170315-2017-0315-v6/crab_Analysis-20170315-GJets_HT-400To600_RunIIFall15DR76-2017-0315-180531
DEBUG 2017-03-15 18:05:37,718: 	 Loading required information from the environment
DEBUG 2017-03-15 18:05:37,718: 	 Found CMSSW_7_6_3 for slc6_amd64_gcc493 with base /data/users/fengyb/CMSSW_7_6_3
DEBUG 2017-03-15 18:05:37,718: 	 Loading required information from the environment
DEBUG 2017-03-15 18:05:37,718: 	 Found CMSSW_7_6_3 for slc6_amd64_gcc493 with base /data/users/fengyb/CMSSW_7_6_3
DEBUG 2017-03-15 18:05:37,728: 	 UNIQUE NAME: tarUUID 87dec64a-4d02-4020-8c50-f4ec9b59a87c 
DEBUG 2017-03-15 18:05:37,728: 	 self.config: from WMCore.Configuration import Configuration
config = Configuration()
config.section_('General')
config.General.workArea = 'crabTasks/crab_Analysis-20170315-2017-0315-v6'
config.General.requestName = 'Analysis-20170315-GJets_HT-400To600_RunIIFall15DR76-2017-0315-180531'
config.section_('JobType')
config.JobType.priority = 30
config.JobType.psetName = 'Configuration/test/test_cfg.py'
config.JobType.pluginName = 'Analysis'
config.JobType.pyCfgParams = ['crab=1', 'data=0', 'sample=gjet']
config.section_('Data')
config.Data.inputDataset = '/GJets_HT-400To600_TuneCUETP8M1_13TeV-madgraphMLM-pythia8/RunIIFall15DR76-PU25nsData2015v1_76X_mcRun2_asymptotic_v12-v1/AODSIM'
config.Data.outputDatasetTag = 'Analysis-20170315'
config.Data.publication = True
config.Data.unitsPerJob = 1
config.Data.ignoreLocality = True
config.Data.splitting = 'FileBased'
config.Data.inputDBS = 'global'
config.Data.outLFNDirBase = '/store/user/yofeng/GJet/ntuple/Analysis-20170315-v6/GJets_HT-400To600_RunIIFall15DR76/'
config.Data.totalUnits = 1000
config.section_('Site')
config.Site.blacklist = ['T2_US_Purdue']
config.Site.storageSite = 'T3_US_UMD'

DEBUG 2017-03-15 18:05:37,728: 	 self.config.JobType.psetName: Configuration/test/test_cfg.py
INFO 2017-03-15 18:05:37,729: 	 Importing CMSSW configuration Configuration/test/test_cfg.py
DEBUG 2017-03-15 18:05:37,729: 	 Additional parameters for the CMSSW configuration are: ['crab=1', 'data=0', 'sample=gjet']
INFO 2017-03-15 18:05:44,115: 	 Finished importing CMSSW configuration Configuration/test/test_cfg.py
DEBUG 2017-03-15 18:05:44,115: 	 Writing CMSSW configuration to /data/users/fengyb/CMSSW_7_6_3/src/EmergingJetAnalysis/crabTasks/crab_Analysis-20170315-2017-0315-v6/crab_Analysis-20170315-GJets_HT-400To600_RunIIFall15DR76-2017-0315-180531/inputs/PSet.py
DEBUG 2017-03-15 18:05:47,075: 	 The following EDM output files will be collected: ['output.root']
DEBUG 2017-03-15 18:05:47,075: 	 The following TFile output files will be collected: ['ntuple.root']
DEBUG 2017-03-15 18:05:47,075: 	 The following user output files will be collected: []
DEBUG 2017-03-15 18:05:47,075: 	 Loading required information from the environment
DEBUG 2017-03-15 18:05:47,075: 	 Found CMSSW_7_6_3 for slc6_amd64_gcc493 with base /data/users/fengyb/CMSSW_7_6_3
DEBUG 2017-03-15 18:05:47,075: 	 Making tarball in /data/users/fengyb/CMSSW_7_6_3/src/EmergingJetAnalysis/crabTasks/crab_Analysis-20170315-2017-0315-v6/crab_Analysis-20170315-GJets_HT-400To600_RunIIFall15DR76-2017-0315-180531/inputs/87dec64a-4d02-4020-8c50-f4ec9b59a87cdefault.tgz
DEBUG 2017-03-15 18:05:47,080: 	 Checking directory /data/users/fengyb/CMSSW_7_6_3/lib
DEBUG 2017-03-15 18:05:47,080: 	 Adding directory /data/users/fengyb/CMSSW_7_6_3/lib to tarball
DEBUG 2017-03-15 18:05:50,529: 	 Checking directory /data/users/fengyb/CMSSW_7_6_3/biglib
DEBUG 2017-03-15 18:05:50,529: 	 Adding directory /data/users/fengyb/CMSSW_7_6_3/biglib to tarball
DEBUG 2017-03-15 18:05:50,531: 	 Checking directory /data/users/fengyb/CMSSW_7_6_3/module
DEBUG 2017-03-15 18:05:50,648: 	 Adding data directory /data/users/fengyb/CMSSW_7_6_3/src/RecoEgamma/EgammaTools/data to tarball
DEBUG 2017-03-15 18:05:50,676: 	 Adding data directory /data/users/fengyb/CMSSW_7_6_3/src/RecoEgamma/EgammaTools/interface to tarball
DEBUG 2017-03-15 18:05:50,698: 	 Adding data directory /data/users/fengyb/CMSSW_7_6_3/src/RecoEgamma/PhotonIdentification/data to tarball
DEBUG 2017-03-15 18:05:50,706: 	 Adding data directory /data/users/fengyb/CMSSW_7_6_3/src/RecoEgamma/PhotonIdentification/interface to tarball
DEBUG 2017-03-15 18:05:50,748: 	 Adding data directory /data/users/fengyb/CMSSW_7_6_3/src/EmergingJetAnalysis/EmergingJetAnalyzer/interface to tarball
DEBUG 2017-03-15 18:05:50,785: 	 Adding data directory /data/users/fengyb/CMSSW_7_6_3/src/EmergingJetAnalysis/EmJetAnalyzer/interface to tarball
DEBUG 2017-03-15 18:05:51,439: 	 Uploading archive /data/users/fengyb/CMSSW_7_6_3/src/EmergingJetAnalysis/crabTasks/crab_Analysis-20170315-2017-0315-v6/crab_Analysis-20170315-GJets_HT-400To600_RunIIFall15DR76-2017-0315-180531/inputs/87dec64a-4d02-4020-8c50-f4ec9b59a87cdefault.tgz (6.699219.1 MB) to the CRAB cache. Using URI https://cmsweb.cern.ch/crabcache
DEBUG 2017-03-15 18:06:00,554: 	 Loading required information from the environment
DEBUG 2017-03-15 18:06:00,555: 	 Found CMSSW_7_6_3 for slc6_amd64_gcc493 with base /data/users/fengyb/CMSSW_7_6_3
DEBUG 2017-03-15 18:06:00,555: 	 Making tarball in /data/users/fengyb/CMSSW_7_6_3/src/EmergingJetAnalysis/crabTasks/crab_Analysis-20170315-2017-0315-v6/crab_Analysis-20170315-GJets_HT-400To600_RunIIFall15DR76-2017-0315-180531/inputs/debugFiles.tgz
DEBUG 2017-03-15 18:06:00,559: 	 Uploading archive /data/users/fengyb/CMSSW_7_6_3/src/EmergingJetAnalysis/crabTasks/crab_Analysis-20170315-2017-0315-v6/crab_Analysis-20170315-GJets_HT-400To600_RunIIFall15DR76-2017-0315-180531/inputs/debugFiles.tgz (3 KB) to the CRAB cache. Using URI https://cmsweb.cern.ch/crabcache
DEBUG 2017-03-15 18:06:02,250: 	 Result uploading input files: ccf5b27fe4b53ad774be5f70e5085a107f3a3564f9c5fa3811804e7f91f04082.tar.gz 
WARNING 2017-03-15 18:06:02,250: 	 Warning: The following output files will not be published, as they are not EDM files: ['ntuple.root']
INFO 2017-03-15 18:06:02,251: 	 Sending the request to the server
DEBUG 2017-03-15 18:06:02,251: 	 Submitting {'maxjobruntime': 1250, 'extrajdl': [], 'ignorelocality': 1, 'savelogsflag': 0, 'useparent': 0, 'asyncdest': 'T3_US_UMD', 'algoargs': 1, 'cachefilename': 'ccf5b27fe4b53ad774be5f70e5085a107f3a3564f9c5fa3811804e7f91f04082.tar.gz', 'numcores': 1, 'addoutputfiles': [], 'generator': 'pythia', 'maxmemory': 2000, 'publishdbsurl': 'https://cmsweb.cern.ch/dbs/prod/phys03/DBSWriter', 'priority': 30, 'jobsw': 'CMSSW_7_6_3', 'edmoutfiles': ['output.root'], 'userfiles': [], 'primarydataset': '', 'inputdata': '/GJets_HT-400To600_TuneCUETP8M1_13TeV-madgraphMLM-pythia8/RunIIFall15DR76-PU25nsData2015v1_76X_mcRun2_asymptotic_v12-v1/AODSIM', 'lfn': '/store/user/yofeng/GJet/ntuple/Analysis-20170315-v6/GJets_HT-400To600_RunIIFall15DR76/', 'dryrun': 0, 'workflow': 'crab_Analysis-20170315-GJets_HT-400To600_RunIIFall15DR76-2017-0315-180531', 'cacheurl': u'https://cmsweb.cern.ch/crabcache', 'nonprodsw': 0, 'tfileoutfiles': ['ntuple.root'], 'oneEventMode': 0, 'debugfilename': 'b5a3a7cb9b346f973be8a7c3724325fd76c5c84b892b927176b61378bbc864b9.tar.gz', 'saveoutput': 1, 'publication': 1, 'jobarch': 'slc6_amd64_gcc493', 'totalunits': 1000, 'splitalgo': 'FileBased', 'ignoreglobalblacklist': 0, 'nonvaliddata': 0, 'dbsurl': 'https://cmsweb.cern.ch/dbs/prod/global/DBSReader', 'publishgroupname': 0, 'jobtype': 'Analysis', 'siteblacklist': ['T2_US_Purdue'], 'publishname2': 'Analysis-20170315'} 
DEBUG 2017-03-15 18:06:02,251: 	 Encoded submit request: maxjobruntime=1250&ignorelocality=1&savelogsflag=0&useparent=0&asyncdest=T3_US_UMD&algoargs=1&cachefilename=ccf5b27fe4b53ad774be5f70e5085a107f3a3564f9c5fa3811804e7f91f04082.tar.gz&numcores=1&generator=pythia&maxmemory=2000&publishdbsurl=https%3A%2F%2Fcmsweb.cern.ch%2Fdbs%2Fprod%2Fphys03%2FDBSWriter&priority=30&jobsw=CMSSW_7_6_3&primarydataset=&inputdata=%2FGJets_HT-400To600_TuneCUETP8M1_13TeV-madgraphMLM-pythia8%2FRunIIFall15DR76-PU25nsData2015v1_76X_mcRun2_asymptotic_v12-v1%2FAODSIM&lfn=%2Fstore%2Fuser%2Fyofeng%2FGJet%2Fntuple%2FAnalysis-20170315-v6%2FGJets_HT-400To600_RunIIFall15DR76%2F&dryrun=0&workflow=crab_Analysis-20170315-GJets_HT-400To600_RunIIFall15DR76-2017-0315-180531&cacheurl=https%3A%2F%2Fcmsweb.cern.ch%2Fcrabcache&nonprodsw=0&oneEventMode=0&debugfilename=b5a3a7cb9b346f973be8a7c3724325fd76c5c84b892b927176b61378bbc864b9.tar.gz&saveoutput=1&publication=1&jobarch=slc6_amd64_gcc493&totalunits=1000&splitalgo=FileBased&ignoreglobalblacklist=0&nonvaliddata=0&dbsurl=https%3A%2F%2Fcmsweb.cern.ch%2Fdbs%2Fprod%2Fglobal%2FDBSReader&publishgroupname=0&jobtype=Analysis&publishname2=Analysis-20170315&siteblacklist=T2_US_Purdue&tfileoutfiles=ntuple.root&edmoutfiles=output.root
DEBUG 2017-03-15 18:06:03,957: 	 Result: {u'result': [{u'RequestName': u'170315_220603:yofeng_crab_Analysis-20170315-GJets_HT-400To600_RunIIFall15DR76-2017-0315-180531'}]}
INFO 2017-03-15 18:06:03,959: 	 Success: Your task has been delivered to the CRAB3 server.
INFO 2017-03-15 18:06:03,959: 	 Task name: 170315_220603:yofeng_crab_Analysis-20170315-GJets_HT-400To600_RunIIFall15DR76-2017-0315-180531
INFO 2017-03-15 18:06:03,959: 	 Please use 'crab status' to check how the submission process proceeds.
DEBUG 2017-03-15 18:06:03,959: 	 About to return
DEBUG 2017-03-15 18:37:36,404: 	 Executing command: 'status'
DEBUG 2017-03-15 18:37:36,404: 	 Found CRAB cache file /home/fengyb/.crab3
DEBUG 2017-03-15 18:37:36,412: 	 Checking credentials
DEBUG 2017-03-15 18:37:36,412: 	 Found proxy file /tmp/x509up_u1701
DEBUG 2017-03-15 18:37:36,412: 	 Getting proxy life time left
DEBUG 2017-03-15 18:37:36,516: 	 Executing : 
 command : voms-proxy-info -file /tmp/x509up_u1701 -timeleft
 output : 40587

 error: 
 retcode : 0
DEBUG 2017-03-15 18:37:36,619: 	 Executing : 
 command : voms-proxy-info -file /tmp/x509up_u1701 -actimeleft
 output : 40587

 error: 
 retcode : 0
DEBUG 2017-03-15 18:37:36,620: 	 Proxy valid for 11:16:27 hours
DEBUG 2017-03-15 18:37:36,730: 	 Executing : 
 command : openssl x509 -in ~/.globus/usercert.pem -subject -noout
 output : subject= /DC=ch/DC=cern/OU=Organic Units/OU=Users/CN=yofeng/CN=785825/CN=Yongbin Feng

 error: 
 retcode : 0
DEBUG 2017-03-15 18:37:36,731: 	 Checking credentials
DEBUG 2017-03-15 18:37:36,731: 	 Found proxy file /tmp/x509up_u1701
DEBUG 2017-03-15 18:37:36,731: 	 Getting proxy life time left
DEBUG 2017-03-15 18:37:36,834: 	 Executing : 
 command : voms-proxy-info -file /tmp/x509up_u1701 -timeleft
 output : 40587

 error: 
 retcode : 0
DEBUG 2017-03-15 18:37:36,937: 	 Executing : 
 command : voms-proxy-info -file /tmp/x509up_u1701 -actimeleft
 output : 40587

 error: 
 retcode : 0
DEBUG 2017-03-15 18:37:36,938: 	 Proxy valid for 11:16:27 hours
DEBUG 2017-03-15 18:37:38,798: 	 Registering user credentials for server /DC=ch/DC=cern/OU=computers/CN=vocms(045|052|021|031|0118|0118a|0119|0108|0105).cern.ch
DEBUG 2017-03-15 18:37:38,906: 	 Executing : 
 command : openssl x509 -in ~/.globus/usercert.pem -subject -noout
 output : subject= /DC=ch/DC=cern/OU=Organic Units/OU=Users/CN=yofeng/CN=785825/CN=Yongbin Feng

 error: 
 retcode : 0
DEBUG 2017-03-15 18:37:38,906: 	 Getting myproxy life time left for myproxy.cern.ch
DEBUG 2017-03-15 18:37:38,906: 	 Calculating hash of /DC=ch/DC=cern/OU=Organic Units/OU=Users/CN=yofeng/CN=785825/CN=Yongbin Feng_cmsweb.cern.ch for credential name
DEBUG 2017-03-15 18:37:40,411: 	 Executing : 
 command : myproxy-info -l 46a32ae7e95f6185805e22dd0e47513ea7de8fa0 -s myproxy.cern.ch
 output : username: 46a32ae7e95f6185805e22dd0e47513ea7de8fa0
owner: /DC=ch/DC=cern/OU=Organic Units/OU=Users/CN=yofeng/CN=785825/CN=Yongbin Feng
  renewal policy: /DC=ch/DC=cern/OU=computers/CN=vocms(045|052|021|031|0118|0118a|0119|0108|0105).cern.ch
  trusted retrieval policy: /DC=ch/DC=cern/OU=computers/CN=vocms(045|052|021|031|0118|0118a|0119|0108|0105).cern.ch
  timeleft: 380:16:59  (15.8 days)

 error: 
 retcode : 0
DEBUG 2017-03-15 18:37:40,412: 	 Myproxy is valid: 1369019
DEBUG 2017-03-15 18:37:40,413: 	 Command use: status
DEBUG 2017-03-15 18:37:40,413: 	 Options use: ['-d', 'crab_Analysis-20170315-GJets_HT-400To600_RunIIFall15DR76-2017-0315-180531']
DEBUG 2017-03-15 18:37:42,345: 	 CRABClient version: 3.3.1703
DEBUG 2017-03-15 18:37:42,345: 	 Instance is prod
DEBUG 2017-03-15 18:37:42,345: 	 Server base url is cmsweb.cern.ch
DEBUG 2017-03-15 18:37:42,345: 	 Command url /crabserver/prod/workflow
DEBUG 2017-03-15 18:37:42,345: 	 Looking up detailed status of task 170315_220603:yofeng_crab_Analysis-20170315-GJets_HT-400To600_RunIIFall15DR76-2017-0315-180531
DEBUG 2017-03-15 18:37:44,128: 	 {u'status': u'SUBMITTED', u'username': u'yofeng', u'jobsPerStatus': {u'failed': 36, u'running': 138, u'transferring': 2, u'idle': 6}, u'jobs': {u'133': {u'State': u'running'}, u'132': {u'State': u'running'}, u'131': {u'State': u'running'}, u'130': {u'State': u'running'}, u'137': {u'State': u'running'}, u'136': {u'State': u'running'}, u'135': {u'State': u'running'}, u'134': {u'State': u'running'}, u'139': {u'State': u'running'}, u'138': {u'State': u'running'}, u'93': {u'State': u'failed', u'Error': [-1, u'The framework job report could be loaded, but no error message was found there.', {}]}, u'24': {u'State': u'running'}, u'25': {u'State': u'running'}, u'26': {u'State': u'running'}, u'27': {u'State': u'running'}, u'20': {u'State': u'running'}, u'21': {u'State': u'idle'}, u'22': {u'State': u'running'}, u'23': {u'State': u'running'}, u'95': {u'State': u'running'}, u'28': {u'State': u'running'}, u'29': {u'State': u'running'}, u'94': {u'State': u'running'}, u'4': {u'State': u'idle'}, u'8': {u'State': u'running'}, u'96': {u'State': u'running'}, u'68': {u'State': u'running'}, u'120': {u'State': u'running'}, u'121': {u'State': u'running'}, u'122': {u'State': u'running'}, u'123': {u'State': u'running'}, u'124': {u'State': u'running'}, u'125': {u'State': u'running'}, u'126': {u'State': u'running'}, u'127': {u'State': u'running'}, u'128': {u'State': u'running'}, u'129': {u'State': u'running'}, u'69': {u'State': u'running'}, u'91': {u'State': u'running'}, u'59': {u'State': u'running'}, u'58': {u'State': u'running'}, u'55': {u'State': u'running'}, u'54': {u'State': u'running'}, u'57': {u'State': u'running'}, u'56': {u'State': u'running'}, u'51': {u'State': u'running'}, u'50': {u'State': u'running'}, u'53': {u'State': u'running'}, u'52': {u'State': u'running'}, u'90': {u'State': u'running'}, u'66': {u'State': u'running'}, u'67': {u'State': u'running'}, u'115': {u'State': u'failed', u'Error': [-1, u'The framework job report could be loaded, but no error message was found there.', {}]}, u'114': {u'State': u'failed', u'Error': [-1, u'The framework job report could be loaded, but no error message was found there.', {}]}, u'88': {u'State': u'running'}, u'89': {u'State': u'running'}, u'111': {u'State': u'failed', u'Error': [-1, u'The framework job report could be loaded, but no error message was found there.', {}]}, u'110': {u'State': u'failed', u'Error': [-1, u'The framework job report could be loaded, but no error message was found there.', {}]}, u'113': {u'State': u'failed', u'Error': [-1, u'The framework job report could be loaded, but no error message was found there.', {}]}, u'112': {u'State': u'failed', u'Error': [-1, u'The framework job report could be loaded, but no error message was found there.', {}]}, u'82': {u'State': u'running'}, u'83': {u'State': u'running'}, u'80': {u'State': u'running'}, u'81': {u'State': u'running'}, u'119': {u'State': u'running'}, u'118': {u'State': u'running'}, u'84': {u'State': u'running'}, u'85': {u'State': u'running'}, u'3': {u'State': u'idle'}, u'7': {u'State': u'running'}, u'92': {u'State': u'running'}, u'108': {u'State': u'failed', u'Error': [-1, u'The framework job report could be loaded, but no error message was found there.', {}]}, u'109': {u'State': u'failed', u'Error': [-1, u'The framework job report could be loaded, but no error message was found there.', {}]}, u'102': {u'State': u'idle'}, u'103': {u'State': u'failed', u'Error': [-1, u'The framework job report could be loaded, but no error message was found there.', {}]}, u'100': {u'State': u'running'}, u'101': {u'State': u'running'}, u'106': {u'State': u'failed', u'Error': [-1, u'The framework job report could be loaded, but no error message was found there.', {}]}, u'107': {u'State': u'failed', u'Error': [-1, u'The framework job report could be loaded, but no error message was found there.', {}]}, u'104': {u'State': u'failed', u'Error': [-1, u'The framework job report could be loaded, but no error message was found there.', {}]}, u'105': {u'State': u'failed', u'Error': [-1, u'The framework job report could be loaded, but no error message was found there.', {}]}, u'39': {u'State': u'running'}, u'38': {u'State': u'running'}, u'33': {u'State': u'running'}, u'32': {u'State': u'running'}, u'31': {u'State': u'running'}, u'30': {u'State': u'running'}, u'37': {u'State': u'running'}, u'36': {u'State': u'running'}, u'35': {u'State': u'running'}, u'34': {u'State': u'running'}, u'60': {u'State': u'running'}, u'61': {u'State': u'running'}, u'62': {u'State': u'running'}, u'63': {u'State': u'running'}, u'64': {u'State': u'running'}, u'65': {u'State': u'running'}, u'179': {u'State': u'running'}, u'178': {u'State': u'running'}, u'177': {u'State': u'running'}, u'176': {u'State': u'running'}, u'175': {u'State': u'running'}, u'174': {u'State': u'running'}, u'173': {u'State': u'running'}, u'172': {u'State': u'running'}, u'171': {u'State': u'running'}, u'170': {u'State': u'running'}, u'182': {u'State': u'running'}, u'180': {u'State': u'running'}, u'181': {u'State': u'running'}, u'6': {u'State': u'running'}, u'97': {u'State': u'running'}, u'99': {u'State': u'running'}, u'98': {u'State': u'running'}, u'168': {u'State': u'running'}, u'169': {u'State': u'running'}, u'164': {u'State': u'running'}, u'165': {u'State': u'running'}, u'166': {u'State': u'running'}, u'167': {u'State': u'running'}, u'160': {u'State': u'failed', u'Error': [-1, u'The framework job report could be loaded, but no error message was found there.', {}]}, u'161': {u'State': u'failed', u'Error': [-1, u'The framework job report could be loaded, but no error message was found there.', {}]}, u'162': {u'State': u'failed', u'Error': [-1, u'The framework job report could be loaded, but no error message was found there.', {}]}, u'163': {u'State': u'failed', u'Error': [-1, u'The framework job report could be loaded, but no error message was found there.', {}]}, u'11': {u'State': u'running'}, u'10': {u'State': u'running'}, u'13': {u'State': u'running'}, u'12': {u'State': u'running'}, u'15': {u'State': u'running'}, u'14': {u'State': u'running'}, u'17': {u'State': u'running'}, u'16': {u'State': u'running'}, u'19': {u'State': u'running'}, u'18': {u'State': u'transferring'}, u'117': {u'State': u'running'}, u'116': {u'State': u'running'}, u'151': {u'State': u'failed', u'Error': [-1, u'The framework job report could be loaded, but no error message was found there.', {}]}, u'150': {u'State': u'failed', u'Error': [-1, u'The framework job report could be loaded, but no error message was found there.', {}]}, u'153': {u'State': u'failed', u'Error': [-1, u'The framework job report could be loaded, but no error message was found there.', {}]}, u'152': {u'State': u'failed', u'Error': [-1, u'The framework job report could be loaded, but no error message was found there.', {}]}, u'155': {u'State': u'failed', u'Error': [-1, u'The framework job report could be loaded, but no error message was found there.', {}]}, u'154': {u'State': u'failed', u'Error': [-1, u'The framework job report could be loaded, but no error message was found there.', {}]}, u'157': {u'State': u'failed', u'Error': [-1, u'The framework job report could be loaded, but no error message was found there.', {}]}, u'156': {u'State': u'failed', u'Error': [-1, u'The framework job report could be loaded, but no error message was found there.', {}]}, u'159': {u'State': u'failed', u'Error': [-1, u'The framework job report could be loaded, but no error message was found there.', {}]}, u'158': {u'State': u'failed', u'Error': [-1, u'The framework job report could be loaded, but no error message was found there.', {}]}, u'48': {u'State': u'running'}, u'49': {u'State': u'running'}, u'46': {u'State': u'running'}, u'86': {u'State': u'running'}, u'44': {u'State': u'running'}, u'45': {u'State': u'running'}, u'42': {u'State': u'running'}, u'43': {u'State': u'running'}, u'40': {u'State': u'running'}, u'87': {u'State': u'running'}, u'1': {u'State': u'running'}, u'5': {u'State': u'idle'}, u'9': {u'State': u'running'}, u'146': {u'State': u'failed', u'Error': [-1, u'The framework job report could be loaded, but no error message was found there.', {}]}, u'147': {u'State': u'failed', u'Error': [-1, u'The framework job report could be loaded, but no error message was found there.', {}]}, u'144': {u'State': u'running'}, u'145': {u'State': u'failed', u'Error': [-1, u'The framework job report could be loaded, but no error message was found there.', {}]}, u'142': {u'State': u'running'}, u'143': {u'State': u'failed', u'Error': [-1, u'The framework job report could be loaded, but no error message was found there.', {}]}, u'140': {u'State': u'running'}, u'141': {u'State': u'running'}, u'148': {u'State': u'failed', u'Error': [-1, u'The framework job report could be loaded, but no error message was found there.', {}]}, u'149': {u'State': u'failed', u'Error': [-1, u'The framework job report could be loaded, but no error message was found there.', {}]}, u'77': {u'State': u'running'}, u'76': {u'State': u'running'}, u'75': {u'State': u'running'}, u'74': {u'State': u'running'}, u'73': {u'State': u'failed', u'Error': [-1, u'The framework job report could be loaded, but no error message was found there.', {}]}, u'72': {u'State': u'running'}, u'71': {u'State': u'running'}, u'70': {u'State': u'failed', u'Error': [-1, u'The framework job report could be loaded, but no error message was found there.', {}]}, u'79': {u'State': u'running'}, u'78': {u'State': u'running'}, u'2': {u'State': u'idle'}, u'41': {u'State': u'running'}, u'47': {u'State': u'transferring'}}, u'publication': {}, u'taskWarningMsg': [], u'schedd': u'crab3@vocms0196.cern.ch', u'publicationFailures': {}, u'outdatasets': None, u'statusFailureMsg': u'', u'taskFailureMsg': u'', u'failedJobdefs': 0, u'ASOURL': u'https://cmsweb.cern.ch/couchdb2', u'command': u'SUBMIT', u'totalJobdefs': 0, u'submissionTime': 1489615563, u'jobdefErrors': [], u'collector': u'cmsgwms-collector-global.cern.ch:9620,cmssrv221.fnal.gov:9620', u'jobList': [[u'running', 165], [u'running', 133], [u'running', 132], [u'running', 131], [u'running', 130], [u'running', 137], [u'running', 136], [u'running', 135], [u'running', 134], [u'running', 139], [u'running', 138], [u'running', 166], [u'running', 24], [u'running', 25], [u'running', 26], [u'running', 27], [u'running', 20], [u'idle', 21], [u'running', 22], [u'running', 23], [u'failed', 160], [u'running', 28], [u'running', 29], [u'failed', 161], [u'idle', 4], [u'running', 8], [u'failed', 163], [u'running', 119], [u'running', 120], [u'running', 121], [u'running', 122], [u'running', 123], [u'running', 124], [u'running', 125], [u'running', 126], [u'running', 127], [u'running', 128], [u'running', 129], [u'running', 167], [u'running', 118], [u'running', 59], [u'running', 58], [u'running', 55], [u'running', 54], [u'running', 57], [u'running', 56], [u'running', 51], [u'running', 50], [u'running', 53], [u'running', 52], [u'running', 164], [u'running', 179], [u'running', 178], [u'failed', 115], [u'failed', 114], [u'running', 88], [u'running', 89], [u'failed', 111], [u'failed', 110], [u'failed', 113], [u'failed', 112], [u'running', 82], [u'running', 83], [u'running', 80], [u'running', 81], [u'running', 86], [u'running', 87], [u'running', 84], [u'running', 85], [u'idle', 3], [u'running', 177], [u'running', 7], [u'failed', 108], [u'failed', 109], [u'idle', 102], [u'failed', 103], [u'running', 100], [u'running', 101], [u'failed', 106], [u'failed', 107], [u'failed', 104], [u'failed', 105], [u'running', 39], [u'running', 38], [u'running', 33], [u'running', 32], [u'running', 31], [u'running', 30], [u'running', 37], [u'running', 36], [u'running', 35], [u'running', 34], [u'running', 176], [u'running', 60], [u'running', 61], [u'running', 62], [u'running', 63], [u'running', 64], [u'running', 65], [u'running', 66], [u'running', 67], [u'running', 68], [u'running', 69], [u'running', 175], [u'running', 174], [u'running', 173], [u'running', 172], [u'running', 171], [u'running', 170], [u'running', 181], [u'running', 182], [u'running', 180], [u'idle', 2], [u'failed', 162], [u'running', 6], [u'running', 99], [u'running', 98], [u'running', 168], [u'running', 169], [u'running', 91], [u'running', 90], [u'failed', 93], [u'running', 92], [u'running', 95], [u'running', 94], [u'running', 97], [u'running', 96], [u'running', 11], [u'running', 10], [u'running', 13], [u'running', 12], [u'running', 15], [u'running', 14], [u'running', 17], [u'running', 16], [u'running', 19], [u'transferring', 18], [u'running', 117], [u'running', 116], [u'failed', 151], [u'failed', 150], [u'failed', 153], [u'failed', 152], [u'failed', 155], [u'failed', 154], [u'failed', 157], [u'failed', 156], [u'failed', 159], [u'failed', 158], [u'running', 48], [u'running', 49], [u'running', 46], [u'transferring', 47], [u'running', 44], [u'running', 45], [u'running', 42], [u'running', 43], [u'running', 40], [u'running', 41], [u'running', 1], [u'idle', 5], [u'running', 9], [u'failed', 146], [u'failed', 147], [u'running', 144], [u'failed', 145], [u'running', 142], [u'failed', 143], [u'running', 140], [u'running', 141], [u'failed', 148], [u'failed', 149], [u'running', 77], [u'running', 76], [u'running', 75], [u'running', 74], [u'failed', 73], [u'running', 72], [u'running', 71], [u'failed', 70], [u'running', 79], [u'running', 78]]}
INFO 2017-03-15 18:37:44,128: 	 CRAB project directory:		/data/users/fengyb/CMSSW_7_6_3/src/EmergingJetAnalysis/crabTasks/crab_Analysis-20170315-2017-0315-v6/crab_Analysis-20170315-GJets_HT-400To600_RunIIFall15DR76-2017-0315-180531
INFO 2017-03-15 18:37:44,128: 	 Task name:			170315_220603:yofeng_crab_Analysis-20170315-GJets_HT-400To600_RunIIFall15DR76-2017-0315-180531
INFO 2017-03-15 18:37:44,128: 	 Grid scheduler:			crab3@vocms0196.cern.ch
INFO 2017-03-15 18:37:44,128: 	 Task status:			SUBMITTED
INFO 2017-03-15 18:37:44,129: 	 Task URL to use for HELP:	https://cmsweb.cern.ch/crabserver/ui/task/170315_220603%3Ayofeng_crab_Analysis-20170315-GJets_HT-400To600_RunIIFall15DR76-2017-0315-180531
INFO 2017-03-15 18:37:44,129: 	 Dashboard monitoring URL:	http://dashb-cms-job.cern.ch/dashboard/templates/task-analysis/#user=yofeng&table=Mains&pattern=170315_220603%3Ayofeng_crab_Analysis-20170315-GJets_HT-400To600_RunIIFall15DR76-2017-0315-180531
INFO 2017-03-15 18:37:44,129: 	 
Jobs status:			failed         19.8% ( 36/182)
INFO 2017-03-15 18:37:44,129: 	 				idle            3.3% (  6/182)
INFO 2017-03-15 18:37:44,129: 	 				running        75.8% (138/182)
INFO 2017-03-15 18:37:44,129: 	 				transferring    1.1% (  2/182)
INFO 2017-03-15 18:37:44,129: 	 
No publication information available yet
INFO 2017-03-15 18:37:44,129: 	 
Error Summary: (use crab status --verboseErrors for details about the errors)

 36 jobs failed with exit code -1

Have a look at https://twiki.cern.ch/twiki/bin/viewauth/CMSPublic/JobExitCodes for a description of the exit codes.
INFO 2017-03-15 18:37:44,133: 	 Log file is /data/users/fengyb/CMSSW_7_6_3/src/EmergingJetAnalysis/crabTasks/crab_Analysis-20170315-2017-0315-v6/crab_Analysis-20170315-GJets_HT-400To600_RunIIFall15DR76-2017-0315-180531/crab.log
DEBUG 2017-03-15 18:37:51,772: 	 Executing command: 'resubmit'
DEBUG 2017-03-15 18:37:51,773: 	 Found CRAB cache file /home/fengyb/.crab3
DEBUG 2017-03-15 18:37:51,780: 	 Checking credentials
DEBUG 2017-03-15 18:37:51,780: 	 Found proxy file /tmp/x509up_u1701
DEBUG 2017-03-15 18:37:51,780: 	 Getting proxy life time left
DEBUG 2017-03-15 18:37:51,883: 	 Executing : 
 command : voms-proxy-info -file /tmp/x509up_u1701 -timeleft
 output : 40572

 error: 
 retcode : 0
DEBUG 2017-03-15 18:37:51,987: 	 Executing : 
 command : voms-proxy-info -file /tmp/x509up_u1701 -actimeleft
 output : 40572

 error: 
 retcode : 0
DEBUG 2017-03-15 18:37:51,987: 	 Proxy valid for 11:16:12 hours
DEBUG 2017-03-15 18:37:52,098: 	 Executing : 
 command : openssl x509 -in ~/.globus/usercert.pem -subject -noout
 output : subject= /DC=ch/DC=cern/OU=Organic Units/OU=Users/CN=yofeng/CN=785825/CN=Yongbin Feng

 error: 
 retcode : 0
DEBUG 2017-03-15 18:37:52,098: 	 Checking credentials
DEBUG 2017-03-15 18:37:52,098: 	 Found proxy file /tmp/x509up_u1701
DEBUG 2017-03-15 18:37:52,098: 	 Getting proxy life time left
DEBUG 2017-03-15 18:37:52,201: 	 Executing : 
 command : voms-proxy-info -file /tmp/x509up_u1701 -timeleft
 output : 40571

 error: 
 retcode : 0
DEBUG 2017-03-15 18:37:52,305: 	 Executing : 
 command : voms-proxy-info -file /tmp/x509up_u1701 -actimeleft
 output : 40571

 error: 
 retcode : 0
DEBUG 2017-03-15 18:37:52,305: 	 Proxy valid for 11:16:11 hours
DEBUG 2017-03-15 18:37:53,470: 	 Registering user credentials for server /DC=ch/DC=cern/OU=computers/CN=vocms(045|052|021|031|0118|0118a|0119|0108|0105).cern.ch
DEBUG 2017-03-15 18:37:53,579: 	 Executing : 
 command : openssl x509 -in ~/.globus/usercert.pem -subject -noout
 output : subject= /DC=ch/DC=cern/OU=Organic Units/OU=Users/CN=yofeng/CN=785825/CN=Yongbin Feng

 error: 
 retcode : 0
DEBUG 2017-03-15 18:37:53,579: 	 Getting myproxy life time left for myproxy.cern.ch
DEBUG 2017-03-15 18:37:53,579: 	 Calculating hash of /DC=ch/DC=cern/OU=Organic Units/OU=Users/CN=yofeng/CN=785825/CN=Yongbin Feng_cmsweb.cern.ch for credential name
DEBUG 2017-03-15 18:37:54,483: 	 Executing : 
 command : myproxy-info -l 46a32ae7e95f6185805e22dd0e47513ea7de8fa0 -s myproxy.cern.ch
 output : username: 46a32ae7e95f6185805e22dd0e47513ea7de8fa0
owner: /DC=ch/DC=cern/OU=Organic Units/OU=Users/CN=yofeng/CN=785825/CN=Yongbin Feng
  renewal policy: /DC=ch/DC=cern/OU=computers/CN=vocms(045|052|021|031|0118|0118a|0119|0108|0105).cern.ch
  trusted retrieval policy: /DC=ch/DC=cern/OU=computers/CN=vocms(045|052|021|031|0118|0118a|0119|0108|0105).cern.ch
  timeleft: 380:16:45  (15.8 days)

 error: 
 retcode : 0
DEBUG 2017-03-15 18:37:54,484: 	 Myproxy is valid: 1369005
DEBUG 2017-03-15 18:37:54,484: 	 Command use: resubmit
DEBUG 2017-03-15 18:37:54,484: 	 Options use: ['-d', 'crab_Analysis-20170315-GJets_HT-400To600_RunIIFall15DR76-2017-0315-180531']
DEBUG 2017-03-15 18:37:55,663: 	 CRABClient version: 3.3.1703
DEBUG 2017-03-15 18:37:55,663: 	 Instance is prod
DEBUG 2017-03-15 18:37:55,663: 	 Server base url is cmsweb.cern.ch
DEBUG 2017-03-15 18:37:55,663: 	 Command url /crabserver/prod/workflow
DEBUG 2017-03-15 18:37:55,663: 	 Requesting resubmission of failed jobs in task 170315_220603:yofeng_crab_Analysis-20170315-GJets_HT-400To600_RunIIFall15DR76-2017-0315-180531
INFO 2017-03-15 18:37:55,663: 	 Sending resubmit request to the server.
DEBUG 2017-03-15 18:37:55,663: 	 Submitting {'publication': 0, 'force': 0, 'subresource': 'resubmit', 'workflow': u'170315_220603:yofeng_crab_Analysis-20170315-GJets_HT-400To600_RunIIFall15DR76-2017-0315-180531'} 
DEBUG 2017-03-15 18:37:55,663: 	 Encoded resubmit request: publication=0&force=0&subresource=resubmit&workflow=170315_220603%3Ayofeng_crab_Analysis-20170315-GJets_HT-400To600_RunIIFall15DR76-2017-0315-180531
DEBUG 2017-03-15 18:37:57,157: 	 Result: {u'result': [{u'result': u'ok'}], u'desc': {u'columns': [u'tm_site_blacklist', u'tm_site_whitelist', u'tm_maxjobruntime', u'tm_maxmemory', u'tm_numcores', u'tm_priority']}}
INFO 2017-03-15 18:37:57,157: 	 Resubmit request sent to the server.
INFO 2017-03-15 18:37:57,158: 	 Please use 'crab status' to check how the resubmission process proceeds.
Notice it may take a couple of minutes for the resubmission to get fully processed.
INFO 2017-03-15 18:37:57,160: 	 Log file is /data/users/fengyb/CMSSW_7_6_3/src/EmergingJetAnalysis/crabTasks/crab_Analysis-20170315-2017-0315-v6/crab_Analysis-20170315-GJets_HT-400To600_RunIIFall15DR76-2017-0315-180531/crab.log
DEBUG 2017-03-15 22:08:46,888: 	 Executing command: 'status'
DEBUG 2017-03-15 22:08:46,889: 	 Found CRAB cache file /home/fengyb/.crab3
DEBUG 2017-03-15 22:08:46,898: 	 Checking credentials
DEBUG 2017-03-15 22:08:46,899: 	 Found proxy file /tmp/x509up_u1701
DEBUG 2017-03-15 22:08:46,899: 	 Getting proxy life time left
DEBUG 2017-03-15 22:08:47,007: 	 Executing : 
 command : voms-proxy-info -file /tmp/x509up_u1701 -timeleft
 output : 42911

 error: 
 retcode : 0
DEBUG 2017-03-15 22:08:47,115: 	 Executing : 
 command : voms-proxy-info -file /tmp/x509up_u1701 -actimeleft
 output : 42910

 error: 
 retcode : 0
DEBUG 2017-03-15 22:08:47,115: 	 Proxy valid for 11:55:11 hours
DEBUG 2017-03-15 22:08:47,234: 	 Executing : 
 command : openssl x509 -in ~/.globus/usercert.pem -subject -noout
 output : subject= /DC=ch/DC=cern/OU=Organic Units/OU=Users/CN=yofeng/CN=785825/CN=Yongbin Feng

 error: 
 retcode : 0
DEBUG 2017-03-15 22:08:47,235: 	 Checking credentials
DEBUG 2017-03-15 22:08:47,235: 	 Found proxy file /tmp/x509up_u1701
DEBUG 2017-03-15 22:08:47,235: 	 Getting proxy life time left
DEBUG 2017-03-15 22:08:47,340: 	 Executing : 
 command : voms-proxy-info -file /tmp/x509up_u1701 -timeleft
 output : 42910

 error: 
 retcode : 0
DEBUG 2017-03-15 22:08:47,449: 	 Executing : 
 command : voms-proxy-info -file /tmp/x509up_u1701 -actimeleft
 output : 42910

 error: 
 retcode : 0
DEBUG 2017-03-15 22:08:47,449: 	 Proxy valid for 11:55:10 hours
DEBUG 2017-03-15 22:08:48,731: 	 Registering user credentials for server /DC=ch/DC=cern/OU=computers/CN=vocms(045|052|021|031|0118|0118a|0119|0108|0105).cern.ch
DEBUG 2017-03-15 22:08:48,847: 	 Executing : 
 command : openssl x509 -in ~/.globus/usercert.pem -subject -noout
 output : subject= /DC=ch/DC=cern/OU=Organic Units/OU=Users/CN=yofeng/CN=785825/CN=Yongbin Feng

 error: 
 retcode : 0
DEBUG 2017-03-15 22:08:48,847: 	 Getting myproxy life time left for myproxy.cern.ch
DEBUG 2017-03-15 22:08:48,847: 	 Calculating hash of /DC=ch/DC=cern/OU=Organic Units/OU=Users/CN=yofeng/CN=785825/CN=Yongbin Feng_cmsweb.cern.ch for credential name
DEBUG 2017-03-15 22:08:49,756: 	 Executing : 
 command : myproxy-info -l 46a32ae7e95f6185805e22dd0e47513ea7de8fa0 -s myproxy.cern.ch
 output : username: 46a32ae7e95f6185805e22dd0e47513ea7de8fa0
owner: /DC=ch/DC=cern/OU=Organic Units/OU=Users/CN=yofeng/CN=785825/CN=Yongbin Feng
  renewal policy: /DC=ch/DC=cern/OU=computers/CN=vocms(045|052|021|031|0118|0118a|0119|0108|0105).cern.ch
  trusted retrieval policy: /DC=ch/DC=cern/OU=computers/CN=vocms(045|052|021|031|0118|0118a|0119|0108|0105).cern.ch
  timeleft: 376:45:50  (15.7 days)

 error: 
 retcode : 0
DEBUG 2017-03-15 22:08:49,759: 	 Myproxy is valid: 1356350
DEBUG 2017-03-15 22:08:49,759: 	 Command use: status
DEBUG 2017-03-15 22:08:49,759: 	 Options use: ['-d', 'crab_Analysis-20170315-GJets_HT-400To600_RunIIFall15DR76-2017-0315-180531/']
DEBUG 2017-03-15 22:08:50,982: 	 CRABClient version: 3.3.1703
DEBUG 2017-03-15 22:08:50,982: 	 Instance is prod
DEBUG 2017-03-15 22:08:50,982: 	 Server base url is cmsweb.cern.ch
DEBUG 2017-03-15 22:08:50,982: 	 Command url /crabserver/prod/workflow
DEBUG 2017-03-15 22:08:50,982: 	 Looking up detailed status of task 170315_220603:yofeng_crab_Analysis-20170315-GJets_HT-400To600_RunIIFall15DR76-2017-0315-180531
DEBUG 2017-03-15 22:08:53,127: 	 {u'status': u'SUBMITTED', u'username': u'yofeng', u'jobsPerStatus': {u'failed': 3, u'finished': 114, u'transferring': 22, u'running': 43}, u'jobs': {u'133': {u'State': u'finished'}, u'132': {u'State': u'finished'}, u'131': {u'State': u'finished'}, u'130': {u'State': u'finished'}, u'137': {u'State': u'finished'}, u'136': {u'State': u'finished'}, u'135': {u'State': u'transferring'}, u'134': {u'State': u'finished'}, u'139': {u'State': u'finished'}, u'138': {u'State': u'finished'}, u'93': {u'State': u'finished'}, u'24': {u'State': u'finished'}, u'25': {u'State': u'finished'}, u'26': {u'State': u'finished'}, u'27': {u'State': u'transferring'}, u'20': {u'State': u'finished'}, u'21': {u'State': u'finished'}, u'22': {u'State': u'finished'}, u'23': {u'State': u'finished'}, u'95': {u'State': u'finished'}, u'28': {u'State': u'running'}, u'29': {u'State': u'finished'}, u'94': {u'State': u'finished'}, u'4': {u'State': u'running'}, u'8': {u'State': u'finished'}, u'96': {u'State': u'running'}, u'68': {u'State': u'transferring'}, u'120': {u'State': u'running'}, u'121': {u'State': u'transferring'}, u'122': {u'State': u'finished'}, u'123': {u'State': u'finished'}, u'124': {u'State': u'finished'}, u'125': {u'State': u'transferring'}, u'126': {u'State': u'finished'}, u'127': {u'State': u'finished'}, u'128': {u'State': u'finished'}, u'129': {u'State': u'running'}, u'69': {u'State': u'running'}, u'91': {u'State': u'finished'}, u'59': {u'State': u'transferring'}, u'58': {u'State': u'running'}, u'55': {u'State': u'transferring'}, u'54': {u'State': u'running'}, u'57': {u'State': u'running'}, u'56': {u'State': u'running'}, u'51': {u'State': u'running'}, u'50': {u'State': u'finished'}, u'53': {u'State': u'transferring'}, u'52': {u'State': u'finished'}, u'90': {u'State': u'running'}, u'66': {u'State': u'running'}, u'67': {u'State': u'running'}, u'115': {u'State': u'finished'}, u'114': {u'State': u'transferring'}, u'88': {u'State': u'finished'}, u'89': {u'State': u'finished'}, u'111': {u'State': u'transferring'}, u'110': {u'State': u'finished'}, u'113': {u'State': u'finished'}, u'112': {u'State': u'finished'}, u'82': {u'State': u'finished'}, u'83': {u'State': u'finished'}, u'80': {u'State': u'finished'}, u'81': {u'State': u'finished'}, u'119': {u'State': u'running'}, u'118': {u'State': u'finished'}, u'84': {u'State': u'finished'}, u'85': {u'State': u'finished'}, u'3': {u'State': u'transferring'}, u'7': {u'State': u'finished'}, u'92': {u'State': u'finished'}, u'108': {u'State': u'finished'}, u'109': {u'State': u'finished'}, u'102': {u'State': u'running'}, u'103': {u'State': u'finished'}, u'100': {u'State': u'finished'}, u'101': {u'State': u'transferring'}, u'106': {u'State': u'running'}, u'107': {u'State': u'finished'}, u'104': {u'State': u'finished'}, u'105': {u'State': u'finished'}, u'39': {u'State': u'transferring'}, u'38': {u'State': u'finished'}, u'33': {u'State': u'finished'}, u'32': {u'State': u'running'}, u'31': {u'State': u'finished'}, u'30': {u'State': u'finished'}, u'37': {u'State': u'running'}, u'36': {u'State': u'running'}, u'35': {u'State': u'finished'}, u'34': {u'State': u'finished'}, u'60': {u'State': u'running'}, u'61': {u'State': u'finished'}, u'62': {u'State': u'transferring'}, u'63': {u'State': u'finished'}, u'64': {u'State': u'running'}, u'65': {u'State': u'running'}, u'179': {u'State': u'finished'}, u'178': {u'State': u'finished'}, u'177': {u'State': u'finished'}, u'176': {u'State': u'failed', u'Error': [50660, u'Job killed by HTCondor due to excessive memory use (RSS=2250 MB). Will not retry it.', {}]}, u'175': {u'State': u'finished'}, u'174': {u'State': u'finished'}, u'173': {u'State': u'failed', u'Error': [139, u"CmsRunFailure\nCMSSW error message follows.\nFatal Exception\nAn exception of category 'FileReadError' occurred while\n   [0] Calling InputSource::readEvent_\n   [1] Reading branch EventSelections\n   [2] Calling XrdFile::readv()\n   [3] XrdAdaptor::ClientRequest::HandleResponse() failure while running connection recovery\n   [4] Handling XrdAdaptor::RequestManager::requestFailure()\n   [5] In XrdAdaptor::RequestManager::OpenHandler::HandleResponseWithHosts()\nException Message:\nXrdCl::File::Open(name='root://xrootd-cms.infn.it//store/mc/RunIIFall15DR76/GJets_HT-400To600_TuneCUETP8M1_13TeV-madgraphMLM-pythia8/AODSIM/PU25nsData2015v1_76X_mcRun2_asymptotic_v12-v1/70000/E4EF4164-689F-E511-AB63-001E67397CC9.root', flags=0x10, permissions=0660) => error '[ERROR] Server responded with an error: [3011] No servers are available to read the file.\n' (errno=3011, code=400)\n   Additional Info:\n      [a] Original error: '[ERROR] Operation expired' (errno=0, code=206, source=200.136.80.180:24219 (unknown site)).\n      [b] Original failed source is 200.136.80.180:24219 (unknown site)\n      [c] Disabled source: 200.136.80.180:24219\n", {u'type': u'Fatal Exception', u'details': u"An exception of category 'FileReadError' occurred while\n   [0] Calling InputSource::readEvent_\n   [1] Reading branch EventSelections\n   [2] Calling XrdFile::readv()\n   [3] XrdAdaptor::ClientRequest::HandleResponse() failure while running connection recovery\n   [4] Handling XrdAdaptor::RequestManager::requestFailure()\n   [5] In XrdAdaptor::RequestManager::OpenHandler::HandleResponseWithHosts()\nException Message:\nXrdCl::File::Open(name='root://xrootd-cms.infn.it//store/mc/RunIIFall15DR76/GJets_HT-400To600_TuneCUETP8M1_13TeV-madgraphMLM-pythia8/AODSIM/PU25nsData2015v1_76X_mcRun2_asymptotic_v12-v1/70000/E4EF4164-689F-E511-AB63-001E67397CC9.root', flags=0x10, permissions=0660) => error '[ERROR] Server responded with an error: [3011] No servers are available to read the file.\n' (errno=3011, code=400)\n   Additional Info:\n      [a] Original error: '[ERROR] Operation expired' (errno=0, code=206, source=200.136.80.180:24219 (unknown site)).\n      [b] Original failed source is 200.136.80.180:24219 (unknown site)\n      [c] Disabled source: 200.136.80.180:24219", u'exitCode': u'8021'}]}, u'172': {u'State': u'finished'}, u'171': {u'State': u'running'}, u'170': {u'State': u'running'}, u'182': {u'State': u'running'}, u'180': {u'State': u'finished'}, u'181': {u'State': u'finished'}, u'6': {u'State': u'transferring'}, u'97': {u'State': u'running'}, u'99': {u'State': u'running'}, u'98': {u'State': u'finished'}, u'168': {u'State': u'finished'}, u'169': {u'State': u'finished'}, u'164': {u'State': u'finished'}, u'165': {u'State': u'finished'}, u'166': {u'State': u'finished'}, u'167': {u'State': u'failed', u'Error': [50660, u'Job killed by HTCondor due to excessive memory use (RSS=2500 MB). Will not retry it.', {}]}, u'160': {u'State': u'finished'}, u'161': {u'State': u'running'}, u'162': {u'State': u'transferring'}, u'163': {u'State': u'running'}, u'11': {u'State': u'finished'}, u'10': {u'State': u'finished'}, u'13': {u'State': u'finished'}, u'12': {u'State': u'finished'}, u'15': {u'State': u'running'}, u'14': {u'State': u'finished'}, u'17': {u'State': u'finished'}, u'16': {u'State': u'finished'}, u'19': {u'State': u'finished'}, u'18': {u'State': u'finished'}, u'117': {u'State': u'finished'}, u'116': {u'State': u'finished'}, u'151': {u'State': u'finished'}, u'150': {u'State': u'running'}, u'153': {u'State': u'finished'}, u'152': {u'State': u'running'}, u'155': {u'State': u'finished'}, u'154': {u'State': u'finished'}, u'157': {u'State': u'finished'}, u'156': {u'State': u'running'}, u'159': {u'State': u'transferring'}, u'158': {u'State': u'finished'}, u'48': {u'State': u'finished'}, u'49': {u'State': u'finished'}, u'46': {u'State': u'finished'}, u'86': {u'State': u'transferring'}, u'44': {u'State': u'finished'}, u'45': {u'State': u'finished'}, u'42': {u'State': u'finished'}, u'43': {u'State': u'finished'}, u'40': {u'State': u'finished'}, u'87': {u'State': u'transferring'}, u'1': {u'State': u'finished'}, u'5': {u'State': u'finished'}, u'9': {u'State': u'running'}, u'146': {u'State': u'transferring'}, u'147': {u'State': u'running'}, u'144': {u'State': u'finished'}, u'145': {u'State': u'running'}, u'142': {u'State': u'running'}, u'143': {u'State': u'finished'}, u'140': {u'State': u'finished'}, u'141': {u'State': u'finished'}, u'148': {u'State': u'finished'}, u'149': {u'State': u'transferring'}, u'77': {u'State': u'finished'}, u'76': {u'State': u'finished'}, u'75': {u'State': u'running'}, u'74': {u'State': u'finished'}, u'73': {u'State': u'running'}, u'72': {u'State': u'running'}, u'71': {u'State': u'transferring'}, u'70': {u'State': u'running'}, u'79': {u'State': u'finished'}, u'78': {u'State': u'finished'}, u'2': {u'State': u'running'}, u'41': {u'State': u'finished'}, u'47': {u'State': u'finished'}}, u'publication': {u'publishing': 0, u'publication_failed': 0, u'not_published': 135, u'published': 1}, u'taskWarningMsg': [], u'schedd': u'crab3@vocms0196.cern.ch', u'publicationFailures': {}, u'outdatasets': [u'/GJets_HT-400To600_TuneCUETP8M1_13TeV-madgraphMLM-pythia8/yofeng-Analysis-20170315-3916c1e008cecbed243ce9af6b0b45c9/USER'], u'statusFailureMsg': u'', u'taskFailureMsg': u'', u'failedJobdefs': 0, u'ASOURL': u'https://cmsweb.cern.ch/couchdb2', u'command': u'', u'totalJobdefs': 0, u'submissionTime': 1489615563, u'jobdefErrors': [], u'collector': u'cmsgwms-collector-global.cern.ch:9620,cmssrv221.fnal.gov:9620', u'jobList': [[u'finished', 165], [u'finished', 133], [u'finished', 132], [u'finished', 131], [u'finished', 130], [u'finished', 137], [u'finished', 136], [u'transferring', 135], [u'finished', 134], [u'finished', 139], [u'finished', 138], [u'finished', 166], [u'finished', 24], [u'finished', 25], [u'finished', 26], [u'transferring', 27], [u'finished', 20], [u'finished', 21], [u'finished', 22], [u'finished', 23], [u'finished', 160], [u'running', 28], [u'finished', 29], [u'running', 161], [u'running', 4], [u'finished', 8], [u'running', 163], [u'running', 119], [u'running', 120], [u'transferring', 121], [u'finished', 122], [u'finished', 123], [u'finished', 124], [u'transferring', 125], [u'finished', 126], [u'finished', 127], [u'finished', 128], [u'running', 129], [u'failed', 167], [u'finished', 118], [u'transferring', 59], [u'running', 58], [u'transferring', 55], [u'running', 54], [u'running', 57], [u'running', 56], [u'running', 51], [u'finished', 50], [u'transferring', 53], [u'finished', 52], [u'finished', 164], [u'finished', 179], [u'finished', 178], [u'finished', 115], [u'transferring', 114], [u'finished', 88], [u'finished', 89], [u'transferring', 111], [u'finished', 110], [u'finished', 113], [u'finished', 112], [u'finished', 82], [u'finished', 83], [u'finished', 80], [u'finished', 81], [u'transferring', 86], [u'transferring', 87], [u'finished', 84], [u'finished', 85], [u'transferring', 3], [u'finished', 177], [u'finished', 7], [u'finished', 108], [u'finished', 109], [u'running', 102], [u'finished', 103], [u'finished', 100], [u'transferring', 101], [u'running', 106], [u'finished', 107], [u'finished', 104], [u'finished', 105], [u'transferring', 39], [u'finished', 38], [u'finished', 33], [u'running', 32], [u'finished', 31], [u'finished', 30], [u'running', 37], [u'running', 36], [u'finished', 35], [u'finished', 34], [u'failed', 176], [u'running', 60], [u'finished', 61], [u'transferring', 62], [u'finished', 63], [u'running', 64], [u'running', 65], [u'running', 66], [u'running', 67], [u'transferring', 68], [u'running', 69], [u'finished', 175], [u'finished', 174], [u'failed', 173], [u'finished', 172], [u'running', 171], [u'running', 170], [u'finished', 181], [u'running', 182], [u'finished', 180], [u'running', 2], [u'transferring', 162], [u'transferring', 6], [u'running', 99], [u'finished', 98], [u'finished', 168], [u'finished', 169], [u'finished', 91], [u'running', 90], [u'finished', 93], [u'finished', 92], [u'finished', 95], [u'finished', 94], [u'running', 97], [u'running', 96], [u'finished', 11], [u'finished', 10], [u'finished', 13], [u'finished', 12], [u'running', 15], [u'finished', 14], [u'finished', 17], [u'finished', 16], [u'finished', 19], [u'finished', 18], [u'finished', 117], [u'finished', 116], [u'finished', 151], [u'running', 150], [u'finished', 153], [u'running', 152], [u'finished', 155], [u'finished', 154], [u'finished', 157], [u'running', 156], [u'transferring', 159], [u'finished', 158], [u'finished', 48], [u'finished', 49], [u'finished', 46], [u'finished', 47], [u'finished', 44], [u'finished', 45], [u'finished', 42], [u'finished', 43], [u'finished', 40], [u'finished', 41], [u'finished', 1], [u'finished', 5], [u'running', 9], [u'transferring', 146], [u'running', 147], [u'finished', 144], [u'running', 145], [u'running', 142], [u'finished', 143], [u'finished', 140], [u'finished', 141], [u'finished', 148], [u'transferring', 149], [u'finished', 77], [u'finished', 76], [u'running', 75], [u'finished', 74], [u'running', 73], [u'running', 72], [u'transferring', 71], [u'running', 70], [u'finished', 79], [u'finished', 78]]}
INFO 2017-03-15 22:08:53,128: 	 CRAB project directory:		/data/users/fengyb/CMSSW_7_6_3/src/EmergingJetAnalysis/crabTasks/crab_Analysis-20170315-2017-0315-v6/crab_Analysis-20170315-GJets_HT-400To600_RunIIFall15DR76-2017-0315-180531
INFO 2017-03-15 22:08:53,128: 	 Task name:			170315_220603:yofeng_crab_Analysis-20170315-GJets_HT-400To600_RunIIFall15DR76-2017-0315-180531
INFO 2017-03-15 22:08:53,128: 	 Grid scheduler:			crab3@vocms0196.cern.ch
INFO 2017-03-15 22:08:53,128: 	 Task status:			SUBMITTED
INFO 2017-03-15 22:08:53,129: 	 Task URL to use for HELP:	https://cmsweb.cern.ch/crabserver/ui/task/170315_220603%3Ayofeng_crab_Analysis-20170315-GJets_HT-400To600_RunIIFall15DR76-2017-0315-180531
INFO 2017-03-15 22:08:53,129: 	 Dashboard monitoring URL:	http://dashb-cms-job.cern.ch/dashboard/templates/task-analysis/#user=yofeng&table=Mains&pattern=170315_220603%3Ayofeng_crab_Analysis-20170315-GJets_HT-400To600_RunIIFall15DR76-2017-0315-180531
INFO 2017-03-15 22:08:53,129: 	 
Jobs status:			failed          1.6% (  3/182)
INFO 2017-03-15 22:08:53,130: 	 				finished       62.6% (114/182)
INFO 2017-03-15 22:08:53,130: 	 				running        23.6% ( 43/182)
INFO 2017-03-15 22:08:53,130: 	 				transferring   12.1% ( 22/182)
INFO 2017-03-15 22:08:53,131: 	 
Publication status:		idle           74.2% (135/182)
				finished        0.5% (  1/182)
				unsubmitted    25.3% ( 46/182)
INFO 2017-03-15 22:08:53,131: 	 
Output dataset:			/GJets_HT-400To600_TuneCUETP8M1_13TeV-madgraphMLM-pythia8/yofeng-Analysis-20170315-3916c1e008cecbed243ce9af6b0b45c9/USER
Output dataset DAS URL:		https://cmsweb.cern.ch/das/request?input=%2FGJets_HT-400To600_TuneCUETP8M1_13TeV-madgraphMLM-pythia8%2Fyofeng-Analysis-20170315-3916c1e008cecbed243ce9af6b0b45c9%2FUSER&instance=prod%2Fphys03
INFO 2017-03-15 22:08:53,132: 	 
Error Summary: (use crab status --verboseErrors for details about the errors)

  2 jobs failed with exit code 50660

  1 jobs failed with exit code 139

Have a look at https://twiki.cern.ch/twiki/bin/viewauth/CMSPublic/JobExitCodes for a description of the exit codes.
INFO 2017-03-15 22:08:53,138: 	 Log file is /data/users/fengyb/CMSSW_7_6_3/src/EmergingJetAnalysis/crabTasks/crab_Analysis-20170315-2017-0315-v6/crab_Analysis-20170315-GJets_HT-400To600_RunIIFall15DR76-2017-0315-180531/crab.log
DEBUG 2017-03-15 22:10:21,016: 	 Executing command: 'resubmit'
DEBUG 2017-03-15 22:10:21,017: 	 Found CRAB cache file /home/fengyb/.crab3
DEBUG 2017-03-15 22:10:21,032: 	 Checking credentials
DEBUG 2017-03-15 22:10:21,032: 	 Found proxy file /tmp/x509up_u1701
DEBUG 2017-03-15 22:10:21,032: 	 Getting proxy life time left
DEBUG 2017-03-15 22:10:21,140: 	 Executing : 
 command : voms-proxy-info -file /tmp/x509up_u1701 -timeleft
 output : 42816

 error: 
 retcode : 0
DEBUG 2017-03-15 22:10:21,250: 	 Executing : 
 command : voms-proxy-info -file /tmp/x509up_u1701 -actimeleft
 output : 42816

 error: 
 retcode : 0
DEBUG 2017-03-15 22:10:21,250: 	 Proxy valid for 11:53:36 hours
DEBUG 2017-03-15 22:10:21,368: 	 Executing : 
 command : openssl x509 -in ~/.globus/usercert.pem -subject -noout
 output : subject= /DC=ch/DC=cern/OU=Organic Units/OU=Users/CN=yofeng/CN=785825/CN=Yongbin Feng

 error: 
 retcode : 0
DEBUG 2017-03-15 22:10:21,368: 	 Checking credentials
DEBUG 2017-03-15 22:10:21,368: 	 Found proxy file /tmp/x509up_u1701
DEBUG 2017-03-15 22:10:21,368: 	 Getting proxy life time left
DEBUG 2017-03-15 22:10:21,474: 	 Executing : 
 command : voms-proxy-info -file /tmp/x509up_u1701 -timeleft
 output : 42816

 error: 
 retcode : 0
DEBUG 2017-03-15 22:10:21,581: 	 Executing : 
 command : voms-proxy-info -file /tmp/x509up_u1701 -actimeleft
 output : 42816

 error: 
 retcode : 0
DEBUG 2017-03-15 22:10:21,582: 	 Proxy valid for 11:53:36 hours
DEBUG 2017-03-15 22:10:23,775: 	 Registering user credentials for server /DC=ch/DC=cern/OU=computers/CN=vocms(045|052|021|031|0118|0118a|0119|0108|0105).cern.ch
DEBUG 2017-03-15 22:10:23,892: 	 Executing : 
 command : openssl x509 -in ~/.globus/usercert.pem -subject -noout
 output : subject= /DC=ch/DC=cern/OU=Organic Units/OU=Users/CN=yofeng/CN=785825/CN=Yongbin Feng

 error: 
 retcode : 0
DEBUG 2017-03-15 22:10:23,893: 	 Getting myproxy life time left for myproxy.cern.ch
DEBUG 2017-03-15 22:10:23,893: 	 Calculating hash of /DC=ch/DC=cern/OU=Organic Units/OU=Users/CN=yofeng/CN=785825/CN=Yongbin Feng_cmsweb.cern.ch for credential name
DEBUG 2017-03-15 22:10:25,002: 	 Executing : 
 command : myproxy-info -l 46a32ae7e95f6185805e22dd0e47513ea7de8fa0 -s myproxy.cern.ch
 output : username: 46a32ae7e95f6185805e22dd0e47513ea7de8fa0
owner: /DC=ch/DC=cern/OU=Organic Units/OU=Users/CN=yofeng/CN=785825/CN=Yongbin Feng
  renewal policy: /DC=ch/DC=cern/OU=computers/CN=vocms(045|052|021|031|0118|0118a|0119|0108|0105).cern.ch
  trusted retrieval policy: /DC=ch/DC=cern/OU=computers/CN=vocms(045|052|021|031|0118|0118a|0119|0108|0105).cern.ch
  timeleft: 376:44:15  (15.7 days)

 error: 
 retcode : 0
DEBUG 2017-03-15 22:10:25,005: 	 Myproxy is valid: 1356255
DEBUG 2017-03-15 22:10:25,005: 	 Command use: resubmit
DEBUG 2017-03-15 22:10:25,005: 	 Options use: ['-d', 'crab_Analysis-20170315-GJets_HT-400To600_RunIIFall15DR76-2017-0315-180531/']
DEBUG 2017-03-15 22:10:26,270: 	 CRABClient version: 3.3.1703
DEBUG 2017-03-15 22:10:26,270: 	 Instance is prod
DEBUG 2017-03-15 22:10:26,270: 	 Server base url is cmsweb.cern.ch
DEBUG 2017-03-15 22:10:26,270: 	 Command url /crabserver/prod/workflow
DEBUG 2017-03-15 22:10:26,271: 	 Requesting resubmission of failed jobs in task 170315_220603:yofeng_crab_Analysis-20170315-GJets_HT-400To600_RunIIFall15DR76-2017-0315-180531
INFO 2017-03-15 22:10:26,271: 	 Sending resubmit request to the server.
DEBUG 2017-03-15 22:10:26,271: 	 Submitting {'publication': 0, 'force': 0, 'subresource': 'resubmit', 'workflow': u'170315_220603:yofeng_crab_Analysis-20170315-GJets_HT-400To600_RunIIFall15DR76-2017-0315-180531'} 
DEBUG 2017-03-15 22:10:26,271: 	 Encoded resubmit request: publication=0&force=0&subresource=resubmit&workflow=170315_220603%3Ayofeng_crab_Analysis-20170315-GJets_HT-400To600_RunIIFall15DR76-2017-0315-180531
DEBUG 2017-03-15 22:10:29,789: 	 Result: {u'result': [{u'result': u'ok'}], u'desc': {u'columns': [u'tm_site_blacklist', u'tm_site_whitelist', u'tm_maxjobruntime', u'tm_maxmemory', u'tm_numcores', u'tm_priority']}}
INFO 2017-03-15 22:10:29,790: 	 Resubmit request sent to the server.
INFO 2017-03-15 22:10:29,790: 	 Please use 'crab status' to check how the resubmission process proceeds.
Notice it may take a couple of minutes for the resubmission to get fully processed.
INFO 2017-03-15 22:10:29,796: 	 Log file is /data/users/fengyb/CMSSW_7_6_3/src/EmergingJetAnalysis/crabTasks/crab_Analysis-20170315-2017-0315-v6/crab_Analysis-20170315-GJets_HT-400To600_RunIIFall15DR76-2017-0315-180531/crab.log
