['skim', 'analyze']
# Conditions read from  CMS_CONDITIONS  via FrontierProd 

####################
Adding Skim step
####################

Adding GJet Skim step.
triggerSelection should be verified for new datasets.
photonID should be modified for each global tag.
 switching PAT Tau input to:  cms.InputTag("hpsPFTauProducer76xReMiniAOD")

####################
Adding Analyze step
####################

CMSSW_VERSION is CMSSW_7_6_3
Using the following global tags [MC, DATA]:
['76X_mcRun2_asymptotic_RunIIFall15DR76_v1', '76X_dataRun2_16Dec2015_v0']
DEBUG 2017-02-21 17:24:39,838: 	 Executing command: 'submit'
DEBUG 2017-02-21 17:24:39,856: 	 Found CRAB cache file /home/fengyb/.crab3
DEBUG 2017-02-21 17:24:39,872: 	 Checking credentials
DEBUG 2017-02-21 17:24:39,872: 	 Found proxy file /tmp/x509up_u1701
DEBUG 2017-02-21 17:24:39,872: 	 Getting proxy life time left
DEBUG 2017-02-21 17:24:39,981: 	 Executing : 
 command : voms-proxy-info -file /tmp/x509up_u1701 -timeleft
 output : 40335

 error: 
 retcode : 0
DEBUG 2017-02-21 17:24:40,086: 	 Executing : 
 command : voms-proxy-info -file /tmp/x509up_u1701 -actimeleft
 output : 40334

 error: 
 retcode : 0
DEBUG 2017-02-21 17:24:40,086: 	 Proxy valid for 11:12:15 hours
DEBUG 2017-02-21 17:24:40,088: 	 Will use CRAB Analysis plugin (i.e. will run an analysis job type).
DEBUG 2017-02-21 17:24:40,270: 	 Executing : 
 command : openssl x509 -in ~/.globus/usercert.pem -subject -noout
 output : subject= /DC=ch/DC=cern/OU=Organic Units/OU=Users/CN=yofeng/CN=785825/CN=Yongbin Feng

 error: 
 retcode : 0
DEBUG 2017-02-21 17:24:40,271: 	 Checking credentials
DEBUG 2017-02-21 17:24:40,271: 	 Found proxy file /tmp/x509up_u1701
DEBUG 2017-02-21 17:24:40,271: 	 Getting proxy life time left
DEBUG 2017-02-21 17:24:40,376: 	 Executing : 
 command : voms-proxy-info -file /tmp/x509up_u1701 -timeleft
 output : 40334

 error: 
 retcode : 0
DEBUG 2017-02-21 17:24:40,481: 	 Executing : 
 command : voms-proxy-info -file /tmp/x509up_u1701 -actimeleft
 output : 40334

 error: 
 retcode : 0
DEBUG 2017-02-21 17:24:40,481: 	 Proxy valid for 11:12:14 hours
DEBUG 2017-02-21 17:24:40,586: 	 Executing : 
 command : env X509_USER_PROXY=/tmp/x509up_u1701 voms-proxy-info -fqan
 output : /cms/Role=NULL/Capability=NULL

 error: 
 retcode : 0
DEBUG 2017-02-21 17:24:41,938: 	 Registering user credentials for server /DC=ch/DC=cern/OU=computers/CN=vocms(045|052|021|031|0118|0118a|0119|0108|0105).cern.ch
DEBUG 2017-02-21 17:24:42,056: 	 Executing : 
 command : openssl x509 -in ~/.globus/usercert.pem -subject -noout
 output : subject= /DC=ch/DC=cern/OU=Organic Units/OU=Users/CN=yofeng/CN=785825/CN=Yongbin Feng

 error: 
 retcode : 0
DEBUG 2017-02-21 17:24:42,056: 	 Getting myproxy life time left for myproxy.cern.ch
DEBUG 2017-02-21 17:24:42,056: 	 Calculating hash of /DC=ch/DC=cern/OU=Organic Units/OU=Users/CN=yofeng/CN=785825/CN=Yongbin Feng_cmsweb.cern.ch for credential name
DEBUG 2017-02-21 17:24:42,863: 	 Executing : 
 command : myproxy-info -l 46a32ae7e95f6185805e22dd0e47513ea7de8fa0 -s myproxy.cern.ch
 output : username: 46a32ae7e95f6185805e22dd0e47513ea7de8fa0
owner: /DC=ch/DC=cern/OU=Organic Units/OU=Users/CN=yofeng/CN=785825/CN=Yongbin Feng
  renewal policy: /DC=ch/DC=cern/OU=computers/CN=vocms(045|052|021|031|0118|0118a|0119|0108|0105).cern.ch
  trusted retrieval policy: /DC=ch/DC=cern/OU=computers/CN=vocms(045|052|021|031|0118|0118a|0119|0108|0105).cern.ch
  timeleft: 427:10:02  (17.8 days)

 error: 
 retcode : 0
DEBUG 2017-02-21 17:24:42,866: 	 Myproxy is valid: 1537802
DEBUG 2017-02-21 17:24:42,866: 	 Command use: submit
DEBUG 2017-02-21 17:24:42,866: 	 Options use: ['--config', <WMCore.Configuration.Configuration object at 0x11aa9d0>]
DEBUG 2017-02-21 17:24:44,167: 	 CRABClient version: 3.3.1702
DEBUG 2017-02-21 17:24:44,168: 	 Instance is prod
DEBUG 2017-02-21 17:24:44,168: 	 Server base url is cmsweb.cern.ch
DEBUG 2017-02-21 17:24:44,168: 	 Command url /crabserver/prod/workflow
DEBUG 2017-02-21 17:24:44,168: 	 Started submission
DEBUG 2017-02-21 17:24:44,168: 	 Working on /data/users/fengyb/CMSSW_7_6_3/src/EmergingJetAnalysis/crabTasks/crab_Analysis-20170221-2017-0221-v1/crab_Analysis-20170221-GJets_HT-100To200_RunIIFall15DR76-2017-0221-172439
DEBUG 2017-02-21 17:24:45,651: 	 Loading required information from the environment
DEBUG 2017-02-21 17:24:45,651: 	 Found CMSSW_7_6_3 for slc6_amd64_gcc493 with base /data/users/fengyb/CMSSW_7_6_3
DEBUG 2017-02-21 17:24:45,652: 	 Loading required information from the environment
DEBUG 2017-02-21 17:24:45,652: 	 Found CMSSW_7_6_3 for slc6_amd64_gcc493 with base /data/users/fengyb/CMSSW_7_6_3
DEBUG 2017-02-21 17:24:45,672: 	 UNIQUE NAME: tarUUID 80b5a024-acdf-4316-b9c3-f57f590e2fc0 
DEBUG 2017-02-21 17:24:45,673: 	 self.config: from WMCore.Configuration import Configuration
config = Configuration()
config.section_('General')
config.General.workArea = 'crabTasks/crab_Analysis-20170221-2017-0221-v1'
config.General.requestName = 'Analysis-20170221-GJets_HT-100To200_RunIIFall15DR76-2017-0221-172439'
config.section_('JobType')
config.JobType.priority = 30
config.JobType.psetName = 'Configuration/test/test_cfg.py'
config.JobType.pluginName = 'Analysis'
config.JobType.pyCfgParams = ['crab=1', 'data=0', 'sample=gjet']
config.section_('Data')
config.Data.inputDataset = '/GJets_HT-100To200_TuneCUETP8M1_13TeV-madgraphMLM-pythia8/RunIIFall15DR76-PU25nsData2015v1_76X_mcRun2_asymptotic_v12-v1/AODSIM'
config.Data.outputDatasetTag = 'Analysis-20170221'
config.Data.publication = True
config.Data.unitsPerJob = 1
config.Data.ignoreLocality = True
config.Data.splitting = 'FileBased'
config.Data.inputDBS = 'global'
config.Data.outLFNDirBase = '/store/user/yofeng/GJet/ntuple/Analysis-20170221-v1/GJets_HT-100To200_RunIIFall15DR76/'
config.Data.totalUnits = 1000
config.section_('Site')
config.Site.blacklist = ['T2_US_Purdue']
config.Site.storageSite = 'T3_US_UMD'

DEBUG 2017-02-21 17:24:45,674: 	 self.config.JobType.psetName: Configuration/test/test_cfg.py
INFO 2017-02-21 17:24:45,674: 	 Importing CMSSW configuration Configuration/test/test_cfg.py
DEBUG 2017-02-21 17:24:45,674: 	 Additional parameters for the CMSSW configuration are: ['crab=1', 'data=0', 'sample=gjet']
INFO 2017-02-21 17:24:57,626: 	 Finished importing CMSSW configuration Configuration/test/test_cfg.py
DEBUG 2017-02-21 17:24:57,626: 	 Writing CMSSW configuration to /data/users/fengyb/CMSSW_7_6_3/src/EmergingJetAnalysis/crabTasks/crab_Analysis-20170221-2017-0221-v1/crab_Analysis-20170221-GJets_HT-100To200_RunIIFall15DR76-2017-0221-172439/inputs/PSet.py
DEBUG 2017-02-21 17:25:01,586: 	 The following EDM output files will be collected: ['output.root']
DEBUG 2017-02-21 17:25:01,586: 	 The following TFile output files will be collected: ['ntuple.root']
DEBUG 2017-02-21 17:25:01,586: 	 The following user output files will be collected: []
DEBUG 2017-02-21 17:25:01,586: 	 Loading required information from the environment
DEBUG 2017-02-21 17:25:01,586: 	 Found CMSSW_7_6_3 for slc6_amd64_gcc493 with base /data/users/fengyb/CMSSW_7_6_3
DEBUG 2017-02-21 17:25:01,586: 	 Making tarball in /data/users/fengyb/CMSSW_7_6_3/src/EmergingJetAnalysis/crabTasks/crab_Analysis-20170221-2017-0221-v1/crab_Analysis-20170221-GJets_HT-100To200_RunIIFall15DR76-2017-0221-172439/inputs/80b5a024-acdf-4316-b9c3-f57f590e2fc0default.tgz
DEBUG 2017-02-21 17:25:01,596: 	 Checking directory /data/users/fengyb/CMSSW_7_6_3/lib
DEBUG 2017-02-21 17:25:01,596: 	 Adding directory /data/users/fengyb/CMSSW_7_6_3/lib to tarball
DEBUG 2017-02-21 17:25:08,697: 	 Checking directory /data/users/fengyb/CMSSW_7_6_3/biglib
DEBUG 2017-02-21 17:25:08,697: 	 Adding directory /data/users/fengyb/CMSSW_7_6_3/biglib to tarball
DEBUG 2017-02-21 17:25:08,705: 	 Checking directory /data/users/fengyb/CMSSW_7_6_3/module
DEBUG 2017-02-21 17:25:09,929: 	 Adding data directory /data/users/fengyb/CMSSW_7_6_3/src/RecoEgamma/EgammaTools/data to tarball
DEBUG 2017-02-21 17:25:10,007: 	 Adding data directory /data/users/fengyb/CMSSW_7_6_3/src/RecoEgamma/EgammaTools/interface to tarball
DEBUG 2017-02-21 17:25:10,100: 	 Adding data directory /data/users/fengyb/CMSSW_7_6_3/src/RecoEgamma/PhotonIdentification/data to tarball
DEBUG 2017-02-21 17:25:10,133: 	 Adding data directory /data/users/fengyb/CMSSW_7_6_3/src/RecoEgamma/PhotonIdentification/interface to tarball
DEBUG 2017-02-21 17:25:10,382: 	 Adding data directory /data/users/fengyb/CMSSW_7_6_3/src/EmergingJetAnalysis/EmergingJetAnalyzer/interface to tarball
DEBUG 2017-02-21 17:25:10,664: 	 Adding data directory /data/users/fengyb/CMSSW_7_6_3/src/EmergingJetAnalysis/EmJetAnalyzer/interface to tarball
DEBUG 2017-02-21 17:25:12,184: 	 Uploading archive /data/users/fengyb/CMSSW_7_6_3/src/EmergingJetAnalysis/crabTasks/crab_Analysis-20170221-2017-0221-v1/crab_Analysis-20170221-GJets_HT-100To200_RunIIFall15DR76-2017-0221-172439/inputs/80b5a024-acdf-4316-b9c3-f57f590e2fc0default.tgz to the CRAB cache. Using URI https://cmsweb.cern.ch/crabcache
DEBUG 2017-02-21 17:25:17,985: 	 Loading required information from the environment
DEBUG 2017-02-21 17:25:17,986: 	 Found CMSSW_7_6_3 for slc6_amd64_gcc493 with base /data/users/fengyb/CMSSW_7_6_3
DEBUG 2017-02-21 17:25:17,986: 	 Making tarball in /data/users/fengyb/CMSSW_7_6_3/src/EmergingJetAnalysis/crabTasks/crab_Analysis-20170221-2017-0221-v1/crab_Analysis-20170221-GJets_HT-100To200_RunIIFall15DR76-2017-0221-172439/inputs/debugFiles.tgz
DEBUG 2017-02-21 17:25:18,005: 	 Uploading archive /data/users/fengyb/CMSSW_7_6_3/src/EmergingJetAnalysis/crabTasks/crab_Analysis-20170221-2017-0221-v1/crab_Analysis-20170221-GJets_HT-100To200_RunIIFall15DR76-2017-0221-172439/inputs/debugFiles.tgz to the CRAB cache. Using URI https://cmsweb.cern.ch/crabcache
DEBUG 2017-02-21 17:25:19,584: 	 Result uploading input files: 55e7cca72ea3369c2967f96a59840ef169dbe60c09eb65755df88fdd65be78d9.tar.gz 
WARNING 2017-02-21 17:25:19,585: 	 Warning: The following output files will not be published, as they are not EDM files: ['ntuple.root']
INFO 2017-02-21 17:25:19,585: 	 Sending the request to the server
DEBUG 2017-02-21 17:25:19,586: 	 Submitting {'maxjobruntime': 1250, 'extrajdl': [], 'ignorelocality': 1, 'savelogsflag': 0, 'useparent': 0, 'asyncdest': 'T3_US_UMD', 'algoargs': 1, 'cachefilename': '55e7cca72ea3369c2967f96a59840ef169dbe60c09eb65755df88fdd65be78d9.tar.gz', 'numcores': 1, 'addoutputfiles': [], 'generator': 'pythia', 'maxmemory': 2000, 'publishdbsurl': 'https://cmsweb.cern.ch/dbs/prod/phys03/DBSWriter', 'priority': 30, 'jobsw': 'CMSSW_7_6_3', 'edmoutfiles': ['output.root'], 'userfiles': [], 'primarydataset': '', 'inputdata': '/GJets_HT-100To200_TuneCUETP8M1_13TeV-madgraphMLM-pythia8/RunIIFall15DR76-PU25nsData2015v1_76X_mcRun2_asymptotic_v12-v1/AODSIM', 'lfn': '/store/user/yofeng/GJet/ntuple/Analysis-20170221-v1/GJets_HT-100To200_RunIIFall15DR76/', 'dryrun': 0, 'workflow': 'crab_Analysis-20170221-GJets_HT-100To200_RunIIFall15DR76-2017-0221-172439', 'adduserfiles': [], 'nonprodsw': 0, 'tfileoutfiles': ['ntuple.root'], 'oneEventMode': 0, 'debugfilename': 'e8917874e6fb5e4a5f83ec02550e8471fe207e177bde5903aa74e0213f52bbca.tar.gz', 'cacheurl': u'https://cmsweb.cern.ch/crabcache', 'saveoutput': 1, 'publication': 1, 'jobarch': 'slc6_amd64_gcc493', 'totalunits': 1000, 'splitalgo': 'FileBased', 'ignoreglobalblacklist': 0, 'nonvaliddata': 0, 'dbsurl': 'https://cmsweb.cern.ch/dbs/prod/global/DBSReader', 'publishgroupname': 0, 'jobtype': 'Analysis', 'siteblacklist': ['T2_US_Purdue'], 'publishname2': 'Analysis-20170221'} 
DEBUG 2017-02-21 17:25:19,587: 	 Encoded submit request: maxjobruntime=1250&ignorelocality=1&savelogsflag=0&useparent=0&asyncdest=T3_US_UMD&algoargs=1&cachefilename=55e7cca72ea3369c2967f96a59840ef169dbe60c09eb65755df88fdd65be78d9.tar.gz&numcores=1&generator=pythia&maxmemory=2000&publishdbsurl=https%3A%2F%2Fcmsweb.cern.ch%2Fdbs%2Fprod%2Fphys03%2FDBSWriter&priority=30&jobsw=CMSSW_7_6_3&primarydataset=&inputdata=%2FGJets_HT-100To200_TuneCUETP8M1_13TeV-madgraphMLM-pythia8%2FRunIIFall15DR76-PU25nsData2015v1_76X_mcRun2_asymptotic_v12-v1%2FAODSIM&lfn=%2Fstore%2Fuser%2Fyofeng%2FGJet%2Fntuple%2FAnalysis-20170221-v1%2FGJets_HT-100To200_RunIIFall15DR76%2F&dryrun=0&workflow=crab_Analysis-20170221-GJets_HT-100To200_RunIIFall15DR76-2017-0221-172439&nonprodsw=0&oneEventMode=0&debugfilename=e8917874e6fb5e4a5f83ec02550e8471fe207e177bde5903aa74e0213f52bbca.tar.gz&cacheurl=https%3A%2F%2Fcmsweb.cern.ch%2Fcrabcache&saveoutput=1&publication=1&jobarch=slc6_amd64_gcc493&totalunits=1000&splitalgo=FileBased&ignoreglobalblacklist=0&nonvaliddata=0&dbsurl=https%3A%2F%2Fcmsweb.cern.ch%2Fdbs%2Fprod%2Fglobal%2FDBSReader&publishgroupname=0&jobtype=Analysis&publishname2=Analysis-20170221&siteblacklist=T2_US_Purdue&tfileoutfiles=ntuple.root&edmoutfiles=output.root
DEBUG 2017-02-21 17:25:21,272: 	 Result: {u'result': [{u'RequestName': u'170221_222520:yofeng_crab_Analysis-20170221-GJets_HT-100To200_RunIIFall15DR76-2017-0221-172439'}]}
INFO 2017-02-21 17:25:21,279: 	 Success: Your task has been delivered to the CRAB3 server.
INFO 2017-02-21 17:25:21,279: 	 Task name: 170221_222520:yofeng_crab_Analysis-20170221-GJets_HT-100To200_RunIIFall15DR76-2017-0221-172439
INFO 2017-02-21 17:25:21,280: 	 Please use 'crab status' to check how the submission process proceeds.
DEBUG 2017-02-21 17:25:21,280: 	 About to return
DEBUG 2017-02-21 17:30:16,272: 	 Executing command: 'status'
DEBUG 2017-02-21 17:30:16,273: 	 Found CRAB cache file /home/fengyb/.crab3
DEBUG 2017-02-21 17:30:16,278: 	 Checking credentials
DEBUG 2017-02-21 17:30:16,279: 	 Found proxy file /tmp/x509up_u1701
DEBUG 2017-02-21 17:30:16,279: 	 Getting proxy life time left
DEBUG 2017-02-21 17:30:16,383: 	 Executing : 
 command : voms-proxy-info -file /tmp/x509up_u1701 -timeleft
 output : 39998

 error: 
 retcode : 0
DEBUG 2017-02-21 17:30:16,488: 	 Executing : 
 command : voms-proxy-info -file /tmp/x509up_u1701 -actimeleft
 output : 39998

 error: 
 retcode : 0
DEBUG 2017-02-21 17:30:16,488: 	 Proxy valid for 11:06:38 hours
DEBUG 2017-02-21 17:30:16,611: 	 Executing : 
 command : openssl x509 -in ~/.globus/usercert.pem -subject -noout
 output : subject= /DC=ch/DC=cern/OU=Organic Units/OU=Users/CN=yofeng/CN=785825/CN=Yongbin Feng

 error: 
 retcode : 0
DEBUG 2017-02-21 17:30:16,611: 	 Checking credentials
DEBUG 2017-02-21 17:30:16,612: 	 Found proxy file /tmp/x509up_u1701
DEBUG 2017-02-21 17:30:16,612: 	 Getting proxy life time left
DEBUG 2017-02-21 17:30:16,717: 	 Executing : 
 command : voms-proxy-info -file /tmp/x509up_u1701 -timeleft
 output : 39998

 error: 
 retcode : 0
DEBUG 2017-02-21 17:30:16,823: 	 Executing : 
 command : voms-proxy-info -file /tmp/x509up_u1701 -actimeleft
 output : 39998

 error: 
 retcode : 0
DEBUG 2017-02-21 17:30:16,823: 	 Proxy valid for 11:06:38 hours
DEBUG 2017-02-21 17:30:18,121: 	 Registering user credentials for server /DC=ch/DC=cern/OU=computers/CN=vocms(045|052|021|031|0118|0118a|0119|0108|0105).cern.ch
DEBUG 2017-02-21 17:30:18,228: 	 Executing : 
 command : openssl x509 -in ~/.globus/usercert.pem -subject -noout
 output : subject= /DC=ch/DC=cern/OU=Organic Units/OU=Users/CN=yofeng/CN=785825/CN=Yongbin Feng

 error: 
 retcode : 0
DEBUG 2017-02-21 17:30:18,228: 	 Getting myproxy life time left for myproxy.cern.ch
DEBUG 2017-02-21 17:30:18,228: 	 Calculating hash of /DC=ch/DC=cern/OU=Organic Units/OU=Users/CN=yofeng/CN=785825/CN=Yongbin Feng_cmsweb.cern.ch for credential name
DEBUG 2017-02-21 17:30:19,135: 	 Executing : 
 command : myproxy-info -l 46a32ae7e95f6185805e22dd0e47513ea7de8fa0 -s myproxy.cern.ch
 output : username: 46a32ae7e95f6185805e22dd0e47513ea7de8fa0
owner: /DC=ch/DC=cern/OU=Organic Units/OU=Users/CN=yofeng/CN=785825/CN=Yongbin Feng
  renewal policy: /DC=ch/DC=cern/OU=computers/CN=vocms(045|052|021|031|0118|0118a|0119|0108|0105).cern.ch
  trusted retrieval policy: /DC=ch/DC=cern/OU=computers/CN=vocms(045|052|021|031|0118|0118a|0119|0108|0105).cern.ch
  timeleft: 427:04:25  (17.8 days)

 error: 
 retcode : 0
DEBUG 2017-02-21 17:30:19,138: 	 Myproxy is valid: 1537465
DEBUG 2017-02-21 17:30:19,138: 	 Command use: status
DEBUG 2017-02-21 17:30:19,138: 	 Options use: ['-d', 'crab_Analysis-20170221-GJets_HT-100To200_RunIIFall15DR76-2017-0221-172439']
DEBUG 2017-02-21 17:30:20,639: 	 CRABClient version: 3.3.1702
DEBUG 2017-02-21 17:30:20,639: 	 Instance is prod
DEBUG 2017-02-21 17:30:20,640: 	 Server base url is cmsweb.cern.ch
DEBUG 2017-02-21 17:30:20,640: 	 Command url /crabserver/prod/workflow
DEBUG 2017-02-21 17:30:20,640: 	 Looking up detailed status of task 170221_222520:yofeng_crab_Analysis-20170221-GJets_HT-100To200_RunIIFall15DR76-2017-0221-172439
DEBUG 2017-02-21 17:30:27,890: 	 {u'status': u'SUBMITTED', u'username': u'yofeng', u'jobsPerStatus': {u'idle': 252}, u'jobs': {u'216': {u'State': u'idle'}, u'217': {u'State': u'idle'}, u'214': {u'State': u'idle'}, u'215': {u'State': u'idle'}, u'212': {u'State': u'idle'}, u'213': {u'State': u'idle'}, u'210': {u'State': u'idle'}, u'211': {u'State': u'idle'}, u'218': {u'State': u'idle'}, u'219': {u'State': u'idle'}, u'133': {u'State': u'idle'}, u'132': {u'State': u'idle'}, u'131': {u'State': u'idle'}, u'130': {u'State': u'idle'}, u'137': {u'State': u'idle'}, u'136': {u'State': u'idle'}, u'135': {u'State': u'idle'}, u'134': {u'State': u'idle'}, u'95': {u'State': u'idle'}, u'139': {u'State': u'idle'}, u'138': {u'State': u'idle'}, u'225': {u'State': u'idle'}, u'24': {u'State': u'idle'}, u'25': {u'State': u'idle'}, u'26': {u'State': u'idle'}, u'27': {u'State': u'idle'}, u'20': {u'State': u'idle'}, u'21': {u'State': u'idle'}, u'22': {u'State': u'idle'}, u'23': {u'State': u'idle'}, u'223': {u'State': u'idle'}, u'28': {u'State': u'idle'}, u'29': {u'State': u'idle'}, u'222': {u'State': u'idle'}, u'4': {u'State': u'idle'}, u'8': {u'State': u'idle'}, u'220': {u'State': u'idle'}, u'68': {u'State': u'idle'}, u'227': {u'State': u'idle'}, u'120': {u'State': u'idle'}, u'121': {u'State': u'idle'}, u'122': {u'State': u'idle'}, u'123': {u'State': u'idle'}, u'124': {u'State': u'idle'}, u'125': {u'State': u'idle'}, u'126': {u'State': u'idle'}, u'127': {u'State': u'idle'}, u'128': {u'State': u'idle'}, u'129': {u'State': u'idle'}, u'69': {u'State': u'idle'}, u'91': {u'State': u'idle'}, u'59': {u'State': u'idle'}, u'58': {u'State': u'idle'}, u'55': {u'State': u'idle'}, u'54': {u'State': u'idle'}, u'57': {u'State': u'idle'}, u'56': {u'State': u'idle'}, u'51': {u'State': u'idle'}, u'50': {u'State': u'idle'}, u'53': {u'State': u'idle'}, u'52': {u'State': u'idle'}, u'90': {u'State': u'idle'}, u'93': {u'State': u'idle'}, u'199': {u'State': u'idle'}, u'198': {u'State': u'idle'}, u'147': {u'State': u'idle'}, u'195': {u'State': u'idle'}, u'194': {u'State': u'idle'}, u'197': {u'State': u'idle'}, u'67': {u'State': u'idle'}, u'191': {u'State': u'idle'}, u'190': {u'State': u'idle'}, u'193': {u'State': u'idle'}, u'192': {u'State': u'idle'}, u'115': {u'State': u'idle'}, u'114': {u'State': u'idle'}, u'88': {u'State': u'idle'}, u'89': {u'State': u'idle'}, u'111': {u'State': u'idle'}, u'110': {u'State': u'idle'}, u'113': {u'State': u'idle'}, u'112': {u'State': u'idle'}, u'82': {u'State': u'idle'}, u'83': {u'State': u'idle'}, u'80': {u'State': u'idle'}, u'81': {u'State': u'idle'}, u'119': {u'State': u'idle'}, u'118': {u'State': u'idle'}, u'84': {u'State': u'idle'}, u'85': {u'State': u'idle'}, u'174': {u'State': u'idle'}, u'140': {u'State': u'idle'}, u'141': {u'State': u'idle'}, u'226': {u'State': u'idle'}, u'3': {u'State': u'idle'}, u'7': {u'State': u'idle'}, u'146': {u'State': u'idle'}, u'92': {u'State': u'idle'}, u'245': {u'State': u'idle'}, u'244': {u'State': u'idle'}, u'247': {u'State': u'idle'}, u'109': {u'State': u'idle'}, u'241': {u'State': u'idle'}, u'240': {u'State': u'idle'}, u'243': {u'State': u'idle'}, u'242': {u'State': u'idle'}, u'102': {u'State': u'idle'}, u'103': {u'State': u'idle'}, u'100': {u'State': u'idle'}, u'101': {u'State': u'idle'}, u'106': {u'State': u'idle'}, u'107': {u'State': u'idle'}, u'104': {u'State': u'idle'}, u'105': {u'State': u'idle'}, u'39': {u'State': u'idle'}, u'38': {u'State': u'idle'}, u'33': {u'State': u'idle'}, u'32': {u'State': u'idle'}, u'31': {u'State': u'idle'}, u'30': {u'State': u'idle'}, u'37': {u'State': u'idle'}, u'108': {u'State': u'idle'}, u'35': {u'State': u'idle'}, u'34': {u'State': u'idle'}, u'246': {u'State': u'idle'}, u'94': {u'State': u'idle'}, u'252': {u'State': u'idle'}, u'60': {u'State': u'idle'}, u'61': {u'State': u'idle'}, u'62': {u'State': u'idle'}, u'63': {u'State': u'idle'}, u'64': {u'State': u'idle'}, u'65': {u'State': u'idle'}, u'179': {u'State': u'idle'}, u'178': {u'State': u'idle'}, u'177': {u'State': u'idle'}, u'176': {u'State': u'idle'}, u'175': {u'State': u'idle'}, u'251': {u'State': u'idle'}, u'173': {u'State': u'idle'}, u'172': {u'State': u'idle'}, u'171': {u'State': u'idle'}, u'170': {u'State': u'idle'}, u'249': {u'State': u'idle'}, u'145': {u'State': u'idle'}, u'248': {u'State': u'idle'}, u'182': {u'State': u'idle'}, u'183': {u'State': u'idle'}, u'180': {u'State': u'idle'}, u'181': {u'State': u'idle'}, u'186': {u'State': u'idle'}, u'187': {u'State': u'idle'}, u'184': {u'State': u'idle'}, u'6': {u'State': u'idle'}, u'188': {u'State': u'idle'}, u'189': {u'State': u'idle'}, u'196': {u'State': u'idle'}, u'221': {u'State': u'idle'}, u'97': {u'State': u'idle'}, u'185': {u'State': u'idle'}, u'142': {u'State': u'idle'}, u'99': {u'State': u'idle'}, u'98': {u'State': u'idle'}, u'168': {u'State': u'idle'}, u'169': {u'State': u'idle'}, u'229': {u'State': u'idle'}, u'228': {u'State': u'idle'}, u'164': {u'State': u'idle'}, u'165': {u'State': u'idle'}, u'166': {u'State': u'idle'}, u'167': {u'State': u'idle'}, u'160': {u'State': u'idle'}, u'161': {u'State': u'idle'}, u'162': {u'State': u'idle'}, u'163': {u'State': u'idle'}, u'11': {u'State': u'idle'}, u'10': {u'State': u'idle'}, u'13': {u'State': u'idle'}, u'12': {u'State': u'idle'}, u'15': {u'State': u'idle'}, u'14': {u'State': u'idle'}, u'66': {u'State': u'idle'}, u'16': {u'State': u'idle'}, u'19': {u'State': u'idle'}, u'18': {u'State': u'idle'}, u'143': {u'State': u'idle'}, u'117': {u'State': u'idle'}, u'116': {u'State': u'idle'}, u'17': {u'State': u'idle'}, u'151': {u'State': u'idle'}, u'150': {u'State': u'idle'}, u'153': {u'State': u'idle'}, u'152': {u'State': u'idle'}, u'155': {u'State': u'idle'}, u'250': {u'State': u'idle'}, u'157': {u'State': u'idle'}, u'156': {u'State': u'idle'}, u'159': {u'State': u'idle'}, u'158': {u'State': u'idle'}, u'36': {u'State': u'idle'}, u'238': {u'State': u'idle'}, u'239': {u'State': u'idle'}, u'234': {u'State': u'idle'}, u'235': {u'State': u'idle'}, u'236': {u'State': u'idle'}, u'237': {u'State': u'idle'}, u'230': {u'State': u'idle'}, u'231': {u'State': u'idle'}, u'232': {u'State': u'idle'}, u'233': {u'State': u'idle'}, u'224': {u'State': u'idle'}, u'48': {u'State': u'idle'}, u'49': {u'State': u'idle'}, u'46': {u'State': u'idle'}, u'86': {u'State': u'idle'}, u'44': {u'State': u'idle'}, u'45': {u'State': u'idle'}, u'42': {u'State': u'idle'}, u'43': {u'State': u'idle'}, u'40': {u'State': u'idle'}, u'87': {u'State': u'idle'}, u'1': {u'State': u'idle'}, u'5': {u'State': u'idle'}, u'9': {u'State': u'idle'}, u'201': {u'State': u'idle'}, u'200': {u'State': u'idle'}, u'203': {u'State': u'idle'}, u'202': {u'State': u'idle'}, u'205': {u'State': u'idle'}, u'204': {u'State': u'idle'}, u'207': {u'State': u'idle'}, u'206': {u'State': u'idle'}, u'209': {u'State': u'idle'}, u'208': {u'State': u'idle'}, u'148': {u'State': u'idle'}, u'149': {u'State': u'idle'}, u'77': {u'State': u'idle'}, u'76': {u'State': u'idle'}, u'75': {u'State': u'idle'}, u'74': {u'State': u'idle'}, u'73': {u'State': u'idle'}, u'72': {u'State': u'idle'}, u'71': {u'State': u'idle'}, u'70': {u'State': u'idle'}, u'154': {u'State': u'idle'}, u'96': {u'State': u'idle'}, u'79': {u'State': u'idle'}, u'78': {u'State': u'idle'}, u'2': {u'State': u'idle'}, u'144': {u'State': u'idle'}, u'41': {u'State': u'idle'}, u'47': {u'State': u'idle'}}, u'publication': {}, u'taskWarningMsg': [], u'schedd': u'crab3@vocms0119.cern.ch', u'publicationFailures': {}, u'outdatasets': None, u'statusFailureMsg': u'', u'taskFailureMsg': u'', u'failedJobdefs': 0, u'ASOURL': u'https://cmsweb.cern.ch/couchdb2', u'command': u'SUBMIT', u'totalJobdefs': 0, u'submissionTime': 1487715921, u'jobdefErrors': [], u'collector': u'cmsgwms-collector-global.cern.ch,cmssrv221.fnal.gov', u'jobList': [[u'idle', 216], [u'idle', 217], [u'idle', 214], [u'idle', 215], [u'idle', 212], [u'idle', 213], [u'idle', 210], [u'idle', 211], [u'idle', 165], [u'idle', 218], [u'idle', 133], [u'idle', 132], [u'idle', 131], [u'idle', 130], [u'idle', 137], [u'idle', 136], [u'idle', 135], [u'idle', 134], [u'idle', 139], [u'idle', 138], [u'idle', 166], [u'idle', 24], [u'idle', 25], [u'idle', 26], [u'idle', 27], [u'idle', 20], [u'idle', 21], [u'idle', 22], [u'idle', 23], [u'idle', 160], [u'idle', 28], [u'idle', 29], [u'idle', 161], [u'idle', 4], [u'idle', 8], [u'idle', 163], [u'idle', 119], [u'idle', 120], [u'idle', 121], [u'idle', 122], [u'idle', 123], [u'idle', 124], [u'idle', 125], [u'idle', 126], [u'idle', 127], [u'idle', 128], [u'idle', 129], [u'idle', 219], [u'idle', 167], [u'idle', 118], [u'idle', 59], [u'idle', 58], [u'idle', 55], [u'idle', 54], [u'idle', 57], [u'idle', 56], [u'idle', 51], [u'idle', 50], [u'idle', 53], [u'idle', 52], [u'idle', 164], [u'idle', 201], [u'idle', 199], [u'idle', 179], [u'idle', 200], [u'idle', 195], [u'idle', 194], [u'idle', 197], [u'idle', 178], [u'idle', 191], [u'idle', 190], [u'idle', 193], [u'idle', 192], [u'idle', 115], [u'idle', 114], [u'idle', 88], [u'idle', 89], [u'idle', 111], [u'idle', 110], [u'idle', 113], [u'idle', 112], [u'idle', 82], [u'idle', 83], [u'idle', 80], [u'idle', 81], [u'idle', 86], [u'idle', 87], [u'idle', 84], [u'idle', 85], [u'idle', 251], [u'idle', 198], [u'idle', 206], [u'idle', 226], [u'idle', 3], [u'idle', 177], [u'idle', 7], [u'idle', 247], [u'idle', 225], [u'idle', 245], [u'idle', 244], [u'idle', 108], [u'idle', 109], [u'idle', 241], [u'idle', 240], [u'idle', 243], [u'idle', 242], [u'idle', 102], [u'idle', 103], [u'idle', 100], [u'idle', 101], [u'idle', 106], [u'idle', 107], [u'idle', 104], [u'idle', 105], [u'idle', 39], [u'idle', 38], [u'idle', 33], [u'idle', 32], [u'idle', 31], [u'idle', 30], [u'idle', 37], [u'idle', 36], [u'idle', 35], [u'idle', 34], [u'idle', 246], [u'idle', 252], [u'idle', 205], [u'idle', 223], [u'idle', 176], [u'idle', 60], [u'idle', 61], [u'idle', 62], [u'idle', 63], [u'idle', 64], [u'idle', 65], [u'idle', 66], [u'idle', 67], [u'idle', 68], [u'idle', 69], [u'idle', 175], [u'idle', 174], [u'idle', 173], [u'idle', 172], [u'idle', 171], [u'idle', 170], [u'idle', 203], [u'idle', 222], [u'idle', 181], [u'idle', 248], [u'idle', 182], [u'idle', 183], [u'idle', 180], [u'idle', 2], [u'idle', 162], [u'idle', 187], [u'idle', 184], [u'idle', 6], [u'idle', 220], [u'idle', 186], [u'idle', 188], [u'idle', 189], [u'idle', 202], [u'idle', 196], [u'idle', 221], [u'idle', 185], [u'idle', 99], [u'idle', 98], [u'idle', 168], [u'idle', 169], [u'idle', 229], [u'idle', 228], [u'idle', 91], [u'idle', 90], [u'idle', 93], [u'idle', 92], [u'idle', 95], [u'idle', 94], [u'idle', 97], [u'idle', 96], [u'idle', 11], [u'idle', 10], [u'idle', 13], [u'idle', 12], [u'idle', 15], [u'idle', 14], [u'idle', 17], [u'idle', 16], [u'idle', 19], [u'idle', 18], [u'idle', 117], [u'idle', 250], [u'idle', 116], [u'idle', 204], [u'idle', 151], [u'idle', 150], [u'idle', 153], [u'idle', 152], [u'idle', 155], [u'idle', 154], [u'idle', 157], [u'idle', 156], [u'idle', 159], [u'idle', 158], [u'idle', 234], [u'idle', 238], [u'idle', 239], [u'idle', 207], [u'idle', 235], [u'idle', 236], [u'idle', 237], [u'idle', 230], [u'idle', 231], [u'idle', 232], [u'idle', 233], [u'idle', 224], [u'idle', 48], [u'idle', 49], [u'idle', 46], [u'idle', 47], [u'idle', 44], [u'idle', 45], [u'idle', 42], [u'idle', 43], [u'idle', 40], [u'idle', 41], [u'idle', 1], [u'idle', 5], [u'idle', 9], [u'idle', 146], [u'idle', 147], [u'idle', 144], [u'idle', 145], [u'idle', 142], [u'idle', 143], [u'idle', 140], [u'idle', 141], [u'idle', 209], [u'idle', 208], [u'idle', 148], [u'idle', 149], [u'idle', 77], [u'idle', 76], [u'idle', 75], [u'idle', 74], [u'idle', 73], [u'idle', 72], [u'idle', 71], [u'idle', 70], [u'idle', 79], [u'idle', 78], [u'idle', 249], [u'idle', 227]]}
INFO 2017-02-21 17:30:27,891: 	 CRAB project directory:		/data/users/fengyb/CMSSW_7_6_3/src/EmergingJetAnalysis/crabTasks/crab_Analysis-20170221-2017-0221-v1/crab_Analysis-20170221-GJets_HT-100To200_RunIIFall15DR76-2017-0221-172439
INFO 2017-02-21 17:30:27,891: 	 Task name:			170221_222520:yofeng_crab_Analysis-20170221-GJets_HT-100To200_RunIIFall15DR76-2017-0221-172439
INFO 2017-02-21 17:30:27,891: 	 Grid scheduler:			crab3@vocms0119.cern.ch
INFO 2017-02-21 17:30:27,892: 	 Task status:			SUBMITTED
INFO 2017-02-21 17:30:27,892: 	 Task URL to use for HELP:	https://cmsweb.cern.ch/crabserver/ui/task/170221_222520%3Ayofeng_crab_Analysis-20170221-GJets_HT-100To200_RunIIFall15DR76-2017-0221-172439
INFO 2017-02-21 17:30:27,892: 	 Dashboard monitoring URL:	http://dashb-cms-job.cern.ch/dashboard/templates/task-analysis/#user=yofeng&table=Mains&pattern=170221_222520%3Ayofeng_crab_Analysis-20170221-GJets_HT-100To200_RunIIFall15DR76-2017-0221-172439
INFO 2017-02-21 17:30:27,893: 	 
Jobs status:			idle          100.0% (252/252)
INFO 2017-02-21 17:30:27,893: 	 
No publication information available yet
INFO 2017-02-21 17:30:27,904: 	 Log file is /data/users/fengyb/CMSSW_7_6_3/src/EmergingJetAnalysis/crabTasks/crab_Analysis-20170221-2017-0221-v1/crab_Analysis-20170221-GJets_HT-100To200_RunIIFall15DR76-2017-0221-172439/crab.log
DEBUG 2017-02-22 16:09:27,371: 	 Executing command: 'status'
DEBUG 2017-02-22 16:09:27,371: 	 Found CRAB cache file /home/fengyb/.crab3
DEBUG 2017-02-22 16:09:27,380: 	 Checking credentials
DEBUG 2017-02-22 16:09:27,380: 	 Found proxy file /tmp/x509up_u1701
DEBUG 2017-02-22 16:09:27,380: 	 Getting proxy life time left
DEBUG 2017-02-22 16:09:27,484: 	 Executing : 
 command : voms-proxy-info -file /tmp/x509up_u1701 -timeleft
 output : 42764

 error: 
 retcode : 0
DEBUG 2017-02-22 16:09:27,587: 	 Executing : 
 command : voms-proxy-info -file /tmp/x509up_u1701 -actimeleft
 output : 42764

 error: 
 retcode : 0
DEBUG 2017-02-22 16:09:27,587: 	 Proxy valid for 11:52:44 hours
DEBUG 2017-02-22 16:09:27,717: 	 Executing : 
 command : openssl x509 -in ~/.globus/usercert.pem -subject -noout
 output : subject= /DC=ch/DC=cern/OU=Organic Units/OU=Users/CN=yofeng/CN=785825/CN=Yongbin Feng

 error: 
 retcode : 0
DEBUG 2017-02-22 16:09:27,717: 	 Checking credentials
DEBUG 2017-02-22 16:09:27,717: 	 Found proxy file /tmp/x509up_u1701
DEBUG 2017-02-22 16:09:27,717: 	 Getting proxy life time left
DEBUG 2017-02-22 16:09:27,820: 	 Executing : 
 command : voms-proxy-info -file /tmp/x509up_u1701 -timeleft
 output : 42764

 error: 
 retcode : 0
DEBUG 2017-02-22 16:09:27,924: 	 Executing : 
 command : voms-proxy-info -file /tmp/x509up_u1701 -actimeleft
 output : 42764

 error: 
 retcode : 0
DEBUG 2017-02-22 16:09:27,924: 	 Proxy valid for 11:52:44 hours
DEBUG 2017-02-22 16:09:29,160: 	 Registering user credentials for server /DC=ch/DC=cern/OU=computers/CN=vocms(045|052|021|031|0118|0118a|0119|0108|0105).cern.ch
DEBUG 2017-02-22 16:09:29,268: 	 Executing : 
 command : openssl x509 -in ~/.globus/usercert.pem -subject -noout
 output : subject= /DC=ch/DC=cern/OU=Organic Units/OU=Users/CN=yofeng/CN=785825/CN=Yongbin Feng

 error: 
 retcode : 0
DEBUG 2017-02-22 16:09:29,268: 	 Getting myproxy life time left for myproxy.cern.ch
DEBUG 2017-02-22 16:09:29,268: 	 Calculating hash of /DC=ch/DC=cern/OU=Organic Units/OU=Users/CN=yofeng/CN=785825/CN=Yongbin Feng_cmsweb.cern.ch for credential name
DEBUG 2017-02-22 16:09:30,272: 	 Executing : 
 command : myproxy-info -l 46a32ae7e95f6185805e22dd0e47513ea7de8fa0 -s myproxy.cern.ch
 output : username: 46a32ae7e95f6185805e22dd0e47513ea7de8fa0
owner: /DC=ch/DC=cern/OU=Organic Units/OU=Users/CN=yofeng/CN=785825/CN=Yongbin Feng
  renewal policy: /DC=ch/DC=cern/OU=computers/CN=vocms(045|052|021|031|0118|0118a|0119|0108|0105).cern.ch
  trusted retrieval policy: /DC=ch/DC=cern/OU=computers/CN=vocms(045|052|021|031|0118|0118a|0119|0108|0105).cern.ch
  timeleft: 404:25:14  (16.9 days)

 error: 
 retcode : 0
DEBUG 2017-02-22 16:09:30,273: 	 Myproxy is valid: 1455914
DEBUG 2017-02-22 16:09:30,273: 	 Command use: status
DEBUG 2017-02-22 16:09:30,273: 	 Options use: ['-d', 'crab_Analysis-20170221-GJets_HT-100To200_RunIIFall15DR76-2017-0221-172439']
DEBUG 2017-02-22 16:09:31,395: 	 CRABClient version: 3.3.1702
DEBUG 2017-02-22 16:09:31,395: 	 Instance is prod
DEBUG 2017-02-22 16:09:31,395: 	 Server base url is cmsweb.cern.ch
DEBUG 2017-02-22 16:09:31,396: 	 Command url /crabserver/prod/workflow
DEBUG 2017-02-22 16:09:31,396: 	 Looking up detailed status of task 170221_222520:yofeng_crab_Analysis-20170221-GJets_HT-100To200_RunIIFall15DR76-2017-0221-172439
DEBUG 2017-02-22 16:09:32,928: 	 {u'status': u'COMPLETED', u'username': u'yofeng', u'jobsPerStatus': {u'finished': 252}, u'jobs': {u'216': {u'State': u'finished'}, u'217': {u'State': u'finished'}, u'214': {u'State': u'finished'}, u'215': {u'State': u'finished'}, u'212': {u'State': u'finished'}, u'213': {u'State': u'finished'}, u'210': {u'State': u'finished'}, u'211': {u'State': u'finished'}, u'218': {u'State': u'finished'}, u'219': {u'State': u'finished'}, u'133': {u'State': u'finished'}, u'132': {u'State': u'finished'}, u'131': {u'State': u'finished'}, u'130': {u'State': u'finished'}, u'137': {u'State': u'finished'}, u'136': {u'State': u'finished'}, u'135': {u'State': u'finished'}, u'134': {u'State': u'finished'}, u'95': {u'State': u'finished'}, u'139': {u'State': u'finished'}, u'138': {u'State': u'finished'}, u'225': {u'State': u'finished'}, u'24': {u'State': u'finished'}, u'25': {u'State': u'finished'}, u'26': {u'State': u'finished'}, u'27': {u'State': u'finished'}, u'20': {u'State': u'finished'}, u'21': {u'State': u'finished'}, u'22': {u'State': u'finished'}, u'23': {u'State': u'finished'}, u'223': {u'State': u'finished'}, u'28': {u'State': u'finished'}, u'29': {u'State': u'finished'}, u'222': {u'State': u'finished'}, u'4': {u'State': u'finished'}, u'8': {u'State': u'finished'}, u'220': {u'State': u'finished'}, u'68': {u'State': u'finished'}, u'227': {u'State': u'finished'}, u'120': {u'State': u'finished'}, u'121': {u'State': u'finished'}, u'122': {u'State': u'finished'}, u'123': {u'State': u'finished'}, u'124': {u'State': u'finished'}, u'125': {u'State': u'finished'}, u'126': {u'State': u'finished'}, u'127': {u'State': u'finished'}, u'128': {u'State': u'finished'}, u'129': {u'State': u'finished'}, u'69': {u'State': u'finished'}, u'91': {u'State': u'finished'}, u'59': {u'State': u'finished'}, u'58': {u'State': u'finished'}, u'55': {u'State': u'finished'}, u'54': {u'State': u'finished'}, u'57': {u'State': u'finished'}, u'56': {u'State': u'finished'}, u'51': {u'State': u'finished'}, u'50': {u'State': u'finished'}, u'53': {u'State': u'finished'}, u'52': {u'State': u'finished'}, u'90': {u'State': u'finished'}, u'93': {u'State': u'finished'}, u'199': {u'State': u'finished'}, u'198': {u'State': u'finished'}, u'147': {u'State': u'finished'}, u'195': {u'State': u'finished'}, u'194': {u'State': u'finished'}, u'197': {u'State': u'finished'}, u'67': {u'State': u'finished'}, u'191': {u'State': u'finished'}, u'190': {u'State': u'finished'}, u'193': {u'State': u'finished'}, u'192': {u'State': u'finished'}, u'115': {u'State': u'finished'}, u'114': {u'State': u'finished'}, u'88': {u'State': u'finished'}, u'89': {u'State': u'finished'}, u'111': {u'State': u'finished'}, u'110': {u'State': u'finished'}, u'113': {u'State': u'finished'}, u'112': {u'State': u'finished'}, u'82': {u'State': u'finished'}, u'83': {u'State': u'finished'}, u'80': {u'State': u'finished'}, u'81': {u'State': u'finished'}, u'119': {u'State': u'finished'}, u'118': {u'State': u'finished'}, u'84': {u'State': u'finished'}, u'85': {u'State': u'finished'}, u'174': {u'State': u'finished'}, u'140': {u'State': u'finished'}, u'141': {u'State': u'finished'}, u'226': {u'State': u'finished'}, u'3': {u'State': u'finished'}, u'7': {u'State': u'finished'}, u'146': {u'State': u'finished'}, u'92': {u'State': u'finished'}, u'245': {u'State': u'finished'}, u'244': {u'State': u'finished'}, u'247': {u'State': u'finished'}, u'109': {u'State': u'finished'}, u'241': {u'State': u'finished'}, u'240': {u'State': u'finished'}, u'243': {u'State': u'finished'}, u'242': {u'State': u'finished'}, u'102': {u'State': u'finished'}, u'103': {u'State': u'finished'}, u'100': {u'State': u'finished'}, u'101': {u'State': u'finished'}, u'106': {u'State': u'finished'}, u'107': {u'State': u'finished'}, u'104': {u'State': u'finished'}, u'105': {u'State': u'finished'}, u'39': {u'State': u'finished'}, u'38': {u'State': u'finished'}, u'33': {u'State': u'finished'}, u'32': {u'State': u'finished'}, u'31': {u'State': u'finished'}, u'30': {u'State': u'finished'}, u'37': {u'State': u'finished'}, u'108': {u'State': u'finished'}, u'35': {u'State': u'finished'}, u'34': {u'State': u'finished'}, u'246': {u'State': u'finished'}, u'94': {u'State': u'finished'}, u'252': {u'State': u'finished'}, u'60': {u'State': u'finished'}, u'61': {u'State': u'finished'}, u'62': {u'State': u'finished'}, u'63': {u'State': u'finished'}, u'64': {u'State': u'finished'}, u'65': {u'State': u'finished'}, u'179': {u'State': u'finished'}, u'178': {u'State': u'finished'}, u'177': {u'State': u'finished'}, u'176': {u'State': u'finished'}, u'175': {u'State': u'finished'}, u'251': {u'State': u'finished'}, u'173': {u'State': u'finished'}, u'172': {u'State': u'finished'}, u'171': {u'State': u'finished'}, u'170': {u'State': u'finished'}, u'249': {u'State': u'finished'}, u'145': {u'State': u'finished'}, u'248': {u'State': u'finished'}, u'182': {u'State': u'finished'}, u'183': {u'State': u'finished'}, u'180': {u'State': u'finished'}, u'181': {u'State': u'finished'}, u'186': {u'State': u'finished'}, u'187': {u'State': u'finished'}, u'184': {u'State': u'finished'}, u'6': {u'State': u'finished'}, u'188': {u'State': u'finished'}, u'189': {u'State': u'finished'}, u'196': {u'State': u'finished'}, u'221': {u'State': u'finished'}, u'97': {u'State': u'finished'}, u'185': {u'State': u'finished'}, u'142': {u'State': u'finished'}, u'99': {u'State': u'finished'}, u'98': {u'State': u'finished'}, u'168': {u'State': u'finished'}, u'169': {u'State': u'finished'}, u'229': {u'State': u'finished'}, u'228': {u'State': u'finished'}, u'164': {u'State': u'finished'}, u'165': {u'State': u'finished'}, u'166': {u'State': u'finished'}, u'167': {u'State': u'finished'}, u'160': {u'State': u'finished'}, u'161': {u'State': u'finished'}, u'162': {u'State': u'finished'}, u'163': {u'State': u'finished'}, u'11': {u'State': u'finished'}, u'10': {u'State': u'finished'}, u'13': {u'State': u'finished'}, u'12': {u'State': u'finished'}, u'15': {u'State': u'finished'}, u'14': {u'State': u'finished'}, u'66': {u'State': u'finished'}, u'16': {u'State': u'finished'}, u'19': {u'State': u'finished'}, u'18': {u'State': u'finished'}, u'143': {u'State': u'finished'}, u'117': {u'State': u'finished'}, u'116': {u'State': u'finished'}, u'17': {u'State': u'finished'}, u'151': {u'State': u'finished'}, u'150': {u'State': u'finished'}, u'153': {u'State': u'finished'}, u'152': {u'State': u'finished'}, u'155': {u'State': u'finished'}, u'250': {u'State': u'finished'}, u'157': {u'State': u'finished'}, u'156': {u'State': u'finished'}, u'159': {u'State': u'finished'}, u'158': {u'State': u'finished'}, u'36': {u'State': u'finished'}, u'238': {u'State': u'finished'}, u'239': {u'State': u'finished'}, u'234': {u'State': u'finished'}, u'235': {u'State': u'finished'}, u'236': {u'State': u'finished'}, u'237': {u'State': u'finished'}, u'230': {u'State': u'finished'}, u'231': {u'State': u'finished'}, u'232': {u'State': u'finished'}, u'233': {u'State': u'finished'}, u'224': {u'State': u'finished'}, u'48': {u'State': u'finished'}, u'49': {u'State': u'finished'}, u'46': {u'State': u'finished'}, u'86': {u'State': u'finished'}, u'44': {u'State': u'finished'}, u'45': {u'State': u'finished'}, u'42': {u'State': u'finished'}, u'43': {u'State': u'finished'}, u'40': {u'State': u'finished'}, u'87': {u'State': u'finished'}, u'1': {u'State': u'finished'}, u'5': {u'State': u'finished'}, u'9': {u'State': u'finished'}, u'201': {u'State': u'finished'}, u'200': {u'State': u'finished'}, u'203': {u'State': u'finished'}, u'202': {u'State': u'finished'}, u'205': {u'State': u'finished'}, u'204': {u'State': u'finished'}, u'207': {u'State': u'finished'}, u'206': {u'State': u'finished'}, u'209': {u'State': u'finished'}, u'208': {u'State': u'finished'}, u'148': {u'State': u'finished'}, u'149': {u'State': u'finished'}, u'77': {u'State': u'finished'}, u'76': {u'State': u'finished'}, u'75': {u'State': u'finished'}, u'74': {u'State': u'finished'}, u'73': {u'State': u'finished'}, u'72': {u'State': u'finished'}, u'71': {u'State': u'finished'}, u'70': {u'State': u'finished'}, u'154': {u'State': u'finished'}, u'96': {u'State': u'finished'}, u'79': {u'State': u'finished'}, u'78': {u'State': u'finished'}, u'2': {u'State': u'finished'}, u'144': {u'State': u'finished'}, u'41': {u'State': u'finished'}, u'47': {u'State': u'finished'}}, u'publication': {u'publishing': 0, u'publication_failed': 0, u'not_published': 0, u'published': 252}, u'taskWarningMsg': [], u'schedd': u'crab3@vocms0119.cern.ch', u'publicationFailures': {}, u'outdatasets': [u'/GJets_HT-100To200_TuneCUETP8M1_13TeV-madgraphMLM-pythia8/yofeng-Analysis-20170221-8e4c91f6c48dd064d89c358e8f6a85d1/USER'], u'statusFailureMsg': u'', u'taskFailureMsg': u'', u'failedJobdefs': 0, u'ASOURL': u'https://cmsweb.cern.ch/couchdb2', u'command': u'SUBMIT', u'totalJobdefs': 0, u'submissionTime': 1487715921, u'jobdefErrors': [], u'collector': u'cmsgwms-collector-global.cern.ch,cmssrv221.fnal.gov', u'jobList': [[u'finished', 216], [u'finished', 217], [u'finished', 214], [u'finished', 215], [u'finished', 212], [u'finished', 213], [u'finished', 210], [u'finished', 211], [u'finished', 165], [u'finished', 218], [u'finished', 133], [u'finished', 132], [u'finished', 131], [u'finished', 130], [u'finished', 137], [u'finished', 136], [u'finished', 135], [u'finished', 134], [u'finished', 139], [u'finished', 138], [u'finished', 166], [u'finished', 24], [u'finished', 25], [u'finished', 26], [u'finished', 27], [u'finished', 20], [u'finished', 21], [u'finished', 22], [u'finished', 23], [u'finished', 160], [u'finished', 28], [u'finished', 29], [u'finished', 161], [u'finished', 4], [u'finished', 8], [u'finished', 163], [u'finished', 119], [u'finished', 120], [u'finished', 121], [u'finished', 122], [u'finished', 123], [u'finished', 124], [u'finished', 125], [u'finished', 126], [u'finished', 127], [u'finished', 128], [u'finished', 129], [u'finished', 219], [u'finished', 167], [u'finished', 118], [u'finished', 59], [u'finished', 58], [u'finished', 55], [u'finished', 54], [u'finished', 57], [u'finished', 56], [u'finished', 51], [u'finished', 50], [u'finished', 53], [u'finished', 52], [u'finished', 164], [u'finished', 201], [u'finished', 199], [u'finished', 179], [u'finished', 200], [u'finished', 195], [u'finished', 194], [u'finished', 197], [u'finished', 178], [u'finished', 191], [u'finished', 190], [u'finished', 193], [u'finished', 192], [u'finished', 115], [u'finished', 114], [u'finished', 88], [u'finished', 89], [u'finished', 111], [u'finished', 110], [u'finished', 113], [u'finished', 112], [u'finished', 82], [u'finished', 83], [u'finished', 80], [u'finished', 81], [u'finished', 86], [u'finished', 87], [u'finished', 84], [u'finished', 85], [u'finished', 251], [u'finished', 198], [u'finished', 206], [u'finished', 226], [u'finished', 3], [u'finished', 177], [u'finished', 7], [u'finished', 247], [u'finished', 225], [u'finished', 245], [u'finished', 244], [u'finished', 108], [u'finished', 109], [u'finished', 241], [u'finished', 240], [u'finished', 243], [u'finished', 242], [u'finished', 102], [u'finished', 103], [u'finished', 100], [u'finished', 101], [u'finished', 106], [u'finished', 107], [u'finished', 104], [u'finished', 105], [u'finished', 39], [u'finished', 38], [u'finished', 33], [u'finished', 32], [u'finished', 31], [u'finished', 30], [u'finished', 37], [u'finished', 36], [u'finished', 35], [u'finished', 34], [u'finished', 246], [u'finished', 252], [u'finished', 205], [u'finished', 223], [u'finished', 176], [u'finished', 60], [u'finished', 61], [u'finished', 62], [u'finished', 63], [u'finished', 64], [u'finished', 65], [u'finished', 66], [u'finished', 67], [u'finished', 68], [u'finished', 69], [u'finished', 175], [u'finished', 174], [u'finished', 173], [u'finished', 172], [u'finished', 171], [u'finished', 170], [u'finished', 203], [u'finished', 222], [u'finished', 181], [u'finished', 248], [u'finished', 182], [u'finished', 183], [u'finished', 180], [u'finished', 2], [u'finished', 162], [u'finished', 187], [u'finished', 184], [u'finished', 6], [u'finished', 220], [u'finished', 186], [u'finished', 188], [u'finished', 189], [u'finished', 202], [u'finished', 196], [u'finished', 221], [u'finished', 185], [u'finished', 99], [u'finished', 98], [u'finished', 168], [u'finished', 169], [u'finished', 229], [u'finished', 228], [u'finished', 91], [u'finished', 90], [u'finished', 93], [u'finished', 92], [u'finished', 95], [u'finished', 94], [u'finished', 97], [u'finished', 96], [u'finished', 11], [u'finished', 10], [u'finished', 13], [u'finished', 12], [u'finished', 15], [u'finished', 14], [u'finished', 17], [u'finished', 16], [u'finished', 19], [u'finished', 18], [u'finished', 117], [u'finished', 250], [u'finished', 116], [u'finished', 204], [u'finished', 151], [u'finished', 150], [u'finished', 153], [u'finished', 152], [u'finished', 155], [u'finished', 154], [u'finished', 157], [u'finished', 156], [u'finished', 159], [u'finished', 158], [u'finished', 234], [u'finished', 238], [u'finished', 239], [u'finished', 207], [u'finished', 235], [u'finished', 236], [u'finished', 237], [u'finished', 230], [u'finished', 231], [u'finished', 232], [u'finished', 233], [u'finished', 224], [u'finished', 48], [u'finished', 49], [u'finished', 46], [u'finished', 47], [u'finished', 44], [u'finished', 45], [u'finished', 42], [u'finished', 43], [u'finished', 40], [u'finished', 41], [u'finished', 1], [u'finished', 5], [u'finished', 9], [u'finished', 146], [u'finished', 147], [u'finished', 144], [u'finished', 145], [u'finished', 142], [u'finished', 143], [u'finished', 140], [u'finished', 141], [u'finished', 209], [u'finished', 208], [u'finished', 148], [u'finished', 149], [u'finished', 77], [u'finished', 76], [u'finished', 75], [u'finished', 74], [u'finished', 73], [u'finished', 72], [u'finished', 71], [u'finished', 70], [u'finished', 79], [u'finished', 78], [u'finished', 249], [u'finished', 227]]}
INFO 2017-02-22 16:09:32,929: 	 CRAB project directory:		/data/users/fengyb/CMSSW_7_6_3/src/EmergingJetAnalysis/crabTasks/crab_Analysis-20170221-2017-0221-v1/crab_Analysis-20170221-GJets_HT-100To200_RunIIFall15DR76-2017-0221-172439
INFO 2017-02-22 16:09:32,929: 	 Task name:			170221_222520:yofeng_crab_Analysis-20170221-GJets_HT-100To200_RunIIFall15DR76-2017-0221-172439
INFO 2017-02-22 16:09:32,929: 	 Grid scheduler:			crab3@vocms0119.cern.ch
INFO 2017-02-22 16:09:32,929: 	 Task status:			COMPLETED
INFO 2017-02-22 16:09:32,929: 	 Task URL to use for HELP:	https://cmsweb.cern.ch/crabserver/ui/task/170221_222520%3Ayofeng_crab_Analysis-20170221-GJets_HT-100To200_RunIIFall15DR76-2017-0221-172439
INFO 2017-02-22 16:09:32,929: 	 Dashboard monitoring URL:	http://dashb-cms-job.cern.ch/dashboard/templates/task-analysis/#user=yofeng&table=Mains&pattern=170221_222520%3Ayofeng_crab_Analysis-20170221-GJets_HT-100To200_RunIIFall15DR76-2017-0221-172439
INFO 2017-02-22 16:09:32,929: 	 
Jobs status:			finished      100.0% (252/252)
INFO 2017-02-22 16:09:32,929: 	 
Publication status:		finished      100.0% (252/252)
INFO 2017-02-22 16:09:32,929: 	 
Output dataset:			/GJets_HT-100To200_TuneCUETP8M1_13TeV-madgraphMLM-pythia8/yofeng-Analysis-20170221-8e4c91f6c48dd064d89c358e8f6a85d1/USER
Output dataset DAS URL:		https://cmsweb.cern.ch/das/request?input=%2FGJets_HT-100To200_TuneCUETP8M1_13TeV-madgraphMLM-pythia8%2Fyofeng-Analysis-20170221-8e4c91f6c48dd064d89c358e8f6a85d1%2FUSER&instance=prod%2Fphys03
INFO 2017-02-22 16:09:32,933: 	 Log file is /data/users/fengyb/CMSSW_7_6_3/src/EmergingJetAnalysis/crabTasks/crab_Analysis-20170221-2017-0221-v1/crab_Analysis-20170221-GJets_HT-100To200_RunIIFall15DR76-2017-0221-172439/crab.log
