['skim', 'analyze']
# Conditions read from  CMS_CONDITIONS  via FrontierProd 

####################
Adding Skim step
####################

Adding GJet Skim step.
triggerSelection should be verified for new datasets.
photonID should be modified for each global tag.
 switching PAT Tau input to:  cms.InputTag("hpsPFTauProducer76xReMiniAOD")

####################
Adding Analyze step
####################

CMSSW_VERSION is CMSSW_7_6_3
Using the following global tags [MC, DATA]:
['76X_mcRun2_asymptotic_RunIIFall15DR76_v1', '76X_dataRun2_16Dec2015_v0']
DEBUG 2017-03-21 20:23:30,147: 	 Executing command: 'submit'
DEBUG 2017-03-21 20:23:30,152: 	 Found CRAB cache file /home/fengyb/.crab3
DEBUG 2017-03-21 20:23:30,158: 	 Checking credentials
DEBUG 2017-03-21 20:23:30,158: 	 Found proxy file /tmp/x509up_u1701
DEBUG 2017-03-21 20:23:30,158: 	 Getting proxy life time left
DEBUG 2017-03-21 20:23:30,261: 	 Executing : 
 command : voms-proxy-info -file /tmp/x509up_u1701 -timeleft
 output : 41814

 error: 
 retcode : 0
DEBUG 2017-03-21 20:23:30,365: 	 Executing : 
 command : voms-proxy-info -file /tmp/x509up_u1701 -actimeleft
 output : 41814

 error: 
 retcode : 0
DEBUG 2017-03-21 20:23:30,365: 	 Proxy valid for 11:36:54 hours
DEBUG 2017-03-21 20:23:30,366: 	 Will use CRAB Analysis plugin (i.e. will run an analysis job type).
DEBUG 2017-03-21 20:23:30,477: 	 Executing : 
 command : openssl x509 -in ~/.globus/usercert.pem -subject -noout
 output : subject= /DC=ch/DC=cern/OU=Organic Units/OU=Users/CN=yofeng/CN=785825/CN=Yongbin Feng

 error: 
 retcode : 0
DEBUG 2017-03-21 20:23:30,477: 	 Checking credentials
DEBUG 2017-03-21 20:23:30,478: 	 Found proxy file /tmp/x509up_u1701
DEBUG 2017-03-21 20:23:30,478: 	 Getting proxy life time left
DEBUG 2017-03-21 20:23:30,581: 	 Executing : 
 command : voms-proxy-info -file /tmp/x509up_u1701 -timeleft
 output : 41814

 error: 
 retcode : 0
DEBUG 2017-03-21 20:23:30,684: 	 Executing : 
 command : voms-proxy-info -file /tmp/x509up_u1701 -actimeleft
 output : 41814

 error: 
 retcode : 0
DEBUG 2017-03-21 20:23:30,684: 	 Proxy valid for 11:36:54 hours
DEBUG 2017-03-21 20:23:30,788: 	 Executing : 
 command : env X509_USER_PROXY=/tmp/x509up_u1701 voms-proxy-info -fqan
 output : /cms/Role=NULL/Capability=NULL

 error: 
 retcode : 0
DEBUG 2017-03-21 20:23:31,921: 	 Registering user credentials for server /DC=ch/DC=cern/OU=computers/CN=vocms(045|052|021|031|0118|0118a|0119|0108|0105).cern.ch
DEBUG 2017-03-21 20:23:32,029: 	 Executing : 
 command : openssl x509 -in ~/.globus/usercert.pem -subject -noout
 output : subject= /DC=ch/DC=cern/OU=Organic Units/OU=Users/CN=yofeng/CN=785825/CN=Yongbin Feng

 error: 
 retcode : 0
DEBUG 2017-03-21 20:23:32,029: 	 Getting myproxy life time left for myproxy.cern.ch
DEBUG 2017-03-21 20:23:32,029: 	 Calculating hash of /DC=ch/DC=cern/OU=Organic Units/OU=Users/CN=yofeng/CN=785825/CN=Yongbin Feng_cmsweb.cern.ch for credential name
DEBUG 2017-03-21 20:23:32,733: 	 Executing : 
 command : myproxy-info -l 46a32ae7e95f6185805e22dd0e47513ea7de8fa0 -s myproxy.cern.ch
 output : username: 46a32ae7e95f6185805e22dd0e47513ea7de8fa0
owner: /DC=ch/DC=cern/OU=Organic Units/OU=Users/CN=yofeng/CN=785825/CN=Yongbin Feng
  renewal policy: /DC=ch/DC=cern/OU=computers/CN=vocms(045|052|021|031|0118|0118a|0119|0108|0105).cern.ch
  trusted retrieval policy: /DC=ch/DC=cern/OU=computers/CN=vocms(045|052|021|031|0118|0118a|0119|0108|0105).cern.ch
  timeleft: 595:50:31  (24.8 days)

 error: 
 retcode : 0
DEBUG 2017-03-21 20:23:32,734: 	 Myproxy is valid: 2145031
DEBUG 2017-03-21 20:23:32,734: 	 Command use: submit
DEBUG 2017-03-21 20:23:32,735: 	 Options use: ['--config', <WMCore.Configuration.Configuration object at 0x1ee6990>]
DEBUG 2017-03-21 20:23:33,818: 	 CRABClient version: 3.3.1703
DEBUG 2017-03-21 20:23:33,818: 	 Instance is prod
DEBUG 2017-03-21 20:23:33,818: 	 Server base url is cmsweb.cern.ch
DEBUG 2017-03-21 20:23:33,818: 	 Command url /crabserver/prod/workflow
DEBUG 2017-03-21 20:23:33,818: 	 Started submission
DEBUG 2017-03-21 20:23:33,818: 	 Working on /data/users/fengyb/CMSSW_7_6_3/src/EmergingJetAnalysis/crabTasks/crab_Analysis-20170321-2017-0321-v8/crab_Analysis-20170321-GJets_HT-600ToInf_RunIIFall15DR76-2017-0321-202330
DEBUG 2017-03-21 20:23:35,068: 	 Loading required information from the environment
DEBUG 2017-03-21 20:23:35,068: 	 Found CMSSW_7_6_3 for slc6_amd64_gcc493 with base /data/users/fengyb/CMSSW_7_6_3
DEBUG 2017-03-21 20:23:35,068: 	 Loading required information from the environment
DEBUG 2017-03-21 20:23:35,068: 	 Found CMSSW_7_6_3 for slc6_amd64_gcc493 with base /data/users/fengyb/CMSSW_7_6_3
DEBUG 2017-03-21 20:23:35,086: 	 UNIQUE NAME: tarUUID 9e646fe7-d552-4239-a4e1-9fa15e170b6d 
DEBUG 2017-03-21 20:23:35,087: 	 self.config: from WMCore.Configuration import Configuration
config = Configuration()
config.section_('General')
config.General.workArea = 'crabTasks/crab_Analysis-20170321-2017-0321-v8'
config.General.requestName = 'Analysis-20170321-GJets_HT-600ToInf_RunIIFall15DR76-2017-0321-202330'
config.section_('JobType')
config.JobType.priority = 30
config.JobType.psetName = 'Configuration/test/test_cfg.py'
config.JobType.pluginName = 'Analysis'
config.JobType.pyCfgParams = ['crab=1', 'data=0', 'sample=gjet']
config.section_('Data')
config.Data.inputDataset = '/GJets_HT-600ToInf_TuneCUETP8M1_13TeV-madgraphMLM-pythia8/RunIIFall15DR76-PU25nsData2015v1_76X_mcRun2_asymptotic_v12-v1/AODSIM'
config.Data.outputDatasetTag = 'Analysis-20170321'
config.Data.publication = True
config.Data.unitsPerJob = 1
config.Data.ignoreLocality = True
config.Data.splitting = 'FileBased'
config.Data.inputDBS = 'global'
config.Data.outLFNDirBase = '/store/user/yofeng/GJet/ntuple/Analysis-20170321-v8/GJets_HT-600ToInf_RunIIFall15DR76/'
config.Data.totalUnits = 1000
config.section_('Site')
config.Site.blacklist = ['T2_US_Purdue']
config.Site.storageSite = 'T3_US_UMD'

DEBUG 2017-03-21 20:23:35,087: 	 self.config.JobType.psetName: Configuration/test/test_cfg.py
INFO 2017-03-21 20:23:35,088: 	 Importing CMSSW configuration Configuration/test/test_cfg.py
DEBUG 2017-03-21 20:23:35,088: 	 Additional parameters for the CMSSW configuration are: ['crab=1', 'data=0', 'sample=gjet']
INFO 2017-03-21 20:23:40,808: 	 Finished importing CMSSW configuration Configuration/test/test_cfg.py
DEBUG 2017-03-21 20:23:40,808: 	 Writing CMSSW configuration to /data/users/fengyb/CMSSW_7_6_3/src/EmergingJetAnalysis/crabTasks/crab_Analysis-20170321-2017-0321-v8/crab_Analysis-20170321-GJets_HT-600ToInf_RunIIFall15DR76-2017-0321-202330/inputs/PSet.py
DEBUG 2017-03-21 20:23:43,811: 	 The following EDM output files will be collected: ['output.root']
DEBUG 2017-03-21 20:23:43,811: 	 The following TFile output files will be collected: ['ntuple.root']
DEBUG 2017-03-21 20:23:43,812: 	 The following user output files will be collected: []
DEBUG 2017-03-21 20:23:43,812: 	 Loading required information from the environment
DEBUG 2017-03-21 20:23:43,812: 	 Found CMSSW_7_6_3 for slc6_amd64_gcc493 with base /data/users/fengyb/CMSSW_7_6_3
DEBUG 2017-03-21 20:23:43,812: 	 Making tarball in /data/users/fengyb/CMSSW_7_6_3/src/EmergingJetAnalysis/crabTasks/crab_Analysis-20170321-2017-0321-v8/crab_Analysis-20170321-GJets_HT-600ToInf_RunIIFall15DR76-2017-0321-202330/inputs/9e646fe7-d552-4239-a4e1-9fa15e170b6ddefault.tgz
DEBUG 2017-03-21 20:23:43,855: 	 Checking directory /data/users/fengyb/CMSSW_7_6_3/lib
DEBUG 2017-03-21 20:23:43,855: 	 Adding directory /data/users/fengyb/CMSSW_7_6_3/lib to tarball
DEBUG 2017-03-21 20:23:47,307: 	 Checking directory /data/users/fengyb/CMSSW_7_6_3/biglib
DEBUG 2017-03-21 20:23:47,307: 	 Adding directory /data/users/fengyb/CMSSW_7_6_3/biglib to tarball
DEBUG 2017-03-21 20:23:47,309: 	 Checking directory /data/users/fengyb/CMSSW_7_6_3/module
DEBUG 2017-03-21 20:23:47,430: 	 Adding data directory /data/users/fengyb/CMSSW_7_6_3/src/RecoEgamma/EgammaTools/data to tarball
DEBUG 2017-03-21 20:23:47,458: 	 Adding data directory /data/users/fengyb/CMSSW_7_6_3/src/RecoEgamma/EgammaTools/interface to tarball
DEBUG 2017-03-21 20:23:47,481: 	 Adding data directory /data/users/fengyb/CMSSW_7_6_3/src/RecoEgamma/PhotonIdentification/data to tarball
DEBUG 2017-03-21 20:23:47,490: 	 Adding data directory /data/users/fengyb/CMSSW_7_6_3/src/RecoEgamma/PhotonIdentification/interface to tarball
DEBUG 2017-03-21 20:23:47,537: 	 Adding data directory /data/users/fengyb/CMSSW_7_6_3/src/EmergingJetAnalysis/EmergingJetAnalyzer/interface to tarball
DEBUG 2017-03-21 20:23:47,581: 	 Adding data directory /data/users/fengyb/CMSSW_7_6_3/src/EmergingJetAnalysis/EmJetAnalyzer/interface to tarball
DEBUG 2017-03-21 20:23:48,374: 	 Uploading archive /data/users/fengyb/CMSSW_7_6_3/src/EmergingJetAnalysis/crabTasks/crab_Analysis-20170321-2017-0321-v8/crab_Analysis-20170321-GJets_HT-600ToInf_RunIIFall15DR76-2017-0321-202330/inputs/9e646fe7-d552-4239-a4e1-9fa15e170b6ddefault.tgz (6.700195.1 MB) to the CRAB cache. Using URI https://cmsweb.cern.ch/crabcache
DEBUG 2017-03-21 20:23:55,505: 	 Loading required information from the environment
DEBUG 2017-03-21 20:23:55,505: 	 Found CMSSW_7_6_3 for slc6_amd64_gcc493 with base /data/users/fengyb/CMSSW_7_6_3
DEBUG 2017-03-21 20:23:55,505: 	 Making tarball in /data/users/fengyb/CMSSW_7_6_3/src/EmergingJetAnalysis/crabTasks/crab_Analysis-20170321-2017-0321-v8/crab_Analysis-20170321-GJets_HT-600ToInf_RunIIFall15DR76-2017-0321-202330/inputs/debugFiles.tgz
DEBUG 2017-03-21 20:23:55,509: 	 Uploading archive /data/users/fengyb/CMSSW_7_6_3/src/EmergingJetAnalysis/crabTasks/crab_Analysis-20170321-2017-0321-v8/crab_Analysis-20170321-GJets_HT-600ToInf_RunIIFall15DR76-2017-0321-202330/inputs/debugFiles.tgz (3 KB) to the CRAB cache. Using URI https://cmsweb.cern.ch/crabcache
DEBUG 2017-03-21 20:23:56,809: 	 Result uploading input files: 628a5841b8dca0a8255893d46ee3618f1862a79c16dc323508b92c3767c9f163.tar.gz 
WARNING 2017-03-21 20:23:56,810: 	 Warning: The following output files will not be published, as they are not EDM files: ['ntuple.root']
INFO 2017-03-21 20:23:56,810: 	 Sending the request to the server
DEBUG 2017-03-21 20:23:56,810: 	 Submitting {'maxjobruntime': 1250, 'extrajdl': [], 'ignorelocality': 1, 'savelogsflag': 0, 'useparent': 0, 'asyncdest': 'T3_US_UMD', 'algoargs': 1, 'cachefilename': '628a5841b8dca0a8255893d46ee3618f1862a79c16dc323508b92c3767c9f163.tar.gz', 'numcores': 1, 'addoutputfiles': [], 'generator': 'pythia', 'maxmemory': 2000, 'publishdbsurl': 'https://cmsweb.cern.ch/dbs/prod/phys03/DBSWriter', 'priority': 30, 'jobsw': 'CMSSW_7_6_3', 'edmoutfiles': ['output.root'], 'userfiles': [], 'primarydataset': '', 'inputdata': '/GJets_HT-600ToInf_TuneCUETP8M1_13TeV-madgraphMLM-pythia8/RunIIFall15DR76-PU25nsData2015v1_76X_mcRun2_asymptotic_v12-v1/AODSIM', 'lfn': '/store/user/yofeng/GJet/ntuple/Analysis-20170321-v8/GJets_HT-600ToInf_RunIIFall15DR76/', 'dryrun': 0, 'workflow': 'crab_Analysis-20170321-GJets_HT-600ToInf_RunIIFall15DR76-2017-0321-202330', 'cacheurl': u'https://cmsweb.cern.ch/crabcache', 'nonprodsw': 0, 'tfileoutfiles': ['ntuple.root'], 'oneEventMode': 0, 'debugfilename': '486c1f9ac65e8d24eba0be57bbd2532b25513a39d0149526391ff0c73f6fb25a.tar.gz', 'saveoutput': 1, 'publication': 1, 'jobarch': 'slc6_amd64_gcc493', 'totalunits': 1000, 'splitalgo': 'FileBased', 'ignoreglobalblacklist': 0, 'nonvaliddata': 0, 'dbsurl': 'https://cmsweb.cern.ch/dbs/prod/global/DBSReader', 'publishgroupname': 0, 'jobtype': 'Analysis', 'siteblacklist': ['T2_US_Purdue'], 'publishname2': 'Analysis-20170321'} 
DEBUG 2017-03-21 20:23:56,810: 	 Encoded submit request: maxjobruntime=1250&ignorelocality=1&savelogsflag=0&useparent=0&asyncdest=T3_US_UMD&algoargs=1&cachefilename=628a5841b8dca0a8255893d46ee3618f1862a79c16dc323508b92c3767c9f163.tar.gz&numcores=1&generator=pythia&maxmemory=2000&publishdbsurl=https%3A%2F%2Fcmsweb.cern.ch%2Fdbs%2Fprod%2Fphys03%2FDBSWriter&priority=30&jobsw=CMSSW_7_6_3&primarydataset=&inputdata=%2FGJets_HT-600ToInf_TuneCUETP8M1_13TeV-madgraphMLM-pythia8%2FRunIIFall15DR76-PU25nsData2015v1_76X_mcRun2_asymptotic_v12-v1%2FAODSIM&lfn=%2Fstore%2Fuser%2Fyofeng%2FGJet%2Fntuple%2FAnalysis-20170321-v8%2FGJets_HT-600ToInf_RunIIFall15DR76%2F&dryrun=0&workflow=crab_Analysis-20170321-GJets_HT-600ToInf_RunIIFall15DR76-2017-0321-202330&cacheurl=https%3A%2F%2Fcmsweb.cern.ch%2Fcrabcache&nonprodsw=0&oneEventMode=0&debugfilename=486c1f9ac65e8d24eba0be57bbd2532b25513a39d0149526391ff0c73f6fb25a.tar.gz&saveoutput=1&publication=1&jobarch=slc6_amd64_gcc493&totalunits=1000&splitalgo=FileBased&ignoreglobalblacklist=0&nonvaliddata=0&dbsurl=https%3A%2F%2Fcmsweb.cern.ch%2Fdbs%2Fprod%2Fglobal%2FDBSReader&publishgroupname=0&jobtype=Analysis&publishname2=Analysis-20170321&siteblacklist=T2_US_Purdue&tfileoutfiles=ntuple.root&edmoutfiles=output.root
DEBUG 2017-03-21 20:23:58,242: 	 Result: {u'result': [{u'RequestName': u'170322_002357:yofeng_crab_Analysis-20170321-GJets_HT-600ToInf_RunIIFall15DR76-2017-0321-202330'}]}
INFO 2017-03-21 20:23:58,244: 	 Success: Your task has been delivered to the CRAB3 server.
INFO 2017-03-21 20:23:58,244: 	 Task name: 170322_002357:yofeng_crab_Analysis-20170321-GJets_HT-600ToInf_RunIIFall15DR76-2017-0321-202330
INFO 2017-03-21 20:23:58,244: 	 Please use 'crab status' to check how the submission process proceeds.
DEBUG 2017-03-21 20:23:58,244: 	 About to return
DEBUG 2017-03-21 20:29:48,503: 	 Executing command: 'status'
DEBUG 2017-03-21 20:29:48,504: 	 Found CRAB cache file /home/fengyb/.crab3
DEBUG 2017-03-21 20:29:48,510: 	 Checking credentials
DEBUG 2017-03-21 20:29:48,510: 	 Found proxy file /tmp/x509up_u1701
DEBUG 2017-03-21 20:29:48,510: 	 Getting proxy life time left
DEBUG 2017-03-21 20:29:48,614: 	 Executing : 
 command : voms-proxy-info -file /tmp/x509up_u1701 -timeleft
 output : 41436

 error: 
 retcode : 0
DEBUG 2017-03-21 20:29:48,717: 	 Executing : 
 command : voms-proxy-info -file /tmp/x509up_u1701 -actimeleft
 output : 41436

 error: 
 retcode : 0
DEBUG 2017-03-21 20:29:48,718: 	 Proxy valid for 11:30:36 hours
DEBUG 2017-03-21 20:29:48,829: 	 Executing : 
 command : openssl x509 -in ~/.globus/usercert.pem -subject -noout
 output : subject= /DC=ch/DC=cern/OU=Organic Units/OU=Users/CN=yofeng/CN=785825/CN=Yongbin Feng

 error: 
 retcode : 0
DEBUG 2017-03-21 20:29:48,829: 	 Checking credentials
DEBUG 2017-03-21 20:29:48,829: 	 Found proxy file /tmp/x509up_u1701
DEBUG 2017-03-21 20:29:48,829: 	 Getting proxy life time left
DEBUG 2017-03-21 20:29:48,932: 	 Executing : 
 command : voms-proxy-info -file /tmp/x509up_u1701 -timeleft
 output : 41436

 error: 
 retcode : 0
DEBUG 2017-03-21 20:29:49,036: 	 Executing : 
 command : voms-proxy-info -file /tmp/x509up_u1701 -actimeleft
 output : 41436

 error: 
 retcode : 0
DEBUG 2017-03-21 20:29:49,036: 	 Proxy valid for 11:30:36 hours
DEBUG 2017-03-21 20:29:50,125: 	 Registering user credentials for server /DC=ch/DC=cern/OU=computers/CN=vocms(045|052|021|031|0118|0118a|0119|0108|0105).cern.ch
DEBUG 2017-03-21 20:29:50,233: 	 Executing : 
 command : openssl x509 -in ~/.globus/usercert.pem -subject -noout
 output : subject= /DC=ch/DC=cern/OU=Organic Units/OU=Users/CN=yofeng/CN=785825/CN=Yongbin Feng

 error: 
 retcode : 0
DEBUG 2017-03-21 20:29:50,234: 	 Getting myproxy life time left for myproxy.cern.ch
DEBUG 2017-03-21 20:29:50,234: 	 Calculating hash of /DC=ch/DC=cern/OU=Organic Units/OU=Users/CN=yofeng/CN=785825/CN=Yongbin Feng_cmsweb.cern.ch for credential name
DEBUG 2017-03-21 20:29:50,938: 	 Executing : 
 command : myproxy-info -l 46a32ae7e95f6185805e22dd0e47513ea7de8fa0 -s myproxy.cern.ch
 output : username: 46a32ae7e95f6185805e22dd0e47513ea7de8fa0
owner: /DC=ch/DC=cern/OU=Organic Units/OU=Users/CN=yofeng/CN=785825/CN=Yongbin Feng
  renewal policy: /DC=ch/DC=cern/OU=computers/CN=vocms(045|052|021|031|0118|0118a|0119|0108|0105).cern.ch
  trusted retrieval policy: /DC=ch/DC=cern/OU=computers/CN=vocms(045|052|021|031|0118|0118a|0119|0108|0105).cern.ch
  timeleft: 595:44:13  (24.8 days)

 error: 
 retcode : 0
DEBUG 2017-03-21 20:29:50,939: 	 Myproxy is valid: 2144653
DEBUG 2017-03-21 20:29:50,939: 	 Command use: status
DEBUG 2017-03-21 20:29:50,939: 	 Options use: ['-d', 'crab_Analysis-20170321-GJets_HT-600ToInf_RunIIFall15DR76-2017-0321-202330']
DEBUG 2017-03-21 20:29:51,990: 	 CRABClient version: 3.3.1703
DEBUG 2017-03-21 20:29:51,990: 	 Instance is prod
DEBUG 2017-03-21 20:29:51,990: 	 Server base url is cmsweb.cern.ch
DEBUG 2017-03-21 20:29:51,990: 	 Command url /crabserver/prod/workflow
DEBUG 2017-03-21 20:29:51,990: 	 Looking up detailed status of task 170322_002357:yofeng_crab_Analysis-20170321-GJets_HT-600ToInf_RunIIFall15DR76-2017-0321-202330
DEBUG 2017-03-21 20:29:53,570: 	 {u'status': u'SUBMITTED', u'username': u'yofeng', u'jobsPerStatus': {u'idle': 168}, u'jobs': {u'133': {u'State': u'idle'}, u'132': {u'State': u'idle'}, u'131': {u'State': u'idle'}, u'130': {u'State': u'idle'}, u'137': {u'State': u'idle'}, u'136': {u'State': u'idle'}, u'135': {u'State': u'idle'}, u'134': {u'State': u'idle'}, u'139': {u'State': u'idle'}, u'138': {u'State': u'idle'}, u'93': {u'State': u'idle'}, u'24': {u'State': u'idle'}, u'25': {u'State': u'idle'}, u'26': {u'State': u'idle'}, u'27': {u'State': u'idle'}, u'20': {u'State': u'idle'}, u'21': {u'State': u'idle'}, u'22': {u'State': u'idle'}, u'23': {u'State': u'idle'}, u'95': {u'State': u'idle'}, u'28': {u'State': u'idle'}, u'29': {u'State': u'idle'}, u'94': {u'State': u'idle'}, u'4': {u'State': u'idle'}, u'8': {u'State': u'idle'}, u'96': {u'State': u'idle'}, u'120': {u'State': u'idle'}, u'121': {u'State': u'idle'}, u'122': {u'State': u'idle'}, u'123': {u'State': u'idle'}, u'124': {u'State': u'idle'}, u'125': {u'State': u'idle'}, u'126': {u'State': u'idle'}, u'127': {u'State': u'idle'}, u'128': {u'State': u'idle'}, u'129': {u'State': u'idle'}, u'91': {u'State': u'idle'}, u'59': {u'State': u'idle'}, u'58': {u'State': u'idle'}, u'55': {u'State': u'idle'}, u'54': {u'State': u'idle'}, u'57': {u'State': u'idle'}, u'56': {u'State': u'idle'}, u'51': {u'State': u'idle'}, u'50': {u'State': u'idle'}, u'53': {u'State': u'idle'}, u'52': {u'State': u'idle'}, u'90': {u'State': u'idle'}, u'115': {u'State': u'idle'}, u'114': {u'State': u'idle'}, u'88': {u'State': u'idle'}, u'89': {u'State': u'idle'}, u'111': {u'State': u'idle'}, u'110': {u'State': u'idle'}, u'113': {u'State': u'idle'}, u'112': {u'State': u'idle'}, u'82': {u'State': u'idle'}, u'83': {u'State': u'idle'}, u'80': {u'State': u'idle'}, u'81': {u'State': u'idle'}, u'119': {u'State': u'idle'}, u'118': {u'State': u'idle'}, u'84': {u'State': u'idle'}, u'85': {u'State': u'idle'}, u'3': {u'State': u'idle'}, u'7': {u'State': u'idle'}, u'92': {u'State': u'idle'}, u'108': {u'State': u'idle'}, u'109': {u'State': u'idle'}, u'102': {u'State': u'idle'}, u'103': {u'State': u'idle'}, u'100': {u'State': u'idle'}, u'101': {u'State': u'idle'}, u'106': {u'State': u'idle'}, u'107': {u'State': u'idle'}, u'104': {u'State': u'idle'}, u'105': {u'State': u'idle'}, u'39': {u'State': u'idle'}, u'38': {u'State': u'idle'}, u'33': {u'State': u'idle'}, u'32': {u'State': u'idle'}, u'31': {u'State': u'idle'}, u'30': {u'State': u'idle'}, u'37': {u'State': u'idle'}, u'36': {u'State': u'idle'}, u'35': {u'State': u'idle'}, u'34': {u'State': u'idle'}, u'60': {u'State': u'idle'}, u'61': {u'State': u'idle'}, u'62': {u'State': u'idle'}, u'63': {u'State': u'idle'}, u'64': {u'State': u'idle'}, u'65': {u'State': u'idle'}, u'66': {u'State': u'idle'}, u'67': {u'State': u'idle'}, u'68': {u'State': u'idle'}, u'69': {u'State': u'idle'}, u'2': {u'State': u'idle'}, u'6': {u'State': u'idle'}, u'97': {u'State': u'idle'}, u'99': {u'State': u'idle'}, u'98': {u'State': u'idle'}, u'168': {u'State': u'idle'}, u'164': {u'State': u'idle'}, u'165': {u'State': u'idle'}, u'166': {u'State': u'idle'}, u'167': {u'State': u'idle'}, u'160': {u'State': u'idle'}, u'161': {u'State': u'idle'}, u'162': {u'State': u'idle'}, u'163': {u'State': u'idle'}, u'11': {u'State': u'idle'}, u'10': {u'State': u'idle'}, u'13': {u'State': u'idle'}, u'12': {u'State': u'idle'}, u'15': {u'State': u'idle'}, u'14': {u'State': u'idle'}, u'17': {u'State': u'idle'}, u'16': {u'State': u'idle'}, u'19': {u'State': u'idle'}, u'18': {u'State': u'idle'}, u'117': {u'State': u'idle'}, u'116': {u'State': u'idle'}, u'151': {u'State': u'idle'}, u'150': {u'State': u'idle'}, u'153': {u'State': u'idle'}, u'152': {u'State': u'idle'}, u'155': {u'State': u'idle'}, u'154': {u'State': u'idle'}, u'157': {u'State': u'idle'}, u'156': {u'State': u'idle'}, u'159': {u'State': u'idle'}, u'158': {u'State': u'idle'}, u'48': {u'State': u'idle'}, u'49': {u'State': u'idle'}, u'46': {u'State': u'idle'}, u'86': {u'State': u'idle'}, u'44': {u'State': u'idle'}, u'45': {u'State': u'idle'}, u'42': {u'State': u'idle'}, u'43': {u'State': u'idle'}, u'40': {u'State': u'idle'}, u'87': {u'State': u'idle'}, u'1': {u'State': u'idle'}, u'5': {u'State': u'idle'}, u'9': {u'State': u'idle'}, u'146': {u'State': u'idle'}, u'147': {u'State': u'idle'}, u'144': {u'State': u'idle'}, u'145': {u'State': u'idle'}, u'142': {u'State': u'idle'}, u'143': {u'State': u'idle'}, u'140': {u'State': u'idle'}, u'141': {u'State': u'idle'}, u'148': {u'State': u'idle'}, u'149': {u'State': u'idle'}, u'77': {u'State': u'idle'}, u'76': {u'State': u'idle'}, u'75': {u'State': u'idle'}, u'74': {u'State': u'idle'}, u'73': {u'State': u'idle'}, u'72': {u'State': u'idle'}, u'71': {u'State': u'idle'}, u'70': {u'State': u'idle'}, u'79': {u'State': u'idle'}, u'78': {u'State': u'idle'}, u'41': {u'State': u'idle'}, u'47': {u'State': u'idle'}}, u'publication': {}, u'taskWarningMsg': [], u'schedd': u'crab3@vocms0106.cern.ch', u'publicationFailures': {}, u'outdatasets': None, u'statusFailureMsg': u'', u'taskFailureMsg': u'', u'failedJobdefs': 0, u'ASOURL': u'https://cmsweb.cern.ch/couchdb2', u'command': u'SUBMIT', u'totalJobdefs': 0, u'submissionTime': 1490142238, u'jobdefErrors': [], u'collector': u'cmsgwms-collector-global.cern.ch:9620,cmssrv221.fnal.gov:9620', u'jobList': [[u'idle', 165], [u'idle', 133], [u'idle', 132], [u'idle', 131], [u'idle', 130], [u'idle', 137], [u'idle', 136], [u'idle', 135], [u'idle', 134], [u'idle', 139], [u'idle', 138], [u'idle', 166], [u'idle', 24], [u'idle', 25], [u'idle', 26], [u'idle', 27], [u'idle', 20], [u'idle', 21], [u'idle', 22], [u'idle', 23], [u'idle', 160], [u'idle', 28], [u'idle', 29], [u'idle', 161], [u'idle', 4], [u'idle', 8], [u'idle', 163], [u'idle', 119], [u'idle', 120], [u'idle', 121], [u'idle', 122], [u'idle', 123], [u'idle', 124], [u'idle', 125], [u'idle', 126], [u'idle', 127], [u'idle', 128], [u'idle', 129], [u'idle', 167], [u'idle', 118], [u'idle', 59], [u'idle', 58], [u'idle', 55], [u'idle', 54], [u'idle', 57], [u'idle', 56], [u'idle', 51], [u'idle', 50], [u'idle', 53], [u'idle', 52], [u'idle', 164], [u'idle', 115], [u'idle', 114], [u'idle', 88], [u'idle', 89], [u'idle', 111], [u'idle', 110], [u'idle', 113], [u'idle', 112], [u'idle', 82], [u'idle', 83], [u'idle', 80], [u'idle', 81], [u'idle', 86], [u'idle', 87], [u'idle', 84], [u'idle', 85], [u'idle', 3], [u'idle', 7], [u'idle', 108], [u'idle', 109], [u'idle', 102], [u'idle', 103], [u'idle', 100], [u'idle', 101], [u'idle', 106], [u'idle', 107], [u'idle', 104], [u'idle', 105], [u'idle', 39], [u'idle', 38], [u'idle', 33], [u'idle', 32], [u'idle', 31], [u'idle', 30], [u'idle', 37], [u'idle', 36], [u'idle', 35], [u'idle', 34], [u'idle', 60], [u'idle', 61], [u'idle', 62], [u'idle', 63], [u'idle', 64], [u'idle', 65], [u'idle', 66], [u'idle', 67], [u'idle', 68], [u'idle', 69], [u'idle', 2], [u'idle', 162], [u'idle', 6], [u'idle', 99], [u'idle', 98], [u'idle', 168], [u'idle', 91], [u'idle', 90], [u'idle', 93], [u'idle', 92], [u'idle', 95], [u'idle', 94], [u'idle', 97], [u'idle', 96], [u'idle', 11], [u'idle', 10], [u'idle', 13], [u'idle', 12], [u'idle', 15], [u'idle', 14], [u'idle', 17], [u'idle', 16], [u'idle', 19], [u'idle', 18], [u'idle', 117], [u'idle', 116], [u'idle', 151], [u'idle', 150], [u'idle', 153], [u'idle', 152], [u'idle', 155], [u'idle', 154], [u'idle', 157], [u'idle', 156], [u'idle', 159], [u'idle', 158], [u'idle', 48], [u'idle', 49], [u'idle', 46], [u'idle', 47], [u'idle', 44], [u'idle', 45], [u'idle', 42], [u'idle', 43], [u'idle', 40], [u'idle', 41], [u'idle', 1], [u'idle', 5], [u'idle', 9], [u'idle', 146], [u'idle', 147], [u'idle', 144], [u'idle', 145], [u'idle', 142], [u'idle', 143], [u'idle', 140], [u'idle', 141], [u'idle', 148], [u'idle', 149], [u'idle', 77], [u'idle', 76], [u'idle', 75], [u'idle', 74], [u'idle', 73], [u'idle', 72], [u'idle', 71], [u'idle', 70], [u'idle', 79], [u'idle', 78]]}
INFO 2017-03-21 20:29:53,570: 	 CRAB project directory:		/data/users/fengyb/CMSSW_7_6_3/src/EmergingJetAnalysis/crabTasks/crab_Analysis-20170321-2017-0321-v8/crab_Analysis-20170321-GJets_HT-600ToInf_RunIIFall15DR76-2017-0321-202330
INFO 2017-03-21 20:29:53,570: 	 Task name:			170322_002357:yofeng_crab_Analysis-20170321-GJets_HT-600ToInf_RunIIFall15DR76-2017-0321-202330
INFO 2017-03-21 20:29:53,570: 	 Grid scheduler:			crab3@vocms0106.cern.ch
INFO 2017-03-21 20:29:53,570: 	 Task status:			SUBMITTED
INFO 2017-03-21 20:29:53,570: 	 Task URL to use for HELP:	https://cmsweb.cern.ch/crabserver/ui/task/170322_002357%3Ayofeng_crab_Analysis-20170321-GJets_HT-600ToInf_RunIIFall15DR76-2017-0321-202330
INFO 2017-03-21 20:29:53,571: 	 Dashboard monitoring URL:	http://dashb-cms-job.cern.ch/dashboard/templates/task-analysis/#user=yofeng&table=Mains&pattern=170322_002357%3Ayofeng_crab_Analysis-20170321-GJets_HT-600ToInf_RunIIFall15DR76-2017-0321-202330
INFO 2017-03-21 20:29:53,571: 	 
Jobs status:			idle          100.0% (168/168)
INFO 2017-03-21 20:29:53,571: 	 
No publication information available yet
INFO 2017-03-21 20:29:53,574: 	 Log file is /data/users/fengyb/CMSSW_7_6_3/src/EmergingJetAnalysis/crabTasks/crab_Analysis-20170321-2017-0321-v8/crab_Analysis-20170321-GJets_HT-600ToInf_RunIIFall15DR76-2017-0321-202330/crab.log
DEBUG 2017-03-21 22:29:29,683: 	 Executing command: 'status'
DEBUG 2017-03-21 22:29:29,684: 	 Found CRAB cache file /home/fengyb/.crab3
DEBUG 2017-03-21 22:29:29,691: 	 Checking credentials
DEBUG 2017-03-21 22:29:29,691: 	 Found proxy file /tmp/x509up_u1701
DEBUG 2017-03-21 22:29:29,691: 	 Getting proxy life time left
DEBUG 2017-03-21 22:29:29,795: 	 Executing : 
 command : voms-proxy-info -file /tmp/x509up_u1701 -timeleft
 output : 42890

 error: 
 retcode : 0
DEBUG 2017-03-21 22:29:29,898: 	 Executing : 
 command : voms-proxy-info -file /tmp/x509up_u1701 -actimeleft
 output : 42890

 error: 
 retcode : 0
DEBUG 2017-03-21 22:29:29,898: 	 Proxy valid for 11:54:50 hours
DEBUG 2017-03-21 22:29:30,010: 	 Executing : 
 command : openssl x509 -in ~/.globus/usercert.pem -subject -noout
 output : subject= /DC=ch/DC=cern/OU=Organic Units/OU=Users/CN=yofeng/CN=785825/CN=Yongbin Feng

 error: 
 retcode : 0
DEBUG 2017-03-21 22:29:30,010: 	 Checking credentials
DEBUG 2017-03-21 22:29:30,010: 	 Found proxy file /tmp/x509up_u1701
DEBUG 2017-03-21 22:29:30,010: 	 Getting proxy life time left
DEBUG 2017-03-21 22:29:30,113: 	 Executing : 
 command : voms-proxy-info -file /tmp/x509up_u1701 -timeleft
 output : 42889

 error: 
 retcode : 0
DEBUG 2017-03-21 22:29:30,217: 	 Executing : 
 command : voms-proxy-info -file /tmp/x509up_u1701 -actimeleft
 output : 42889

 error: 
 retcode : 0
DEBUG 2017-03-21 22:29:30,217: 	 Proxy valid for 11:54:49 hours
DEBUG 2017-03-21 22:29:31,398: 	 Registering user credentials for server /DC=ch/DC=cern/OU=computers/CN=vocms(045|052|021|031|0118|0118a|0119|0108|0105).cern.ch
DEBUG 2017-03-21 22:29:31,506: 	 Executing : 
 command : openssl x509 -in ~/.globus/usercert.pem -subject -noout
 output : subject= /DC=ch/DC=cern/OU=Organic Units/OU=Users/CN=yofeng/CN=785825/CN=Yongbin Feng

 error: 
 retcode : 0
DEBUG 2017-03-21 22:29:31,506: 	 Getting myproxy life time left for myproxy.cern.ch
DEBUG 2017-03-21 22:29:31,507: 	 Calculating hash of /DC=ch/DC=cern/OU=Organic Units/OU=Users/CN=yofeng/CN=785825/CN=Yongbin Feng_cmsweb.cern.ch for credential name
DEBUG 2017-03-21 22:29:32,411: 	 Executing : 
 command : myproxy-info -l 46a32ae7e95f6185805e22dd0e47513ea7de8fa0 -s myproxy.cern.ch
 output : username: 46a32ae7e95f6185805e22dd0e47513ea7de8fa0
owner: /DC=ch/DC=cern/OU=Organic Units/OU=Users/CN=yofeng/CN=785825/CN=Yongbin Feng
  renewal policy: /DC=ch/DC=cern/OU=computers/CN=vocms(045|052|021|031|0118|0118a|0119|0108|0105).cern.ch
  trusted retrieval policy: /DC=ch/DC=cern/OU=computers/CN=vocms(045|052|021|031|0118|0118a|0119|0108|0105).cern.ch
  timeleft: 593:44:31  (24.7 days)

 error: 
 retcode : 0
DEBUG 2017-03-21 22:29:32,412: 	 Myproxy is valid: 2137471
DEBUG 2017-03-21 22:29:32,412: 	 Command use: status
DEBUG 2017-03-21 22:29:32,412: 	 Options use: ['-d', 'crab_Analysis-20170321-GJets_HT-600ToInf_RunIIFall15DR76-2017-0321-202330']
DEBUG 2017-03-21 22:29:34,220: 	 CRABClient version: 3.3.1703
DEBUG 2017-03-21 22:29:34,220: 	 Instance is prod
DEBUG 2017-03-21 22:29:34,220: 	 Server base url is cmsweb.cern.ch
DEBUG 2017-03-21 22:29:34,220: 	 Command url /crabserver/prod/workflow
DEBUG 2017-03-21 22:29:34,220: 	 Looking up detailed status of task 170322_002357:yofeng_crab_Analysis-20170321-GJets_HT-600ToInf_RunIIFall15DR76-2017-0321-202330
DEBUG 2017-03-21 22:29:37,289: 	 {u'status': u'SUBMITTED', u'username': u'yofeng', u'jobsPerStatus': {u'finished': 18, u'transferring': 14, u'running': 136}, u'jobs': {u'133': {u'State': u'finished'}, u'132': {u'State': u'running'}, u'131': {u'State': u'finished'}, u'130': {u'State': u'running'}, u'137': {u'State': u'running'}, u'136': {u'State': u'running'}, u'135': {u'State': u'finished'}, u'134': {u'State': u'running'}, u'139': {u'State': u'running'}, u'138': {u'State': u'running'}, u'93': {u'State': u'running'}, u'24': {u'State': u'running'}, u'25': {u'State': u'running'}, u'26': {u'State': u'running'}, u'27': {u'State': u'transferring'}, u'20': {u'State': u'running'}, u'21': {u'State': u'finished'}, u'22': {u'State': u'running'}, u'23': {u'State': u'transferring'}, u'95': {u'State': u'running'}, u'28': {u'State': u'running'}, u'29': {u'State': u'running'}, u'94': {u'State': u'running'}, u'4': {u'State': u'running'}, u'8': {u'State': u'running'}, u'96': {u'State': u'running'}, u'120': {u'State': u'transferring'}, u'121': {u'State': u'running'}, u'122': {u'State': u'running'}, u'123': {u'State': u'running'}, u'124': {u'State': u'running'}, u'125': {u'State': u'running'}, u'126': {u'State': u'running'}, u'127': {u'State': u'running'}, u'128': {u'State': u'running'}, u'129': {u'State': u'finished'}, u'91': {u'State': u'running'}, u'59': {u'State': u'running'}, u'58': {u'State': u'running'}, u'55': {u'State': u'running'}, u'54': {u'State': u'running'}, u'57': {u'State': u'transferring'}, u'56': {u'State': u'running'}, u'51': {u'State': u'running'}, u'50': {u'State': u'running'}, u'53': {u'State': u'running'}, u'52': {u'State': u'running'}, u'90': {u'State': u'running'}, u'115': {u'State': u'running'}, u'114': {u'State': u'running'}, u'88': {u'State': u'running'}, u'89': {u'State': u'running'}, u'111': {u'State': u'finished'}, u'110': {u'State': u'running'}, u'113': {u'State': u'running'}, u'112': {u'State': u'running'}, u'82': {u'State': u'running'}, u'83': {u'State': u'running'}, u'80': {u'State': u'running'}, u'81': {u'State': u'running'}, u'119': {u'State': u'transferring'}, u'118': {u'State': u'finished'}, u'84': {u'State': u'running'}, u'85': {u'State': u'running'}, u'3': {u'State': u'running'}, u'7': {u'State': u'running'}, u'92': {u'State': u'running'}, u'108': {u'State': u'running'}, u'109': {u'State': u'running'}, u'102': {u'State': u'running'}, u'103': {u'State': u'running'}, u'100': {u'State': u'transferring'}, u'101': {u'State': u'finished'}, u'106': {u'State': u'running'}, u'107': {u'State': u'running'}, u'104': {u'State': u'running'}, u'105': {u'State': u'running'}, u'39': {u'State': u'finished'}, u'38': {u'State': u'finished'}, u'33': {u'State': u'running'}, u'32': {u'State': u'finished'}, u'31': {u'State': u'running'}, u'30': {u'State': u'finished'}, u'37': {u'State': u'transferring'}, u'36': {u'State': u'running'}, u'35': {u'State': u'running'}, u'34': {u'State': u'transferring'}, u'60': {u'State': u'running'}, u'61': {u'State': u'running'}, u'62': {u'State': u'finished'}, u'63': {u'State': u'running'}, u'64': {u'State': u'running'}, u'65': {u'State': u'running'}, u'66': {u'State': u'running'}, u'67': {u'State': u'running'}, u'68': {u'State': u'running'}, u'69': {u'State': u'running'}, u'2': {u'State': u'running'}, u'6': {u'State': u'running'}, u'97': {u'State': u'running'}, u'99': {u'State': u'running'}, u'98': {u'State': u'finished'}, u'168': {u'State': u'running'}, u'164': {u'State': u'running'}, u'165': {u'State': u'finished'}, u'166': {u'State': u'running'}, u'167': {u'State': u'running'}, u'160': {u'State': u'transferring'}, u'161': {u'State': u'transferring'}, u'162': {u'State': u'running'}, u'163': {u'State': u'running'}, u'11': {u'State': u'transferring'}, u'10': {u'State': u'running'}, u'13': {u'State': u'running'}, u'12': {u'State': u'running'}, u'15': {u'State': u'running'}, u'14': {u'State': u'running'}, u'17': {u'State': u'running'}, u'16': {u'State': u'running'}, u'19': {u'State': u'running'}, u'18': {u'State': u'finished'}, u'117': {u'State': u'running'}, u'116': {u'State': u'running'}, u'151': {u'State': u'running'}, u'150': {u'State': u'running'}, u'153': {u'State': u'finished'}, u'152': {u'State': u'transferring'}, u'155': {u'State': u'running'}, u'154': {u'State': u'running'}, u'157': {u'State': u'running'}, u'156': {u'State': u'transferring'}, u'159': {u'State': u'finished'}, u'158': {u'State': u'running'}, u'48': {u'State': u'running'}, u'49': {u'State': u'running'}, u'46': {u'State': u'running'}, u'86': {u'State': u'running'}, u'44': {u'State': u'transferring'}, u'45': {u'State': u'running'}, u'42': {u'State': u'running'}, u'43': {u'State': u'running'}, u'40': {u'State': u'running'}, u'87': {u'State': u'running'}, u'1': {u'State': u'running'}, u'5': {u'State': u'running'}, u'9': {u'State': u'running'}, u'146': {u'State': u'running'}, u'147': {u'State': u'running'}, u'144': {u'State': u'running'}, u'145': {u'State': u'running'}, u'142': {u'State': u'running'}, u'143': {u'State': u'running'}, u'140': {u'State': u'running'}, u'141': {u'State': u'running'}, u'148': {u'State': u'running'}, u'149': {u'State': u'running'}, u'77': {u'State': u'running'}, u'76': {u'State': u'running'}, u'75': {u'State': u'running'}, u'74': {u'State': u'running'}, u'73': {u'State': u'running'}, u'72': {u'State': u'running'}, u'71': {u'State': u'running'}, u'70': {u'State': u'running'}, u'79': {u'State': u'running'}, u'78': {u'State': u'running'}, u'41': {u'State': u'running'}, u'47': {u'State': u'running'}}, u'publication': {u'publishing': 0, u'publication_failed': 0, u'not_published': 30, u'published': 2}, u'taskWarningMsg': [], u'schedd': u'crab3@vocms0106.cern.ch', u'publicationFailures': {}, u'outdatasets': [u'/GJets_HT-600ToInf_TuneCUETP8M1_13TeV-madgraphMLM-pythia8/yofeng-Analysis-20170321-3916c1e008cecbed243ce9af6b0b45c9/USER'], u'statusFailureMsg': u'', u'taskFailureMsg': u'', u'failedJobdefs': 0, u'ASOURL': u'https://cmsweb.cern.ch/couchdb2', u'command': u'SUBMIT', u'totalJobdefs': 0, u'submissionTime': 1490142238, u'jobdefErrors': [], u'collector': u'cmsgwms-collector-global.cern.ch:9620,cmssrv221.fnal.gov:9620', u'jobList': [[u'finished', 165], [u'finished', 133], [u'running', 132], [u'finished', 131], [u'running', 130], [u'running', 137], [u'running', 136], [u'finished', 135], [u'running', 134], [u'running', 139], [u'running', 138], [u'running', 166], [u'running', 24], [u'running', 25], [u'running', 26], [u'transferring', 27], [u'running', 20], [u'finished', 21], [u'running', 22], [u'transferring', 23], [u'transferring', 160], [u'running', 28], [u'running', 29], [u'transferring', 161], [u'running', 4], [u'running', 8], [u'running', 163], [u'transferring', 119], [u'transferring', 120], [u'running', 121], [u'running', 122], [u'running', 123], [u'running', 124], [u'running', 125], [u'running', 126], [u'running', 127], [u'running', 128], [u'finished', 129], [u'running', 167], [u'finished', 118], [u'running', 59], [u'running', 58], [u'running', 55], [u'running', 54], [u'transferring', 57], [u'running', 56], [u'running', 51], [u'running', 50], [u'running', 53], [u'running', 52], [u'running', 164], [u'running', 115], [u'running', 114], [u'running', 88], [u'running', 89], [u'finished', 111], [u'running', 110], [u'running', 113], [u'running', 112], [u'running', 82], [u'running', 83], [u'running', 80], [u'running', 81], [u'running', 86], [u'running', 87], [u'running', 84], [u'running', 85], [u'running', 3], [u'running', 7], [u'running', 108], [u'running', 109], [u'running', 102], [u'running', 103], [u'transferring', 100], [u'finished', 101], [u'running', 106], [u'running', 107], [u'running', 104], [u'running', 105], [u'finished', 39], [u'finished', 38], [u'running', 33], [u'finished', 32], [u'running', 31], [u'finished', 30], [u'transferring', 37], [u'running', 36], [u'running', 35], [u'transferring', 34], [u'running', 60], [u'running', 61], [u'finished', 62], [u'running', 63], [u'running', 64], [u'running', 65], [u'running', 66], [u'running', 67], [u'running', 68], [u'running', 69], [u'running', 2], [u'running', 162], [u'running', 6], [u'running', 99], [u'finished', 98], [u'running', 168], [u'running', 91], [u'running', 90], [u'running', 93], [u'running', 92], [u'running', 95], [u'running', 94], [u'running', 97], [u'running', 96], [u'transferring', 11], [u'running', 10], [u'running', 13], [u'running', 12], [u'running', 15], [u'running', 14], [u'running', 17], [u'running', 16], [u'running', 19], [u'finished', 18], [u'running', 117], [u'running', 116], [u'running', 151], [u'running', 150], [u'finished', 153], [u'transferring', 152], [u'running', 155], [u'running', 154], [u'running', 157], [u'transferring', 156], [u'finished', 159], [u'running', 158], [u'running', 48], [u'running', 49], [u'running', 46], [u'running', 47], [u'transferring', 44], [u'running', 45], [u'running', 42], [u'running', 43], [u'running', 40], [u'running', 41], [u'running', 1], [u'running', 5], [u'running', 9], [u'running', 146], [u'running', 147], [u'running', 144], [u'running', 145], [u'running', 142], [u'running', 143], [u'running', 140], [u'running', 141], [u'running', 148], [u'running', 149], [u'running', 77], [u'running', 76], [u'running', 75], [u'running', 74], [u'running', 73], [u'running', 72], [u'running', 71], [u'running', 70], [u'running', 79], [u'running', 78]]}
INFO 2017-03-21 22:29:37,289: 	 CRAB project directory:		/data/users/fengyb/CMSSW_7_6_3/src/EmergingJetAnalysis/crabTasks/crab_Analysis-20170321-2017-0321-v8/crab_Analysis-20170321-GJets_HT-600ToInf_RunIIFall15DR76-2017-0321-202330
INFO 2017-03-21 22:29:37,289: 	 Task name:			170322_002357:yofeng_crab_Analysis-20170321-GJets_HT-600ToInf_RunIIFall15DR76-2017-0321-202330
INFO 2017-03-21 22:29:37,289: 	 Grid scheduler:			crab3@vocms0106.cern.ch
INFO 2017-03-21 22:29:37,289: 	 Task status:			SUBMITTED
INFO 2017-03-21 22:29:37,290: 	 Task URL to use for HELP:	https://cmsweb.cern.ch/crabserver/ui/task/170322_002357%3Ayofeng_crab_Analysis-20170321-GJets_HT-600ToInf_RunIIFall15DR76-2017-0321-202330
INFO 2017-03-21 22:29:37,290: 	 Dashboard monitoring URL:	http://dashb-cms-job.cern.ch/dashboard/templates/task-analysis/#user=yofeng&table=Mains&pattern=170322_002357%3Ayofeng_crab_Analysis-20170321-GJets_HT-600ToInf_RunIIFall15DR76-2017-0321-202330
INFO 2017-03-21 22:29:37,290: 	 
Jobs status:			finished       10.7% ( 18/168)
INFO 2017-03-21 22:29:37,290: 	 				running        81.0% (136/168)
INFO 2017-03-21 22:29:37,290: 	 				transferring    8.3% ( 14/168)
INFO 2017-03-21 22:29:37,290: 	 
Publication status:		idle           17.9% ( 30/168)
				finished        1.2% (  2/168)
				unsubmitted    81.0% (136/168)
INFO 2017-03-21 22:29:37,290: 	 
Output dataset:			/GJets_HT-600ToInf_TuneCUETP8M1_13TeV-madgraphMLM-pythia8/yofeng-Analysis-20170321-3916c1e008cecbed243ce9af6b0b45c9/USER
Output dataset DAS URL:		https://cmsweb.cern.ch/das/request?input=%2FGJets_HT-600ToInf_TuneCUETP8M1_13TeV-madgraphMLM-pythia8%2Fyofeng-Analysis-20170321-3916c1e008cecbed243ce9af6b0b45c9%2FUSER&instance=prod%2Fphys03
INFO 2017-03-21 22:29:37,294: 	 Log file is /data/users/fengyb/CMSSW_7_6_3/src/EmergingJetAnalysis/crabTasks/crab_Analysis-20170321-2017-0321-v8/crab_Analysis-20170321-GJets_HT-600ToInf_RunIIFall15DR76-2017-0321-202330/crab.log
DEBUG 2017-03-22 17:49:55,704: 	 Executing command: 'status'
DEBUG 2017-03-22 17:49:55,748: 	 Found CRAB cache file /home/fengyb/.crab3
DEBUG 2017-03-22 17:49:55,836: 	 Checking credentials
DEBUG 2017-03-22 17:49:55,837: 	 Found proxy file /tmp/x509up_u1701
DEBUG 2017-03-22 17:49:55,837: 	 Getting proxy life time left
DEBUG 2017-03-22 17:49:55,940: 	 Executing : 
 command : voms-proxy-info -file /tmp/x509up_u1701 -timeleft
 output : 42850

 error: 
 retcode : 0
DEBUG 2017-03-22 17:49:56,044: 	 Executing : 
 command : voms-proxy-info -file /tmp/x509up_u1701 -actimeleft
 output : 42849

 error: 
 retcode : 0
DEBUG 2017-03-22 17:49:56,044: 	 Proxy valid for 11:54:10 hours
DEBUG 2017-03-22 17:49:56,412: 	 Executing : 
 command : openssl x509 -in ~/.globus/usercert.pem -subject -noout
 output : subject= /DC=ch/DC=cern/OU=Organic Units/OU=Users/CN=yofeng/CN=785825/CN=Yongbin Feng

 error: 
 retcode : 0
DEBUG 2017-03-22 17:49:56,412: 	 Checking credentials
DEBUG 2017-03-22 17:49:56,412: 	 Found proxy file /tmp/x509up_u1701
DEBUG 2017-03-22 17:49:56,412: 	 Getting proxy life time left
DEBUG 2017-03-22 17:49:56,516: 	 Executing : 
 command : voms-proxy-info -file /tmp/x509up_u1701 -timeleft
 output : 42849

 error: 
 retcode : 0
DEBUG 2017-03-22 17:49:56,619: 	 Executing : 
 command : voms-proxy-info -file /tmp/x509up_u1701 -actimeleft
 output : 42849

 error: 
 retcode : 0
DEBUG 2017-03-22 17:49:56,620: 	 Proxy valid for 11:54:09 hours
DEBUG 2017-03-22 17:49:57,851: 	 Registering user credentials for server /DC=ch/DC=cern/OU=computers/CN=vocms(045|052|021|031|0118|0118a|0119|0108|0105).cern.ch
DEBUG 2017-03-22 17:49:58,059: 	 Executing : 
 command : openssl x509 -in ~/.globus/usercert.pem -subject -noout
 output : subject= /DC=ch/DC=cern/OU=Organic Units/OU=Users/CN=yofeng/CN=785825/CN=Yongbin Feng

 error: 
 retcode : 0
DEBUG 2017-03-22 17:49:58,060: 	 Getting myproxy life time left for myproxy.cern.ch
DEBUG 2017-03-22 17:49:58,060: 	 Calculating hash of /DC=ch/DC=cern/OU=Organic Units/OU=Users/CN=yofeng/CN=785825/CN=Yongbin Feng_cmsweb.cern.ch for credential name
DEBUG 2017-03-22 17:49:59,765: 	 Executing : 
 command : myproxy-info -l 46a32ae7e95f6185805e22dd0e47513ea7de8fa0 -s myproxy.cern.ch
 output : username: 46a32ae7e95f6185805e22dd0e47513ea7de8fa0
owner: /DC=ch/DC=cern/OU=Organic Units/OU=Users/CN=yofeng/CN=785825/CN=Yongbin Feng
  renewal policy: /DC=ch/DC=cern/OU=computers/CN=vocms(045|052|021|031|0118|0118a|0119|0108|0105).cern.ch
  trusted retrieval policy: /DC=ch/DC=cern/OU=computers/CN=vocms(045|052|021|031|0118|0118a|0119|0108|0105).cern.ch
  timeleft: 574:24:04  (23.9 days)

 error: 
 retcode : 0
DEBUG 2017-03-22 17:49:59,766: 	 Myproxy is valid: 2067844
DEBUG 2017-03-22 17:49:59,766: 	 Command use: status
DEBUG 2017-03-22 17:49:59,766: 	 Options use: ['-d', 'crab_Analysis-20170321-GJets_HT-600ToInf_RunIIFall15DR76-2017-0321-202330']
DEBUG 2017-03-22 17:50:00,908: 	 CRABClient version: 3.3.1703
DEBUG 2017-03-22 17:50:00,908: 	 Instance is prod
DEBUG 2017-03-22 17:50:00,908: 	 Server base url is cmsweb.cern.ch
DEBUG 2017-03-22 17:50:00,908: 	 Command url /crabserver/prod/workflow
DEBUG 2017-03-22 17:50:00,908: 	 Looking up detailed status of task 170322_002357:yofeng_crab_Analysis-20170321-GJets_HT-600ToInf_RunIIFall15DR76-2017-0321-202330
DEBUG 2017-03-22 17:50:02,998: 	 {u'status': u'FAILED', u'username': u'yofeng', u'jobsPerStatus': {u'failed': 1, u'finished': 167}, u'jobs': {u'133': {u'State': u'finished'}, u'132': {u'State': u'finished'}, u'131': {u'State': u'finished'}, u'130': {u'State': u'finished'}, u'137': {u'State': u'finished'}, u'136': {u'State': u'failed', u'Error': [50664, u'Not retrying job due to wall clock limit (job automatically killed on the worker node)', {}]}, u'135': {u'State': u'finished'}, u'134': {u'State': u'finished'}, u'139': {u'State': u'finished'}, u'138': {u'State': u'finished'}, u'93': {u'State': u'finished'}, u'24': {u'State': u'finished'}, u'25': {u'State': u'finished'}, u'26': {u'State': u'finished'}, u'27': {u'State': u'finished'}, u'20': {u'State': u'finished'}, u'21': {u'State': u'finished'}, u'22': {u'State': u'finished'}, u'23': {u'State': u'finished'}, u'95': {u'State': u'finished'}, u'28': {u'State': u'finished'}, u'29': {u'State': u'finished'}, u'94': {u'State': u'finished'}, u'4': {u'State': u'finished'}, u'8': {u'State': u'finished'}, u'96': {u'State': u'finished'}, u'120': {u'State': u'finished'}, u'121': {u'State': u'finished'}, u'122': {u'State': u'finished'}, u'123': {u'State': u'finished'}, u'124': {u'State': u'finished'}, u'125': {u'State': u'finished'}, u'126': {u'State': u'finished'}, u'127': {u'State': u'finished'}, u'128': {u'State': u'finished'}, u'129': {u'State': u'finished'}, u'91': {u'State': u'finished'}, u'59': {u'State': u'finished'}, u'58': {u'State': u'finished'}, u'55': {u'State': u'finished'}, u'54': {u'State': u'finished'}, u'57': {u'State': u'finished'}, u'56': {u'State': u'finished'}, u'51': {u'State': u'finished'}, u'50': {u'State': u'finished'}, u'53': {u'State': u'finished'}, u'52': {u'State': u'finished'}, u'90': {u'State': u'finished'}, u'115': {u'State': u'finished'}, u'114': {u'State': u'finished'}, u'88': {u'State': u'finished'}, u'89': {u'State': u'finished'}, u'111': {u'State': u'finished'}, u'110': {u'State': u'finished'}, u'113': {u'State': u'finished'}, u'112': {u'State': u'finished'}, u'82': {u'State': u'finished'}, u'83': {u'State': u'finished'}, u'80': {u'State': u'finished'}, u'81': {u'State': u'finished'}, u'119': {u'State': u'finished'}, u'118': {u'State': u'finished'}, u'84': {u'State': u'finished'}, u'85': {u'State': u'finished'}, u'3': {u'State': u'finished'}, u'7': {u'State': u'finished'}, u'92': {u'State': u'finished'}, u'108': {u'State': u'finished'}, u'109': {u'State': u'finished'}, u'102': {u'State': u'finished'}, u'103': {u'State': u'finished'}, u'100': {u'State': u'finished'}, u'101': {u'State': u'finished'}, u'106': {u'State': u'finished'}, u'107': {u'State': u'finished'}, u'104': {u'State': u'finished'}, u'105': {u'State': u'finished'}, u'39': {u'State': u'finished'}, u'38': {u'State': u'finished'}, u'33': {u'State': u'finished'}, u'32': {u'State': u'finished'}, u'31': {u'State': u'finished'}, u'30': {u'State': u'finished'}, u'37': {u'State': u'finished'}, u'36': {u'State': u'finished'}, u'35': {u'State': u'finished'}, u'34': {u'State': u'finished'}, u'60': {u'State': u'finished'}, u'61': {u'State': u'finished'}, u'62': {u'State': u'finished'}, u'63': {u'State': u'finished'}, u'64': {u'State': u'finished'}, u'65': {u'State': u'finished'}, u'66': {u'State': u'finished'}, u'67': {u'State': u'finished'}, u'68': {u'State': u'finished'}, u'69': {u'State': u'finished'}, u'2': {u'State': u'finished'}, u'6': {u'State': u'finished'}, u'97': {u'State': u'finished'}, u'99': {u'State': u'finished'}, u'98': {u'State': u'finished'}, u'168': {u'State': u'finished'}, u'164': {u'State': u'finished'}, u'165': {u'State': u'finished'}, u'166': {u'State': u'finished'}, u'167': {u'State': u'finished'}, u'160': {u'State': u'finished'}, u'161': {u'State': u'finished'}, u'162': {u'State': u'finished'}, u'163': {u'State': u'finished'}, u'11': {u'State': u'finished'}, u'10': {u'State': u'finished'}, u'13': {u'State': u'finished'}, u'12': {u'State': u'finished'}, u'15': {u'State': u'finished'}, u'14': {u'State': u'finished'}, u'17': {u'State': u'finished'}, u'16': {u'State': u'finished'}, u'19': {u'State': u'finished'}, u'18': {u'State': u'finished'}, u'117': {u'State': u'finished'}, u'116': {u'State': u'finished'}, u'151': {u'State': u'finished'}, u'150': {u'State': u'finished'}, u'153': {u'State': u'finished'}, u'152': {u'State': u'finished'}, u'155': {u'State': u'finished'}, u'154': {u'State': u'finished'}, u'157': {u'State': u'finished'}, u'156': {u'State': u'finished'}, u'159': {u'State': u'finished'}, u'158': {u'State': u'finished'}, u'48': {u'State': u'finished'}, u'49': {u'State': u'finished'}, u'46': {u'State': u'finished'}, u'86': {u'State': u'finished'}, u'44': {u'State': u'finished'}, u'45': {u'State': u'finished'}, u'42': {u'State': u'finished'}, u'43': {u'State': u'finished'}, u'40': {u'State': u'finished'}, u'87': {u'State': u'finished'}, u'1': {u'State': u'finished'}, u'5': {u'State': u'finished'}, u'9': {u'State': u'finished'}, u'146': {u'State': u'finished'}, u'147': {u'State': u'finished'}, u'144': {u'State': u'finished'}, u'145': {u'State': u'finished'}, u'142': {u'State': u'finished'}, u'143': {u'State': u'finished'}, u'140': {u'State': u'finished'}, u'141': {u'State': u'finished'}, u'148': {u'State': u'finished'}, u'149': {u'State': u'finished'}, u'77': {u'State': u'finished'}, u'76': {u'State': u'finished'}, u'75': {u'State': u'finished'}, u'74': {u'State': u'finished'}, u'73': {u'State': u'finished'}, u'72': {u'State': u'finished'}, u'71': {u'State': u'finished'}, u'70': {u'State': u'finished'}, u'79': {u'State': u'finished'}, u'78': {u'State': u'finished'}, u'41': {u'State': u'finished'}, u'47': {u'State': u'finished'}}, u'publication': {u'publishing': 0, u'publication_failed': 0, u'not_published': 0, u'published': 167}, u'taskWarningMsg': [], u'schedd': u'crab3@vocms0106.cern.ch', u'publicationFailures': {}, u'outdatasets': [u'/GJets_HT-600ToInf_TuneCUETP8M1_13TeV-madgraphMLM-pythia8/yofeng-Analysis-20170321-3916c1e008cecbed243ce9af6b0b45c9/USER'], u'statusFailureMsg': u'', u'taskFailureMsg': u'', u'failedJobdefs': 0, u'ASOURL': u'https://cmsweb.cern.ch/couchdb2', u'command': u'SUBMIT', u'totalJobdefs': 0, u'submissionTime': 1490142238, u'jobdefErrors': [], u'collector': u'cmsgwms-collector-global.cern.ch:9620,cmssrv221.fnal.gov:9620', u'jobList': [[u'finished', 165], [u'finished', 133], [u'finished', 132], [u'finished', 131], [u'finished', 130], [u'finished', 137], [u'failed', 136], [u'finished', 135], [u'finished', 134], [u'finished', 139], [u'finished', 138], [u'finished', 166], [u'finished', 24], [u'finished', 25], [u'finished', 26], [u'finished', 27], [u'finished', 20], [u'finished', 21], [u'finished', 22], [u'finished', 23], [u'finished', 160], [u'finished', 28], [u'finished', 29], [u'finished', 161], [u'finished', 4], [u'finished', 8], [u'finished', 163], [u'finished', 119], [u'finished', 120], [u'finished', 121], [u'finished', 122], [u'finished', 123], [u'finished', 124], [u'finished', 125], [u'finished', 126], [u'finished', 127], [u'finished', 128], [u'finished', 129], [u'finished', 167], [u'finished', 118], [u'finished', 59], [u'finished', 58], [u'finished', 55], [u'finished', 54], [u'finished', 57], [u'finished', 56], [u'finished', 51], [u'finished', 50], [u'finished', 53], [u'finished', 52], [u'finished', 164], [u'finished', 115], [u'finished', 114], [u'finished', 88], [u'finished', 89], [u'finished', 111], [u'finished', 110], [u'finished', 113], [u'finished', 112], [u'finished', 82], [u'finished', 83], [u'finished', 80], [u'finished', 81], [u'finished', 86], [u'finished', 87], [u'finished', 84], [u'finished', 85], [u'finished', 3], [u'finished', 7], [u'finished', 108], [u'finished', 109], [u'finished', 102], [u'finished', 103], [u'finished', 100], [u'finished', 101], [u'finished', 106], [u'finished', 107], [u'finished', 104], [u'finished', 105], [u'finished', 39], [u'finished', 38], [u'finished', 33], [u'finished', 32], [u'finished', 31], [u'finished', 30], [u'finished', 37], [u'finished', 36], [u'finished', 35], [u'finished', 34], [u'finished', 60], [u'finished', 61], [u'finished', 62], [u'finished', 63], [u'finished', 64], [u'finished', 65], [u'finished', 66], [u'finished', 67], [u'finished', 68], [u'finished', 69], [u'finished', 2], [u'finished', 162], [u'finished', 6], [u'finished', 99], [u'finished', 98], [u'finished', 168], [u'finished', 91], [u'finished', 90], [u'finished', 93], [u'finished', 92], [u'finished', 95], [u'finished', 94], [u'finished', 97], [u'finished', 96], [u'finished', 11], [u'finished', 10], [u'finished', 13], [u'finished', 12], [u'finished', 15], [u'finished', 14], [u'finished', 17], [u'finished', 16], [u'finished', 19], [u'finished', 18], [u'finished', 117], [u'finished', 116], [u'finished', 151], [u'finished', 150], [u'finished', 153], [u'finished', 152], [u'finished', 155], [u'finished', 154], [u'finished', 157], [u'finished', 156], [u'finished', 159], [u'finished', 158], [u'finished', 48], [u'finished', 49], [u'finished', 46], [u'finished', 47], [u'finished', 44], [u'finished', 45], [u'finished', 42], [u'finished', 43], [u'finished', 40], [u'finished', 41], [u'finished', 1], [u'finished', 5], [u'finished', 9], [u'finished', 146], [u'finished', 147], [u'finished', 144], [u'finished', 145], [u'finished', 142], [u'finished', 143], [u'finished', 140], [u'finished', 141], [u'finished', 148], [u'finished', 149], [u'finished', 77], [u'finished', 76], [u'finished', 75], [u'finished', 74], [u'finished', 73], [u'finished', 72], [u'finished', 71], [u'finished', 70], [u'finished', 79], [u'finished', 78]]}
INFO 2017-03-22 17:50:02,998: 	 CRAB project directory:		/data/users/fengyb/CMSSW_7_6_3/src/EmergingJetAnalysis/crabTasks/crab_Analysis-20170321-2017-0321-v8/crab_Analysis-20170321-GJets_HT-600ToInf_RunIIFall15DR76-2017-0321-202330
INFO 2017-03-22 17:50:02,998: 	 Task name:			170322_002357:yofeng_crab_Analysis-20170321-GJets_HT-600ToInf_RunIIFall15DR76-2017-0321-202330
INFO 2017-03-22 17:50:02,998: 	 Grid scheduler:			crab3@vocms0106.cern.ch
INFO 2017-03-22 17:50:02,998: 	 Task status:			FAILED
INFO 2017-03-22 17:50:02,998: 	 Task URL to use for HELP:	https://cmsweb.cern.ch/crabserver/ui/task/170322_002357%3Ayofeng_crab_Analysis-20170321-GJets_HT-600ToInf_RunIIFall15DR76-2017-0321-202330
INFO 2017-03-22 17:50:02,998: 	 Dashboard monitoring URL:	http://dashb-cms-job.cern.ch/dashboard/templates/task-analysis/#user=yofeng&table=Mains&pattern=170322_002357%3Ayofeng_crab_Analysis-20170321-GJets_HT-600ToInf_RunIIFall15DR76-2017-0321-202330
INFO 2017-03-22 17:50:02,998: 	 
Jobs status:			failed          0.6% (  1/168)
INFO 2017-03-22 17:50:02,998: 	 				finished       99.4% (167/168)
INFO 2017-03-22 17:50:02,999: 	 
Publication status:		finished       99.4% (167/168)
				unsubmitted     0.6% (  1/168)
INFO 2017-03-22 17:50:02,999: 	 
Output dataset:			/GJets_HT-600ToInf_TuneCUETP8M1_13TeV-madgraphMLM-pythia8/yofeng-Analysis-20170321-3916c1e008cecbed243ce9af6b0b45c9/USER
Output dataset DAS URL:		https://cmsweb.cern.ch/das/request?input=%2FGJets_HT-600ToInf_TuneCUETP8M1_13TeV-madgraphMLM-pythia8%2Fyofeng-Analysis-20170321-3916c1e008cecbed243ce9af6b0b45c9%2FUSER&instance=prod%2Fphys03
INFO 2017-03-22 17:50:02,999: 	 
Error Summary: (use crab status --verboseErrors for details about the errors)

  1 jobs failed with exit code 50664

Have a look at https://twiki.cern.ch/twiki/bin/viewauth/CMSPublic/JobExitCodes for a description of the exit codes.
INFO 2017-03-22 17:50:03,002: 	 Log file is /data/users/fengyb/CMSSW_7_6_3/src/EmergingJetAnalysis/crabTasks/crab_Analysis-20170321-2017-0321-v8/crab_Analysis-20170321-GJets_HT-600ToInf_RunIIFall15DR76-2017-0321-202330/crab.log
DEBUG 2017-03-22 17:50:09,673: 	 Executing command: 'resubmit'
DEBUG 2017-03-22 17:50:09,677: 	 Found CRAB cache file /home/fengyb/.crab3
DEBUG 2017-03-22 17:50:09,690: 	 Checking credentials
DEBUG 2017-03-22 17:50:09,691: 	 Found proxy file /tmp/x509up_u1701
DEBUG 2017-03-22 17:50:09,691: 	 Getting proxy life time left
DEBUG 2017-03-22 17:50:09,794: 	 Executing : 
 command : voms-proxy-info -file /tmp/x509up_u1701 -timeleft
 output : 42836

 error: 
 retcode : 0
DEBUG 2017-03-22 17:50:09,898: 	 Executing : 
 command : voms-proxy-info -file /tmp/x509up_u1701 -actimeleft
 output : 42836

 error: 
 retcode : 0
DEBUG 2017-03-22 17:50:09,898: 	 Proxy valid for 11:53:56 hours
DEBUG 2017-03-22 17:50:10,010: 	 Executing : 
 command : openssl x509 -in ~/.globus/usercert.pem -subject -noout
 output : subject= /DC=ch/DC=cern/OU=Organic Units/OU=Users/CN=yofeng/CN=785825/CN=Yongbin Feng

 error: 
 retcode : 0
DEBUG 2017-03-22 17:50:10,010: 	 Checking credentials
DEBUG 2017-03-22 17:50:10,010: 	 Found proxy file /tmp/x509up_u1701
DEBUG 2017-03-22 17:50:10,010: 	 Getting proxy life time left
DEBUG 2017-03-22 17:50:10,113: 	 Executing : 
 command : voms-proxy-info -file /tmp/x509up_u1701 -timeleft
 output : 42835

 error: 
 retcode : 0
DEBUG 2017-03-22 17:50:10,217: 	 Executing : 
 command : voms-proxy-info -file /tmp/x509up_u1701 -actimeleft
 output : 42835

 error: 
 retcode : 0
DEBUG 2017-03-22 17:50:10,217: 	 Proxy valid for 11:53:55 hours
DEBUG 2017-03-22 17:50:11,361: 	 Registering user credentials for server /DC=ch/DC=cern/OU=computers/CN=vocms(045|052|021|031|0118|0118a|0119|0108|0105).cern.ch
DEBUG 2017-03-22 17:50:11,470: 	 Executing : 
 command : openssl x509 -in ~/.globus/usercert.pem -subject -noout
 output : subject= /DC=ch/DC=cern/OU=Organic Units/OU=Users/CN=yofeng/CN=785825/CN=Yongbin Feng

 error: 
 retcode : 0
DEBUG 2017-03-22 17:50:11,470: 	 Getting myproxy life time left for myproxy.cern.ch
DEBUG 2017-03-22 17:50:11,470: 	 Calculating hash of /DC=ch/DC=cern/OU=Organic Units/OU=Users/CN=yofeng/CN=785825/CN=Yongbin Feng_cmsweb.cern.ch for credential name
DEBUG 2017-03-22 17:50:12,274: 	 Executing : 
 command : myproxy-info -l 46a32ae7e95f6185805e22dd0e47513ea7de8fa0 -s myproxy.cern.ch
 output : username: 46a32ae7e95f6185805e22dd0e47513ea7de8fa0
owner: /DC=ch/DC=cern/OU=Organic Units/OU=Users/CN=yofeng/CN=785825/CN=Yongbin Feng
  renewal policy: /DC=ch/DC=cern/OU=computers/CN=vocms(045|052|021|031|0118|0118a|0119|0108|0105).cern.ch
  trusted retrieval policy: /DC=ch/DC=cern/OU=computers/CN=vocms(045|052|021|031|0118|0118a|0119|0108|0105).cern.ch
  timeleft: 574:23:51  (23.9 days)

 error: 
 retcode : 0
DEBUG 2017-03-22 17:50:12,275: 	 Myproxy is valid: 2067831
DEBUG 2017-03-22 17:50:12,276: 	 Command use: resubmit
DEBUG 2017-03-22 17:50:12,276: 	 Options use: ['-d', 'crab_Analysis-20170321-GJets_HT-600ToInf_RunIIFall15DR76-2017-0321-202330']
DEBUG 2017-03-22 17:50:13,385: 	 CRABClient version: 3.3.1703
DEBUG 2017-03-22 17:50:13,386: 	 Instance is prod
DEBUG 2017-03-22 17:50:13,386: 	 Server base url is cmsweb.cern.ch
DEBUG 2017-03-22 17:50:13,386: 	 Command url /crabserver/prod/workflow
DEBUG 2017-03-22 17:50:13,386: 	 Requesting resubmission of failed jobs in task 170322_002357:yofeng_crab_Analysis-20170321-GJets_HT-600ToInf_RunIIFall15DR76-2017-0321-202330
INFO 2017-03-22 17:50:13,386: 	 Sending resubmit request to the server.
DEBUG 2017-03-22 17:50:13,386: 	 Submitting {'publication': 0, 'force': 0, 'subresource': 'resubmit', 'workflow': u'170322_002357:yofeng_crab_Analysis-20170321-GJets_HT-600ToInf_RunIIFall15DR76-2017-0321-202330'} 
DEBUG 2017-03-22 17:50:13,386: 	 Encoded resubmit request: publication=0&force=0&subresource=resubmit&workflow=170322_002357%3Ayofeng_crab_Analysis-20170321-GJets_HT-600ToInf_RunIIFall15DR76-2017-0321-202330
DEBUG 2017-03-22 17:50:16,038: 	 Result: {u'result': [{u'result': u'ok'}], u'desc': {u'columns': [u'tm_site_blacklist', u'tm_site_whitelist', u'tm_maxjobruntime', u'tm_maxmemory', u'tm_numcores', u'tm_priority']}}
INFO 2017-03-22 17:50:16,038: 	 Resubmit request sent to the server.
INFO 2017-03-22 17:50:16,038: 	 Please use 'crab status' to check how the resubmission process proceeds.
Notice it may take a couple of minutes for the resubmission to get fully processed.
INFO 2017-03-22 17:50:16,040: 	 Log file is /data/users/fengyb/CMSSW_7_6_3/src/EmergingJetAnalysis/crabTasks/crab_Analysis-20170321-2017-0321-v8/crab_Analysis-20170321-GJets_HT-600ToInf_RunIIFall15DR76-2017-0321-202330/crab.log
