['skim', 'analyze']
# Conditions read from  CMS_CONDITIONS  via FrontierProd 

####################
Adding Skim step
####################

Adding GJet Skim step.
triggerSelection should be verified for new datasets.
photonID should be modified for each global tag.
 switching PAT Tau input to:  cms.InputTag("hpsPFTauProducer76xReMiniAOD")

####################
Adding Analyze step
####################

CMSSW_VERSION is CMSSW_7_6_3
Using the following global tags [MC, DATA]:
['76X_mcRun2_asymptotic_RunIIFall15DR76_v1', '76X_dataRun2_16Dec2015_v0']
DEBUG 2017-03-01 13:56:08,407: 	 Executing command: 'submit'
DEBUG 2017-03-01 13:56:08,412: 	 Found CRAB cache file /home/fengyb/.crab3
DEBUG 2017-03-01 13:56:08,418: 	 Checking credentials
DEBUG 2017-03-01 13:56:08,418: 	 Found proxy file /tmp/x509up_u1701
DEBUG 2017-03-01 13:56:08,418: 	 Getting proxy life time left
DEBUG 2017-03-01 13:56:08,522: 	 Executing : 
 command : voms-proxy-info -file /tmp/x509up_u1701 -timeleft
 output : 43086

 error: 
 retcode : 0
DEBUG 2017-03-01 13:56:08,625: 	 Executing : 
 command : voms-proxy-info -file /tmp/x509up_u1701 -actimeleft
 output : 43086

 error: 
 retcode : 0
DEBUG 2017-03-01 13:56:08,625: 	 Proxy valid for 11:58:06 hours
DEBUG 2017-03-01 13:56:08,626: 	 Will use CRAB Analysis plugin (i.e. will run an analysis job type).
DEBUG 2017-03-01 13:56:08,737: 	 Executing : 
 command : openssl x509 -in ~/.globus/usercert.pem -subject -noout
 output : subject= /DC=ch/DC=cern/OU=Organic Units/OU=Users/CN=yofeng/CN=785825/CN=Yongbin Feng

 error: 
 retcode : 0
DEBUG 2017-03-01 13:56:08,737: 	 Checking credentials
DEBUG 2017-03-01 13:56:08,738: 	 Found proxy file /tmp/x509up_u1701
DEBUG 2017-03-01 13:56:08,738: 	 Getting proxy life time left
DEBUG 2017-03-01 13:56:08,841: 	 Executing : 
 command : voms-proxy-info -file /tmp/x509up_u1701 -timeleft
 output : 43086

 error: 
 retcode : 0
DEBUG 2017-03-01 13:56:08,944: 	 Executing : 
 command : voms-proxy-info -file /tmp/x509up_u1701 -actimeleft
 output : 43086

 error: 
 retcode : 0
DEBUG 2017-03-01 13:56:08,944: 	 Proxy valid for 11:58:06 hours
DEBUG 2017-03-01 13:56:09,048: 	 Executing : 
 command : env X509_USER_PROXY=/tmp/x509up_u1701 voms-proxy-info -fqan
 output : /cms/Role=NULL/Capability=NULL

 error: 
 retcode : 0
DEBUG 2017-03-01 13:56:10,133: 	 Registering user credentials for server /DC=ch/DC=cern/OU=computers/CN=vocms(045|052|021|031|0118|0118a|0119|0108|0105).cern.ch
DEBUG 2017-03-01 13:56:10,241: 	 Executing : 
 command : openssl x509 -in ~/.globus/usercert.pem -subject -noout
 output : subject= /DC=ch/DC=cern/OU=Organic Units/OU=Users/CN=yofeng/CN=785825/CN=Yongbin Feng

 error: 
 retcode : 0
DEBUG 2017-03-01 13:56:10,241: 	 Getting myproxy life time left for myproxy.cern.ch
DEBUG 2017-03-01 13:56:10,241: 	 Calculating hash of /DC=ch/DC=cern/OU=Organic Units/OU=Users/CN=yofeng/CN=785825/CN=Yongbin Feng_cmsweb.cern.ch for credential name
DEBUG 2017-03-01 13:56:10,945: 	 Executing : 
 command : myproxy-info -l 46a32ae7e95f6185805e22dd0e47513ea7de8fa0 -s myproxy.cern.ch
 output : username: 46a32ae7e95f6185805e22dd0e47513ea7de8fa0
owner: /DC=ch/DC=cern/OU=Organic Units/OU=Users/CN=yofeng/CN=785825/CN=Yongbin Feng
  renewal policy: /DC=ch/DC=cern/OU=computers/CN=vocms(045|052|021|031|0118|0118a|0119|0108|0105).cern.ch
  trusted retrieval policy: /DC=ch/DC=cern/OU=computers/CN=vocms(045|052|021|031|0118|0118a|0119|0108|0105).cern.ch
  timeleft: 719:58:29  (30.0 days)

 error: 
 retcode : 0
DEBUG 2017-03-01 13:56:10,946: 	 Myproxy is valid: 2591909
DEBUG 2017-03-01 13:56:10,946: 	 Command use: submit
DEBUG 2017-03-01 13:56:10,946: 	 Options use: ['--config', <WMCore.Configuration.Configuration object at 0x1e589d0>]
DEBUG 2017-03-01 13:56:12,045: 	 CRABClient version: 3.3.1702
DEBUG 2017-03-01 13:56:12,045: 	 Instance is prod
DEBUG 2017-03-01 13:56:12,045: 	 Server base url is cmsweb.cern.ch
DEBUG 2017-03-01 13:56:12,045: 	 Command url /crabserver/prod/workflow
DEBUG 2017-03-01 13:56:12,045: 	 Started submission
DEBUG 2017-03-01 13:56:12,045: 	 Working on /data/users/fengyb/CMSSW_7_6_3/src/EmergingJetAnalysis/crabTasks/crab_Analysis-20170228-2017-0301-v2/crab_Analysis-20170228-GJets_HT-100To200_RunIISpring15DR74-2017-0301-135608
DEBUG 2017-03-01 13:56:13,150: 	 Loading required information from the environment
DEBUG 2017-03-01 13:56:13,151: 	 Found CMSSW_7_6_3 for slc6_amd64_gcc493 with base /data/users/fengyb/CMSSW_7_6_3
DEBUG 2017-03-01 13:56:13,151: 	 Loading required information from the environment
DEBUG 2017-03-01 13:56:13,151: 	 Found CMSSW_7_6_3 for slc6_amd64_gcc493 with base /data/users/fengyb/CMSSW_7_6_3
DEBUG 2017-03-01 13:56:13,164: 	 UNIQUE NAME: tarUUID 8dc529c6-d848-46c5-a508-482bcd4c0ab5 
DEBUG 2017-03-01 13:56:13,165: 	 self.config: from WMCore.Configuration import Configuration
config = Configuration()
config.section_('General')
config.General.workArea = 'crabTasks/crab_Analysis-20170228-2017-0301-v2'
config.General.requestName = 'Analysis-20170228-GJets_HT-100To200_RunIISpring15DR74-2017-0301-135608'
config.section_('JobType')
config.JobType.priority = 30
config.JobType.psetName = 'Configuration/test/test_cfg.py'
config.JobType.pluginName = 'Analysis'
config.JobType.pyCfgParams = ['crab=1', 'data=0', 'sample=gjet']
config.section_('Data')
config.Data.inputDataset = '/GJets_HT-100To200_TuneCUETP8M1_13TeV-madgraphMLM-pythia8/RunIISpring15DR74-Asympt25ns_MCRUN2_74_V9-v2/AODSIM'
config.Data.outputDatasetTag = 'Analysis-20170228'
config.Data.publication = True
config.Data.unitsPerJob = 1
config.Data.ignoreLocality = True
config.Data.splitting = 'FileBased'
config.Data.inputDBS = 'global'
config.Data.outLFNDirBase = '/store/user/yofeng/GJet/ntuple/Analysis-20170228-v2/GJets_HT-100To200_RunIISpring15DR74/'
config.Data.totalUnits = 1000
config.section_('Site')
config.Site.blacklist = ['T2_US_Purdue']
config.Site.storageSite = 'T3_US_UMD'

DEBUG 2017-03-01 13:56:13,165: 	 self.config.JobType.psetName: Configuration/test/test_cfg.py
INFO 2017-03-01 13:56:13,165: 	 Importing CMSSW configuration Configuration/test/test_cfg.py
DEBUG 2017-03-01 13:56:13,165: 	 Additional parameters for the CMSSW configuration are: ['crab=1', 'data=0', 'sample=gjet']
INFO 2017-03-01 13:56:18,677: 	 Finished importing CMSSW configuration Configuration/test/test_cfg.py
DEBUG 2017-03-01 13:56:18,678: 	 Writing CMSSW configuration to /data/users/fengyb/CMSSW_7_6_3/src/EmergingJetAnalysis/crabTasks/crab_Analysis-20170228-2017-0301-v2/crab_Analysis-20170228-GJets_HT-100To200_RunIISpring15DR74-2017-0301-135608/inputs/PSet.py
DEBUG 2017-03-01 13:56:21,591: 	 The following EDM output files will be collected: ['output.root']
DEBUG 2017-03-01 13:56:21,592: 	 The following TFile output files will be collected: ['ntuple.root']
DEBUG 2017-03-01 13:56:21,592: 	 The following user output files will be collected: []
DEBUG 2017-03-01 13:56:21,592: 	 Loading required information from the environment
DEBUG 2017-03-01 13:56:21,592: 	 Found CMSSW_7_6_3 for slc6_amd64_gcc493 with base /data/users/fengyb/CMSSW_7_6_3
DEBUG 2017-03-01 13:56:21,592: 	 Making tarball in /data/users/fengyb/CMSSW_7_6_3/src/EmergingJetAnalysis/crabTasks/crab_Analysis-20170228-2017-0301-v2/crab_Analysis-20170228-GJets_HT-100To200_RunIISpring15DR74-2017-0301-135608/inputs/8dc529c6-d848-46c5-a508-482bcd4c0ab5default.tgz
DEBUG 2017-03-01 13:56:21,615: 	 Checking directory /data/users/fengyb/CMSSW_7_6_3/lib
DEBUG 2017-03-01 13:56:21,615: 	 Adding directory /data/users/fengyb/CMSSW_7_6_3/lib to tarball
DEBUG 2017-03-01 13:56:25,080: 	 Checking directory /data/users/fengyb/CMSSW_7_6_3/biglib
DEBUG 2017-03-01 13:56:25,080: 	 Adding directory /data/users/fengyb/CMSSW_7_6_3/biglib to tarball
DEBUG 2017-03-01 13:56:25,082: 	 Checking directory /data/users/fengyb/CMSSW_7_6_3/module
DEBUG 2017-03-01 13:56:25,200: 	 Adding data directory /data/users/fengyb/CMSSW_7_6_3/src/RecoEgamma/EgammaTools/data to tarball
DEBUG 2017-03-01 13:56:25,228: 	 Adding data directory /data/users/fengyb/CMSSW_7_6_3/src/RecoEgamma/EgammaTools/interface to tarball
DEBUG 2017-03-01 13:56:25,252: 	 Adding data directory /data/users/fengyb/CMSSW_7_6_3/src/RecoEgamma/PhotonIdentification/data to tarball
DEBUG 2017-03-01 13:56:25,262: 	 Adding data directory /data/users/fengyb/CMSSW_7_6_3/src/RecoEgamma/PhotonIdentification/interface to tarball
DEBUG 2017-03-01 13:56:25,307: 	 Adding data directory /data/users/fengyb/CMSSW_7_6_3/src/EmergingJetAnalysis/EmergingJetAnalyzer/interface to tarball
DEBUG 2017-03-01 13:56:25,346: 	 Adding data directory /data/users/fengyb/CMSSW_7_6_3/src/EmergingJetAnalysis/EmJetAnalyzer/interface to tarball
DEBUG 2017-03-01 13:56:25,949: 	 Uploading archive /data/users/fengyb/CMSSW_7_6_3/src/EmergingJetAnalysis/crabTasks/crab_Analysis-20170228-2017-0301-v2/crab_Analysis-20170228-GJets_HT-100To200_RunIISpring15DR74-2017-0301-135608/inputs/8dc529c6-d848-46c5-a508-482bcd4c0ab5default.tgz to the CRAB cache. Using URI https://cmsweb.cern.ch/crabcache
DEBUG 2017-03-01 13:56:31,926: 	 Loading required information from the environment
DEBUG 2017-03-01 13:56:31,926: 	 Found CMSSW_7_6_3 for slc6_amd64_gcc493 with base /data/users/fengyb/CMSSW_7_6_3
DEBUG 2017-03-01 13:56:31,926: 	 Making tarball in /data/users/fengyb/CMSSW_7_6_3/src/EmergingJetAnalysis/crabTasks/crab_Analysis-20170228-2017-0301-v2/crab_Analysis-20170228-GJets_HT-100To200_RunIISpring15DR74-2017-0301-135608/inputs/debugFiles.tgz
DEBUG 2017-03-01 13:56:31,931: 	 Uploading archive /data/users/fengyb/CMSSW_7_6_3/src/EmergingJetAnalysis/crabTasks/crab_Analysis-20170228-2017-0301-v2/crab_Analysis-20170228-GJets_HT-100To200_RunIISpring15DR74-2017-0301-135608/inputs/debugFiles.tgz to the CRAB cache. Using URI https://cmsweb.cern.ch/crabcache
DEBUG 2017-03-01 13:56:33,286: 	 Result uploading input files: 55e7cca72ea3369c2967f96a59840ef169dbe60c09eb65755df88fdd65be78d9.tar.gz 
WARNING 2017-03-01 13:56:33,286: 	 Warning: The following output files will not be published, as they are not EDM files: ['ntuple.root']
INFO 2017-03-01 13:56:33,286: 	 Sending the request to the server
DEBUG 2017-03-01 13:56:33,286: 	 Submitting {'maxjobruntime': 1250, 'extrajdl': [], 'ignorelocality': 1, 'savelogsflag': 0, 'useparent': 0, 'asyncdest': 'T3_US_UMD', 'algoargs': 1, 'cachefilename': '55e7cca72ea3369c2967f96a59840ef169dbe60c09eb65755df88fdd65be78d9.tar.gz', 'numcores': 1, 'addoutputfiles': [], 'generator': 'pythia', 'maxmemory': 2000, 'publishdbsurl': 'https://cmsweb.cern.ch/dbs/prod/phys03/DBSWriter', 'priority': 30, 'jobsw': 'CMSSW_7_6_3', 'edmoutfiles': ['output.root'], 'userfiles': [], 'primarydataset': '', 'inputdata': '/GJets_HT-100To200_TuneCUETP8M1_13TeV-madgraphMLM-pythia8/RunIISpring15DR74-Asympt25ns_MCRUN2_74_V9-v2/AODSIM', 'lfn': '/store/user/yofeng/GJet/ntuple/Analysis-20170228-v2/GJets_HT-100To200_RunIISpring15DR74/', 'dryrun': 0, 'workflow': 'crab_Analysis-20170228-GJets_HT-100To200_RunIISpring15DR74-2017-0301-135608', 'adduserfiles': [], 'nonprodsw': 0, 'tfileoutfiles': ['ntuple.root'], 'oneEventMode': 0, 'debugfilename': '04bac89745d2d1705aa6695a16533845c0861567f639eb86ea440e42944447d1.tar.gz', 'cacheurl': u'https://cmsweb.cern.ch/crabcache', 'saveoutput': 1, 'publication': 1, 'jobarch': 'slc6_amd64_gcc493', 'totalunits': 1000, 'splitalgo': 'FileBased', 'ignoreglobalblacklist': 0, 'nonvaliddata': 0, 'dbsurl': 'https://cmsweb.cern.ch/dbs/prod/global/DBSReader', 'publishgroupname': 0, 'jobtype': 'Analysis', 'siteblacklist': ['T2_US_Purdue'], 'publishname2': 'Analysis-20170228'} 
DEBUG 2017-03-01 13:56:33,286: 	 Encoded submit request: maxjobruntime=1250&ignorelocality=1&savelogsflag=0&useparent=0&asyncdest=T3_US_UMD&algoargs=1&cachefilename=55e7cca72ea3369c2967f96a59840ef169dbe60c09eb65755df88fdd65be78d9.tar.gz&numcores=1&generator=pythia&maxmemory=2000&publishdbsurl=https%3A%2F%2Fcmsweb.cern.ch%2Fdbs%2Fprod%2Fphys03%2FDBSWriter&priority=30&jobsw=CMSSW_7_6_3&primarydataset=&inputdata=%2FGJets_HT-100To200_TuneCUETP8M1_13TeV-madgraphMLM-pythia8%2FRunIISpring15DR74-Asympt25ns_MCRUN2_74_V9-v2%2FAODSIM&lfn=%2Fstore%2Fuser%2Fyofeng%2FGJet%2Fntuple%2FAnalysis-20170228-v2%2FGJets_HT-100To200_RunIISpring15DR74%2F&dryrun=0&workflow=crab_Analysis-20170228-GJets_HT-100To200_RunIISpring15DR74-2017-0301-135608&nonprodsw=0&oneEventMode=0&debugfilename=04bac89745d2d1705aa6695a16533845c0861567f639eb86ea440e42944447d1.tar.gz&cacheurl=https%3A%2F%2Fcmsweb.cern.ch%2Fcrabcache&saveoutput=1&publication=1&jobarch=slc6_amd64_gcc493&totalunits=1000&splitalgo=FileBased&ignoreglobalblacklist=0&nonvaliddata=0&dbsurl=https%3A%2F%2Fcmsweb.cern.ch%2Fdbs%2Fprod%2Fglobal%2FDBSReader&publishgroupname=0&jobtype=Analysis&publishname2=Analysis-20170228&siteblacklist=T2_US_Purdue&tfileoutfiles=ntuple.root&edmoutfiles=output.root
DEBUG 2017-03-01 13:56:34,860: 	 Result: {u'result': [{u'RequestName': u'170301_185634:yofeng_crab_Analysis-20170228-GJets_HT-100To200_RunIISpring15DR74-2017-0301-135608'}]}
INFO 2017-03-01 13:56:34,862: 	 Success: Your task has been delivered to the CRAB3 server.
INFO 2017-03-01 13:56:34,862: 	 Task name: 170301_185634:yofeng_crab_Analysis-20170228-GJets_HT-100To200_RunIISpring15DR74-2017-0301-135608
INFO 2017-03-01 13:56:34,862: 	 Please use 'crab status' to check how the submission process proceeds.
DEBUG 2017-03-01 13:56:34,862: 	 About to return
DEBUG 2017-03-01 14:03:40,136: 	 Executing command: 'status'
DEBUG 2017-03-01 14:03:40,136: 	 Found CRAB cache file /home/fengyb/.crab3
DEBUG 2017-03-01 14:03:40,143: 	 Checking credentials
DEBUG 2017-03-01 14:03:40,143: 	 Found proxy file /tmp/x509up_u1701
DEBUG 2017-03-01 14:03:40,143: 	 Getting proxy life time left
DEBUG 2017-03-01 14:03:40,246: 	 Executing : 
 command : voms-proxy-info -file /tmp/x509up_u1701 -timeleft
 output : 42634

 error: 
 retcode : 0
DEBUG 2017-03-01 14:03:40,350: 	 Executing : 
 command : voms-proxy-info -file /tmp/x509up_u1701 -actimeleft
 output : 42634

 error: 
 retcode : 0
DEBUG 2017-03-01 14:03:40,350: 	 Proxy valid for 11:50:34 hours
DEBUG 2017-03-01 14:03:40,461: 	 Executing : 
 command : openssl x509 -in ~/.globus/usercert.pem -subject -noout
 output : subject= /DC=ch/DC=cern/OU=Organic Units/OU=Users/CN=yofeng/CN=785825/CN=Yongbin Feng

 error: 
 retcode : 0
DEBUG 2017-03-01 14:03:40,461: 	 Checking credentials
DEBUG 2017-03-01 14:03:40,461: 	 Found proxy file /tmp/x509up_u1701
DEBUG 2017-03-01 14:03:40,461: 	 Getting proxy life time left
DEBUG 2017-03-01 14:03:40,564: 	 Executing : 
 command : voms-proxy-info -file /tmp/x509up_u1701 -timeleft
 output : 42634

 error: 
 retcode : 0
DEBUG 2017-03-01 14:03:40,668: 	 Executing : 
 command : voms-proxy-info -file /tmp/x509up_u1701 -actimeleft
 output : 42634

 error: 
 retcode : 0
DEBUG 2017-03-01 14:03:40,668: 	 Proxy valid for 11:50:34 hours
DEBUG 2017-03-01 14:03:44,070: 	 Registering user credentials for server /DC=ch/DC=cern/OU=computers/CN=vocms(045|052|021|031|0118|0118a|0119|0108|0105).cern.ch
DEBUG 2017-03-01 14:03:44,178: 	 Executing : 
 command : openssl x509 -in ~/.globus/usercert.pem -subject -noout
 output : subject= /DC=ch/DC=cern/OU=Organic Units/OU=Users/CN=yofeng/CN=785825/CN=Yongbin Feng

 error: 
 retcode : 0
DEBUG 2017-03-01 14:03:44,178: 	 Getting myproxy life time left for myproxy.cern.ch
DEBUG 2017-03-01 14:03:44,178: 	 Calculating hash of /DC=ch/DC=cern/OU=Organic Units/OU=Users/CN=yofeng/CN=785825/CN=Yongbin Feng_cmsweb.cern.ch for credential name
DEBUG 2017-03-01 14:03:44,983: 	 Executing : 
 command : myproxy-info -l 46a32ae7e95f6185805e22dd0e47513ea7de8fa0 -s myproxy.cern.ch
 output : username: 46a32ae7e95f6185805e22dd0e47513ea7de8fa0
owner: /DC=ch/DC=cern/OU=Organic Units/OU=Users/CN=yofeng/CN=785825/CN=Yongbin Feng
  renewal policy: /DC=ch/DC=cern/OU=computers/CN=vocms(045|052|021|031|0118|0118a|0119|0108|0105).cern.ch
  trusted retrieval policy: /DC=ch/DC=cern/OU=computers/CN=vocms(045|052|021|031|0118|0118a|0119|0108|0105).cern.ch
  timeleft: 719:50:55  (30.0 days)

 error: 
 retcode : 0
DEBUG 2017-03-01 14:03:44,984: 	 Myproxy is valid: 2591455
DEBUG 2017-03-01 14:03:44,984: 	 Command use: status
DEBUG 2017-03-01 14:03:44,984: 	 Options use: ['-d', 'crab_Analysis-20170228-GJets_HT-100To200_RunIISpring15DR74-2017-0301-135608']
DEBUG 2017-03-01 14:03:46,078: 	 CRABClient version: 3.3.1702
DEBUG 2017-03-01 14:03:46,078: 	 Instance is prod
DEBUG 2017-03-01 14:03:46,078: 	 Server base url is cmsweb.cern.ch
DEBUG 2017-03-01 14:03:46,078: 	 Command url /crabserver/prod/workflow
DEBUG 2017-03-01 14:03:46,078: 	 Looking up detailed status of task 170301_185634:yofeng_crab_Analysis-20170228-GJets_HT-100To200_RunIISpring15DR74-2017-0301-135608
DEBUG 2017-03-01 14:03:47,130: 	 {u'status': u'SUBMITFAILED', u'username': u'yofeng', u'totalJobdefs': 0, u'jobsPerStatus': {}, u'taskWarningMsg': [], u'schedd': u'', u'statusFailureMsg': u'', u'taskFailureMsg': u'Task could not be submitted because there is no DISK replica for dataset /GJets_HT-100To200_TuneCUETP8M1_13TeV-madgraphMLM-pythia8/RunIISpring15DR74-Asympt25ns_MCRUN2_74_V9-v2/AODSIM . Please, check DAS, https://cmsweb.cern.ch/das, and make sure the dataset is accessible on DISK You might want to contact your physics group if you need a disk replica.\nN.B.: your dataset is stored at T1_US_FNAL_Buffer,T1_US_FNAL_MSS, but those are TAPE locations.', u'failedJobdefs': 0, u'command': u'SUBMIT', u'submissionTime': 1488394594, u'jobdefErrors': [], u'collector': u'cmsgwms-collector-global.cern.ch,cmssrv221.fnal.gov', u'jobList': []}
INFO 2017-03-01 14:03:47,130: 	 CRAB project directory:		/data/users/fengyb/CMSSW_7_6_3/src/EmergingJetAnalysis/crabTasks/crab_Analysis-20170228-2017-0301-v2/crab_Analysis-20170228-GJets_HT-100To200_RunIISpring15DR74-2017-0301-135608
INFO 2017-03-01 14:03:47,130: 	 Task name:			170301_185634:yofeng_crab_Analysis-20170228-GJets_HT-100To200_RunIISpring15DR74-2017-0301-135608
INFO 2017-03-01 14:03:47,130: 	 Task status:			SUBMITFAILED
INFO 2017-03-01 14:03:47,130: 	 Task URL to use for HELP:	https://cmsweb.cern.ch/crabserver/ui/task/170301_185634%3Ayofeng_crab_Analysis-20170228-GJets_HT-100To200_RunIISpring15DR74-2017-0301-135608
ERROR 2017-03-01 14:03:47,130: 	 Failure message:		Task could not be submitted because there is no DISK replica for dataset /GJets_HT-100To200_TuneCUETP8M1_13TeV-madgraphMLM-pythia8/RunIISpring15DR74-Asympt25ns_MCRUN2_74_V9-v2/AODSIM . Please, check DAS, https://cmsweb.cern.ch/das, and make sure the dataset is accessible on DISK You might want to contact your physics group if you need a disk replica.
				N.B.: your dataset is stored at T1_US_FNAL_Buffer,T1_US_FNAL_MSS, but those are TAPE locations.
INFO 2017-03-01 14:03:47,133: 	 Log file is /data/users/fengyb/CMSSW_7_6_3/src/EmergingJetAnalysis/crabTasks/crab_Analysis-20170228-2017-0301-v2/crab_Analysis-20170228-GJets_HT-100To200_RunIISpring15DR74-2017-0301-135608/crab.log
