['skim', 'analyze']
# Conditions read from  CMS_CONDITIONS  via FrontierProd 

####################
Adding Skim step
####################

Adding GJet Skim step.
triggerSelection should be verified for new datasets.
photonID should be modified for each global tag.
 switching PAT Tau input to:  cms.InputTag("hpsPFTauProducer76xReMiniAOD")

####################
Adding Analyze step
####################

CMSSW_VERSION is CMSSW_7_6_3
Using the following global tags [MC, DATA]:
['76X_mcRun2_asymptotic_RunIIFall15DR76_v1', '76X_dataRun2_16Dec2015_v0']
DEBUG 2017-03-15 18:06:43,640: 	 Executing command: 'submit'
DEBUG 2017-03-15 18:06:43,667: 	 Found CRAB cache file /home/fengyb/.crab3
DEBUG 2017-03-15 18:06:43,678: 	 Checking credentials
DEBUG 2017-03-15 18:06:43,679: 	 Found proxy file /tmp/x509up_u1701
DEBUG 2017-03-15 18:06:43,679: 	 Getting proxy life time left
DEBUG 2017-03-15 18:06:43,782: 	 Executing : 
 command : voms-proxy-info -file /tmp/x509up_u1701 -timeleft
 output : 42440

 error: 
 retcode : 0
DEBUG 2017-03-15 18:06:43,886: 	 Executing : 
 command : voms-proxy-info -file /tmp/x509up_u1701 -actimeleft
 output : 42440

 error: 
 retcode : 0
DEBUG 2017-03-15 18:06:43,886: 	 Proxy valid for 11:47:20 hours
DEBUG 2017-03-15 18:06:43,887: 	 Will use CRAB Analysis plugin (i.e. will run an analysis job type).
DEBUG 2017-03-15 18:06:43,997: 	 Executing : 
 command : openssl x509 -in ~/.globus/usercert.pem -subject -noout
 output : subject= /DC=ch/DC=cern/OU=Organic Units/OU=Users/CN=yofeng/CN=785825/CN=Yongbin Feng

 error: 
 retcode : 0
DEBUG 2017-03-15 18:06:43,998: 	 Checking credentials
DEBUG 2017-03-15 18:06:43,998: 	 Found proxy file /tmp/x509up_u1701
DEBUG 2017-03-15 18:06:43,998: 	 Getting proxy life time left
DEBUG 2017-03-15 18:06:44,101: 	 Executing : 
 command : voms-proxy-info -file /tmp/x509up_u1701 -timeleft
 output : 42439

 error: 
 retcode : 0
DEBUG 2017-03-15 18:06:44,204: 	 Executing : 
 command : voms-proxy-info -file /tmp/x509up_u1701 -actimeleft
 output : 42439

 error: 
 retcode : 0
DEBUG 2017-03-15 18:06:44,205: 	 Proxy valid for 11:47:19 hours
DEBUG 2017-03-15 18:06:44,308: 	 Executing : 
 command : env X509_USER_PROXY=/tmp/x509up_u1701 voms-proxy-info -fqan
 output : /cms/Role=NULL/Capability=NULL

 error: 
 retcode : 0
DEBUG 2017-03-15 18:06:45,741: 	 Registering user credentials for server /DC=ch/DC=cern/OU=computers/CN=vocms(045|052|021|031|0118|0118a|0119|0108|0105).cern.ch
DEBUG 2017-03-15 18:06:45,849: 	 Executing : 
 command : openssl x509 -in ~/.globus/usercert.pem -subject -noout
 output : subject= /DC=ch/DC=cern/OU=Organic Units/OU=Users/CN=yofeng/CN=785825/CN=Yongbin Feng

 error: 
 retcode : 0
DEBUG 2017-03-15 18:06:45,849: 	 Getting myproxy life time left for myproxy.cern.ch
DEBUG 2017-03-15 18:06:45,849: 	 Calculating hash of /DC=ch/DC=cern/OU=Organic Units/OU=Users/CN=yofeng/CN=785825/CN=Yongbin Feng_cmsweb.cern.ch for credential name
DEBUG 2017-03-15 18:06:47,053: 	 Executing : 
 command : myproxy-info -l 46a32ae7e95f6185805e22dd0e47513ea7de8fa0 -s myproxy.cern.ch
 output : username: 46a32ae7e95f6185805e22dd0e47513ea7de8fa0
owner: /DC=ch/DC=cern/OU=Organic Units/OU=Users/CN=yofeng/CN=785825/CN=Yongbin Feng
  renewal policy: /DC=ch/DC=cern/OU=computers/CN=vocms(045|052|021|031|0118|0118a|0119|0108|0105).cern.ch
  trusted retrieval policy: /DC=ch/DC=cern/OU=computers/CN=vocms(045|052|021|031|0118|0118a|0119|0108|0105).cern.ch
  timeleft: 380:47:53  (15.9 days)

 error: 
 retcode : 0
DEBUG 2017-03-15 18:06:47,055: 	 Myproxy is valid: 1370873
DEBUG 2017-03-15 18:06:47,055: 	 Command use: submit
DEBUG 2017-03-15 18:06:47,055: 	 Options use: ['--config', <WMCore.Configuration.Configuration object at 0x2497950>]
DEBUG 2017-03-15 18:06:48,433: 	 CRABClient version: 3.3.1703
DEBUG 2017-03-15 18:06:48,433: 	 Instance is prod
DEBUG 2017-03-15 18:06:48,433: 	 Server base url is cmsweb.cern.ch
DEBUG 2017-03-15 18:06:48,433: 	 Command url /crabserver/prod/workflow
DEBUG 2017-03-15 18:06:48,433: 	 Started submission
DEBUG 2017-03-15 18:06:48,433: 	 Working on /data/users/fengyb/CMSSW_7_6_3/src/EmergingJetAnalysis/crabTasks/crab_Analysis-20170315-2017-0315-v6/crab_Analysis-20170315-GJets_HT-100To200_RunIIFall15DR76-2017-0315-180643
DEBUG 2017-03-15 18:06:49,998: 	 Loading required information from the environment
DEBUG 2017-03-15 18:06:49,998: 	 Found CMSSW_7_6_3 for slc6_amd64_gcc493 with base /data/users/fengyb/CMSSW_7_6_3
DEBUG 2017-03-15 18:06:49,998: 	 Loading required information from the environment
DEBUG 2017-03-15 18:06:49,998: 	 Found CMSSW_7_6_3 for slc6_amd64_gcc493 with base /data/users/fengyb/CMSSW_7_6_3
DEBUG 2017-03-15 18:06:50,011: 	 UNIQUE NAME: tarUUID 98ee56be-3975-4ad7-8631-904e3d21079a 
DEBUG 2017-03-15 18:06:50,011: 	 self.config: from WMCore.Configuration import Configuration
config = Configuration()
config.section_('General')
config.General.workArea = 'crabTasks/crab_Analysis-20170315-2017-0315-v6'
config.General.requestName = 'Analysis-20170315-GJets_HT-100To200_RunIIFall15DR76-2017-0315-180643'
config.section_('JobType')
config.JobType.priority = 30
config.JobType.psetName = 'Configuration/test/test_cfg.py'
config.JobType.pluginName = 'Analysis'
config.JobType.pyCfgParams = ['crab=1', 'data=0', 'sample=gjet']
config.section_('Data')
config.Data.inputDataset = '/GJets_HT-100To200_TuneCUETP8M1_13TeV-madgraphMLM-pythia8/RunIIFall15DR76-PU25nsData2015v1_76X_mcRun2_asymptotic_v12-v1/AODSIM'
config.Data.outputDatasetTag = 'Analysis-20170315'
config.Data.publication = True
config.Data.unitsPerJob = 1
config.Data.ignoreLocality = True
config.Data.splitting = 'FileBased'
config.Data.inputDBS = 'global'
config.Data.outLFNDirBase = '/store/user/yofeng/GJet/ntuple/Analysis-20170315-v6/GJets_HT-100To200_RunIIFall15DR76/'
config.Data.totalUnits = 1000
config.section_('Site')
config.Site.blacklist = ['T2_US_Purdue']
config.Site.storageSite = 'T3_US_UMD'

DEBUG 2017-03-15 18:06:50,012: 	 self.config.JobType.psetName: Configuration/test/test_cfg.py
INFO 2017-03-15 18:06:50,012: 	 Importing CMSSW configuration Configuration/test/test_cfg.py
DEBUG 2017-03-15 18:06:50,012: 	 Additional parameters for the CMSSW configuration are: ['crab=1', 'data=0', 'sample=gjet']
INFO 2017-03-15 18:06:55,559: 	 Finished importing CMSSW configuration Configuration/test/test_cfg.py
DEBUG 2017-03-15 18:06:55,559: 	 Writing CMSSW configuration to /data/users/fengyb/CMSSW_7_6_3/src/EmergingJetAnalysis/crabTasks/crab_Analysis-20170315-2017-0315-v6/crab_Analysis-20170315-GJets_HT-100To200_RunIIFall15DR76-2017-0315-180643/inputs/PSet.py
DEBUG 2017-03-15 18:06:58,497: 	 The following EDM output files will be collected: ['output.root']
DEBUG 2017-03-15 18:06:58,497: 	 The following TFile output files will be collected: ['ntuple.root']
DEBUG 2017-03-15 18:06:58,498: 	 The following user output files will be collected: []
DEBUG 2017-03-15 18:06:58,498: 	 Loading required information from the environment
DEBUG 2017-03-15 18:06:58,498: 	 Found CMSSW_7_6_3 for slc6_amd64_gcc493 with base /data/users/fengyb/CMSSW_7_6_3
DEBUG 2017-03-15 18:06:58,498: 	 Making tarball in /data/users/fengyb/CMSSW_7_6_3/src/EmergingJetAnalysis/crabTasks/crab_Analysis-20170315-2017-0315-v6/crab_Analysis-20170315-GJets_HT-100To200_RunIIFall15DR76-2017-0315-180643/inputs/98ee56be-3975-4ad7-8631-904e3d21079adefault.tgz
DEBUG 2017-03-15 18:06:58,502: 	 Checking directory /data/users/fengyb/CMSSW_7_6_3/lib
DEBUG 2017-03-15 18:06:58,502: 	 Adding directory /data/users/fengyb/CMSSW_7_6_3/lib to tarball
DEBUG 2017-03-15 18:07:01,953: 	 Checking directory /data/users/fengyb/CMSSW_7_6_3/biglib
DEBUG 2017-03-15 18:07:01,954: 	 Adding directory /data/users/fengyb/CMSSW_7_6_3/biglib to tarball
DEBUG 2017-03-15 18:07:01,955: 	 Checking directory /data/users/fengyb/CMSSW_7_6_3/module
DEBUG 2017-03-15 18:07:02,065: 	 Adding data directory /data/users/fengyb/CMSSW_7_6_3/src/RecoEgamma/EgammaTools/data to tarball
DEBUG 2017-03-15 18:07:02,090: 	 Adding data directory /data/users/fengyb/CMSSW_7_6_3/src/RecoEgamma/EgammaTools/interface to tarball
DEBUG 2017-03-15 18:07:02,110: 	 Adding data directory /data/users/fengyb/CMSSW_7_6_3/src/RecoEgamma/PhotonIdentification/data to tarball
DEBUG 2017-03-15 18:07:02,116: 	 Adding data directory /data/users/fengyb/CMSSW_7_6_3/src/RecoEgamma/PhotonIdentification/interface to tarball
DEBUG 2017-03-15 18:07:02,149: 	 Adding data directory /data/users/fengyb/CMSSW_7_6_3/src/EmergingJetAnalysis/EmergingJetAnalyzer/interface to tarball
DEBUG 2017-03-15 18:07:02,178: 	 Adding data directory /data/users/fengyb/CMSSW_7_6_3/src/EmergingJetAnalysis/EmJetAnalyzer/interface to tarball
DEBUG 2017-03-15 18:07:02,807: 	 Uploading archive /data/users/fengyb/CMSSW_7_6_3/src/EmergingJetAnalysis/crabTasks/crab_Analysis-20170315-2017-0315-v6/crab_Analysis-20170315-GJets_HT-100To200_RunIIFall15DR76-2017-0315-180643/inputs/98ee56be-3975-4ad7-8631-904e3d21079adefault.tgz (6.702148.1 MB) to the CRAB cache. Using URI https://cmsweb.cern.ch/crabcache
DEBUG 2017-03-15 18:07:11,272: 	 Loading required information from the environment
DEBUG 2017-03-15 18:07:11,272: 	 Found CMSSW_7_6_3 for slc6_amd64_gcc493 with base /data/users/fengyb/CMSSW_7_6_3
DEBUG 2017-03-15 18:07:11,272: 	 Making tarball in /data/users/fengyb/CMSSW_7_6_3/src/EmergingJetAnalysis/crabTasks/crab_Analysis-20170315-2017-0315-v6/crab_Analysis-20170315-GJets_HT-100To200_RunIIFall15DR76-2017-0315-180643/inputs/debugFiles.tgz
DEBUG 2017-03-15 18:07:11,276: 	 Uploading archive /data/users/fengyb/CMSSW_7_6_3/src/EmergingJetAnalysis/crabTasks/crab_Analysis-20170315-2017-0315-v6/crab_Analysis-20170315-GJets_HT-100To200_RunIIFall15DR76-2017-0315-180643/inputs/debugFiles.tgz (3 KB) to the CRAB cache. Using URI https://cmsweb.cern.ch/crabcache
DEBUG 2017-03-15 18:07:12,919: 	 Result uploading input files: ccf5b27fe4b53ad774be5f70e5085a107f3a3564f9c5fa3811804e7f91f04082.tar.gz 
WARNING 2017-03-15 18:07:12,919: 	 Warning: The following output files will not be published, as they are not EDM files: ['ntuple.root']
INFO 2017-03-15 18:07:12,920: 	 Sending the request to the server
DEBUG 2017-03-15 18:07:12,920: 	 Submitting {'maxjobruntime': 1250, 'extrajdl': [], 'ignorelocality': 1, 'savelogsflag': 0, 'useparent': 0, 'asyncdest': 'T3_US_UMD', 'algoargs': 1, 'cachefilename': 'ccf5b27fe4b53ad774be5f70e5085a107f3a3564f9c5fa3811804e7f91f04082.tar.gz', 'numcores': 1, 'addoutputfiles': [], 'generator': 'pythia', 'maxmemory': 2000, 'publishdbsurl': 'https://cmsweb.cern.ch/dbs/prod/phys03/DBSWriter', 'priority': 30, 'jobsw': 'CMSSW_7_6_3', 'edmoutfiles': ['output.root'], 'userfiles': [], 'primarydataset': '', 'inputdata': '/GJets_HT-100To200_TuneCUETP8M1_13TeV-madgraphMLM-pythia8/RunIIFall15DR76-PU25nsData2015v1_76X_mcRun2_asymptotic_v12-v1/AODSIM', 'lfn': '/store/user/yofeng/GJet/ntuple/Analysis-20170315-v6/GJets_HT-100To200_RunIIFall15DR76/', 'dryrun': 0, 'workflow': 'crab_Analysis-20170315-GJets_HT-100To200_RunIIFall15DR76-2017-0315-180643', 'cacheurl': u'https://cmsweb.cern.ch/crabcache', 'nonprodsw': 0, 'tfileoutfiles': ['ntuple.root'], 'oneEventMode': 0, 'debugfilename': '031b355ebeb885c04f167d9e35e5e17b7dfb2476e39e1521520b7bdf27a13312.tar.gz', 'saveoutput': 1, 'publication': 1, 'jobarch': 'slc6_amd64_gcc493', 'totalunits': 1000, 'splitalgo': 'FileBased', 'ignoreglobalblacklist': 0, 'nonvaliddata': 0, 'dbsurl': 'https://cmsweb.cern.ch/dbs/prod/global/DBSReader', 'publishgroupname': 0, 'jobtype': 'Analysis', 'siteblacklist': ['T2_US_Purdue'], 'publishname2': 'Analysis-20170315'} 
DEBUG 2017-03-15 18:07:12,920: 	 Encoded submit request: maxjobruntime=1250&ignorelocality=1&savelogsflag=0&useparent=0&asyncdest=T3_US_UMD&algoargs=1&cachefilename=ccf5b27fe4b53ad774be5f70e5085a107f3a3564f9c5fa3811804e7f91f04082.tar.gz&numcores=1&generator=pythia&maxmemory=2000&publishdbsurl=https%3A%2F%2Fcmsweb.cern.ch%2Fdbs%2Fprod%2Fphys03%2FDBSWriter&priority=30&jobsw=CMSSW_7_6_3&primarydataset=&inputdata=%2FGJets_HT-100To200_TuneCUETP8M1_13TeV-madgraphMLM-pythia8%2FRunIIFall15DR76-PU25nsData2015v1_76X_mcRun2_asymptotic_v12-v1%2FAODSIM&lfn=%2Fstore%2Fuser%2Fyofeng%2FGJet%2Fntuple%2FAnalysis-20170315-v6%2FGJets_HT-100To200_RunIIFall15DR76%2F&dryrun=0&workflow=crab_Analysis-20170315-GJets_HT-100To200_RunIIFall15DR76-2017-0315-180643&cacheurl=https%3A%2F%2Fcmsweb.cern.ch%2Fcrabcache&nonprodsw=0&oneEventMode=0&debugfilename=031b355ebeb885c04f167d9e35e5e17b7dfb2476e39e1521520b7bdf27a13312.tar.gz&saveoutput=1&publication=1&jobarch=slc6_amd64_gcc493&totalunits=1000&splitalgo=FileBased&ignoreglobalblacklist=0&nonvaliddata=0&dbsurl=https%3A%2F%2Fcmsweb.cern.ch%2Fdbs%2Fprod%2Fglobal%2FDBSReader&publishgroupname=0&jobtype=Analysis&publishname2=Analysis-20170315&siteblacklist=T2_US_Purdue&tfileoutfiles=ntuple.root&edmoutfiles=output.root
DEBUG 2017-03-15 18:07:14,727: 	 Result: {u'result': [{u'RequestName': u'170315_220714:yofeng_crab_Analysis-20170315-GJets_HT-100To200_RunIIFall15DR76-2017-0315-180643'}]}
INFO 2017-03-15 18:07:14,728: 	 Success: Your task has been delivered to the CRAB3 server.
INFO 2017-03-15 18:07:14,729: 	 Task name: 170315_220714:yofeng_crab_Analysis-20170315-GJets_HT-100To200_RunIIFall15DR76-2017-0315-180643
INFO 2017-03-15 18:07:14,729: 	 Please use 'crab status' to check how the submission process proceeds.
DEBUG 2017-03-15 18:07:14,729: 	 About to return
DEBUG 2017-03-16 16:14:28,298: 	 Executing command: 'status'
DEBUG 2017-03-16 16:14:28,298: 	 Found CRAB cache file /home/fengyb/.crab3
DEBUG 2017-03-16 16:14:28,305: 	 Checking credentials
DEBUG 2017-03-16 16:14:28,305: 	 Found proxy file /tmp/x509up_u1701
DEBUG 2017-03-16 16:14:28,305: 	 Getting proxy life time left
DEBUG 2017-03-16 16:14:28,408: 	 Executing : 
 command : voms-proxy-info -file /tmp/x509up_u1701 -timeleft
 output : 43156

 error: 
 retcode : 0
DEBUG 2017-03-16 16:14:28,512: 	 Executing : 
 command : voms-proxy-info -file /tmp/x509up_u1701 -actimeleft
 output : 43156

 error: 
 retcode : 0
DEBUG 2017-03-16 16:14:28,512: 	 Proxy valid for 11:59:16 hours
DEBUG 2017-03-16 16:14:28,642: 	 Executing : 
 command : openssl x509 -in ~/.globus/usercert.pem -subject -noout
 output : subject= /DC=ch/DC=cern/OU=Organic Units/OU=Users/CN=yofeng/CN=785825/CN=Yongbin Feng

 error: 
 retcode : 0
DEBUG 2017-03-16 16:14:28,642: 	 Checking credentials
DEBUG 2017-03-16 16:14:28,642: 	 Found proxy file /tmp/x509up_u1701
DEBUG 2017-03-16 16:14:28,642: 	 Getting proxy life time left
DEBUG 2017-03-16 16:14:28,745: 	 Executing : 
 command : voms-proxy-info -file /tmp/x509up_u1701 -timeleft
 output : 43156

 error: 
 retcode : 0
DEBUG 2017-03-16 16:14:28,849: 	 Executing : 
 command : voms-proxy-info -file /tmp/x509up_u1701 -actimeleft
 output : 43156

 error: 
 retcode : 0
DEBUG 2017-03-16 16:14:28,849: 	 Proxy valid for 11:59:16 hours
DEBUG 2017-03-16 16:14:29,882: 	 Registering user credentials for server /DC=ch/DC=cern/OU=computers/CN=vocms(045|052|021|031|0118|0118a|0119|0108|0105).cern.ch
DEBUG 2017-03-16 16:14:29,991: 	 Executing : 
 command : openssl x509 -in ~/.globus/usercert.pem -subject -noout
 output : subject= /DC=ch/DC=cern/OU=Organic Units/OU=Users/CN=yofeng/CN=785825/CN=Yongbin Feng

 error: 
 retcode : 0
DEBUG 2017-03-16 16:14:29,991: 	 Getting myproxy life time left for myproxy.cern.ch
DEBUG 2017-03-16 16:14:29,991: 	 Calculating hash of /DC=ch/DC=cern/OU=Organic Units/OU=Users/CN=yofeng/CN=785825/CN=Yongbin Feng_cmsweb.cern.ch for credential name
DEBUG 2017-03-16 16:14:30,695: 	 Executing : 
 command : myproxy-info -l 46a32ae7e95f6185805e22dd0e47513ea7de8fa0 -s myproxy.cern.ch
 output : username: 46a32ae7e95f6185805e22dd0e47513ea7de8fa0
owner: /DC=ch/DC=cern/OU=Organic Units/OU=Users/CN=yofeng/CN=785825/CN=Yongbin Feng
  renewal policy: /DC=ch/DC=cern/OU=computers/CN=vocms(045|052|021|031|0118|0118a|0119|0108|0105).cern.ch
  trusted retrieval policy: /DC=ch/DC=cern/OU=computers/CN=vocms(045|052|021|031|0118|0118a|0119|0108|0105).cern.ch
  timeleft: 719:59:33  (30.0 days)

 error: 
 retcode : 0
DEBUG 2017-03-16 16:14:30,696: 	 Myproxy is valid: 2591973
DEBUG 2017-03-16 16:14:30,696: 	 Command use: status
DEBUG 2017-03-16 16:14:30,696: 	 Options use: ['-d', 'crab_Analysis-20170315-GJets_HT-100To200_RunIIFall15DR76-2017-0315-180643']
DEBUG 2017-03-16 16:14:31,723: 	 CRABClient version: 3.3.1703
DEBUG 2017-03-16 16:14:31,723: 	 Instance is prod
DEBUG 2017-03-16 16:14:31,723: 	 Server base url is cmsweb.cern.ch
DEBUG 2017-03-16 16:14:31,723: 	 Command url /crabserver/prod/workflow
DEBUG 2017-03-16 16:14:31,723: 	 Looking up detailed status of task 170315_220714:yofeng_crab_Analysis-20170315-GJets_HT-100To200_RunIIFall15DR76-2017-0315-180643
DEBUG 2017-03-16 16:14:33,564: 	 {u'status': u'FAILED', u'username': u'yofeng', u'jobsPerStatus': {u'failed': 2, u'finished': 250}, u'jobs': {u'216': {u'State': u'finished'}, u'217': {u'State': u'finished'}, u'214': {u'State': u'finished'}, u'215': {u'State': u'finished'}, u'212': {u'State': u'finished'}, u'213': {u'State': u'finished'}, u'210': {u'State': u'finished'}, u'211': {u'State': u'finished'}, u'218': {u'State': u'finished'}, u'219': {u'State': u'finished'}, u'133': {u'State': u'finished'}, u'132': {u'State': u'finished'}, u'131': {u'State': u'finished'}, u'130': {u'State': u'finished'}, u'137': {u'State': u'finished'}, u'136': {u'State': u'finished'}, u'135': {u'State': u'finished'}, u'134': {u'State': u'finished'}, u'95': {u'State': u'finished'}, u'139': {u'State': u'finished'}, u'138': {u'State': u'finished'}, u'225': {u'State': u'finished'}, u'24': {u'State': u'finished'}, u'25': {u'State': u'finished'}, u'26': {u'State': u'finished'}, u'27': {u'State': u'finished'}, u'20': {u'State': u'finished'}, u'21': {u'State': u'finished'}, u'22': {u'State': u'finished'}, u'23': {u'State': u'finished'}, u'223': {u'State': u'failed', u'Error': [50664, u'Not retrying job due to wall clock limit (job automatically killed on the worker node)', {}]}, u'28': {u'State': u'finished'}, u'29': {u'State': u'finished'}, u'222': {u'State': u'finished'}, u'4': {u'State': u'finished'}, u'8': {u'State': u'finished'}, u'220': {u'State': u'finished'}, u'68': {u'State': u'finished'}, u'227': {u'State': u'finished'}, u'120': {u'State': u'finished'}, u'121': {u'State': u'finished'}, u'122': {u'State': u'finished'}, u'123': {u'State': u'finished'}, u'124': {u'State': u'finished'}, u'125': {u'State': u'finished'}, u'126': {u'State': u'finished'}, u'127': {u'State': u'finished'}, u'128': {u'State': u'finished'}, u'129': {u'State': u'finished'}, u'69': {u'State': u'finished'}, u'91': {u'State': u'finished'}, u'59': {u'State': u'finished'}, u'58': {u'State': u'finished'}, u'55': {u'State': u'finished'}, u'54': {u'State': u'finished'}, u'57': {u'State': u'finished'}, u'56': {u'State': u'finished'}, u'51': {u'State': u'finished'}, u'50': {u'State': u'finished'}, u'53': {u'State': u'finished'}, u'52': {u'State': u'finished'}, u'90': {u'State': u'finished'}, u'93': {u'State': u'finished'}, u'199': {u'State': u'finished'}, u'198': {u'State': u'finished'}, u'147': {u'State': u'finished'}, u'195': {u'State': u'finished'}, u'194': {u'State': u'finished'}, u'197': {u'State': u'finished'}, u'67': {u'State': u'finished'}, u'191': {u'State': u'finished'}, u'190': {u'State': u'finished'}, u'193': {u'State': u'finished'}, u'192': {u'State': u'finished'}, u'115': {u'State': u'finished'}, u'114': {u'State': u'finished'}, u'88': {u'State': u'finished'}, u'89': {u'State': u'finished'}, u'111': {u'State': u'finished'}, u'110': {u'State': u'finished'}, u'113': {u'State': u'finished'}, u'112': {u'State': u'finished'}, u'82': {u'State': u'finished'}, u'83': {u'State': u'finished'}, u'80': {u'State': u'finished'}, u'81': {u'State': u'finished'}, u'119': {u'State': u'finished'}, u'118': {u'State': u'finished'}, u'84': {u'State': u'finished'}, u'85': {u'State': u'finished'}, u'174': {u'State': u'finished'}, u'140': {u'State': u'finished'}, u'141': {u'State': u'finished'}, u'226': {u'State': u'finished'}, u'3': {u'State': u'finished'}, u'7': {u'State': u'finished'}, u'146': {u'State': u'finished'}, u'92': {u'State': u'finished'}, u'245': {u'State': u'finished'}, u'244': {u'State': u'finished'}, u'247': {u'State': u'finished'}, u'109': {u'State': u'finished'}, u'241': {u'State': u'finished'}, u'240': {u'State': u'finished'}, u'243': {u'State': u'finished'}, u'242': {u'State': u'finished'}, u'102': {u'State': u'finished'}, u'103': {u'State': u'finished'}, u'100': {u'State': u'finished'}, u'101': {u'State': u'finished'}, u'106': {u'State': u'finished'}, u'107': {u'State': u'finished'}, u'104': {u'State': u'finished'}, u'105': {u'State': u'finished'}, u'39': {u'State': u'finished'}, u'38': {u'State': u'finished'}, u'33': {u'State': u'finished'}, u'32': {u'State': u'finished'}, u'31': {u'State': u'finished'}, u'30': {u'State': u'finished'}, u'37': {u'State': u'finished'}, u'108': {u'State': u'finished'}, u'35': {u'State': u'finished'}, u'34': {u'State': u'finished'}, u'246': {u'State': u'finished'}, u'94': {u'State': u'finished'}, u'252': {u'State': u'finished'}, u'60': {u'State': u'finished'}, u'61': {u'State': u'finished'}, u'62': {u'State': u'finished'}, u'63': {u'State': u'finished'}, u'64': {u'State': u'finished'}, u'65': {u'State': u'finished'}, u'179': {u'State': u'finished'}, u'178': {u'State': u'finished'}, u'177': {u'State': u'finished'}, u'176': {u'State': u'finished'}, u'175': {u'State': u'finished'}, u'251': {u'State': u'finished'}, u'173': {u'State': u'finished'}, u'172': {u'State': u'finished'}, u'171': {u'State': u'finished'}, u'170': {u'State': u'finished'}, u'249': {u'State': u'finished'}, u'145': {u'State': u'finished'}, u'248': {u'State': u'finished'}, u'182': {u'State': u'finished'}, u'183': {u'State': u'finished'}, u'180': {u'State': u'finished'}, u'181': {u'State': u'finished'}, u'186': {u'State': u'finished'}, u'187': {u'State': u'finished'}, u'184': {u'State': u'failed', u'Error': [50664, u'Not retrying job due to wall clock limit (job automatically killed on the worker node)', {}]}, u'6': {u'State': u'finished'}, u'188': {u'State': u'finished'}, u'189': {u'State': u'finished'}, u'196': {u'State': u'finished'}, u'221': {u'State': u'finished'}, u'97': {u'State': u'finished'}, u'185': {u'State': u'finished'}, u'142': {u'State': u'finished'}, u'99': {u'State': u'finished'}, u'98': {u'State': u'finished'}, u'168': {u'State': u'finished'}, u'169': {u'State': u'finished'}, u'229': {u'State': u'finished'}, u'228': {u'State': u'finished'}, u'164': {u'State': u'finished'}, u'165': {u'State': u'finished'}, u'166': {u'State': u'finished'}, u'167': {u'State': u'finished'}, u'160': {u'State': u'finished'}, u'161': {u'State': u'finished'}, u'162': {u'State': u'finished'}, u'163': {u'State': u'finished'}, u'11': {u'State': u'finished'}, u'10': {u'State': u'finished'}, u'13': {u'State': u'finished'}, u'12': {u'State': u'finished'}, u'15': {u'State': u'finished'}, u'14': {u'State': u'finished'}, u'66': {u'State': u'finished'}, u'16': {u'State': u'finished'}, u'19': {u'State': u'finished'}, u'18': {u'State': u'finished'}, u'143': {u'State': u'finished'}, u'117': {u'State': u'finished'}, u'116': {u'State': u'finished'}, u'17': {u'State': u'finished'}, u'151': {u'State': u'finished'}, u'150': {u'State': u'finished'}, u'153': {u'State': u'finished'}, u'152': {u'State': u'finished'}, u'155': {u'State': u'finished'}, u'250': {u'State': u'finished'}, u'157': {u'State': u'finished'}, u'156': {u'State': u'finished'}, u'159': {u'State': u'finished'}, u'158': {u'State': u'finished'}, u'36': {u'State': u'finished'}, u'238': {u'State': u'finished'}, u'239': {u'State': u'finished'}, u'234': {u'State': u'finished'}, u'235': {u'State': u'finished'}, u'236': {u'State': u'finished'}, u'237': {u'State': u'finished'}, u'230': {u'State': u'finished'}, u'231': {u'State': u'finished'}, u'232': {u'State': u'finished'}, u'233': {u'State': u'finished'}, u'224': {u'State': u'finished'}, u'48': {u'State': u'finished'}, u'49': {u'State': u'finished'}, u'46': {u'State': u'finished'}, u'86': {u'State': u'finished'}, u'44': {u'State': u'finished'}, u'45': {u'State': u'finished'}, u'42': {u'State': u'finished'}, u'43': {u'State': u'finished'}, u'40': {u'State': u'finished'}, u'87': {u'State': u'finished'}, u'1': {u'State': u'finished'}, u'5': {u'State': u'finished'}, u'9': {u'State': u'finished'}, u'201': {u'State': u'finished'}, u'200': {u'State': u'finished'}, u'203': {u'State': u'finished'}, u'202': {u'State': u'finished'}, u'205': {u'State': u'finished'}, u'204': {u'State': u'finished'}, u'207': {u'State': u'finished'}, u'206': {u'State': u'finished'}, u'209': {u'State': u'finished'}, u'208': {u'State': u'finished'}, u'148': {u'State': u'finished'}, u'149': {u'State': u'finished'}, u'77': {u'State': u'finished'}, u'76': {u'State': u'finished'}, u'75': {u'State': u'finished'}, u'74': {u'State': u'finished'}, u'73': {u'State': u'finished'}, u'72': {u'State': u'finished'}, u'71': {u'State': u'finished'}, u'70': {u'State': u'finished'}, u'154': {u'State': u'finished'}, u'96': {u'State': u'finished'}, u'79': {u'State': u'finished'}, u'78': {u'State': u'finished'}, u'2': {u'State': u'finished'}, u'144': {u'State': u'finished'}, u'41': {u'State': u'finished'}, u'47': {u'State': u'finished'}}, u'publication': {u'publishing': 0, u'publication_failed': 0, u'not_published': 0, u'published': 250}, u'taskWarningMsg': [], u'schedd': u'crab3@vocms0195.cern.ch', u'publicationFailures': {}, u'outdatasets': [u'/GJets_HT-100To200_TuneCUETP8M1_13TeV-madgraphMLM-pythia8/yofeng-Analysis-20170315-3916c1e008cecbed243ce9af6b0b45c9/USER'], u'statusFailureMsg': u'', u'taskFailureMsg': u'', u'failedJobdefs': 0, u'ASOURL': u'https://cmsweb.cern.ch/couchdb2', u'command': u'SUBMIT', u'totalJobdefs': 0, u'submissionTime': 1489615634, u'jobdefErrors': [], u'collector': u'cmsgwms-collector-global.cern.ch:9620,cmssrv221.fnal.gov:9620', u'jobList': [[u'finished', 216], [u'finished', 217], [u'finished', 214], [u'finished', 215], [u'finished', 212], [u'finished', 213], [u'finished', 210], [u'finished', 211], [u'finished', 165], [u'finished', 218], [u'finished', 133], [u'finished', 132], [u'finished', 131], [u'finished', 130], [u'finished', 137], [u'finished', 136], [u'finished', 135], [u'finished', 134], [u'finished', 139], [u'finished', 138], [u'finished', 166], [u'finished', 24], [u'finished', 25], [u'finished', 26], [u'finished', 27], [u'finished', 20], [u'finished', 21], [u'finished', 22], [u'finished', 23], [u'finished', 160], [u'finished', 28], [u'finished', 29], [u'finished', 161], [u'finished', 4], [u'finished', 8], [u'finished', 163], [u'finished', 119], [u'finished', 120], [u'finished', 121], [u'finished', 122], [u'finished', 123], [u'finished', 124], [u'finished', 125], [u'finished', 126], [u'finished', 127], [u'finished', 128], [u'finished', 129], [u'finished', 219], [u'finished', 167], [u'finished', 118], [u'finished', 59], [u'finished', 58], [u'finished', 55], [u'finished', 54], [u'finished', 57], [u'finished', 56], [u'finished', 51], [u'finished', 50], [u'finished', 53], [u'finished', 52], [u'finished', 164], [u'finished', 201], [u'finished', 199], [u'finished', 179], [u'finished', 200], [u'finished', 195], [u'finished', 194], [u'finished', 197], [u'finished', 178], [u'finished', 191], [u'finished', 190], [u'finished', 193], [u'finished', 192], [u'finished', 115], [u'finished', 114], [u'finished', 88], [u'finished', 89], [u'finished', 111], [u'finished', 110], [u'finished', 113], [u'finished', 112], [u'finished', 82], [u'finished', 83], [u'finished', 80], [u'finished', 81], [u'finished', 86], [u'finished', 87], [u'finished', 84], [u'finished', 85], [u'finished', 251], [u'finished', 198], [u'finished', 206], [u'finished', 226], [u'finished', 3], [u'finished', 177], [u'finished', 7], [u'finished', 247], [u'finished', 225], [u'finished', 245], [u'finished', 244], [u'finished', 108], [u'finished', 109], [u'finished', 241], [u'finished', 240], [u'finished', 243], [u'finished', 242], [u'finished', 102], [u'finished', 103], [u'finished', 100], [u'finished', 101], [u'finished', 106], [u'finished', 107], [u'finished', 104], [u'finished', 105], [u'finished', 39], [u'finished', 38], [u'finished', 33], [u'finished', 32], [u'finished', 31], [u'finished', 30], [u'finished', 37], [u'finished', 36], [u'finished', 35], [u'finished', 34], [u'finished', 246], [u'finished', 252], [u'finished', 205], [u'failed', 223], [u'finished', 176], [u'finished', 60], [u'finished', 61], [u'finished', 62], [u'finished', 63], [u'finished', 64], [u'finished', 65], [u'finished', 66], [u'finished', 67], [u'finished', 68], [u'finished', 69], [u'finished', 175], [u'finished', 174], [u'finished', 173], [u'finished', 172], [u'finished', 171], [u'finished', 170], [u'finished', 203], [u'finished', 222], [u'finished', 181], [u'finished', 248], [u'finished', 182], [u'finished', 183], [u'finished', 180], [u'finished', 2], [u'finished', 162], [u'finished', 187], [u'failed', 184], [u'finished', 6], [u'finished', 220], [u'finished', 186], [u'finished', 188], [u'finished', 189], [u'finished', 202], [u'finished', 196], [u'finished', 221], [u'finished', 185], [u'finished', 99], [u'finished', 98], [u'finished', 168], [u'finished', 169], [u'finished', 229], [u'finished', 228], [u'finished', 91], [u'finished', 90], [u'finished', 93], [u'finished', 92], [u'finished', 95], [u'finished', 94], [u'finished', 97], [u'finished', 96], [u'finished', 11], [u'finished', 10], [u'finished', 13], [u'finished', 12], [u'finished', 15], [u'finished', 14], [u'finished', 17], [u'finished', 16], [u'finished', 19], [u'finished', 18], [u'finished', 117], [u'finished', 250], [u'finished', 116], [u'finished', 204], [u'finished', 151], [u'finished', 150], [u'finished', 153], [u'finished', 152], [u'finished', 155], [u'finished', 154], [u'finished', 157], [u'finished', 156], [u'finished', 159], [u'finished', 158], [u'finished', 234], [u'finished', 238], [u'finished', 239], [u'finished', 207], [u'finished', 235], [u'finished', 236], [u'finished', 237], [u'finished', 230], [u'finished', 231], [u'finished', 232], [u'finished', 233], [u'finished', 224], [u'finished', 48], [u'finished', 49], [u'finished', 46], [u'finished', 47], [u'finished', 44], [u'finished', 45], [u'finished', 42], [u'finished', 43], [u'finished', 40], [u'finished', 41], [u'finished', 1], [u'finished', 5], [u'finished', 9], [u'finished', 146], [u'finished', 147], [u'finished', 144], [u'finished', 145], [u'finished', 142], [u'finished', 143], [u'finished', 140], [u'finished', 141], [u'finished', 209], [u'finished', 208], [u'finished', 148], [u'finished', 149], [u'finished', 77], [u'finished', 76], [u'finished', 75], [u'finished', 74], [u'finished', 73], [u'finished', 72], [u'finished', 71], [u'finished', 70], [u'finished', 79], [u'finished', 78], [u'finished', 249], [u'finished', 227]]}
INFO 2017-03-16 16:14:33,564: 	 CRAB project directory:		/data/users/fengyb/CMSSW_7_6_3/src/EmergingJetAnalysis/crabTasks/crab_Analysis-20170315-2017-0315-v6/crab_Analysis-20170315-GJets_HT-100To200_RunIIFall15DR76-2017-0315-180643
INFO 2017-03-16 16:14:33,564: 	 Task name:			170315_220714:yofeng_crab_Analysis-20170315-GJets_HT-100To200_RunIIFall15DR76-2017-0315-180643
INFO 2017-03-16 16:14:33,564: 	 Grid scheduler:			crab3@vocms0195.cern.ch
INFO 2017-03-16 16:14:33,564: 	 Task status:			FAILED
INFO 2017-03-16 16:14:33,565: 	 Task URL to use for HELP:	https://cmsweb.cern.ch/crabserver/ui/task/170315_220714%3Ayofeng_crab_Analysis-20170315-GJets_HT-100To200_RunIIFall15DR76-2017-0315-180643
INFO 2017-03-16 16:14:33,565: 	 Dashboard monitoring URL:	http://dashb-cms-job.cern.ch/dashboard/templates/task-analysis/#user=yofeng&table=Mains&pattern=170315_220714%3Ayofeng_crab_Analysis-20170315-GJets_HT-100To200_RunIIFall15DR76-2017-0315-180643
INFO 2017-03-16 16:14:33,565: 	 
Jobs status:			failed          0.8% (  2/252)
INFO 2017-03-16 16:14:33,565: 	 				finished       99.2% (250/252)
INFO 2017-03-16 16:14:33,565: 	 
Publication status:		finished       99.2% (250/252)
				unsubmitted     0.8% (  2/252)
INFO 2017-03-16 16:14:33,565: 	 
Output dataset:			/GJets_HT-100To200_TuneCUETP8M1_13TeV-madgraphMLM-pythia8/yofeng-Analysis-20170315-3916c1e008cecbed243ce9af6b0b45c9/USER
Output dataset DAS URL:		https://cmsweb.cern.ch/das/request?input=%2FGJets_HT-100To200_TuneCUETP8M1_13TeV-madgraphMLM-pythia8%2Fyofeng-Analysis-20170315-3916c1e008cecbed243ce9af6b0b45c9%2FUSER&instance=prod%2Fphys03
INFO 2017-03-16 16:14:33,565: 	 
Error Summary: (use crab status --verboseErrors for details about the errors)

  2 jobs failed with exit code 50664

Have a look at https://twiki.cern.ch/twiki/bin/viewauth/CMSPublic/JobExitCodes for a description of the exit codes.
INFO 2017-03-16 16:14:33,578: 	 Log file is /data/users/fengyb/CMSSW_7_6_3/src/EmergingJetAnalysis/crabTasks/crab_Analysis-20170315-2017-0315-v6/crab_Analysis-20170315-GJets_HT-100To200_RunIIFall15DR76-2017-0315-180643/crab.log
DEBUG 2017-03-16 16:14:41,866: 	 Executing command: 'resubmit'
DEBUG 2017-03-16 16:14:41,866: 	 Found CRAB cache file /home/fengyb/.crab3
DEBUG 2017-03-16 16:14:41,873: 	 Checking credentials
DEBUG 2017-03-16 16:14:41,873: 	 Found proxy file /tmp/x509up_u1701
DEBUG 2017-03-16 16:14:41,873: 	 Getting proxy life time left
DEBUG 2017-03-16 16:14:41,976: 	 Executing : 
 command : voms-proxy-info -file /tmp/x509up_u1701 -timeleft
 output : 43143

 error: 
 retcode : 0
DEBUG 2017-03-16 16:14:42,080: 	 Executing : 
 command : voms-proxy-info -file /tmp/x509up_u1701 -actimeleft
 output : 43142

 error: 
 retcode : 0
DEBUG 2017-03-16 16:14:42,080: 	 Proxy valid for 11:59:03 hours
DEBUG 2017-03-16 16:14:42,195: 	 Executing : 
 command : openssl x509 -in ~/.globus/usercert.pem -subject -noout
 output : subject= /DC=ch/DC=cern/OU=Organic Units/OU=Users/CN=yofeng/CN=785825/CN=Yongbin Feng

 error: 
 retcode : 0
DEBUG 2017-03-16 16:14:42,195: 	 Checking credentials
DEBUG 2017-03-16 16:14:42,195: 	 Found proxy file /tmp/x509up_u1701
DEBUG 2017-03-16 16:14:42,196: 	 Getting proxy life time left
DEBUG 2017-03-16 16:14:42,299: 	 Executing : 
 command : voms-proxy-info -file /tmp/x509up_u1701 -timeleft
 output : 43142

 error: 
 retcode : 0
DEBUG 2017-03-16 16:14:42,402: 	 Executing : 
 command : voms-proxy-info -file /tmp/x509up_u1701 -actimeleft
 output : 43142

 error: 
 retcode : 0
DEBUG 2017-03-16 16:14:42,403: 	 Proxy valid for 11:59:02 hours
DEBUG 2017-03-16 16:14:43,504: 	 Registering user credentials for server /DC=ch/DC=cern/OU=computers/CN=vocms(045|052|021|031|0118|0118a|0119|0108|0105).cern.ch
DEBUG 2017-03-16 16:14:43,613: 	 Executing : 
 command : openssl x509 -in ~/.globus/usercert.pem -subject -noout
 output : subject= /DC=ch/DC=cern/OU=Organic Units/OU=Users/CN=yofeng/CN=785825/CN=Yongbin Feng

 error: 
 retcode : 0
DEBUG 2017-03-16 16:14:43,613: 	 Getting myproxy life time left for myproxy.cern.ch
DEBUG 2017-03-16 16:14:43,613: 	 Calculating hash of /DC=ch/DC=cern/OU=Organic Units/OU=Users/CN=yofeng/CN=785825/CN=Yongbin Feng_cmsweb.cern.ch for credential name
DEBUG 2017-03-16 16:14:44,417: 	 Executing : 
 command : myproxy-info -l 46a32ae7e95f6185805e22dd0e47513ea7de8fa0 -s myproxy.cern.ch
 output : username: 46a32ae7e95f6185805e22dd0e47513ea7de8fa0
owner: /DC=ch/DC=cern/OU=Organic Units/OU=Users/CN=yofeng/CN=785825/CN=Yongbin Feng
  renewal policy: /DC=ch/DC=cern/OU=computers/CN=vocms(045|052|021|031|0118|0118a|0119|0108|0105).cern.ch
  trusted retrieval policy: /DC=ch/DC=cern/OU=computers/CN=vocms(045|052|021|031|0118|0118a|0119|0108|0105).cern.ch
  timeleft: 719:59:19  (30.0 days)

 error: 
 retcode : 0
DEBUG 2017-03-16 16:14:44,418: 	 Myproxy is valid: 2591959
DEBUG 2017-03-16 16:14:44,418: 	 Command use: resubmit
DEBUG 2017-03-16 16:14:44,418: 	 Options use: ['-d', 'crab_Analysis-20170315-GJets_HT-100To200_RunIIFall15DR76-2017-0315-180643']
DEBUG 2017-03-16 16:14:45,485: 	 CRABClient version: 3.3.1703
DEBUG 2017-03-16 16:14:45,485: 	 Instance is prod
DEBUG 2017-03-16 16:14:45,485: 	 Server base url is cmsweb.cern.ch
DEBUG 2017-03-16 16:14:45,485: 	 Command url /crabserver/prod/workflow
DEBUG 2017-03-16 16:14:45,485: 	 Requesting resubmission of failed jobs in task 170315_220714:yofeng_crab_Analysis-20170315-GJets_HT-100To200_RunIIFall15DR76-2017-0315-180643
INFO 2017-03-16 16:14:45,485: 	 Sending resubmit request to the server.
DEBUG 2017-03-16 16:14:45,485: 	 Submitting {'publication': 0, 'force': 0, 'subresource': 'resubmit', 'workflow': u'170315_220714:yofeng_crab_Analysis-20170315-GJets_HT-100To200_RunIIFall15DR76-2017-0315-180643'} 
DEBUG 2017-03-16 16:14:45,485: 	 Encoded resubmit request: publication=0&force=0&subresource=resubmit&workflow=170315_220714%3Ayofeng_crab_Analysis-20170315-GJets_HT-100To200_RunIIFall15DR76-2017-0315-180643
DEBUG 2017-03-16 16:14:47,091: 	 Result: {u'result': [{u'result': u'ok'}], u'desc': {u'columns': [u'tm_site_blacklist', u'tm_site_whitelist', u'tm_maxjobruntime', u'tm_maxmemory', u'tm_numcores', u'tm_priority']}}
INFO 2017-03-16 16:14:47,091: 	 Resubmit request sent to the server.
INFO 2017-03-16 16:14:47,091: 	 Please use 'crab status' to check how the resubmission process proceeds.
Notice it may take a couple of minutes for the resubmission to get fully processed.
INFO 2017-03-16 16:14:47,096: 	 Log file is /data/users/fengyb/CMSSW_7_6_3/src/EmergingJetAnalysis/crabTasks/crab_Analysis-20170315-2017-0315-v6/crab_Analysis-20170315-GJets_HT-100To200_RunIIFall15DR76-2017-0315-180643/crab.log
