['skim', 'analyze']
# Conditions read from  CMS_CONDITIONS  via FrontierProd 

####################
Adding Skim step
####################

Adding GJet Skim step.
triggerSelection should be verified for new datasets.
photonID should be modified for each global tag.
 switching PAT Tau input to:  cms.InputTag("hpsPFTauProducer76xReMiniAOD")

####################
Adding Analyze step
####################

CMSSW_VERSION is CMSSW_7_6_3
Using the following global tags [MC, DATA]:
['76X_mcRun2_asymptotic_RunIIFall15DR76_v1', '76X_dataRun2_16Dec2015_v0']
DEBUG 2017-03-01 13:55:41,548: 	 Executing command: 'submit'
DEBUG 2017-03-01 13:55:41,578: 	 Found CRAB cache file /home/fengyb/.crab3
DEBUG 2017-03-01 13:55:41,584: 	 Checking credentials
DEBUG 2017-03-01 13:55:41,585: 	 Found proxy file /tmp/x509up_u1701
DEBUG 2017-03-01 13:55:41,585: 	 Getting proxy life time left
DEBUG 2017-03-01 13:55:41,688: 	 Executing : 
 command : voms-proxy-info -file /tmp/x509up_u1701 -timeleft
 output : 43113

 error: 
 retcode : 0
DEBUG 2017-03-01 13:55:41,791: 	 Executing : 
 command : voms-proxy-info -file /tmp/x509up_u1701 -actimeleft
 output : 43113

 error: 
 retcode : 0
DEBUG 2017-03-01 13:55:41,791: 	 Proxy valid for 11:58:33 hours
DEBUG 2017-03-01 13:55:41,792: 	 Will use CRAB Analysis plugin (i.e. will run an analysis job type).
DEBUG 2017-03-01 13:55:41,903: 	 Executing : 
 command : openssl x509 -in ~/.globus/usercert.pem -subject -noout
 output : subject= /DC=ch/DC=cern/OU=Organic Units/OU=Users/CN=yofeng/CN=785825/CN=Yongbin Feng

 error: 
 retcode : 0
DEBUG 2017-03-01 13:55:41,903: 	 Checking credentials
DEBUG 2017-03-01 13:55:41,903: 	 Found proxy file /tmp/x509up_u1701
DEBUG 2017-03-01 13:55:41,903: 	 Getting proxy life time left
DEBUG 2017-03-01 13:55:42,006: 	 Executing : 
 command : voms-proxy-info -file /tmp/x509up_u1701 -timeleft
 output : 43113

 error: 
 retcode : 0
DEBUG 2017-03-01 13:55:42,110: 	 Executing : 
 command : voms-proxy-info -file /tmp/x509up_u1701 -actimeleft
 output : 43112

 error: 
 retcode : 0
DEBUG 2017-03-01 13:55:42,110: 	 Proxy valid for 11:58:33 hours
DEBUG 2017-03-01 13:55:42,213: 	 Executing : 
 command : env X509_USER_PROXY=/tmp/x509up_u1701 voms-proxy-info -fqan
 output : /cms/Role=NULL/Capability=NULL

 error: 
 retcode : 0
DEBUG 2017-03-01 13:55:43,277: 	 Registering user credentials for server /DC=ch/DC=cern/OU=computers/CN=vocms(045|052|021|031|0118|0118a|0119|0108|0105).cern.ch
DEBUG 2017-03-01 13:55:43,385: 	 Executing : 
 command : openssl x509 -in ~/.globus/usercert.pem -subject -noout
 output : subject= /DC=ch/DC=cern/OU=Organic Units/OU=Users/CN=yofeng/CN=785825/CN=Yongbin Feng

 error: 
 retcode : 0
DEBUG 2017-03-01 13:55:43,385: 	 Getting myproxy life time left for myproxy.cern.ch
DEBUG 2017-03-01 13:55:43,385: 	 Calculating hash of /DC=ch/DC=cern/OU=Organic Units/OU=Users/CN=yofeng/CN=785825/CN=Yongbin Feng_cmsweb.cern.ch for credential name
DEBUG 2017-03-01 13:55:44,289: 	 Executing : 
 command : myproxy-info -l 46a32ae7e95f6185805e22dd0e47513ea7de8fa0 -s myproxy.cern.ch
 output : username: 46a32ae7e95f6185805e22dd0e47513ea7de8fa0
owner: /DC=ch/DC=cern/OU=Organic Units/OU=Users/CN=yofeng/CN=785825/CN=Yongbin Feng
  renewal policy: /DC=ch/DC=cern/OU=computers/CN=vocms(045|052|021|031|0118|0118a|0119|0108|0105).cern.ch
  trusted retrieval policy: /DC=ch/DC=cern/OU=computers/CN=vocms(045|052|021|031|0118|0118a|0119|0108|0105).cern.ch
  timeleft: 719:58:55  (30.0 days)

 error: 
 retcode : 0
DEBUG 2017-03-01 13:55:44,290: 	 Myproxy is valid: 2591935
DEBUG 2017-03-01 13:55:44,290: 	 Command use: submit
DEBUG 2017-03-01 13:55:44,290: 	 Options use: ['--config', <WMCore.Configuration.Configuration object at 0x1e589d0>]
DEBUG 2017-03-01 13:55:45,348: 	 CRABClient version: 3.3.1702
DEBUG 2017-03-01 13:55:45,348: 	 Instance is prod
DEBUG 2017-03-01 13:55:45,348: 	 Server base url is cmsweb.cern.ch
DEBUG 2017-03-01 13:55:45,348: 	 Command url /crabserver/prod/workflow
DEBUG 2017-03-01 13:55:45,348: 	 Started submission
DEBUG 2017-03-01 13:55:45,348: 	 Working on /data/users/fengyb/CMSSW_7_6_3/src/EmergingJetAnalysis/crabTasks/crab_Analysis-20170228-2017-0301-v2/crab_Analysis-20170228-GJets_HT-200To400_RunIISpring15DR74-2017-0301-135541
DEBUG 2017-03-01 13:55:46,640: 	 Loading required information from the environment
DEBUG 2017-03-01 13:55:46,640: 	 Found CMSSW_7_6_3 for slc6_amd64_gcc493 with base /data/users/fengyb/CMSSW_7_6_3
DEBUG 2017-03-01 13:55:46,640: 	 Loading required information from the environment
DEBUG 2017-03-01 13:55:46,640: 	 Found CMSSW_7_6_3 for slc6_amd64_gcc493 with base /data/users/fengyb/CMSSW_7_6_3
DEBUG 2017-03-01 13:55:46,653: 	 UNIQUE NAME: tarUUID 637014fc-0668-406e-82ad-e9f36430ec68 
DEBUG 2017-03-01 13:55:46,653: 	 self.config: from WMCore.Configuration import Configuration
config = Configuration()
config.section_('General')
config.General.workArea = 'crabTasks/crab_Analysis-20170228-2017-0301-v2'
config.General.requestName = 'Analysis-20170228-GJets_HT-200To400_RunIISpring15DR74-2017-0301-135541'
config.section_('JobType')
config.JobType.priority = 30
config.JobType.psetName = 'Configuration/test/test_cfg.py'
config.JobType.pluginName = 'Analysis'
config.JobType.pyCfgParams = ['crab=1', 'data=0', 'sample=gjet']
config.section_('Data')
config.Data.inputDataset = '/GJets_HT-200To400_TuneCUETP8M1_13TeV-madgraphMLM-pythia8/RunIISpring15DR74-Asympt25ns_MCRUN2_74_V9-v2/AODSIM'
config.Data.outputDatasetTag = 'Analysis-20170228'
config.Data.publication = True
config.Data.unitsPerJob = 1
config.Data.ignoreLocality = True
config.Data.splitting = 'FileBased'
config.Data.inputDBS = 'global'
config.Data.outLFNDirBase = '/store/user/yofeng/GJet/ntuple/Analysis-20170228-v2/GJets_HT-200To400_RunIISpring15DR74/'
config.Data.totalUnits = 1000
config.section_('Site')
config.Site.blacklist = ['T2_US_Purdue']
config.Site.storageSite = 'T3_US_UMD'

DEBUG 2017-03-01 13:55:46,653: 	 self.config.JobType.psetName: Configuration/test/test_cfg.py
INFO 2017-03-01 13:55:46,654: 	 Importing CMSSW configuration Configuration/test/test_cfg.py
DEBUG 2017-03-01 13:55:46,654: 	 Additional parameters for the CMSSW configuration are: ['crab=1', 'data=0', 'sample=gjet']
INFO 2017-03-01 13:55:52,164: 	 Finished importing CMSSW configuration Configuration/test/test_cfg.py
DEBUG 2017-03-01 13:55:52,165: 	 Writing CMSSW configuration to /data/users/fengyb/CMSSW_7_6_3/src/EmergingJetAnalysis/crabTasks/crab_Analysis-20170228-2017-0301-v2/crab_Analysis-20170228-GJets_HT-200To400_RunIISpring15DR74-2017-0301-135541/inputs/PSet.py
DEBUG 2017-03-01 13:55:55,088: 	 The following EDM output files will be collected: ['output.root']
DEBUG 2017-03-01 13:55:55,088: 	 The following TFile output files will be collected: ['ntuple.root']
DEBUG 2017-03-01 13:55:55,088: 	 The following user output files will be collected: []
DEBUG 2017-03-01 13:55:55,088: 	 Loading required information from the environment
DEBUG 2017-03-01 13:55:55,088: 	 Found CMSSW_7_6_3 for slc6_amd64_gcc493 with base /data/users/fengyb/CMSSW_7_6_3
DEBUG 2017-03-01 13:55:55,088: 	 Making tarball in /data/users/fengyb/CMSSW_7_6_3/src/EmergingJetAnalysis/crabTasks/crab_Analysis-20170228-2017-0301-v2/crab_Analysis-20170228-GJets_HT-200To400_RunIISpring15DR74-2017-0301-135541/inputs/637014fc-0668-406e-82ad-e9f36430ec68default.tgz
DEBUG 2017-03-01 13:55:55,093: 	 Checking directory /data/users/fengyb/CMSSW_7_6_3/lib
DEBUG 2017-03-01 13:55:55,093: 	 Adding directory /data/users/fengyb/CMSSW_7_6_3/lib to tarball
DEBUG 2017-03-01 13:55:58,557: 	 Checking directory /data/users/fengyb/CMSSW_7_6_3/biglib
DEBUG 2017-03-01 13:55:58,557: 	 Adding directory /data/users/fengyb/CMSSW_7_6_3/biglib to tarball
DEBUG 2017-03-01 13:55:58,559: 	 Checking directory /data/users/fengyb/CMSSW_7_6_3/module
DEBUG 2017-03-01 13:55:58,672: 	 Adding data directory /data/users/fengyb/CMSSW_7_6_3/src/RecoEgamma/EgammaTools/data to tarball
DEBUG 2017-03-01 13:55:58,699: 	 Adding data directory /data/users/fengyb/CMSSW_7_6_3/src/RecoEgamma/EgammaTools/interface to tarball
DEBUG 2017-03-01 13:55:58,723: 	 Adding data directory /data/users/fengyb/CMSSW_7_6_3/src/RecoEgamma/PhotonIdentification/data to tarball
DEBUG 2017-03-01 13:55:58,733: 	 Adding data directory /data/users/fengyb/CMSSW_7_6_3/src/RecoEgamma/PhotonIdentification/interface to tarball
DEBUG 2017-03-01 13:55:58,771: 	 Adding data directory /data/users/fengyb/CMSSW_7_6_3/src/EmergingJetAnalysis/EmergingJetAnalyzer/interface to tarball
DEBUG 2017-03-01 13:55:58,806: 	 Adding data directory /data/users/fengyb/CMSSW_7_6_3/src/EmergingJetAnalysis/EmJetAnalyzer/interface to tarball
DEBUG 2017-03-01 13:55:59,393: 	 Uploading archive /data/users/fengyb/CMSSW_7_6_3/src/EmergingJetAnalysis/crabTasks/crab_Analysis-20170228-2017-0301-v2/crab_Analysis-20170228-GJets_HT-200To400_RunIISpring15DR74-2017-0301-135541/inputs/637014fc-0668-406e-82ad-e9f36430ec68default.tgz to the CRAB cache. Using URI https://cmsweb.cern.ch/crabcache
DEBUG 2017-03-01 13:56:05,630: 	 Loading required information from the environment
DEBUG 2017-03-01 13:56:05,630: 	 Found CMSSW_7_6_3 for slc6_amd64_gcc493 with base /data/users/fengyb/CMSSW_7_6_3
DEBUG 2017-03-01 13:56:05,630: 	 Making tarball in /data/users/fengyb/CMSSW_7_6_3/src/EmergingJetAnalysis/crabTasks/crab_Analysis-20170228-2017-0301-v2/crab_Analysis-20170228-GJets_HT-200To400_RunIISpring15DR74-2017-0301-135541/inputs/debugFiles.tgz
DEBUG 2017-03-01 13:56:05,634: 	 Uploading archive /data/users/fengyb/CMSSW_7_6_3/src/EmergingJetAnalysis/crabTasks/crab_Analysis-20170228-2017-0301-v2/crab_Analysis-20170228-GJets_HT-200To400_RunIISpring15DR74-2017-0301-135541/inputs/debugFiles.tgz to the CRAB cache. Using URI https://cmsweb.cern.ch/crabcache
DEBUG 2017-03-01 13:56:06,932: 	 Result uploading input files: 55e7cca72ea3369c2967f96a59840ef169dbe60c09eb65755df88fdd65be78d9.tar.gz 
WARNING 2017-03-01 13:56:06,932: 	 Warning: The following output files will not be published, as they are not EDM files: ['ntuple.root']
INFO 2017-03-01 13:56:06,932: 	 Sending the request to the server
DEBUG 2017-03-01 13:56:06,932: 	 Submitting {'maxjobruntime': 1250, 'extrajdl': [], 'ignorelocality': 1, 'savelogsflag': 0, 'useparent': 0, 'asyncdest': 'T3_US_UMD', 'algoargs': 1, 'cachefilename': '55e7cca72ea3369c2967f96a59840ef169dbe60c09eb65755df88fdd65be78d9.tar.gz', 'numcores': 1, 'addoutputfiles': [], 'generator': 'pythia', 'maxmemory': 2000, 'publishdbsurl': 'https://cmsweb.cern.ch/dbs/prod/phys03/DBSWriter', 'priority': 30, 'jobsw': 'CMSSW_7_6_3', 'edmoutfiles': ['output.root'], 'userfiles': [], 'primarydataset': '', 'inputdata': '/GJets_HT-200To400_TuneCUETP8M1_13TeV-madgraphMLM-pythia8/RunIISpring15DR74-Asympt25ns_MCRUN2_74_V9-v2/AODSIM', 'lfn': '/store/user/yofeng/GJet/ntuple/Analysis-20170228-v2/GJets_HT-200To400_RunIISpring15DR74/', 'dryrun': 0, 'workflow': 'crab_Analysis-20170228-GJets_HT-200To400_RunIISpring15DR74-2017-0301-135541', 'adduserfiles': [], 'nonprodsw': 0, 'tfileoutfiles': ['ntuple.root'], 'oneEventMode': 0, 'debugfilename': 'f8f311e9f216a09350c564f8cd5d6ae347d7d0f749d6a12452346fe60e1e8924.tar.gz', 'cacheurl': u'https://cmsweb.cern.ch/crabcache', 'saveoutput': 1, 'publication': 1, 'jobarch': 'slc6_amd64_gcc493', 'totalunits': 1000, 'splitalgo': 'FileBased', 'ignoreglobalblacklist': 0, 'nonvaliddata': 0, 'dbsurl': 'https://cmsweb.cern.ch/dbs/prod/global/DBSReader', 'publishgroupname': 0, 'jobtype': 'Analysis', 'siteblacklist': ['T2_US_Purdue'], 'publishname2': 'Analysis-20170228'} 
DEBUG 2017-03-01 13:56:06,933: 	 Encoded submit request: maxjobruntime=1250&ignorelocality=1&savelogsflag=0&useparent=0&asyncdest=T3_US_UMD&algoargs=1&cachefilename=55e7cca72ea3369c2967f96a59840ef169dbe60c09eb65755df88fdd65be78d9.tar.gz&numcores=1&generator=pythia&maxmemory=2000&publishdbsurl=https%3A%2F%2Fcmsweb.cern.ch%2Fdbs%2Fprod%2Fphys03%2FDBSWriter&priority=30&jobsw=CMSSW_7_6_3&primarydataset=&inputdata=%2FGJets_HT-200To400_TuneCUETP8M1_13TeV-madgraphMLM-pythia8%2FRunIISpring15DR74-Asympt25ns_MCRUN2_74_V9-v2%2FAODSIM&lfn=%2Fstore%2Fuser%2Fyofeng%2FGJet%2Fntuple%2FAnalysis-20170228-v2%2FGJets_HT-200To400_RunIISpring15DR74%2F&dryrun=0&workflow=crab_Analysis-20170228-GJets_HT-200To400_RunIISpring15DR74-2017-0301-135541&nonprodsw=0&oneEventMode=0&debugfilename=f8f311e9f216a09350c564f8cd5d6ae347d7d0f749d6a12452346fe60e1e8924.tar.gz&cacheurl=https%3A%2F%2Fcmsweb.cern.ch%2Fcrabcache&saveoutput=1&publication=1&jobarch=slc6_amd64_gcc493&totalunits=1000&splitalgo=FileBased&ignoreglobalblacklist=0&nonvaliddata=0&dbsurl=https%3A%2F%2Fcmsweb.cern.ch%2Fdbs%2Fprod%2Fglobal%2FDBSReader&publishgroupname=0&jobtype=Analysis&publishname2=Analysis-20170228&siteblacklist=T2_US_Purdue&tfileoutfiles=ntuple.root&edmoutfiles=output.root
DEBUG 2017-03-01 13:56:08,388: 	 Result: {u'result': [{u'RequestName': u'170301_185608:yofeng_crab_Analysis-20170228-GJets_HT-200To400_RunIISpring15DR74-2017-0301-135541'}]}
INFO 2017-03-01 13:56:08,390: 	 Success: Your task has been delivered to the CRAB3 server.
INFO 2017-03-01 13:56:08,390: 	 Task name: 170301_185608:yofeng_crab_Analysis-20170228-GJets_HT-200To400_RunIISpring15DR74-2017-0301-135541
INFO 2017-03-01 13:56:08,390: 	 Please use 'crab status' to check how the submission process proceeds.
DEBUG 2017-03-01 13:56:08,391: 	 About to return
DEBUG 2017-03-01 14:02:54,027: 	 Executing command: 'status'
DEBUG 2017-03-01 14:02:54,028: 	 Found CRAB cache file /home/fengyb/.crab3
DEBUG 2017-03-01 14:02:54,035: 	 Checking credentials
DEBUG 2017-03-01 14:02:54,035: 	 Found proxy file /tmp/x509up_u1701
DEBUG 2017-03-01 14:02:54,035: 	 Getting proxy life time left
DEBUG 2017-03-01 14:02:54,139: 	 Executing : 
 command : voms-proxy-info -file /tmp/x509up_u1701 -timeleft
 output : 42680

 error: 
 retcode : 0
DEBUG 2017-03-01 14:02:54,242: 	 Executing : 
 command : voms-proxy-info -file /tmp/x509up_u1701 -actimeleft
 output : 42680

 error: 
 retcode : 0
DEBUG 2017-03-01 14:02:54,242: 	 Proxy valid for 11:51:20 hours
DEBUG 2017-03-01 14:02:54,353: 	 Executing : 
 command : openssl x509 -in ~/.globus/usercert.pem -subject -noout
 output : subject= /DC=ch/DC=cern/OU=Organic Units/OU=Users/CN=yofeng/CN=785825/CN=Yongbin Feng

 error: 
 retcode : 0
DEBUG 2017-03-01 14:02:54,353: 	 Checking credentials
DEBUG 2017-03-01 14:02:54,353: 	 Found proxy file /tmp/x509up_u1701
DEBUG 2017-03-01 14:02:54,354: 	 Getting proxy life time left
DEBUG 2017-03-01 14:02:54,457: 	 Executing : 
 command : voms-proxy-info -file /tmp/x509up_u1701 -timeleft
 output : 42680

 error: 
 retcode : 0
DEBUG 2017-03-01 14:02:54,560: 	 Executing : 
 command : voms-proxy-info -file /tmp/x509up_u1701 -actimeleft
 output : 42680

 error: 
 retcode : 0
DEBUG 2017-03-01 14:02:54,561: 	 Proxy valid for 11:51:20 hours
DEBUG 2017-03-01 14:02:55,741: 	 Registering user credentials for server /DC=ch/DC=cern/OU=computers/CN=vocms(045|052|021|031|0118|0118a|0119|0108|0105).cern.ch
DEBUG 2017-03-01 14:02:55,849: 	 Executing : 
 command : openssl x509 -in ~/.globus/usercert.pem -subject -noout
 output : subject= /DC=ch/DC=cern/OU=Organic Units/OU=Users/CN=yofeng/CN=785825/CN=Yongbin Feng

 error: 
 retcode : 0
DEBUG 2017-03-01 14:02:55,849: 	 Getting myproxy life time left for myproxy.cern.ch
DEBUG 2017-03-01 14:02:55,849: 	 Calculating hash of /DC=ch/DC=cern/OU=Organic Units/OU=Users/CN=yofeng/CN=785825/CN=Yongbin Feng_cmsweb.cern.ch for credential name
DEBUG 2017-03-01 14:02:56,953: 	 Executing : 
 command : myproxy-info -l 46a32ae7e95f6185805e22dd0e47513ea7de8fa0 -s myproxy.cern.ch
 output : username: 46a32ae7e95f6185805e22dd0e47513ea7de8fa0
owner: /DC=ch/DC=cern/OU=Organic Units/OU=Users/CN=yofeng/CN=785825/CN=Yongbin Feng
  renewal policy: /DC=ch/DC=cern/OU=computers/CN=vocms(045|052|021|031|0118|0118a|0119|0108|0105).cern.ch
  trusted retrieval policy: /DC=ch/DC=cern/OU=computers/CN=vocms(045|052|021|031|0118|0118a|0119|0108|0105).cern.ch
  timeleft: 719:51:43  (30.0 days)

 error: 
 retcode : 0
DEBUG 2017-03-01 14:02:56,954: 	 Myproxy is valid: 2591503
DEBUG 2017-03-01 14:02:56,955: 	 Command use: status
DEBUG 2017-03-01 14:02:56,955: 	 Options use: ['-d', 'crab_Analysis-20170228-GJets_HT-200To400_RunIISpring15DR74-2017-0301-135541']
DEBUG 2017-03-01 14:02:58,045: 	 CRABClient version: 3.3.1702
DEBUG 2017-03-01 14:02:58,045: 	 Instance is prod
DEBUG 2017-03-01 14:02:58,045: 	 Server base url is cmsweb.cern.ch
DEBUG 2017-03-01 14:02:58,045: 	 Command url /crabserver/prod/workflow
DEBUG 2017-03-01 14:02:58,045: 	 Looking up detailed status of task 170301_185608:yofeng_crab_Analysis-20170228-GJets_HT-200To400_RunIISpring15DR74-2017-0301-135541
DEBUG 2017-03-01 14:03:01,046: 	 {u'status': u'SUBMITTED', u'username': u'yofeng', u'jobsPerStatus': {u'running': 925}, u'jobs': {u'344': {u'State': u'running'}, u'345': {u'State': u'running'}, u'346': {u'State': u'running'}, u'347': {u'State': u'running'}, u'340': {u'State': u'running'}, u'341': {u'State': u'running'}, u'342': {u'State': u'running'}, u'343': {u'State': u'running'}, u'810': {u'State': u'running'}, u'811': {u'State': u'running'}, u'812': {u'State': u'running'}, u'813': {u'State': u'running'}, u'348': {u'State': u'running'}, u'349': {u'State': u'running'}, u'816': {u'State': u'running'}, u'817': {u'State': u'running'}, u'737': {u'State': u'running'}, u'719': {u'State': u'running'}, u'718': {u'State': u'running'}, u'717': {u'State': u'running'}, u'716': {u'State': u'running'}, u'715': {u'State': u'running'}, u'714': {u'State': u'running'}, u'713': {u'State': u'running'}, u'712': {u'State': u'running'}, u'711': {u'State': u'running'}, u'710': {u'State': u'running'}, u'421': {u'State': u'running'}, u'129': {u'State': u'running'}, u'420': {u'State': u'running'}, u'423': {u'State': u'running'}, u'422': {u'State': u'running'}, u'425': {u'State': u'running'}, u'619': {u'State': u'running'}, u'424': {u'State': u'running'}, u'427': {u'State': u'running'}, u'298': {u'State': u'running'}, u'299': {u'State': u'running'}, u'296': {u'State': u'running'}, u'297': {u'State': u'running'}, u'294': {u'State': u'running'}, u'295': {u'State': u'running'}, u'292': {u'State': u'running'}, u'293': {u'State': u'running'}, u'290': {u'State': u'running'}, u'291': {u'State': u'running'}, u'591': {u'State': u'running'}, u'590': {u'State': u'running'}, u'593': {u'State': u'running'}, u'592': {u'State': u'running'}, u'595': {u'State': u'running'}, u'594': {u'State': u'running'}, u'597': {u'State': u'running'}, u'596': {u'State': u'running'}, u'195': {u'State': u'running'}, u'194': {u'State': u'running'}, u'197': {u'State': u'running'}, u'196': {u'State': u'running'}, u'191': {u'State': u'running'}, u'190': {u'State': u'running'}, u'193': {u'State': u'running'}, u'192': {u'State': u'running'}, u'270': {u'State': u'running'}, u'271': {u'State': u'running'}, u'272': {u'State': u'running'}, u'273': {u'State': u'running'}, u'274': {u'State': u'running'}, u'275': {u'State': u'running'}, u'276': {u'State': u'running'}, u'277': {u'State': u'running'}, u'278': {u'State': u'running'}, u'279': {u'State': u'running'}, u'569': {u'State': u'running'}, u'497': {u'State': u'running'}, u'524': {u'State': u'running'}, u'525': {u'State': u'running'}, u'526': {u'State': u'running'}, u'527': {u'State': u'running'}, u'520': {u'State': u'running'}, u'521': {u'State': u'running'}, u'522': {u'State': u'running'}, u'523': {u'State': u'running'}, u'528': {u'State': u'running'}, u'529': {u'State': u'running'}, u'449': {u'State': u'running'}, u'448': {u'State': u'running'}, u'443': {u'State': u'running'}, u'442': {u'State': u'running'}, u'441': {u'State': u'running'}, u'440': {u'State': u'running'}, u'447': {u'State': u'running'}, u'446': {u'State': u'running'}, u'445': {u'State': u'running'}, u'444': {u'State': u'running'}, u'108': {u'State': u'running'}, u'109': {u'State': u'running'}, u'102': {u'State': u'running'}, u'103': {u'State': u'running'}, u'100': {u'State': u'running'}, u'101': {u'State': u'running'}, u'106': {u'State': u'running'}, u'107': {u'State': u'running'}, u'104': {u'State': u'running'}, u'105': {u'State': u'running'}, u'902': {u'State': u'running'}, u'903': {u'State': u'running'}, u'39': {u'State': u'running'}, u'38': {u'State': u'running'}, u'906': {u'State': u'running'}, u'907': {u'State': u'running'}, u'904': {u'State': u'running'}, u'905': {u'State': u'running'}, u'33': {u'State': u'running'}, u'32': {u'State': u'running'}, u'31': {u'State': u'running'}, u'30': {u'State': u'running'}, u'37': {u'State': u'running'}, u'36': {u'State': u'running'}, u'35': {u'State': u'running'}, u'34': {u'State': u'running'}, u'641': {u'State': u'running'}, u'640': {u'State': u'running'}, u'643': {u'State': u'running'}, u'642': {u'State': u'running'}, u'645': {u'State': u'running'}, u'644': {u'State': u'running'}, u'438': {u'State': u'running'}, u'439': {u'State': u'running'}, u'436': {u'State': u'running'}, u'437': {u'State': u'running'}, u'434': {u'State': u'running'}, u'435': {u'State': u'running'}, u'432': {u'State': u'running'}, u'433': {u'State': u'running'}, u'430': {u'State': u'running'}, u'431': {u'State': u'running'}, u'826': {u'State': u'running'}, u'339': {u'State': u'running'}, u'338': {u'State': u'running'}, u'335': {u'State': u'running'}, u'334': {u'State': u'running'}, u'337': {u'State': u'running'}, u'336': {u'State': u'running'}, u'331': {u'State': u'running'}, u'330': {u'State': u'running'}, u'333': {u'State': u'running'}, u'332': {u'State': u'running'}, u'559': {u'State': u'running'}, u'745': {u'State': u'running'}, u'854': {u'State': u'running'}, u'818': {u'State': u'running'}, u'856': {u'State': u'running'}, u'857': {u'State': u'running'}, u'850': {u'State': u'running'}, u'851': {u'State': u'running'}, u'852': {u'State': u'running'}, u'819': {u'State': u'running'}, u'858': {u'State': u'running'}, u'859': {u'State': u'running'}, u'748': {u'State': u'running'}, u'6': {u'State': u'running'}, u'99': {u'State': u'running'}, u'98': {u'State': u'running'}, u'91': {u'State': u'running'}, u'90': {u'State': u'running'}, u'93': {u'State': u'running'}, u'92': {u'State': u'running'}, u'95': {u'State': u'running'}, u'94': {u'State': u'running'}, u'97': {u'State': u'running'}, u'96': {u'State': u'running'}, u'814': {u'State': u'running'}, u'815': {u'State': u'running'}, u'153': {u'State': u'running'}, u'740': {u'State': u'running'}, u'741': {u'State': u'running'}, u'742': {u'State': u'running'}, u'743': {u'State': u'running'}, u'744': {u'State': u'running'}, u'558': {u'State': u'running'}, u'746': {u'State': u'running'}, u'747': {u'State': u'running'}, u'555': {u'State': u'running'}, u'554': {u'State': u'running'}, u'557': {u'State': u'running'}, u'556': {u'State': u'running'}, u'551': {u'State': u'running'}, u'550': {u'State': u'running'}, u'553': {u'State': u'running'}, u'552': {u'State': u'running'}, u'238': {u'State': u'running'}, u'239': {u'State': u'running'}, u'234': {u'State': u'running'}, u'235': {u'State': u'running'}, u'236': {u'State': u'running'}, u'237': {u'State': u'running'}, u'230': {u'State': u'running'}, u'231': {u'State': u'running'}, u'232': {u'State': u'running'}, u'233': {u'State': u'running'}, u'1': {u'State': u'running'}, u'614': {u'State': u'running'}, u'155': {u'State': u'running'}, u'146': {u'State': u'running'}, u'147': {u'State': u'running'}, u'618': {u'State': u'running'}, u'145': {u'State': u'running'}, u'142': {u'State': u'running'}, u'143': {u'State': u'running'}, u'140': {u'State': u'running'}, u'141': {u'State': u'running'}, u'612': {u'State': u'running'}, u'613': {u'State': u'running'}, u'610': {u'State': u'running'}, u'611': {u'State': u'running'}, u'616': {u'State': u'running'}, u'617': {u'State': u'running'}, u'148': {u'State': u'running'}, u'149': {u'State': u'running'}, u'154': {u'State': u'running'}, u'689': {u'State': u'running'}, u'688': {u'State': u'running'}, u'685': {u'State': u'running'}, u'684': {u'State': u'running'}, u'687': {u'State': u'running'}, u'686': {u'State': u'running'}, u'681': {u'State': u'running'}, u'680': {u'State': u'running'}, u'683': {u'State': u'running'}, u'682': {u'State': u'running'}, u'458': {u'State': u'running'}, u'459': {u'State': u'running'}, u'133': {u'State': u'running'}, u'132': {u'State': u'running'}, u'131': {u'State': u'running'}, u'130': {u'State': u'running'}, u'137': {u'State': u'running'}, u'136': {u'State': u'running'}, u'135': {u'State': u'running'}, u'134': {u'State': u'running'}, u'494': {u'State': u'running'}, u'495': {u'State': u'running'}, u'139': {u'State': u'running'}, u'138': {u'State': u'running'}, u'490': {u'State': u'running'}, u'491': {u'State': u'running'}, u'492': {u'State': u'running'}, u'493': {u'State': u'running'}, u'24': {u'State': u'running'}, u'25': {u'State': u'running'}, u'26': {u'State': u'running'}, u'27': {u'State': u'running'}, u'20': {u'State': u'running'}, u'21': {u'State': u'running'}, u'22': {u'State': u'running'}, u'23': {u'State': u'running'}, u'28': {u'State': u'running'}, u'29': {u'State': u'running'}, u'820': {u'State': u'running'}, u'407': {u'State': u'running'}, u'406': {u'State': u'running'}, u'405': {u'State': u'running'}, u'404': {u'State': u'running'}, u'403': {u'State': u'running'}, u'402': {u'State': u'running'}, u'401': {u'State': u'running'}, u'400': {u'State': u'running'}, u'452': {u'State': u'running'}, u'409': {u'State': u'running'}, u'408': {u'State': u'running'}, u'453': {u'State': u'running'}, u'183': {u'State': u'running'}, u'379': {u'State': u'running'}, u'378': {u'State': u'running'}, u'228': {u'State': u'running'}, u'829': {u'State': u'running'}, u'828': {u'State': u'running'}, u'371': {u'State': u'running'}, u'370': {u'State': u'running'}, u'373': {u'State': u'running'}, u'372': {u'State': u'running'}, u'375': {u'State': u'running'}, u'374': {u'State': u'running'}, u'377': {u'State': u'running'}, u'376': {u'State': u'running'}, u'708': {u'State': u'running'}, u'709': {u'State': u'running'}, u'704': {u'State': u'running'}, u'705': {u'State': u'running'}, u'706': {u'State': u'running'}, u'707': {u'State': u'running'}, u'700': {u'State': u'running'}, u'144': {u'State': u'running'}, u'702': {u'State': u'running'}, u'703': {u'State': u'running'}, u'393': {u'State': u'running'}, u'392': {u'State': u'running'}, u'88': {u'State': u'running'}, u'89': {u'State': u'running'}, u'397': {u'State': u'running'}, u'396': {u'State': u'running'}, u'395': {u'State': u'running'}, u'394': {u'State': u'running'}, u'82': {u'State': u'running'}, u'83': {u'State': u'running'}, u'80': {u'State': u'running'}, u'81': {u'State': u'running'}, u'86': {u'State': u'running'}, u'87': {u'State': u'running'}, u'84': {u'State': u'running'}, u'85': {u'State': u'running'}, u'797': {u'State': u'running'}, u'796': {u'State': u'running'}, u'795': {u'State': u'running'}, u'794': {u'State': u'running'}, u'793': {u'State': u'running'}, u'792': {u'State': u'running'}, u'791': {u'State': u'running'}, u'790': {u'State': u'running'}, u'799': {u'State': u'running'}, u'798': {u'State': u'running'}, u'7': {u'State': u'running'}, u'170': {u'State': u'running'}, u'586': {u'State': u'running'}, u'587': {u'State': u'running'}, u'584': {u'State': u'running'}, u'585': {u'State': u'running'}, u'582': {u'State': u'running'}, u'583': {u'State': u'running'}, u'580': {u'State': u'running'}, u'581': {u'State': u'running'}, u'588': {u'State': u'running'}, u'589': {u'State': u'running'}, u'245': {u'State': u'running'}, u'244': {u'State': u'running'}, u'247': {u'State': u'running'}, u'246': {u'State': u'running'}, u'241': {u'State': u'running'}, u'240': {u'State': u'running'}, u'243': {u'State': u'running'}, u'242': {u'State': u'running'}, u'615': {u'State': u'running'}, u'249': {u'State': u'running'}, u'248': {u'State': u'running'}, u'418': {u'State': u'running'}, u'419': {u'State': u'running'}, u'519': {u'State': u'running'}, u'518': {u'State': u'running'}, u'511': {u'State': u'running'}, u'510': {u'State': u'running'}, u'513': {u'State': u'running'}, u'512': {u'State': u'running'}, u'515': {u'State': u'running'}, u'514': {u'State': u'running'}, u'517': {u'State': u'running'}, u'516': {u'State': u'running'}, u'623': {u'State': u'running'}, u'622': {u'State': u'running'}, u'621': {u'State': u'running'}, u'620': {u'State': u'running'}, u'627': {u'State': u'running'}, u'626': {u'State': u'running'}, u'625': {u'State': u'running'}, u'624': {u'State': u'running'}, u'450': {u'State': u'running'}, u'451': {u'State': u'running'}, u'629': {u'State': u'running'}, u'628': {u'State': u'running'}, u'454': {u'State': u'running'}, u'455': {u'State': u'running'}, u'456': {u'State': u'running'}, u'457': {u'State': u'running'}, u'179': {u'State': u'running'}, u'178': {u'State': u'running'}, u'177': {u'State': u'running'}, u'199': {u'State': u'running'}, u'175': {u'State': u'running'}, u'174': {u'State': u'running'}, u'173': {u'State': u'running'}, u'172': {u'State': u'running'}, u'171': {u'State': u'running'}, u'198': {u'State': u'running'}, u'182': {u'State': u'running'}, u'657': {u'State': u'running'}, u'180': {u'State': u'running'}, u'656': {u'State': u'running'}, u'599': {u'State': u'running'}, u'654': {u'State': u'running'}, u'181': {u'State': u'running'}, u'186': {u'State': u'running'}, u'187': {u'State': u'running'}, u'184': {u'State': u'running'}, u'185': {u'State': u'running'}, u'652': {u'State': u'running'}, u'188': {u'State': u'running'}, u'189': {u'State': u'running'}, u'658': {u'State': u'running'}, u'653': {u'State': u'running'}, u'650': {u'State': u'running'}, u'651': {u'State': u'running'}, u'11': {u'State': u'running'}, u'10': {u'State': u'running'}, u'13': {u'State': u'running'}, u'12': {u'State': u'running'}, u'15': {u'State': u'running'}, u'14': {u'State': u'running'}, u'17': {u'State': u'running'}, u'16': {u'State': u'running'}, u'19': {u'State': u'running'}, u'18': {u'State': u'running'}, u'863': {u'State': u'running'}, u'862': {u'State': u'running'}, u'865': {u'State': u'running'}, u'864': {u'State': u'running'}, u'867': {u'State': u'running'}, u'866': {u'State': u'running'}, u'354': {u'State': u'running'}, u'659': {u'State': u'running'}, u'883': {u'State': u'running'}, u'882': {u'State': u'running'}, u'881': {u'State': u'running'}, u'880': {u'State': u'running'}, u'887': {u'State': u'running'}, u'886': {u'State': u'running'}, u'885': {u'State': u'running'}, u'884': {u'State': u'running'}, u'889': {u'State': u'running'}, u'888': {u'State': u'running'}, u'116': {u'State': u'running'}, u'355': {u'State': u'running'}, u'322': {u'State': u'running'}, u'323': {u'State': u'running'}, u'320': {u'State': u'running'}, u'321': {u'State': u'running'}, u'326': {u'State': u'running'}, u'327': {u'State': u'running'}, u'324': {u'State': u'running'}, u'325': {u'State': u'running'}, u'328': {u'State': u'running'}, u'329': {u'State': u'running'}, u'562': {u'State': u'running'}, u'201': {u'State': u'running'}, u'200': {u'State': u'running'}, u'203': {u'State': u'running'}, u'202': {u'State': u'running'}, u'205': {u'State': u'running'}, u'204': {u'State': u'running'}, u'207': {u'State': u'running'}, u'206': {u'State': u'running'}, u'209': {u'State': u'running'}, u'208': {u'State': u'running'}, u'779': {u'State': u'running'}, u'778': {u'State': u'running'}, u'77': {u'State': u'running'}, u'76': {u'State': u'running'}, u'75': {u'State': u'running'}, u'74': {u'State': u'running'}, u'73': {u'State': u'running'}, u'72': {u'State': u'running'}, u'71': {u'State': u'running'}, u'70': {u'State': u'running'}, u'655': {u'State': u'running'}, u'567': {u'State': u'running'}, u'79': {u'State': u'running'}, u'78': {u'State': u'running'}, u'359': {u'State': u'running'}, u'358': {u'State': u'running'}, u'669': {u'State': u'running'}, u'668': {u'State': u'running'}, u'667': {u'State': u'running'}, u'666': {u'State': u'running'}, u'665': {u'State': u'running'}, u'664': {u'State': u'running'}, u'663': {u'State': u'running'}, u'662': {u'State': u'running'}, u'661': {u'State': u'running'}, u'660': {u'State': u'running'}, u'215': {u'State': u'running'}, u'692': {u'State': u'running'}, u'693': {u'State': u'running'}, u'690': {u'State': u'running'}, u'691': {u'State': u'running'}, u'696': {u'State': u'running'}, u'697': {u'State': u'running'}, u'694': {u'State': u'running'}, u'695': {u'State': u'running'}, u'698': {u'State': u'running'}, u'699': {u'State': u'running'}, u'542': {u'State': u'running'}, u'543': {u'State': u'running'}, u'540': {u'State': u'running'}, u'541': {u'State': u'running'}, u'546': {u'State': u'running'}, u'547': {u'State': u'running'}, u'544': {u'State': u'running'}, u'545': {u'State': u'running'}, u'8': {u'State': u'running'}, u'548': {u'State': u'running'}, u'549': {u'State': u'running'}, u'598': {u'State': u'running'}, u'869': {u'State': u'running'}, u'868': {u'State': u'running'}, u'120': {u'State': u'running'}, u'121': {u'State': u'running'}, u'122': {u'State': u'running'}, u'123': {u'State': u'running'}, u'124': {u'State': u'running'}, u'125': {u'State': u'running'}, u'126': {u'State': u'running'}, u'127': {u'State': u'running'}, u'128': {u'State': u'running'}, u'2': {u'State': u'running'}, u'219': {u'State': u'running'}, u'176': {u'State': u'running'}, u'214': {u'State': u'running'}, u'563': {u'State': u'running'}, u'414': {u'State': u'running'}, u'415': {u'State': u'running'}, u'416': {u'State': u'running'}, u'417': {u'State': u'running'}, u'410': {u'State': u'running'}, u'411': {u'State': u'running'}, u'412': {u'State': u'running'}, u'413': {u'State': u'running'}, u'920': {u'State': u'running'}, u'498': {u'State': u'running'}, u'922': {u'State': u'running'}, u'923': {u'State': u'running'}, u'924': {u'State': u'running'}, u'925': {u'State': u'running'}, u'499': {u'State': u'running'}, u'319': {u'State': u'running'}, u'318': {u'State': u'running'}, u'313': {u'State': u'running'}, u'312': {u'State': u'running'}, u'311': {u'State': u'running'}, u'310': {u'State': u'running'}, u'317': {u'State': u'running'}, u'316': {u'State': u'running'}, u'315': {u'State': u'running'}, u'314': {u'State': u'running'}, u'921': {u'State': u'running'}, u'496': {u'State': u'running'}, u'832': {u'State': u'running'}, u'833': {u'State': u'running'}, u'830': {u'State': u'running'}, u'831': {u'State': u'running'}, u'836': {u'State': u'running'}, u'837': {u'State': u'running'}, u'834': {u'State': u'running'}, u'835': {u'State': u'running'}, u'838': {u'State': u'running'}, u'839': {u'State': u'running'}, u'3': {u'State': u'running'}, u'368': {u'State': u'running'}, u'369': {u'State': u'running'}, u'366': {u'State': u'running'}, u'367': {u'State': u'running'}, u'364': {u'State': u'running'}, u'365': {u'State': u'running'}, u'362': {u'State': u'running'}, u'363': {u'State': u'running'}, u'360': {u'State': u'running'}, u'361': {u'State': u'running'}, u'218': {u'State': u'running'}, u'380': {u'State': u'running'}, u'861': {u'State': u'running'}, u'382': {u'State': u'running'}, u'383': {u'State': u'running'}, u'384': {u'State': u'running'}, u'385': {u'State': u'running'}, u'386': {u'State': u'running'}, u'387': {u'State': u'running'}, u'388': {u'State': u'running'}, u'389': {u'State': u'running'}, u'784': {u'State': u'running'}, u'785': {u'State': u'running'}, u'786': {u'State': u'running'}, u'787': {u'State': u'running'}, u'780': {u'State': u'running'}, u'781': {u'State': u'running'}, u'782': {u'State': u'running'}, u'381': {u'State': u'running'}, u'788': {u'State': u'running'}, u'789': {u'State': u'running'}, u'860': {u'State': u'running'}, u'151': {u'State': u'running'}, u'579': {u'State': u'running'}, u'578': {u'State': u'running'}, u'150': {u'State': u'running'}, u'573': {u'State': u'running'}, u'572': {u'State': u'running'}, u'571': {u'State': u'running'}, u'570': {u'State': u'running'}, u'577': {u'State': u'running'}, u'576': {u'State': u'running'}, u'575': {u'State': u'running'}, u'574': {u'State': u'running'}, u'60': {u'State': u'running'}, u'61': {u'State': u'running'}, u'62': {u'State': u'running'}, u'259': {u'State': u'running'}, u'64': {u'State': u'running'}, u'65': {u'State': u'running'}, u'66': {u'State': u'running'}, u'67': {u'State': u'running'}, u'68': {u'State': u'running'}, u'253': {u'State': u'running'}, u'250': {u'State': u'running'}, u'251': {u'State': u'running'}, u'256': {u'State': u'running'}, u'257': {u'State': u'running'}, u'254': {u'State': u'running'}, u'255': {u'State': u'running'}, u'157': {u'State': u'running'}, u'156': {u'State': u'running'}, u'731': {u'State': u'running'}, u'730': {u'State': u'running'}, u'733': {u'State': u'running'}, u'732': {u'State': u'running'}, u'735': {u'State': u'running'}, u'734': {u'State': u'running'}, u'508': {u'State': u'running'}, u'736': {u'State': u'running'}, u'506': {u'State': u'running'}, u'738': {u'State': u'running'}, u'504': {u'State': u'running'}, u'505': {u'State': u'running'}, u'502': {u'State': u'running'}, u'503': {u'State': u'running'}, u'500': {u'State': u'running'}, u'501': {u'State': u'running'}, u'630': {u'State': u'running'}, u'631': {u'State': u'running'}, u'632': {u'State': u'running'}, u'633': {u'State': u'running'}, u'469': {u'State': u'running'}, u'468': {u'State': u'running'}, u'636': {u'State': u'running'}, u'637': {u'State': u'running'}, u'465': {u'State': u'running'}, u'464': {u'State': u'running'}, u'467': {u'State': u'running'}, u'466': {u'State': u'running'}, u'461': {u'State': u'running'}, u'900': {u'State': u'running'}, u'463': {u'State': u'running'}, u'462': {u'State': u'running'}, u'901': {u'State': u'running'}, u'168': {u'State': u'running'}, u'169': {u'State': u'running'}, u'164': {u'State': u'running'}, u'165': {u'State': u'running'}, u'166': {u'State': u'running'}, u'167': {u'State': u'running'}, u'160': {u'State': u'running'}, u'161': {u'State': u'running'}, u'162': {u'State': u'running'}, u'163': {u'State': u'running'}, u'783': {u'State': u'running'}, u'908': {u'State': u'running'}, u'909': {u'State': u'running'}, u'722': {u'State': u'running'}, u'426': {u'State': u'running'}, u'878': {u'State': u'running'}, u'879': {u'State': u'running'}, u'876': {u'State': u'running'}, u'877': {u'State': u'running'}, u'874': {u'State': u'running'}, u'875': {u'State': u'running'}, u'872': {u'State': u'running'}, u'873': {u'State': u'running'}, u'870': {u'State': u'running'}, u'871': {u'State': u'running'}, u'9': {u'State': u'running'}, u'890': {u'State': u'running'}, u'891': {u'State': u'running'}, u'892': {u'State': u'running'}, u'893': {u'State': u'running'}, u'894': {u'State': u'running'}, u'647': {u'State': u'running'}, u'896': {u'State': u'running'}, u'897': {u'State': u'running'}, u'898': {u'State': u'running'}, u'899': {u'State': u'running'}, u'646': {u'State': u'running'}, u'649': {u'State': u'running'}, u'648': {u'State': u'running'}, u'357': {u'State': u'running'}, u'356': {u'State': u'running'}, u'809': {u'State': u'running'}, u'808': {u'State': u'running'}, u'353': {u'State': u'running'}, u'352': {u'State': u'running'}, u'351': {u'State': u'running'}, u'350': {u'State': u'running'}, u'803': {u'State': u'running'}, u'802': {u'State': u'running'}, u'801': {u'State': u'running'}, u'800': {u'State': u'running'}, u'807': {u'State': u'running'}, u'806': {u'State': u'running'}, u'805': {u'State': u'running'}, u'804': {u'State': u'running'}, u'216': {u'State': u'running'}, u'217': {u'State': u'running'}, u'768': {u'State': u'running'}, u'769': {u'State': u'running'}, u'212': {u'State': u'running'}, u'213': {u'State': u'running'}, u'210': {u'State': u'running'}, u'211': {u'State': u'running'}, u'762': {u'State': u'running'}, u'763': {u'State': u'running'}, u'760': {u'State': u'running'}, u'761': {u'State': u'running'}, u'766': {u'State': u'running'}, u'767': {u'State': u'running'}, u'764': {u'State': u'running'}, u'765': {u'State': u'running'}, u'289': {u'State': u'running'}, u'288': {u'State': u'running'}, u'4': {u'State': u'running'}, u'281': {u'State': u'running'}, u'280': {u'State': u'running'}, u'283': {u'State': u'running'}, u'282': {u'State': u'running'}, u'285': {u'State': u'running'}, u'284': {u'State': u'running'}, u'287': {u'State': u'running'}, u'286': {u'State': u'running'}, u'678': {u'State': u'running'}, u'679': {u'State': u'running'}, u'674': {u'State': u'running'}, u'675': {u'State': u'running'}, u'676': {u'State': u'running'}, u'677': {u'State': u'running'}, u'670': {u'State': u'running'}, u'671': {u'State': u'running'}, u'672': {u'State': u'running'}, u'673': {u'State': u'running'}, u'263': {u'State': u'running'}, u'262': {u'State': u'running'}, u'261': {u'State': u'running'}, u'260': {u'State': u'running'}, u'267': {u'State': u'running'}, u'266': {u'State': u'running'}, u'265': {u'State': u'running'}, u'264': {u'State': u'running'}, u'269': {u'State': u'running'}, u'268': {u'State': u'running'}, u'59': {u'State': u'running'}, u'58': {u'State': u'running'}, u'55': {u'State': u'running'}, u'54': {u'State': u'running'}, u'57': {u'State': u'running'}, u'56': {u'State': u'running'}, u'51': {u'State': u'running'}, u'258': {u'State': u'running'}, u'53': {u'State': u'running'}, u'52': {u'State': u'running'}, u'537': {u'State': u'running'}, u'536': {u'State': u'running'}, u'535': {u'State': u'running'}, u'63': {u'State': u'running'}, u'533': {u'State': u'running'}, u'532': {u'State': u'running'}, u'531': {u'State': u'running'}, u'530': {u'State': u'running'}, u'152': {u'State': u'running'}, u'539': {u'State': u'running'}, u'538': {u'State': u'running'}, u'775': {u'State': u'running'}, u'774': {u'State': u'running'}, u'777': {u'State': u'running'}, u'50': {u'State': u'running'}, u'115': {u'State': u'running'}, u'252': {u'State': u'running'}, u'117': {u'State': u'running'}, u'776': {u'State': u'running'}, u'111': {u'State': u'running'}, u'110': {u'State': u'running'}, u'113': {u'State': u'running'}, u'69': {u'State': u'running'}, u'771': {u'State': u'running'}, u'119': {u'State': u'running'}, u'118': {u'State': u'running'}, u'770': {u'State': u'running'}, u'773': {u'State': u'running'}, u'772': {u'State': u'running'}, u'429': {u'State': u'running'}, u'428': {u'State': u'running'}, u'534': {u'State': u'running'}, u'919': {u'State': u'running'}, u'918': {u'State': u'running'}, u'915': {u'State': u'running'}, u'914': {u'State': u'running'}, u'917': {u'State': u'running'}, u'916': {u'State': u'running'}, u'911': {u'State': u'running'}, u'910': {u'State': u'running'}, u'913': {u'State': u'running'}, u'912': {u'State': u'running'}, u'308': {u'State': u'running'}, u'309': {u'State': u'running'}, u'855': {u'State': u'running'}, u'300': {u'State': u'running'}, u'301': {u'State': u'running'}, u'302': {u'State': u'running'}, u'303': {u'State': u'running'}, u'304': {u'State': u'running'}, u'305': {u'State': u'running'}, u'306': {u'State': u'running'}, u'307': {u'State': u'running'}, u'895': {u'State': u'running'}, u'825': {u'State': u'running'}, u'824': {u'State': u'running'}, u'827': {u'State': u'running'}, u'847': {u'State': u'running'}, u'846': {u'State': u'running'}, u'845': {u'State': u'running'}, u'844': {u'State': u'running'}, u'843': {u'State': u'running'}, u'842': {u'State': u'running'}, u'841': {u'State': u'running'}, u'840': {u'State': u'running'}, u'821': {u'State': u'running'}, u'853': {u'State': u'running'}, u'849': {u'State': u'running'}, u'848': {u'State': u'running'}, u'823': {u'State': u'running'}, u'822': {u'State': u'running'}, u'390': {u'State': u'running'}, u'753': {u'State': u'running'}, u'752': {u'State': u'running'}, u'751': {u'State': u'running'}, u'750': {u'State': u'running'}, u'757': {u'State': u'running'}, u'756': {u'State': u'running'}, u'755': {u'State': u'running'}, u'754': {u'State': u'running'}, u'560': {u'State': u'running'}, u'561': {u'State': u'running'}, u'759': {u'State': u'running'}, u'758': {u'State': u'running'}, u'564': {u'State': u'running'}, u'565': {u'State': u'running'}, u'566': {u'State': u'running'}, u'701': {u'State': u'running'}, u'739': {u'State': u'running'}, u'229': {u'State': u'running'}, u'507': {u'State': u'running'}, u'227': {u'State': u'running'}, u'226': {u'State': u'running'}, u'225': {u'State': u'running'}, u'224': {u'State': u'running'}, u'223': {u'State': u'running'}, u'222': {u'State': u'running'}, u'221': {u'State': u'running'}, u'220': {u'State': u'running'}, u'114': {u'State': u'running'}, u'391': {u'State': u'running'}, u'726': {u'State': u'running'}, u'727': {u'State': u'running'}, u'724': {u'State': u'running'}, u'725': {u'State': u'running'}, u'568': {u'State': u'running'}, u'723': {u'State': u'running'}, u'720': {u'State': u'running'}, u'721': {u'State': u'running'}, u'728': {u'State': u'running'}, u'729': {u'State': u'running'}, u'605': {u'State': u'running'}, u'604': {u'State': u'running'}, u'607': {u'State': u'running'}, u'606': {u'State': u'running'}, u'601': {u'State': u'running'}, u'600': {u'State': u'running'}, u'603': {u'State': u'running'}, u'602': {u'State': u'running'}, u'159': {u'State': u'running'}, u'158': {u'State': u'running'}, u'112': {u'State': u'running'}, u'609': {u'State': u'running'}, u'608': {u'State': u'running'}, u'634': {u'State': u'running'}, u'399': {u'State': u'running'}, u'635': {u'State': u'running'}, u'749': {u'State': u'running'}, u'398': {u'State': u'running'}, u'48': {u'State': u'running'}, u'49': {u'State': u'running'}, u'46': {u'State': u'running'}, u'47': {u'State': u'running'}, u'44': {u'State': u'running'}, u'45': {u'State': u'running'}, u'42': {u'State': u'running'}, u'43': {u'State': u'running'}, u'40': {u'State': u'running'}, u'41': {u'State': u'running'}, u'638': {u'State': u'running'}, u'5': {u'State': u'running'}, u'639': {u'State': u'running'}, u'460': {u'State': u'running'}, u'489': {u'State': u'running'}, u'488': {u'State': u'running'}, u'487': {u'State': u'running'}, u'486': {u'State': u'running'}, u'485': {u'State': u'running'}, u'484': {u'State': u'running'}, u'483': {u'State': u'running'}, u'482': {u'State': u'running'}, u'481': {u'State': u'running'}, u'480': {u'State': u'running'}, u'509': {u'State': u'running'}, u'472': {u'State': u'running'}, u'473': {u'State': u'running'}, u'470': {u'State': u'running'}, u'471': {u'State': u'running'}, u'476': {u'State': u'running'}, u'477': {u'State': u'running'}, u'474': {u'State': u'running'}, u'475': {u'State': u'running'}, u'478': {u'State': u'running'}, u'479': {u'State': u'running'}}, u'publication': {}, u'taskWarningMsg': [], u'schedd': u'crab3@vocms0120.cern.ch', u'publicationFailures': {}, u'outdatasets': None, u'statusFailureMsg': u'', u'taskFailureMsg': u'', u'failedJobdefs': 0, u'ASOURL': u'https://cmsweb.cern.ch/couchdb2', u'command': u'SUBMIT', u'totalJobdefs': 0, u'submissionTime': 1488394568, u'jobdefErrors': [], u'collector': u'cmsgwms-collector-global.cern.ch,cmssrv221.fnal.gov', u'jobList': [[u'running', 344], [u'running', 345], [u'running', 346], [u'running', 347], [u'running', 340], [u'running', 341], [u'running', 342], [u'running', 343], [u'running', 810], [u'running', 811], [u'running', 812], [u'running', 813], [u'running', 348], [u'running', 349], [u'running', 816], [u'running', 817], [u'running', 595], [u'running', 719], [u'running', 718], [u'running', 717], [u'running', 716], [u'running', 715], [u'running', 714], [u'running', 713], [u'running', 712], [u'running', 711], [u'running', 710], [u'running', 915], [u'running', 914], [u'running', 606], [u'running', 917], [u'running', 594], [u'running', 736], [u'running', 916], [u'running', 911], [u'running', 619], [u'running', 910], [u'running', 913], [u'running', 298], [u'running', 299], [u'running', 296], [u'running', 297], [u'running', 294], [u'running', 295], [u'running', 292], [u'running', 293], [u'running', 290], [u'running', 291], [u'running', 591], [u'running', 590], [u'running', 593], [u'running', 592], [u'running', 199], [u'running', 198], [u'running', 597], [u'running', 596], [u'running', 195], [u'running', 194], [u'running', 197], [u'running', 196], [u'running', 191], [u'running', 190], [u'running', 193], [u'running', 192], [u'running', 270], [u'running', 271], [u'running', 272], [u'running', 273], [u'running', 274], [u'running', 275], [u'running', 276], [u'running', 277], [u'running', 278], [u'running', 279], [u'running', 738], [u'running', 524], [u'running', 525], [u'running', 526], [u'running', 527], [u'running', 520], [u'running', 521], [u'running', 522], [u'running', 523], [u'running', 599], [u'running', 528], [u'running', 529], [u'running', 449], [u'running', 448], [u'running', 443], [u'running', 442], [u'running', 441], [u'running', 440], [u'running', 447], [u'running', 446], [u'running', 445], [u'running', 444], [u'running', 108], [u'running', 109], [u'running', 102], [u'running', 103], [u'running', 100], [u'running', 101], [u'running', 106], [u'running', 107], [u'running', 104], [u'running', 105], [u'running', 902], [u'running', 903], [u'running', 39], [u'running', 38], [u'running', 906], [u'running', 907], [u'running', 904], [u'running', 905], [u'running', 33], [u'running', 32], [u'running', 31], [u'running', 30], [u'running', 37], [u'running', 36], [u'running', 35], [u'running', 34], [u'running', 641], [u'running', 640], [u'running', 643], [u'running', 642], [u'running', 645], [u'running', 644], [u'running', 438], [u'running', 439], [u'running', 436], [u'running', 437], [u'running', 434], [u'running', 435], [u'running', 432], [u'running', 433], [u'running', 430], [u'running', 431], [u'running', 339], [u'running', 338], [u'running', 335], [u'running', 334], [u'running', 337], [u'running', 336], [u'running', 331], [u'running', 330], [u'running', 333], [u'running', 332], [u'running', 744], [u'running', 745], [u'running', 854], [u'running', 818], [u'running', 856], [u'running', 857], [u'running', 850], [u'running', 851], [u'running', 852], [u'running', 819], [u'running', 858], [u'running', 859], [u'running', 748], [u'running', 6], [u'running', 900], [u'running', 848], [u'running', 99], [u'running', 98], [u'running', 844], [u'running', 91], [u'running', 90], [u'running', 93], [u'running', 92], [u'running', 95], [u'running', 94], [u'running', 97], [u'running', 96], [u'running', 814], [u'running', 815], [u'running', 740], [u'running', 741], [u'running', 742], [u'running', 743], [u'running', 559], [u'running', 558], [u'running', 746], [u'running', 747], [u'running', 555], [u'running', 554], [u'running', 557], [u'running', 556], [u'running', 551], [u'running', 550], [u'running', 553], [u'running', 552], [u'running', 238], [u'running', 239], [u'running', 234], [u'running', 235], [u'running', 236], [u'running', 237], [u'running', 230], [u'running', 231], [u'running', 232], [u'running', 233], [u'running', 1], [u'running', 614], [u'running', 146], [u'running', 147], [u'running', 144], [u'running', 145], [u'running', 142], [u'running', 143], [u'running', 140], [u'running', 141], [u'running', 612], [u'running', 613], [u'running', 610], [u'running', 611], [u'running', 616], [u'running', 617], [u'running', 148], [u'running', 149], [u'running', 912], [u'running', 768], [u'running', 689], [u'running', 688], [u'running', 685], [u'running', 684], [u'running', 687], [u'running', 686], [u'running', 681], [u'running', 680], [u'running', 683], [u'running', 682], [u'running', 623], [u'running', 622], [u'running', 133], [u'running', 132], [u'running', 131], [u'running', 130], [u'running', 137], [u'running', 136], [u'running', 135], [u'running', 134], [u'running', 494], [u'running', 495], [u'running', 139], [u'running', 138], [u'running', 490], [u'running', 491], [u'running', 492], [u'running', 493], [u'running', 24], [u'running', 25], [u'running', 26], [u'running', 27], [u'running', 20], [u'running', 21], [u'running', 22], [u'running', 23], [u'running', 28], [u'running', 29], [u'running', 407], [u'running', 406], [u'running', 405], [u'running', 404], [u'running', 403], [u'running', 402], [u'running', 401], [u'running', 400], [u'running', 629], [u'running', 409], [u'running', 408], [u'running', 628], [u'running', 758], [u'running', 379], [u'running', 378], [u'running', 829], [u'running', 828], [u'running', 371], [u'running', 370], [u'running', 373], [u'running', 372], [u'running', 375], [u'running', 374], [u'running', 377], [u'running', 376], [u'running', 708], [u'running', 709], [u'running', 704], [u'running', 705], [u'running', 706], [u'running', 707], [u'running', 700], [u'running', 618], [u'running', 702], [u'running', 703], [u'running', 393], [u'running', 392], [u'running', 88], [u'running', 89], [u'running', 397], [u'running', 396], [u'running', 395], [u'running', 394], [u'running', 82], [u'running', 83], [u'running', 80], [u'running', 81], [u'running', 86], [u'running', 87], [u'running', 84], [u'running', 85], [u'running', 797], [u'running', 796], [u'running', 795], [u'running', 794], [u'running', 793], [u'running', 792], [u'running', 791], [u'running', 790], [u'running', 799], [u'running', 798], [u'running', 7], [u'running', 601], [u'running', 607], [u'running', 586], [u'running', 587], [u'running', 584], [u'running', 585], [u'running', 582], [u'running', 583], [u'running', 580], [u'running', 581], [u'running', 588], [u'running', 589], [u'running', 245], [u'running', 244], [u'running', 247], [u'running', 246], [u'running', 241], [u'running', 240], [u'running', 243], [u'running', 242], [u'running', 615], [u'running', 249], [u'running', 248], [u'running', 924], [u'running', 925], [u'running', 519], [u'running', 518], [u'running', 511], [u'running', 510], [u'running', 513], [u'running', 512], [u'running', 515], [u'running', 514], [u'running', 517], [u'running', 516], [u'running', 458], [u'running', 459], [u'running', 621], [u'running', 620], [u'running', 627], [u'running', 626], [u'running', 625], [u'running', 624], [u'running', 450], [u'running', 451], [u'running', 452], [u'running', 453], [u'running', 454], [u'running', 455], [u'running', 456], [u'running', 457], [u'running', 179], [u'running', 178], [u'running', 177], [u'running', 176], [u'running', 175], [u'running', 174], [u'running', 173], [u'running', 172], [u'running', 171], [u'running', 170], [u'running', 656], [u'running', 657], [u'running', 654], [u'running', 253], [u'running', 182], [u'running', 183], [u'running', 180], [u'running', 181], [u'running', 186], [u'running', 187], [u'running', 184], [u'running', 185], [u'running', 886], [u'running', 652], [u'running', 188], [u'running', 189], [u'running', 658], [u'running', 653], [u'running', 650], [u'running', 651], [u'running', 764], [u'running', 11], [u'running', 10], [u'running', 13], [u'running', 12], [u'running', 15], [u'running', 14], [u'running', 17], [u'running', 16], [u'running', 19], [u'running', 18], [u'running', 863], [u'running', 862], [u'running', 865], [u'running', 864], [u'running', 867], [u'running', 866], [u'running', 884], [u'running', 659], [u'running', 883], [u'running', 753], [u'running', 881], [u'running', 880], [u'running', 887], [u'running', 831], [u'running', 885], [u'running', 752], [u'running', 62], [u'running', 888], [u'running', 756], [u'running', 809], [u'running', 322], [u'running', 323], [u'running', 320], [u'running', 321], [u'running', 326], [u'running', 327], [u'running', 324], [u'running', 325], [u'running', 328], [u'running', 329], [u'running', 759], [u'running', 201], [u'running', 200], [u'running', 203], [u'running', 202], [u'running', 205], [u'running', 204], [u'running', 207], [u'running', 206], [u'running', 209], [u'running', 208], [u'running', 779], [u'running', 778], [u'running', 889], [u'running', 77], [u'running', 76], [u'running', 75], [u'running', 74], [u'running', 73], [u'running', 72], [u'running', 71], [u'running', 70], [u'running', 655], [u'running', 79], [u'running', 78], [u'running', 2], [u'running', 805], [u'running', 804], [u'running', 669], [u'running', 668], [u'running', 667], [u'running', 666], [u'running', 665], [u'running', 664], [u'running', 663], [u'running', 662], [u'running', 661], [u'running', 660], [u'running', 769], [u'running', 692], [u'running', 693], [u'running', 690], [u'running', 691], [u'running', 696], [u'running', 697], [u'running', 694], [u'running', 695], [u'running', 698], [u'running', 699], [u'running', 542], [u'running', 543], [u'running', 540], [u'running', 541], [u'running', 546], [u'running', 547], [u'running', 544], [u'running', 545], [u'running', 8], [u'running', 548], [u'running', 549], [u'running', 68], [u'running', 598], [u'running', 869], [u'running', 868], [u'running', 120], [u'running', 121], [u'running', 122], [u'running', 123], [u'running', 124], [u'running', 125], [u'running', 126], [u'running', 127], [u'running', 128], [u'running', 129], [u'running', 765], [u'running', 414], [u'running', 415], [u'running', 416], [u'running', 417], [u'running', 410], [u'running', 411], [u'running', 412], [u'running', 413], [u'running', 920], [u'running', 498], [u'running', 922], [u'running', 923], [u'running', 418], [u'running', 419], [u'running', 776], [u'running', 499], [u'running', 319], [u'running', 318], [u'running', 313], [u'running', 312], [u'running', 311], [u'running', 310], [u'running', 317], [u'running', 316], [u'running', 315], [u'running', 314], [u'running', 861], [u'running', 921], [u'running', 496], [u'running', 832], [u'running', 833], [u'running', 830], [u'running', 497], [u'running', 836], [u'running', 837], [u'running', 834], [u'running', 835], [u'running', 838], [u'running', 839], [u'running', 808], [u'running', 3], [u'running', 725], [u'running', 368], [u'running', 369], [u'running', 366], [u'running', 367], [u'running', 364], [u'running', 365], [u'running', 362], [u'running', 363], [u'running', 360], [u'running', 361], [u'running', 882], [u'running', 380], [u'running', 381], [u'running', 382], [u'running', 383], [u'running', 384], [u'running', 385], [u'running', 386], [u'running', 387], [u'running', 388], [u'running', 389], [u'running', 784], [u'running', 785], [u'running', 786], [u'running', 787], [u'running', 780], [u'running', 781], [u'running', 782], [u'running', 783], [u'running', 788], [u'running', 789], [u'running', 860], [u'running', 605], [u'running', 579], [u'running', 578], [u'running', 604], [u'running', 573], [u'running', 572], [u'running', 571], [u'running', 570], [u'running', 577], [u'running', 576], [u'running', 575], [u'running', 574], [u'running', 60], [u'running', 61], [u'running', 258], [u'running', 259], [u'running', 64], [u'running', 65], [u'running', 66], [u'running', 67], [u'running', 252], [u'running', 69], [u'running', 250], [u'running', 251], [u'running', 256], [u'running', 257], [u'running', 254], [u'running', 255], [u'running', 603], [u'running', 602], [u'running', 731], [u'running', 730], [u'running', 733], [u'running', 732], [u'running', 735], [u'running', 734], [u'running', 508], [u'running', 509], [u'running', 506], [u'running', 507], [u'running', 504], [u'running', 505], [u'running', 502], [u'running', 503], [u'running', 500], [u'running', 501], [u'running', 630], [u'running', 631], [u'running', 632], [u'running', 633], [u'running', 469], [u'running', 468], [u'running', 636], [u'running', 637], [u'running', 465], [u'running', 464], [u'running', 467], [u'running', 466], [u'running', 461], [u'running', 460], [u'running', 463], [u'running', 462], [u'running', 901], [u'running', 168], [u'running', 169], [u'running', 164], [u'running', 165], [u'running', 166], [u'running', 167], [u'running', 160], [u'running', 161], [u'running', 162], [u'running', 163], [u'running', 908], [u'running', 909], [u'running', 600], [u'running', 878], [u'running', 879], [u'running', 876], [u'running', 877], [u'running', 874], [u'running', 875], [u'running', 872], [u'running', 873], [u'running', 870], [u'running', 871], [u'running', 9], [u'running', 890], [u'running', 891], [u'running', 892], [u'running', 893], [u'running', 894], [u'running', 647], [u'running', 896], [u'running', 897], [u'running', 898], [u'running', 899], [u'running', 646], [u'running', 649], [u'running', 648], [u'running', 357], [u'running', 356], [u'running', 355], [u'running', 354], [u'running', 353], [u'running', 352], [u'running', 351], [u'running', 350], [u'running', 803], [u'running', 802], [u'running', 801], [u'running', 800], [u'running', 807], [u'running', 806], [u'running', 359], [u'running', 358], [u'running', 216], [u'running', 217], [u'running', 214], [u'running', 215], [u'running', 212], [u'running', 213], [u'running', 210], [u'running', 211], [u'running', 762], [u'running', 763], [u'running', 760], [u'running', 761], [u'running', 766], [u'running', 767], [u'running', 218], [u'running', 219], [u'running', 289], [u'running', 288], [u'running', 4], [u'running', 281], [u'running', 280], [u'running', 283], [u'running', 282], [u'running', 285], [u'running', 284], [u'running', 287], [u'running', 286], [u'running', 678], [u'running', 679], [u'running', 674], [u'running', 675], [u'running', 676], [u'running', 677], [u'running', 670], [u'running', 671], [u'running', 672], [u'running', 673], [u'running', 263], [u'running', 262], [u'running', 261], [u'running', 260], [u'running', 267], [u'running', 266], [u'running', 265], [u'running', 264], [u'running', 269], [u'running', 268], [u'running', 701], [u'running', 59], [u'running', 58], [u'running', 55], [u'running', 54], [u'running', 57], [u'running', 56], [u'running', 51], [u'running', 50], [u'running', 53], [u'running', 52], [u'running', 537], [u'running', 536], [u'running', 535], [u'running', 63], [u'running', 533], [u'running', 532], [u'running', 531], [u'running', 530], [u'running', 539], [u'running', 538], [u'running', 775], [u'running', 774], [u'running', 777], [u'running', 115], [u'running', 114], [u'running', 117], [u'running', 116], [u'running', 111], [u'running', 110], [u'running', 113], [u'running', 112], [u'running', 771], [u'running', 119], [u'running', 118], [u'running', 770], [u'running', 773], [u'running', 772], [u'running', 429], [u'running', 428], [u'running', 534], [u'running', 919], [u'running', 918], [u'running', 421], [u'running', 420], [u'running', 423], [u'running', 422], [u'running', 425], [u'running', 424], [u'running', 427], [u'running', 426], [u'running', 308], [u'running', 309], [u'running', 855], [u'running', 300], [u'running', 301], [u'running', 302], [u'running', 303], [u'running', 304], [u'running', 305], [u'running', 306], [u'running', 307], [u'running', 895], [u'running', 825], [u'running', 824], [u'running', 827], [u'running', 847], [u'running', 846], [u'running', 845], [u'running', 826], [u'running', 843], [u'running', 842], [u'running', 841], [u'running', 840], [u'running', 821], [u'running', 853], [u'running', 849], [u'running', 820], [u'running', 823], [u'running', 822], [u'running', 568], [u'running', 569], [u'running', 751], [u'running', 750], [u'running', 757], [u'running', 737], [u'running', 755], [u'running', 754], [u'running', 560], [u'running', 561], [u'running', 562], [u'running', 563], [u'running', 564], [u'running', 565], [u'running', 566], [u'running', 567], [u'running', 739], [u'running', 229], [u'running', 228], [u'running', 227], [u'running', 226], [u'running', 225], [u'running', 224], [u'running', 223], [u'running', 222], [u'running', 221], [u'running', 220], [u'running', 391], [u'running', 726], [u'running', 727], [u'running', 724], [u'running', 390], [u'running', 722], [u'running', 723], [u'running', 720], [u'running', 721], [u'running', 728], [u'running', 729], [u'running', 151], [u'running', 150], [u'running', 153], [u'running', 152], [u'running', 155], [u'running', 154], [u'running', 157], [u'running', 156], [u'running', 159], [u'running', 158], [u'running', 609], [u'running', 608], [u'running', 634], [u'running', 399], [u'running', 635], [u'running', 749], [u'running', 398], [u'running', 48], [u'running', 49], [u'running', 46], [u'running', 47], [u'running', 44], [u'running', 45], [u'running', 42], [u'running', 43], [u'running', 40], [u'running', 41], [u'running', 638], [u'running', 5], [u'running', 639], [u'running', 489], [u'running', 488], [u'running', 487], [u'running', 486], [u'running', 485], [u'running', 484], [u'running', 483], [u'running', 482], [u'running', 481], [u'running', 480], [u'running', 472], [u'running', 473], [u'running', 470], [u'running', 471], [u'running', 476], [u'running', 477], [u'running', 474], [u'running', 475], [u'running', 478], [u'running', 479]]}
INFO 2017-03-01 14:03:01,046: 	 CRAB project directory:		/data/users/fengyb/CMSSW_7_6_3/src/EmergingJetAnalysis/crabTasks/crab_Analysis-20170228-2017-0301-v2/crab_Analysis-20170228-GJets_HT-200To400_RunIISpring15DR74-2017-0301-135541
INFO 2017-03-01 14:03:01,046: 	 Task name:			170301_185608:yofeng_crab_Analysis-20170228-GJets_HT-200To400_RunIISpring15DR74-2017-0301-135541
INFO 2017-03-01 14:03:01,046: 	 Grid scheduler:			crab3@vocms0120.cern.ch
INFO 2017-03-01 14:03:01,046: 	 Task status:			SUBMITTED
INFO 2017-03-01 14:03:01,047: 	 Task URL to use for HELP:	https://cmsweb.cern.ch/crabserver/ui/task/170301_185608%3Ayofeng_crab_Analysis-20170228-GJets_HT-200To400_RunIISpring15DR74-2017-0301-135541
INFO 2017-03-01 14:03:01,047: 	 Dashboard monitoring URL:	http://dashb-cms-job.cern.ch/dashboard/templates/task-analysis/#user=yofeng&table=Mains&pattern=170301_185608%3Ayofeng_crab_Analysis-20170228-GJets_HT-200To400_RunIISpring15DR74-2017-0301-135541
INFO 2017-03-01 14:03:01,047: 	 
Jobs status:			running       100.0% (925/925)
INFO 2017-03-01 14:03:01,047: 	 
No publication information available yet
INFO 2017-03-01 14:03:01,053: 	 Log file is /data/users/fengyb/CMSSW_7_6_3/src/EmergingJetAnalysis/crabTasks/crab_Analysis-20170228-2017-0301-v2/crab_Analysis-20170228-GJets_HT-200To400_RunIISpring15DR74-2017-0301-135541/crab.log
