['skim', 'analyze']
# Conditions read from  CMS_CONDITIONS  via FrontierProd 

####################
Adding Skim step
####################

Adding GJet Skim step.
triggerSelection should be verified for new datasets.
photonID should be modified for each global tag.
 switching PAT Tau input to:  cms.InputTag("hpsPFTauProducer76xReMiniAOD")

####################
Adding Analyze step
####################

CMSSW_VERSION is CMSSW_7_6_3
Using the following global tags [MC, DATA]:
['76X_mcRun2_asymptotic_RunIIFall15DR76_v1', '76X_dataRun2_16Dec2015_v0']
DEBUG 2017-03-21 20:23:58,262: 	 Executing command: 'submit'
DEBUG 2017-03-21 20:23:58,277: 	 Found CRAB cache file /home/fengyb/.crab3
DEBUG 2017-03-21 20:23:58,284: 	 Checking credentials
DEBUG 2017-03-21 20:23:58,284: 	 Found proxy file /tmp/x509up_u1701
DEBUG 2017-03-21 20:23:58,284: 	 Getting proxy life time left
DEBUG 2017-03-21 20:23:58,387: 	 Executing : 
 command : voms-proxy-info -file /tmp/x509up_u1701 -timeleft
 output : 41786

 error: 
 retcode : 0
DEBUG 2017-03-21 20:23:58,491: 	 Executing : 
 command : voms-proxy-info -file /tmp/x509up_u1701 -actimeleft
 output : 41786

 error: 
 retcode : 0
DEBUG 2017-03-21 20:23:58,491: 	 Proxy valid for 11:36:26 hours
DEBUG 2017-03-21 20:23:58,492: 	 Will use CRAB Analysis plugin (i.e. will run an analysis job type).
DEBUG 2017-03-21 20:23:58,603: 	 Executing : 
 command : openssl x509 -in ~/.globus/usercert.pem -subject -noout
 output : subject= /DC=ch/DC=cern/OU=Organic Units/OU=Users/CN=yofeng/CN=785825/CN=Yongbin Feng

 error: 
 retcode : 0
DEBUG 2017-03-21 20:23:58,604: 	 Checking credentials
DEBUG 2017-03-21 20:23:58,604: 	 Found proxy file /tmp/x509up_u1701
DEBUG 2017-03-21 20:23:58,604: 	 Getting proxy life time left
DEBUG 2017-03-21 20:23:58,707: 	 Executing : 
 command : voms-proxy-info -file /tmp/x509up_u1701 -timeleft
 output : 41786

 error: 
 retcode : 0
DEBUG 2017-03-21 20:23:58,810: 	 Executing : 
 command : voms-proxy-info -file /tmp/x509up_u1701 -actimeleft
 output : 41786

 error: 
 retcode : 0
DEBUG 2017-03-21 20:23:58,810: 	 Proxy valid for 11:36:26 hours
DEBUG 2017-03-21 20:23:58,914: 	 Executing : 
 command : env X509_USER_PROXY=/tmp/x509up_u1701 voms-proxy-info -fqan
 output : /cms/Role=NULL/Capability=NULL

 error: 
 retcode : 0
DEBUG 2017-03-21 20:24:00,024: 	 Registering user credentials for server /DC=ch/DC=cern/OU=computers/CN=vocms(045|052|021|031|0118|0118a|0119|0108|0105).cern.ch
DEBUG 2017-03-21 20:24:00,132: 	 Executing : 
 command : openssl x509 -in ~/.globus/usercert.pem -subject -noout
 output : subject= /DC=ch/DC=cern/OU=Organic Units/OU=Users/CN=yofeng/CN=785825/CN=Yongbin Feng

 error: 
 retcode : 0
DEBUG 2017-03-21 20:24:00,132: 	 Getting myproxy life time left for myproxy.cern.ch
DEBUG 2017-03-21 20:24:00,132: 	 Calculating hash of /DC=ch/DC=cern/OU=Organic Units/OU=Users/CN=yofeng/CN=785825/CN=Yongbin Feng_cmsweb.cern.ch for credential name
DEBUG 2017-03-21 20:24:01,137: 	 Executing : 
 command : myproxy-info -l 46a32ae7e95f6185805e22dd0e47513ea7de8fa0 -s myproxy.cern.ch
 output : username: 46a32ae7e95f6185805e22dd0e47513ea7de8fa0
owner: /DC=ch/DC=cern/OU=Organic Units/OU=Users/CN=yofeng/CN=785825/CN=Yongbin Feng
  renewal policy: /DC=ch/DC=cern/OU=computers/CN=vocms(045|052|021|031|0118|0118a|0119|0108|0105).cern.ch
  trusted retrieval policy: /DC=ch/DC=cern/OU=computers/CN=vocms(045|052|021|031|0118|0118a|0119|0108|0105).cern.ch
  timeleft: 595:50:02  (24.8 days)

 error: 
 retcode : 0
DEBUG 2017-03-21 20:24:01,138: 	 Myproxy is valid: 2145002
DEBUG 2017-03-21 20:24:01,138: 	 Command use: submit
DEBUG 2017-03-21 20:24:01,138: 	 Options use: ['--config', <WMCore.Configuration.Configuration object at 0x1ee6990>]
DEBUG 2017-03-21 20:24:02,586: 	 CRABClient version: 3.3.1703
DEBUG 2017-03-21 20:24:02,586: 	 Instance is prod
DEBUG 2017-03-21 20:24:02,586: 	 Server base url is cmsweb.cern.ch
DEBUG 2017-03-21 20:24:02,587: 	 Command url /crabserver/prod/workflow
DEBUG 2017-03-21 20:24:02,587: 	 Started submission
DEBUG 2017-03-21 20:24:02,587: 	 Working on /data/users/fengyb/CMSSW_7_6_3/src/EmergingJetAnalysis/crabTasks/crab_Analysis-20170321-2017-0321-v8/crab_Analysis-20170321-GJets_HT-400To600_RunIIFall15DR76-2017-0321-202358
DEBUG 2017-03-21 20:24:03,722: 	 Loading required information from the environment
DEBUG 2017-03-21 20:24:03,722: 	 Found CMSSW_7_6_3 for slc6_amd64_gcc493 with base /data/users/fengyb/CMSSW_7_6_3
DEBUG 2017-03-21 20:24:03,722: 	 Loading required information from the environment
DEBUG 2017-03-21 20:24:03,722: 	 Found CMSSW_7_6_3 for slc6_amd64_gcc493 with base /data/users/fengyb/CMSSW_7_6_3
DEBUG 2017-03-21 20:24:03,733: 	 UNIQUE NAME: tarUUID 1af0775f-c450-4d2c-955d-69ee36551c66 
DEBUG 2017-03-21 20:24:03,734: 	 self.config: from WMCore.Configuration import Configuration
config = Configuration()
config.section_('General')
config.General.workArea = 'crabTasks/crab_Analysis-20170321-2017-0321-v8'
config.General.requestName = 'Analysis-20170321-GJets_HT-400To600_RunIIFall15DR76-2017-0321-202358'
config.section_('JobType')
config.JobType.priority = 30
config.JobType.psetName = 'Configuration/test/test_cfg.py'
config.JobType.pluginName = 'Analysis'
config.JobType.pyCfgParams = ['crab=1', 'data=0', 'sample=gjet']
config.section_('Data')
config.Data.inputDataset = '/GJets_HT-400To600_TuneCUETP8M1_13TeV-madgraphMLM-pythia8/RunIIFall15DR76-PU25nsData2015v1_76X_mcRun2_asymptotic_v12-v1/AODSIM'
config.Data.outputDatasetTag = 'Analysis-20170321'
config.Data.publication = True
config.Data.unitsPerJob = 1
config.Data.ignoreLocality = True
config.Data.splitting = 'FileBased'
config.Data.inputDBS = 'global'
config.Data.outLFNDirBase = '/store/user/yofeng/GJet/ntuple/Analysis-20170321-v8/GJets_HT-400To600_RunIIFall15DR76/'
config.Data.totalUnits = 1000
config.section_('Site')
config.Site.blacklist = ['T2_US_Purdue']
config.Site.storageSite = 'T3_US_UMD'

DEBUG 2017-03-21 20:24:03,734: 	 self.config.JobType.psetName: Configuration/test/test_cfg.py
INFO 2017-03-21 20:24:03,734: 	 Importing CMSSW configuration Configuration/test/test_cfg.py
DEBUG 2017-03-21 20:24:03,734: 	 Additional parameters for the CMSSW configuration are: ['crab=1', 'data=0', 'sample=gjet']
INFO 2017-03-21 20:24:08,999: 	 Finished importing CMSSW configuration Configuration/test/test_cfg.py
DEBUG 2017-03-21 20:24:08,999: 	 Writing CMSSW configuration to /data/users/fengyb/CMSSW_7_6_3/src/EmergingJetAnalysis/crabTasks/crab_Analysis-20170321-2017-0321-v8/crab_Analysis-20170321-GJets_HT-400To600_RunIIFall15DR76-2017-0321-202358/inputs/PSet.py
DEBUG 2017-03-21 20:24:11,913: 	 The following EDM output files will be collected: ['output.root']
DEBUG 2017-03-21 20:24:11,913: 	 The following TFile output files will be collected: ['ntuple.root']
DEBUG 2017-03-21 20:24:11,913: 	 The following user output files will be collected: []
DEBUG 2017-03-21 20:24:11,913: 	 Loading required information from the environment
DEBUG 2017-03-21 20:24:11,913: 	 Found CMSSW_7_6_3 for slc6_amd64_gcc493 with base /data/users/fengyb/CMSSW_7_6_3
DEBUG 2017-03-21 20:24:11,913: 	 Making tarball in /data/users/fengyb/CMSSW_7_6_3/src/EmergingJetAnalysis/crabTasks/crab_Analysis-20170321-2017-0321-v8/crab_Analysis-20170321-GJets_HT-400To600_RunIIFall15DR76-2017-0321-202358/inputs/1af0775f-c450-4d2c-955d-69ee36551c66default.tgz
DEBUG 2017-03-21 20:24:11,918: 	 Checking directory /data/users/fengyb/CMSSW_7_6_3/lib
DEBUG 2017-03-21 20:24:11,918: 	 Adding directory /data/users/fengyb/CMSSW_7_6_3/lib to tarball
DEBUG 2017-03-21 20:24:15,367: 	 Checking directory /data/users/fengyb/CMSSW_7_6_3/biglib
DEBUG 2017-03-21 20:24:15,368: 	 Adding directory /data/users/fengyb/CMSSW_7_6_3/biglib to tarball
DEBUG 2017-03-21 20:24:15,369: 	 Checking directory /data/users/fengyb/CMSSW_7_6_3/module
DEBUG 2017-03-21 20:24:15,385: 	 Adding data directory /data/users/fengyb/CMSSW_7_6_3/src/RecoEgamma/EgammaTools/data to tarball
DEBUG 2017-03-21 20:24:15,410: 	 Adding data directory /data/users/fengyb/CMSSW_7_6_3/src/RecoEgamma/EgammaTools/interface to tarball
DEBUG 2017-03-21 20:24:15,425: 	 Adding data directory /data/users/fengyb/CMSSW_7_6_3/src/RecoEgamma/PhotonIdentification/data to tarball
DEBUG 2017-03-21 20:24:15,432: 	 Adding data directory /data/users/fengyb/CMSSW_7_6_3/src/RecoEgamma/PhotonIdentification/interface to tarball
DEBUG 2017-03-21 20:24:15,451: 	 Adding data directory /data/users/fengyb/CMSSW_7_6_3/src/EmergingJetAnalysis/EmergingJetAnalyzer/interface to tarball
DEBUG 2017-03-21 20:24:15,464: 	 Adding data directory /data/users/fengyb/CMSSW_7_6_3/src/EmergingJetAnalysis/EmJetAnalyzer/interface to tarball
DEBUG 2017-03-21 20:24:16,055: 	 Uploading archive /data/users/fengyb/CMSSW_7_6_3/src/EmergingJetAnalysis/crabTasks/crab_Analysis-20170321-2017-0321-v8/crab_Analysis-20170321-GJets_HT-400To600_RunIIFall15DR76-2017-0321-202358/inputs/1af0775f-c450-4d2c-955d-69ee36551c66default.tgz (6.701172.1 MB) to the CRAB cache. Using URI https://cmsweb.cern.ch/crabcache
DEBUG 2017-03-21 20:24:21,830: 	 Loading required information from the environment
DEBUG 2017-03-21 20:24:21,830: 	 Found CMSSW_7_6_3 for slc6_amd64_gcc493 with base /data/users/fengyb/CMSSW_7_6_3
DEBUG 2017-03-21 20:24:21,831: 	 Making tarball in /data/users/fengyb/CMSSW_7_6_3/src/EmergingJetAnalysis/crabTasks/crab_Analysis-20170321-2017-0321-v8/crab_Analysis-20170321-GJets_HT-400To600_RunIIFall15DR76-2017-0321-202358/inputs/debugFiles.tgz
DEBUG 2017-03-21 20:24:21,834: 	 Uploading archive /data/users/fengyb/CMSSW_7_6_3/src/EmergingJetAnalysis/crabTasks/crab_Analysis-20170321-2017-0321-v8/crab_Analysis-20170321-GJets_HT-400To600_RunIIFall15DR76-2017-0321-202358/inputs/debugFiles.tgz (3 KB) to the CRAB cache. Using URI https://cmsweb.cern.ch/crabcache
DEBUG 2017-03-21 20:24:23,162: 	 Result uploading input files: 628a5841b8dca0a8255893d46ee3618f1862a79c16dc323508b92c3767c9f163.tar.gz 
WARNING 2017-03-21 20:24:23,162: 	 Warning: The following output files will not be published, as they are not EDM files: ['ntuple.root']
INFO 2017-03-21 20:24:23,162: 	 Sending the request to the server
DEBUG 2017-03-21 20:24:23,162: 	 Submitting {'maxjobruntime': 1250, 'extrajdl': [], 'ignorelocality': 1, 'savelogsflag': 0, 'useparent': 0, 'asyncdest': 'T3_US_UMD', 'algoargs': 1, 'cachefilename': '628a5841b8dca0a8255893d46ee3618f1862a79c16dc323508b92c3767c9f163.tar.gz', 'numcores': 1, 'addoutputfiles': [], 'generator': 'pythia', 'maxmemory': 2000, 'publishdbsurl': 'https://cmsweb.cern.ch/dbs/prod/phys03/DBSWriter', 'priority': 30, 'jobsw': 'CMSSW_7_6_3', 'edmoutfiles': ['output.root'], 'userfiles': [], 'primarydataset': '', 'inputdata': '/GJets_HT-400To600_TuneCUETP8M1_13TeV-madgraphMLM-pythia8/RunIIFall15DR76-PU25nsData2015v1_76X_mcRun2_asymptotic_v12-v1/AODSIM', 'lfn': '/store/user/yofeng/GJet/ntuple/Analysis-20170321-v8/GJets_HT-400To600_RunIIFall15DR76/', 'dryrun': 0, 'workflow': 'crab_Analysis-20170321-GJets_HT-400To600_RunIIFall15DR76-2017-0321-202358', 'cacheurl': u'https://cmsweb.cern.ch/crabcache', 'nonprodsw': 0, 'tfileoutfiles': ['ntuple.root'], 'oneEventMode': 0, 'debugfilename': '3dca321e359f2e5bd71ed0b539402a1c7411e708df0770b4227d0690c3206ff7.tar.gz', 'saveoutput': 1, 'publication': 1, 'jobarch': 'slc6_amd64_gcc493', 'totalunits': 1000, 'splitalgo': 'FileBased', 'ignoreglobalblacklist': 0, 'nonvaliddata': 0, 'dbsurl': 'https://cmsweb.cern.ch/dbs/prod/global/DBSReader', 'publishgroupname': 0, 'jobtype': 'Analysis', 'siteblacklist': ['T2_US_Purdue'], 'publishname2': 'Analysis-20170321'} 
DEBUG 2017-03-21 20:24:23,162: 	 Encoded submit request: maxjobruntime=1250&ignorelocality=1&savelogsflag=0&useparent=0&asyncdest=T3_US_UMD&algoargs=1&cachefilename=628a5841b8dca0a8255893d46ee3618f1862a79c16dc323508b92c3767c9f163.tar.gz&numcores=1&generator=pythia&maxmemory=2000&publishdbsurl=https%3A%2F%2Fcmsweb.cern.ch%2Fdbs%2Fprod%2Fphys03%2FDBSWriter&priority=30&jobsw=CMSSW_7_6_3&primarydataset=&inputdata=%2FGJets_HT-400To600_TuneCUETP8M1_13TeV-madgraphMLM-pythia8%2FRunIIFall15DR76-PU25nsData2015v1_76X_mcRun2_asymptotic_v12-v1%2FAODSIM&lfn=%2Fstore%2Fuser%2Fyofeng%2FGJet%2Fntuple%2FAnalysis-20170321-v8%2FGJets_HT-400To600_RunIIFall15DR76%2F&dryrun=0&workflow=crab_Analysis-20170321-GJets_HT-400To600_RunIIFall15DR76-2017-0321-202358&cacheurl=https%3A%2F%2Fcmsweb.cern.ch%2Fcrabcache&nonprodsw=0&oneEventMode=0&debugfilename=3dca321e359f2e5bd71ed0b539402a1c7411e708df0770b4227d0690c3206ff7.tar.gz&saveoutput=1&publication=1&jobarch=slc6_amd64_gcc493&totalunits=1000&splitalgo=FileBased&ignoreglobalblacklist=0&nonvaliddata=0&dbsurl=https%3A%2F%2Fcmsweb.cern.ch%2Fdbs%2Fprod%2Fglobal%2FDBSReader&publishgroupname=0&jobtype=Analysis&publishname2=Analysis-20170321&siteblacklist=T2_US_Purdue&tfileoutfiles=ntuple.root&edmoutfiles=output.root
DEBUG 2017-03-21 20:24:24,804: 	 Result: {u'result': [{u'RequestName': u'170322_002424:yofeng_crab_Analysis-20170321-GJets_HT-400To600_RunIIFall15DR76-2017-0321-202358'}]}
INFO 2017-03-21 20:24:24,805: 	 Success: Your task has been delivered to the CRAB3 server.
INFO 2017-03-21 20:24:24,805: 	 Task name: 170322_002424:yofeng_crab_Analysis-20170321-GJets_HT-400To600_RunIIFall15DR76-2017-0321-202358
INFO 2017-03-21 20:24:24,806: 	 Please use 'crab status' to check how the submission process proceeds.
DEBUG 2017-03-21 20:24:24,806: 	 About to return
DEBUG 2017-03-21 22:27:54,700: 	 Executing command: 'status'
DEBUG 2017-03-21 22:27:54,701: 	 Found CRAB cache file /home/fengyb/.crab3
DEBUG 2017-03-21 22:27:54,707: 	 Checking credentials
DEBUG 2017-03-21 22:27:54,707: 	 Found proxy file /tmp/x509up_u1701
DEBUG 2017-03-21 22:27:54,707: 	 Getting proxy life time left
DEBUG 2017-03-21 22:27:54,810: 	 Executing : 
 command : voms-proxy-info -file /tmp/x509up_u1701 -timeleft
 output : 42985

 error: 
 retcode : 0
DEBUG 2017-03-21 22:27:54,914: 	 Executing : 
 command : voms-proxy-info -file /tmp/x509up_u1701 -actimeleft
 output : 42985

 error: 
 retcode : 0
DEBUG 2017-03-21 22:27:54,914: 	 Proxy valid for 11:56:25 hours
DEBUG 2017-03-21 22:27:55,025: 	 Executing : 
 command : openssl x509 -in ~/.globus/usercert.pem -subject -noout
 output : subject= /DC=ch/DC=cern/OU=Organic Units/OU=Users/CN=yofeng/CN=785825/CN=Yongbin Feng

 error: 
 retcode : 0
DEBUG 2017-03-21 22:27:55,026: 	 Checking credentials
DEBUG 2017-03-21 22:27:55,026: 	 Found proxy file /tmp/x509up_u1701
DEBUG 2017-03-21 22:27:55,026: 	 Getting proxy life time left
DEBUG 2017-03-21 22:27:55,129: 	 Executing : 
 command : voms-proxy-info -file /tmp/x509up_u1701 -timeleft
 output : 42984

 error: 
 retcode : 0
DEBUG 2017-03-21 22:27:55,233: 	 Executing : 
 command : voms-proxy-info -file /tmp/x509up_u1701 -actimeleft
 output : 42984

 error: 
 retcode : 0
DEBUG 2017-03-21 22:27:55,233: 	 Proxy valid for 11:56:24 hours
DEBUG 2017-03-21 22:27:56,302: 	 Registering user credentials for server /DC=ch/DC=cern/OU=computers/CN=vocms(045|052|021|031|0118|0118a|0119|0108|0105).cern.ch
DEBUG 2017-03-21 22:27:56,411: 	 Executing : 
 command : openssl x509 -in ~/.globus/usercert.pem -subject -noout
 output : subject= /DC=ch/DC=cern/OU=Organic Units/OU=Users/CN=yofeng/CN=785825/CN=Yongbin Feng

 error: 
 retcode : 0
DEBUG 2017-03-21 22:27:56,411: 	 Getting myproxy life time left for myproxy.cern.ch
DEBUG 2017-03-21 22:27:56,411: 	 Calculating hash of /DC=ch/DC=cern/OU=Organic Units/OU=Users/CN=yofeng/CN=785825/CN=Yongbin Feng_cmsweb.cern.ch for credential name
DEBUG 2017-03-21 22:27:57,215: 	 Executing : 
 command : myproxy-info -l 46a32ae7e95f6185805e22dd0e47513ea7de8fa0 -s myproxy.cern.ch
 output : username: 46a32ae7e95f6185805e22dd0e47513ea7de8fa0
owner: /DC=ch/DC=cern/OU=Organic Units/OU=Users/CN=yofeng/CN=785825/CN=Yongbin Feng
  renewal policy: /DC=ch/DC=cern/OU=computers/CN=vocms(045|052|021|031|0118|0118a|0119|0108|0105).cern.ch
  trusted retrieval policy: /DC=ch/DC=cern/OU=computers/CN=vocms(045|052|021|031|0118|0118a|0119|0108|0105).cern.ch
  timeleft: 593:46:06  (24.7 days)

 error: 
 retcode : 0
DEBUG 2017-03-21 22:27:57,216: 	 Myproxy is valid: 2137566
DEBUG 2017-03-21 22:27:57,216: 	 Command use: status
DEBUG 2017-03-21 22:27:57,216: 	 Options use: ['-d', 'crab_Analysis-20170321-GJets_HT-400To600_RunIIFall15DR76-2017-0321-202358/']
DEBUG 2017-03-21 22:27:58,527: 	 CRABClient version: 3.3.1703
DEBUG 2017-03-21 22:27:58,527: 	 Instance is prod
DEBUG 2017-03-21 22:27:58,527: 	 Server base url is cmsweb.cern.ch
DEBUG 2017-03-21 22:27:58,527: 	 Command url /crabserver/prod/workflow
DEBUG 2017-03-21 22:27:58,527: 	 Looking up detailed status of task 170322_002424:yofeng_crab_Analysis-20170321-GJets_HT-400To600_RunIIFall15DR76-2017-0321-202358
DEBUG 2017-03-21 22:28:02,541: 	 {u'status': u'SUBMITTED', u'username': u'yofeng', u'jobsPerStatus': {u'failed': 2, u'running': 152, u'transferring': 21, u'finished': 7}, u'jobs': {u'133': {u'State': u'running'}, u'132': {u'State': u'transferring'}, u'131': {u'State': u'transferring'}, u'130': {u'State': u'running'}, u'137': {u'State': u'running'}, u'136': {u'State': u'running'}, u'135': {u'State': u'running'}, u'134': {u'State': u'running'}, u'139': {u'State': u'transferring'}, u'138': {u'State': u'transferring'}, u'93': {u'State': u'transferring'}, u'24': {u'State': u'running'}, u'25': {u'State': u'running'}, u'26': {u'State': u'running'}, u'27': {u'State': u'running'}, u'20': {u'State': u'transferring'}, u'21': {u'State': u'running'}, u'22': {u'State': u'finished'}, u'23': {u'State': u'running'}, u'95': {u'State': u'running'}, u'28': {u'State': u'running'}, u'29': {u'State': u'running'}, u'94': {u'State': u'running'}, u'4': {u'State': u'running'}, u'8': {u'State': u'running'}, u'96': {u'State': u'running'}, u'68': {u'State': u'running'}, u'120': {u'State': u'running'}, u'121': {u'State': u'running'}, u'122': {u'State': u'running'}, u'123': {u'State': u'running'}, u'124': {u'State': u'running'}, u'125': {u'State': u'running'}, u'126': {u'State': u'running'}, u'127': {u'State': u'running'}, u'128': {u'State': u'running'}, u'129': {u'State': u'running'}, u'69': {u'State': u'running'}, u'91': {u'State': u'running'}, u'59': {u'State': u'running'}, u'58': {u'State': u'running'}, u'55': {u'State': u'running'}, u'54': {u'State': u'running'}, u'57': {u'State': u'running'}, u'56': {u'State': u'running'}, u'51': {u'State': u'running'}, u'50': {u'State': u'running'}, u'53': {u'State': u'running'}, u'52': {u'State': u'running'}, u'90': {u'State': u'running'}, u'66': {u'State': u'running'}, u'67': {u'State': u'running'}, u'115': {u'State': u'running'}, u'114': {u'State': u'running'}, u'88': {u'State': u'running'}, u'89': {u'State': u'finished'}, u'111': {u'State': u'running'}, u'110': {u'State': u'running'}, u'113': {u'State': u'running'}, u'112': {u'State': u'running'}, u'82': {u'State': u'finished'}, u'83': {u'State': u'running'}, u'80': {u'State': u'running'}, u'81': {u'State': u'running'}, u'119': {u'State': u'running'}, u'118': {u'State': u'running'}, u'84': {u'State': u'running'}, u'85': {u'State': u'finished'}, u'3': {u'State': u'running'}, u'7': {u'State': u'transferring'}, u'92': {u'State': u'running'}, u'108': {u'State': u'running'}, u'109': {u'State': u'running'}, u'102': {u'State': u'running'}, u'103': {u'State': u'running'}, u'100': {u'State': u'running'}, u'101': {u'State': u'running'}, u'106': {u'State': u'running'}, u'107': {u'State': u'running'}, u'104': {u'State': u'transferring'}, u'105': {u'State': u'running'}, u'39': {u'State': u'running'}, u'38': {u'State': u'running'}, u'33': {u'State': u'running'}, u'32': {u'State': u'running'}, u'31': {u'State': u'running'}, u'30': {u'State': u'running'}, u'37': {u'State': u'running'}, u'36': {u'State': u'running'}, u'35': {u'State': u'transferring'}, u'34': {u'State': u'running'}, u'60': {u'State': u'running'}, u'61': {u'State': u'running'}, u'62': {u'State': u'running'}, u'63': {u'State': u'transferring'}, u'64': {u'State': u'running'}, u'65': {u'State': u'running'}, u'179': {u'State': u'running'}, u'178': {u'State': u'running'}, u'177': {u'State': u'running'}, u'176': {u'State': u'running'}, u'175': {u'State': u'running'}, u'174': {u'State': u'running'}, u'173': {u'State': u'running'}, u'172': {u'State': u'running'}, u'171': {u'State': u'running'}, u'170': {u'State': u'running'}, u'182': {u'State': u'running'}, u'180': {u'State': u'running'}, u'181': {u'State': u'running'}, u'6': {u'State': u'running'}, u'97': {u'State': u'running'}, u'99': {u'State': u'running'}, u'98': {u'State': u'running'}, u'168': {u'State': u'running'}, u'169': {u'State': u'running'}, u'164': {u'State': u'running'}, u'165': {u'State': u'running'}, u'166': {u'State': u'running'}, u'167': {u'State': u'running'}, u'160': {u'State': u'running'}, u'161': {u'State': u'running'}, u'162': {u'State': u'failed', u'Error': [50660, u'Job killed by HTCondor due to excessive memory use (RSS=2250 MB). Will not retry it.', {}]}, u'163': {u'State': u'running'}, u'11': {u'State': u'running'}, u'10': {u'State': u'running'}, u'13': {u'State': u'transferring'}, u'12': {u'State': u'running'}, u'15': {u'State': u'running'}, u'14': {u'State': u'running'}, u'17': {u'State': u'finished'}, u'16': {u'State': u'transferring'}, u'19': {u'State': u'running'}, u'18': {u'State': u'transferring'}, u'117': {u'State': u'running'}, u'116': {u'State': u'transferring'}, u'151': {u'State': u'transferring'}, u'150': {u'State': u'running'}, u'153': {u'State': u'transferring'}, u'152': {u'State': u'running'}, u'155': {u'State': u'running'}, u'154': {u'State': u'running'}, u'157': {u'State': u'running'}, u'156': {u'State': u'running'}, u'159': {u'State': u'running'}, u'158': {u'State': u'transferring'}, u'48': {u'State': u'running'}, u'49': {u'State': u'running'}, u'46': {u'State': u'running'}, u'86': {u'State': u'running'}, u'44': {u'State': u'transferring'}, u'45': {u'State': u'transferring'}, u'42': {u'State': u'transferring'}, u'43': {u'State': u'running'}, u'40': {u'State': u'running'}, u'87': {u'State': u'running'}, u'1': {u'State': u'running'}, u'5': {u'State': u'running'}, u'9': {u'State': u'running'}, u'146': {u'State': u'failed', u'Error': [50660, u'Job killed by HTCondor due to excessive memory use (RSS=2250 MB). Will not retry it.', {}]}, u'147': {u'State': u'running'}, u'144': {u'State': u'running'}, u'145': {u'State': u'running'}, u'142': {u'State': u'running'}, u'143': {u'State': u'running'}, u'140': {u'State': u'running'}, u'141': {u'State': u'running'}, u'148': {u'State': u'finished'}, u'149': {u'State': u'running'}, u'77': {u'State': u'running'}, u'76': {u'State': u'running'}, u'75': {u'State': u'running'}, u'74': {u'State': u'running'}, u'73': {u'State': u'running'}, u'72': {u'State': u'running'}, u'71': {u'State': u'running'}, u'70': {u'State': u'running'}, u'79': {u'State': u'transferring'}, u'78': {u'State': u'running'}, u'2': {u'State': u'running'}, u'41': {u'State': u'running'}, u'47': {u'State': u'finished'}}, u'publication': {u'publishing': 0, u'publication_failed': 0, u'not_published': 27, u'published': 1}, u'taskWarningMsg': [], u'schedd': u'crab3@vocms0122.cern.ch', u'publicationFailures': {}, u'outdatasets': [u'/GJets_HT-400To600_TuneCUETP8M1_13TeV-madgraphMLM-pythia8/yofeng-Analysis-20170321-3916c1e008cecbed243ce9af6b0b45c9/USER'], u'statusFailureMsg': u'', u'taskFailureMsg': u'', u'failedJobdefs': 0, u'ASOURL': u'https://cmsweb.cern.ch/couchdb2', u'command': u'SUBMIT', u'totalJobdefs': 0, u'submissionTime': 1490142264, u'jobdefErrors': [], u'collector': u'cmsgwms-collector-global.cern.ch:9620,cmssrv221.fnal.gov:9620', u'jobList': [[u'running', 165], [u'running', 133], [u'transferring', 132], [u'transferring', 131], [u'running', 130], [u'running', 137], [u'running', 136], [u'running', 135], [u'running', 134], [u'transferring', 139], [u'transferring', 138], [u'running', 166], [u'running', 24], [u'running', 25], [u'running', 26], [u'running', 27], [u'transferring', 20], [u'running', 21], [u'finished', 22], [u'running', 23], [u'running', 160], [u'running', 28], [u'running', 29], [u'running', 161], [u'running', 4], [u'running', 8], [u'running', 163], [u'running', 119], [u'running', 120], [u'running', 121], [u'running', 122], [u'running', 123], [u'running', 124], [u'running', 125], [u'running', 126], [u'running', 127], [u'running', 128], [u'running', 129], [u'running', 167], [u'running', 118], [u'running', 59], [u'running', 58], [u'running', 55], [u'running', 54], [u'running', 57], [u'running', 56], [u'running', 51], [u'running', 50], [u'running', 53], [u'running', 52], [u'running', 164], [u'running', 179], [u'running', 178], [u'running', 115], [u'running', 114], [u'running', 88], [u'finished', 89], [u'running', 111], [u'running', 110], [u'running', 113], [u'running', 112], [u'finished', 82], [u'running', 83], [u'running', 80], [u'running', 81], [u'running', 86], [u'running', 87], [u'running', 84], [u'finished', 85], [u'running', 3], [u'running', 177], [u'transferring', 7], [u'running', 108], [u'running', 109], [u'running', 102], [u'running', 103], [u'running', 100], [u'running', 101], [u'running', 106], [u'running', 107], [u'transferring', 104], [u'running', 105], [u'running', 39], [u'running', 38], [u'running', 33], [u'running', 32], [u'running', 31], [u'running', 30], [u'running', 37], [u'running', 36], [u'transferring', 35], [u'running', 34], [u'running', 176], [u'running', 60], [u'running', 61], [u'running', 62], [u'transferring', 63], [u'running', 64], [u'running', 65], [u'running', 66], [u'running', 67], [u'running', 68], [u'running', 69], [u'running', 175], [u'running', 174], [u'running', 173], [u'running', 172], [u'running', 171], [u'running', 170], [u'running', 181], [u'running', 182], [u'running', 180], [u'running', 2], [u'failed', 162], [u'running', 6], [u'running', 99], [u'running', 98], [u'running', 168], [u'running', 169], [u'running', 91], [u'running', 90], [u'transferring', 93], [u'running', 92], [u'running', 95], [u'running', 94], [u'running', 97], [u'running', 96], [u'running', 11], [u'running', 10], [u'transferring', 13], [u'running', 12], [u'running', 15], [u'running', 14], [u'finished', 17], [u'transferring', 16], [u'running', 19], [u'transferring', 18], [u'running', 117], [u'transferring', 116], [u'transferring', 151], [u'running', 150], [u'transferring', 153], [u'running', 152], [u'running', 155], [u'running', 154], [u'running', 157], [u'running', 156], [u'running', 159], [u'transferring', 158], [u'running', 48], [u'running', 49], [u'running', 46], [u'finished', 47], [u'transferring', 44], [u'transferring', 45], [u'transferring', 42], [u'running', 43], [u'running', 40], [u'running', 41], [u'running', 1], [u'running', 5], [u'running', 9], [u'failed', 146], [u'running', 147], [u'running', 144], [u'running', 145], [u'running', 142], [u'running', 143], [u'running', 140], [u'running', 141], [u'finished', 148], [u'running', 149], [u'running', 77], [u'running', 76], [u'running', 75], [u'running', 74], [u'running', 73], [u'running', 72], [u'running', 71], [u'running', 70], [u'transferring', 79], [u'running', 78]]}
INFO 2017-03-21 22:28:02,541: 	 CRAB project directory:		/data/users/fengyb/CMSSW_7_6_3/src/EmergingJetAnalysis/crabTasks/crab_Analysis-20170321-2017-0321-v8/crab_Analysis-20170321-GJets_HT-400To600_RunIIFall15DR76-2017-0321-202358
INFO 2017-03-21 22:28:02,542: 	 Task name:			170322_002424:yofeng_crab_Analysis-20170321-GJets_HT-400To600_RunIIFall15DR76-2017-0321-202358
INFO 2017-03-21 22:28:02,542: 	 Grid scheduler:			crab3@vocms0122.cern.ch
INFO 2017-03-21 22:28:02,542: 	 Task status:			SUBMITTED
INFO 2017-03-21 22:28:02,542: 	 Task URL to use for HELP:	https://cmsweb.cern.ch/crabserver/ui/task/170322_002424%3Ayofeng_crab_Analysis-20170321-GJets_HT-400To600_RunIIFall15DR76-2017-0321-202358
INFO 2017-03-21 22:28:02,542: 	 Dashboard monitoring URL:	http://dashb-cms-job.cern.ch/dashboard/templates/task-analysis/#user=yofeng&table=Mains&pattern=170322_002424%3Ayofeng_crab_Analysis-20170321-GJets_HT-400To600_RunIIFall15DR76-2017-0321-202358
INFO 2017-03-21 22:28:02,542: 	 
Jobs status:			failed          1.1% (  2/182)
INFO 2017-03-21 22:28:02,542: 	 				finished        3.8% (  7/182)
INFO 2017-03-21 22:28:02,542: 	 				running        83.5% (152/182)
INFO 2017-03-21 22:28:02,542: 	 				transferring   11.5% ( 21/182)
INFO 2017-03-21 22:28:02,542: 	 
Publication status:		idle           14.8% ( 27/182)
				finished        0.5% (  1/182)
				unsubmitted    84.6% (154/182)
INFO 2017-03-21 22:28:02,543: 	 
Output dataset:			/GJets_HT-400To600_TuneCUETP8M1_13TeV-madgraphMLM-pythia8/yofeng-Analysis-20170321-3916c1e008cecbed243ce9af6b0b45c9/USER
Output dataset DAS URL:		https://cmsweb.cern.ch/das/request?input=%2FGJets_HT-400To600_TuneCUETP8M1_13TeV-madgraphMLM-pythia8%2Fyofeng-Analysis-20170321-3916c1e008cecbed243ce9af6b0b45c9%2FUSER&instance=prod%2Fphys03
INFO 2017-03-21 22:28:02,543: 	 
Error Summary: (use crab status --verboseErrors for details about the errors)

  2 jobs failed with exit code 50660

Have a look at https://twiki.cern.ch/twiki/bin/viewauth/CMSPublic/JobExitCodes for a description of the exit codes.
INFO 2017-03-21 22:28:02,546: 	 Log file is /data/users/fengyb/CMSSW_7_6_3/src/EmergingJetAnalysis/crabTasks/crab_Analysis-20170321-2017-0321-v8/crab_Analysis-20170321-GJets_HT-400To600_RunIIFall15DR76-2017-0321-202358/crab.log
DEBUG 2017-03-21 22:28:11,638: 	 Executing command: 'resubmit'
DEBUG 2017-03-21 22:28:11,639: 	 Found CRAB cache file /home/fengyb/.crab3
DEBUG 2017-03-21 22:28:11,647: 	 Checking credentials
DEBUG 2017-03-21 22:28:11,647: 	 Found proxy file /tmp/x509up_u1701
DEBUG 2017-03-21 22:28:11,647: 	 Getting proxy life time left
DEBUG 2017-03-21 22:28:11,751: 	 Executing : 
 command : voms-proxy-info -file /tmp/x509up_u1701 -timeleft
 output : 42968

 error: 
 retcode : 0
DEBUG 2017-03-21 22:28:11,854: 	 Executing : 
 command : voms-proxy-info -file /tmp/x509up_u1701 -actimeleft
 output : 42968

 error: 
 retcode : 0
DEBUG 2017-03-21 22:28:11,854: 	 Proxy valid for 11:56:08 hours
DEBUG 2017-03-21 22:28:11,965: 	 Executing : 
 command : openssl x509 -in ~/.globus/usercert.pem -subject -noout
 output : subject= /DC=ch/DC=cern/OU=Organic Units/OU=Users/CN=yofeng/CN=785825/CN=Yongbin Feng

 error: 
 retcode : 0
DEBUG 2017-03-21 22:28:11,966: 	 Checking credentials
DEBUG 2017-03-21 22:28:11,966: 	 Found proxy file /tmp/x509up_u1701
DEBUG 2017-03-21 22:28:11,966: 	 Getting proxy life time left
DEBUG 2017-03-21 22:28:12,069: 	 Executing : 
 command : voms-proxy-info -file /tmp/x509up_u1701 -timeleft
 output : 42968

 error: 
 retcode : 0
DEBUG 2017-03-21 22:28:12,172: 	 Executing : 
 command : voms-proxy-info -file /tmp/x509up_u1701 -actimeleft
 output : 42967

 error: 
 retcode : 0
DEBUG 2017-03-21 22:28:12,173: 	 Proxy valid for 11:56:08 hours
DEBUG 2017-03-21 22:28:13,364: 	 Registering user credentials for server /DC=ch/DC=cern/OU=computers/CN=vocms(045|052|021|031|0118|0118a|0119|0108|0105).cern.ch
DEBUG 2017-03-21 22:28:13,472: 	 Executing : 
 command : openssl x509 -in ~/.globus/usercert.pem -subject -noout
 output : subject= /DC=ch/DC=cern/OU=Organic Units/OU=Users/CN=yofeng/CN=785825/CN=Yongbin Feng

 error: 
 retcode : 0
DEBUG 2017-03-21 22:28:13,472: 	 Getting myproxy life time left for myproxy.cern.ch
DEBUG 2017-03-21 22:28:13,472: 	 Calculating hash of /DC=ch/DC=cern/OU=Organic Units/OU=Users/CN=yofeng/CN=785825/CN=Yongbin Feng_cmsweb.cern.ch for credential name
DEBUG 2017-03-21 22:28:14,377: 	 Executing : 
 command : myproxy-info -l 46a32ae7e95f6185805e22dd0e47513ea7de8fa0 -s myproxy.cern.ch
 output : username: 46a32ae7e95f6185805e22dd0e47513ea7de8fa0
owner: /DC=ch/DC=cern/OU=Organic Units/OU=Users/CN=yofeng/CN=785825/CN=Yongbin Feng
  renewal policy: /DC=ch/DC=cern/OU=computers/CN=vocms(045|052|021|031|0118|0118a|0119|0108|0105).cern.ch
  trusted retrieval policy: /DC=ch/DC=cern/OU=computers/CN=vocms(045|052|021|031|0118|0118a|0119|0108|0105).cern.ch
  timeleft: 593:45:49  (24.7 days)

 error: 
 retcode : 0
DEBUG 2017-03-21 22:28:14,378: 	 Myproxy is valid: 2137549
DEBUG 2017-03-21 22:28:14,378: 	 Command use: resubmit
DEBUG 2017-03-21 22:28:14,378: 	 Options use: ['-d', 'crab_Analysis-20170321-GJets_HT-400To600_RunIIFall15DR76-2017-0321-202358/']
DEBUG 2017-03-21 22:28:15,538: 	 CRABClient version: 3.3.1703
DEBUG 2017-03-21 22:28:15,539: 	 Instance is prod
DEBUG 2017-03-21 22:28:15,539: 	 Server base url is cmsweb.cern.ch
DEBUG 2017-03-21 22:28:15,539: 	 Command url /crabserver/prod/workflow
DEBUG 2017-03-21 22:28:15,539: 	 Requesting resubmission of failed jobs in task 170322_002424:yofeng_crab_Analysis-20170321-GJets_HT-400To600_RunIIFall15DR76-2017-0321-202358
INFO 2017-03-21 22:28:15,539: 	 Sending resubmit request to the server.
DEBUG 2017-03-21 22:28:15,539: 	 Submitting {'publication': 0, 'force': 0, 'subresource': 'resubmit', 'workflow': u'170322_002424:yofeng_crab_Analysis-20170321-GJets_HT-400To600_RunIIFall15DR76-2017-0321-202358'} 
DEBUG 2017-03-21 22:28:15,539: 	 Encoded resubmit request: publication=0&force=0&subresource=resubmit&workflow=170322_002424%3Ayofeng_crab_Analysis-20170321-GJets_HT-400To600_RunIIFall15DR76-2017-0321-202358
DEBUG 2017-03-21 22:28:17,639: 	 Result: {u'result': [{u'result': u'ok'}], u'desc': {u'columns': [u'tm_site_blacklist', u'tm_site_whitelist', u'tm_maxjobruntime', u'tm_maxmemory', u'tm_numcores', u'tm_priority']}}
INFO 2017-03-21 22:28:17,639: 	 Resubmit request sent to the server.
INFO 2017-03-21 22:28:17,639: 	 Please use 'crab status' to check how the resubmission process proceeds.
Notice it may take a couple of minutes for the resubmission to get fully processed.
INFO 2017-03-21 22:28:17,641: 	 Log file is /data/users/fengyb/CMSSW_7_6_3/src/EmergingJetAnalysis/crabTasks/crab_Analysis-20170321-2017-0321-v8/crab_Analysis-20170321-GJets_HT-400To600_RunIIFall15DR76-2017-0321-202358/crab.log
DEBUG 2017-03-22 17:44:14,912: 	 Executing command: 'status'
DEBUG 2017-03-22 17:44:14,983: 	 Found CRAB cache file /home/fengyb/.crab3
DEBUG 2017-03-22 17:44:15,198: 	 Checking credentials
DEBUG 2017-03-22 17:44:15,198: 	 Found proxy file /tmp/x509up_u1701
DEBUG 2017-03-22 17:44:15,198: 	 Getting proxy life time left
DEBUG 2017-03-22 17:44:15,302: 	 Executing : 
 command : voms-proxy-info -file /tmp/x509up_u1701 -timeleft
 output : 43190

 error: 
 retcode : 0
DEBUG 2017-03-22 17:44:15,405: 	 Executing : 
 command : voms-proxy-info -file /tmp/x509up_u1701 -actimeleft
 output : 43190

 error: 
 retcode : 0
DEBUG 2017-03-22 17:44:15,406: 	 Proxy valid for 11:59:50 hours
DEBUG 2017-03-22 17:44:15,620: 	 Executing : 
 command : openssl x509 -in ~/.globus/usercert.pem -subject -noout
 output : subject= /DC=ch/DC=cern/OU=Organic Units/OU=Users/CN=yofeng/CN=785825/CN=Yongbin Feng

 error: 
 retcode : 0
DEBUG 2017-03-22 17:44:15,620: 	 Checking credentials
DEBUG 2017-03-22 17:44:15,621: 	 Found proxy file /tmp/x509up_u1701
DEBUG 2017-03-22 17:44:15,621: 	 Getting proxy life time left
DEBUG 2017-03-22 17:44:15,724: 	 Executing : 
 command : voms-proxy-info -file /tmp/x509up_u1701 -timeleft
 output : 43190

 error: 
 retcode : 0
DEBUG 2017-03-22 17:44:15,827: 	 Executing : 
 command : voms-proxy-info -file /tmp/x509up_u1701 -actimeleft
 output : 43190

 error: 
 retcode : 0
DEBUG 2017-03-22 17:44:15,828: 	 Proxy valid for 11:59:50 hours
DEBUG 2017-03-22 17:44:17,364: 	 Registering user credentials for server /DC=ch/DC=cern/OU=computers/CN=vocms(045|052|021|031|0118|0118a|0119|0108|0105).cern.ch
DEBUG 2017-03-22 17:44:17,472: 	 Executing : 
 command : openssl x509 -in ~/.globus/usercert.pem -subject -noout
 output : subject= /DC=ch/DC=cern/OU=Organic Units/OU=Users/CN=yofeng/CN=785825/CN=Yongbin Feng

 error: 
 retcode : 0
DEBUG 2017-03-22 17:44:17,472: 	 Getting myproxy life time left for myproxy.cern.ch
DEBUG 2017-03-22 17:44:17,472: 	 Calculating hash of /DC=ch/DC=cern/OU=Organic Units/OU=Users/CN=yofeng/CN=785825/CN=Yongbin Feng_cmsweb.cern.ch for credential name
DEBUG 2017-03-22 17:44:18,978: 	 Executing : 
 command : myproxy-info -l 46a32ae7e95f6185805e22dd0e47513ea7de8fa0 -s myproxy.cern.ch
 output : username: 46a32ae7e95f6185805e22dd0e47513ea7de8fa0
owner: /DC=ch/DC=cern/OU=Organic Units/OU=Users/CN=yofeng/CN=785825/CN=Yongbin Feng
  renewal policy: /DC=ch/DC=cern/OU=computers/CN=vocms(045|052|021|031|0118|0118a|0119|0108|0105).cern.ch
  trusted retrieval policy: /DC=ch/DC=cern/OU=computers/CN=vocms(045|052|021|031|0118|0118a|0119|0108|0105).cern.ch
  timeleft: 574:29:45  (23.9 days)

 error: 
 retcode : 0
DEBUG 2017-03-22 17:44:18,979: 	 Myproxy is valid: 2068185
DEBUG 2017-03-22 17:44:18,979: 	 Command use: status
DEBUG 2017-03-22 17:44:18,979: 	 Options use: ['-d', 'crab_Analysis-20170321-GJets_HT-400To600_RunIIFall15DR76-2017-0321-202358']
DEBUG 2017-03-22 17:44:20,120: 	 CRABClient version: 3.3.1703
DEBUG 2017-03-22 17:44:20,120: 	 Instance is prod
DEBUG 2017-03-22 17:44:20,120: 	 Server base url is cmsweb.cern.ch
DEBUG 2017-03-22 17:44:20,120: 	 Command url /crabserver/prod/workflow
DEBUG 2017-03-22 17:44:20,120: 	 Looking up detailed status of task 170322_002424:yofeng_crab_Analysis-20170321-GJets_HT-400To600_RunIIFall15DR76-2017-0321-202358
DEBUG 2017-03-22 17:44:21,878: 	 {u'status': u'COMPLETED', u'username': u'yofeng', u'jobsPerStatus': {u'finished': 182}, u'jobs': {u'133': {u'State': u'finished'}, u'132': {u'State': u'finished'}, u'131': {u'State': u'finished'}, u'130': {u'State': u'finished'}, u'137': {u'State': u'finished'}, u'136': {u'State': u'finished'}, u'135': {u'State': u'finished'}, u'134': {u'State': u'finished'}, u'139': {u'State': u'finished'}, u'138': {u'State': u'finished'}, u'93': {u'State': u'finished'}, u'24': {u'State': u'finished'}, u'25': {u'State': u'finished'}, u'26': {u'State': u'finished'}, u'27': {u'State': u'finished'}, u'20': {u'State': u'finished'}, u'21': {u'State': u'finished'}, u'22': {u'State': u'finished'}, u'23': {u'State': u'finished'}, u'95': {u'State': u'finished'}, u'28': {u'State': u'finished'}, u'29': {u'State': u'finished'}, u'94': {u'State': u'finished'}, u'4': {u'State': u'finished'}, u'8': {u'State': u'finished'}, u'96': {u'State': u'finished'}, u'68': {u'State': u'finished'}, u'120': {u'State': u'finished'}, u'121': {u'State': u'finished'}, u'122': {u'State': u'finished'}, u'123': {u'State': u'finished'}, u'124': {u'State': u'finished'}, u'125': {u'State': u'finished'}, u'126': {u'State': u'finished'}, u'127': {u'State': u'finished'}, u'128': {u'State': u'finished'}, u'129': {u'State': u'finished'}, u'69': {u'State': u'finished'}, u'91': {u'State': u'finished'}, u'59': {u'State': u'finished'}, u'58': {u'State': u'finished'}, u'55': {u'State': u'finished'}, u'54': {u'State': u'finished'}, u'57': {u'State': u'finished'}, u'56': {u'State': u'finished'}, u'51': {u'State': u'finished'}, u'50': {u'State': u'finished'}, u'53': {u'State': u'finished'}, u'52': {u'State': u'finished'}, u'90': {u'State': u'finished'}, u'66': {u'State': u'finished'}, u'67': {u'State': u'finished'}, u'115': {u'State': u'finished'}, u'114': {u'State': u'finished'}, u'88': {u'State': u'finished'}, u'89': {u'State': u'finished'}, u'111': {u'State': u'finished'}, u'110': {u'State': u'finished'}, u'113': {u'State': u'finished'}, u'112': {u'State': u'finished'}, u'82': {u'State': u'finished'}, u'83': {u'State': u'finished'}, u'80': {u'State': u'finished'}, u'81': {u'State': u'finished'}, u'119': {u'State': u'finished'}, u'118': {u'State': u'finished'}, u'84': {u'State': u'finished'}, u'85': {u'State': u'finished'}, u'3': {u'State': u'finished'}, u'7': {u'State': u'finished'}, u'92': {u'State': u'finished'}, u'108': {u'State': u'finished'}, u'109': {u'State': u'finished'}, u'102': {u'State': u'finished'}, u'103': {u'State': u'finished'}, u'100': {u'State': u'finished'}, u'101': {u'State': u'finished'}, u'106': {u'State': u'finished'}, u'107': {u'State': u'finished'}, u'104': {u'State': u'finished'}, u'105': {u'State': u'finished'}, u'39': {u'State': u'finished'}, u'38': {u'State': u'finished'}, u'33': {u'State': u'finished'}, u'32': {u'State': u'finished'}, u'31': {u'State': u'finished'}, u'30': {u'State': u'finished'}, u'37': {u'State': u'finished'}, u'36': {u'State': u'finished'}, u'35': {u'State': u'finished'}, u'34': {u'State': u'finished'}, u'60': {u'State': u'finished'}, u'61': {u'State': u'finished'}, u'62': {u'State': u'finished'}, u'63': {u'State': u'finished'}, u'64': {u'State': u'finished'}, u'65': {u'State': u'finished'}, u'179': {u'State': u'finished'}, u'178': {u'State': u'finished'}, u'177': {u'State': u'finished'}, u'176': {u'State': u'finished'}, u'175': {u'State': u'finished'}, u'174': {u'State': u'finished'}, u'173': {u'State': u'finished'}, u'172': {u'State': u'finished'}, u'171': {u'State': u'finished'}, u'170': {u'State': u'finished'}, u'182': {u'State': u'finished'}, u'180': {u'State': u'finished'}, u'181': {u'State': u'finished'}, u'6': {u'State': u'finished'}, u'97': {u'State': u'finished'}, u'99': {u'State': u'finished'}, u'98': {u'State': u'finished'}, u'168': {u'State': u'finished'}, u'169': {u'State': u'finished'}, u'164': {u'State': u'finished'}, u'165': {u'State': u'finished'}, u'166': {u'State': u'finished'}, u'167': {u'State': u'finished'}, u'160': {u'State': u'finished'}, u'161': {u'State': u'finished'}, u'162': {u'State': u'finished'}, u'163': {u'State': u'finished'}, u'11': {u'State': u'finished'}, u'10': {u'State': u'finished'}, u'13': {u'State': u'finished'}, u'12': {u'State': u'finished'}, u'15': {u'State': u'finished'}, u'14': {u'State': u'finished'}, u'17': {u'State': u'finished'}, u'16': {u'State': u'finished'}, u'19': {u'State': u'finished'}, u'18': {u'State': u'finished'}, u'117': {u'State': u'finished'}, u'116': {u'State': u'finished'}, u'151': {u'State': u'finished'}, u'150': {u'State': u'finished'}, u'153': {u'State': u'finished'}, u'152': {u'State': u'finished'}, u'155': {u'State': u'finished'}, u'154': {u'State': u'finished'}, u'157': {u'State': u'finished'}, u'156': {u'State': u'finished'}, u'159': {u'State': u'finished'}, u'158': {u'State': u'finished'}, u'48': {u'State': u'finished'}, u'49': {u'State': u'finished'}, u'46': {u'State': u'finished'}, u'86': {u'State': u'finished'}, u'44': {u'State': u'finished'}, u'45': {u'State': u'finished'}, u'42': {u'State': u'finished'}, u'43': {u'State': u'finished'}, u'40': {u'State': u'finished'}, u'87': {u'State': u'finished'}, u'1': {u'State': u'finished'}, u'5': {u'State': u'finished'}, u'9': {u'State': u'finished'}, u'146': {u'State': u'finished'}, u'147': {u'State': u'finished'}, u'144': {u'State': u'finished'}, u'145': {u'State': u'finished'}, u'142': {u'State': u'finished'}, u'143': {u'State': u'finished'}, u'140': {u'State': u'finished'}, u'141': {u'State': u'finished'}, u'148': {u'State': u'finished'}, u'149': {u'State': u'finished'}, u'77': {u'State': u'finished'}, u'76': {u'State': u'finished'}, u'75': {u'State': u'finished'}, u'74': {u'State': u'finished'}, u'73': {u'State': u'finished'}, u'72': {u'State': u'finished'}, u'71': {u'State': u'finished'}, u'70': {u'State': u'finished'}, u'79': {u'State': u'finished'}, u'78': {u'State': u'finished'}, u'2': {u'State': u'finished'}, u'41': {u'State': u'finished'}, u'47': {u'State': u'finished'}}, u'publication': {u'publishing': 0, u'publication_failed': 0, u'not_published': 0, u'published': 182}, u'taskWarningMsg': [], u'schedd': u'crab3@vocms0122.cern.ch', u'publicationFailures': {}, u'outdatasets': [u'/GJets_HT-400To600_TuneCUETP8M1_13TeV-madgraphMLM-pythia8/yofeng-Analysis-20170321-3916c1e008cecbed243ce9af6b0b45c9/USER'], u'statusFailureMsg': u'', u'taskFailureMsg': u'', u'failedJobdefs': 0, u'ASOURL': u'https://cmsweb.cern.ch/couchdb2', u'command': u'', u'totalJobdefs': 0, u'submissionTime': 1490142264, u'jobdefErrors': [], u'collector': u'cmsgwms-collector-global.cern.ch:9620,cmssrv221.fnal.gov:9620', u'jobList': [[u'finished', 165], [u'finished', 133], [u'finished', 132], [u'finished', 131], [u'finished', 130], [u'finished', 137], [u'finished', 136], [u'finished', 135], [u'finished', 134], [u'finished', 139], [u'finished', 138], [u'finished', 166], [u'finished', 24], [u'finished', 25], [u'finished', 26], [u'finished', 27], [u'finished', 20], [u'finished', 21], [u'finished', 22], [u'finished', 23], [u'finished', 160], [u'finished', 28], [u'finished', 29], [u'finished', 161], [u'finished', 4], [u'finished', 8], [u'finished', 163], [u'finished', 119], [u'finished', 120], [u'finished', 121], [u'finished', 122], [u'finished', 123], [u'finished', 124], [u'finished', 125], [u'finished', 126], [u'finished', 127], [u'finished', 128], [u'finished', 129], [u'finished', 167], [u'finished', 118], [u'finished', 59], [u'finished', 58], [u'finished', 55], [u'finished', 54], [u'finished', 57], [u'finished', 56], [u'finished', 51], [u'finished', 50], [u'finished', 53], [u'finished', 52], [u'finished', 164], [u'finished', 179], [u'finished', 178], [u'finished', 115], [u'finished', 114], [u'finished', 88], [u'finished', 89], [u'finished', 111], [u'finished', 110], [u'finished', 113], [u'finished', 112], [u'finished', 82], [u'finished', 83], [u'finished', 80], [u'finished', 81], [u'finished', 86], [u'finished', 87], [u'finished', 84], [u'finished', 85], [u'finished', 3], [u'finished', 177], [u'finished', 7], [u'finished', 108], [u'finished', 109], [u'finished', 102], [u'finished', 103], [u'finished', 100], [u'finished', 101], [u'finished', 106], [u'finished', 107], [u'finished', 104], [u'finished', 105], [u'finished', 39], [u'finished', 38], [u'finished', 33], [u'finished', 32], [u'finished', 31], [u'finished', 30], [u'finished', 37], [u'finished', 36], [u'finished', 35], [u'finished', 34], [u'finished', 176], [u'finished', 60], [u'finished', 61], [u'finished', 62], [u'finished', 63], [u'finished', 64], [u'finished', 65], [u'finished', 66], [u'finished', 67], [u'finished', 68], [u'finished', 69], [u'finished', 175], [u'finished', 174], [u'finished', 173], [u'finished', 172], [u'finished', 171], [u'finished', 170], [u'finished', 181], [u'finished', 182], [u'finished', 180], [u'finished', 2], [u'finished', 162], [u'finished', 6], [u'finished', 99], [u'finished', 98], [u'finished', 168], [u'finished', 169], [u'finished', 91], [u'finished', 90], [u'finished', 93], [u'finished', 92], [u'finished', 95], [u'finished', 94], [u'finished', 97], [u'finished', 96], [u'finished', 11], [u'finished', 10], [u'finished', 13], [u'finished', 12], [u'finished', 15], [u'finished', 14], [u'finished', 17], [u'finished', 16], [u'finished', 19], [u'finished', 18], [u'finished', 117], [u'finished', 116], [u'finished', 151], [u'finished', 150], [u'finished', 153], [u'finished', 152], [u'finished', 155], [u'finished', 154], [u'finished', 157], [u'finished', 156], [u'finished', 159], [u'finished', 158], [u'finished', 48], [u'finished', 49], [u'finished', 46], [u'finished', 47], [u'finished', 44], [u'finished', 45], [u'finished', 42], [u'finished', 43], [u'finished', 40], [u'finished', 41], [u'finished', 1], [u'finished', 5], [u'finished', 9], [u'finished', 146], [u'finished', 147], [u'finished', 144], [u'finished', 145], [u'finished', 142], [u'finished', 143], [u'finished', 140], [u'finished', 141], [u'finished', 148], [u'finished', 149], [u'finished', 77], [u'finished', 76], [u'finished', 75], [u'finished', 74], [u'finished', 73], [u'finished', 72], [u'finished', 71], [u'finished', 70], [u'finished', 79], [u'finished', 78]]}
INFO 2017-03-22 17:44:21,878: 	 CRAB project directory:		/data/users/fengyb/CMSSW_7_6_3/src/EmergingJetAnalysis/crabTasks/crab_Analysis-20170321-2017-0321-v8/crab_Analysis-20170321-GJets_HT-400To600_RunIIFall15DR76-2017-0321-202358
INFO 2017-03-22 17:44:21,878: 	 Task name:			170322_002424:yofeng_crab_Analysis-20170321-GJets_HT-400To600_RunIIFall15DR76-2017-0321-202358
INFO 2017-03-22 17:44:21,878: 	 Grid scheduler:			crab3@vocms0122.cern.ch
INFO 2017-03-22 17:44:21,878: 	 Task status:			COMPLETED
INFO 2017-03-22 17:44:21,878: 	 Task URL to use for HELP:	https://cmsweb.cern.ch/crabserver/ui/task/170322_002424%3Ayofeng_crab_Analysis-20170321-GJets_HT-400To600_RunIIFall15DR76-2017-0321-202358
INFO 2017-03-22 17:44:21,878: 	 Dashboard monitoring URL:	http://dashb-cms-job.cern.ch/dashboard/templates/task-analysis/#user=yofeng&table=Mains&pattern=170322_002424%3Ayofeng_crab_Analysis-20170321-GJets_HT-400To600_RunIIFall15DR76-2017-0321-202358
INFO 2017-03-22 17:44:21,878: 	 
Jobs status:			finished      100.0% (182/182)
INFO 2017-03-22 17:44:21,878: 	 
Publication status:		finished      100.0% (182/182)
INFO 2017-03-22 17:44:21,879: 	 
Output dataset:			/GJets_HT-400To600_TuneCUETP8M1_13TeV-madgraphMLM-pythia8/yofeng-Analysis-20170321-3916c1e008cecbed243ce9af6b0b45c9/USER
Output dataset DAS URL:		https://cmsweb.cern.ch/das/request?input=%2FGJets_HT-400To600_TuneCUETP8M1_13TeV-madgraphMLM-pythia8%2Fyofeng-Analysis-20170321-3916c1e008cecbed243ce9af6b0b45c9%2FUSER&instance=prod%2Fphys03
INFO 2017-03-22 17:44:21,882: 	 Log file is /data/users/fengyb/CMSSW_7_6_3/src/EmergingJetAnalysis/crabTasks/crab_Analysis-20170321-2017-0321-v8/crab_Analysis-20170321-GJets_HT-400To600_RunIIFall15DR76-2017-0321-202358/crab.log
