['skim', 'analyze']
# Conditions read from  CMS_CONDITIONS  via FrontierProd 

####################
Adding Skim step
####################

Adding GJet Skim step.
triggerSelection should be verified for new datasets.
photonID should be modified for each global tag.
 switching PAT Tau input to:  cms.InputTag("hpsPFTauProducer76xReMiniAOD")

####################
Adding Analyze step
####################

CMSSW_VERSION is CMSSW_7_6_3
Using the following global tags [MC, DATA]:
['76X_mcRun2_asymptotic_RunIIFall15DR76_v1', '76X_dataRun2_16Dec2015_v0']
DEBUG 2017-02-13 20:27:22,610: 	 Executing command: 'submit'
DEBUG 2017-02-13 20:27:22,652: 	 Found CRAB cache file /home/fengyb/.crab3
DEBUG 2017-02-13 20:27:22,660: 	 Checking credentials
DEBUG 2017-02-13 20:27:22,660: 	 Found proxy file /tmp/x509up_u1701
DEBUG 2017-02-13 20:27:22,660: 	 Getting proxy life time left
DEBUG 2017-02-13 20:27:22,763: 	 Executing : 
 command : voms-proxy-info -file /tmp/x509up_u1701 -timeleft
 output : 42501

 error: 
 retcode : 0
DEBUG 2017-02-13 20:27:22,866: 	 Executing : 
 command : voms-proxy-info -file /tmp/x509up_u1701 -actimeleft
 output : 42501

 error: 
 retcode : 0
DEBUG 2017-02-13 20:27:22,867: 	 Proxy valid for 11:48:21 hours
DEBUG 2017-02-13 20:27:22,868: 	 Will use CRAB Analysis plugin (i.e. will run an analysis job type).
DEBUG 2017-02-13 20:27:23,038: 	 Executing : 
 command : openssl x509 -in ~/.globus/usercert.pem -subject -noout
 output : subject= /DC=ch/DC=cern/OU=Organic Units/OU=Users/CN=yofeng/CN=785825/CN=Yongbin Feng

 error: 
 retcode : 0
DEBUG 2017-02-13 20:27:23,039: 	 Checking credentials
DEBUG 2017-02-13 20:27:23,039: 	 Found proxy file /tmp/x509up_u1701
DEBUG 2017-02-13 20:27:23,039: 	 Getting proxy life time left
DEBUG 2017-02-13 20:27:23,142: 	 Executing : 
 command : voms-proxy-info -file /tmp/x509up_u1701 -timeleft
 output : 42500

 error: 
 retcode : 0
DEBUG 2017-02-13 20:27:23,245: 	 Executing : 
 command : voms-proxy-info -file /tmp/x509up_u1701 -actimeleft
 output : 42500

 error: 
 retcode : 0
DEBUG 2017-02-13 20:27:23,245: 	 Proxy valid for 11:48:20 hours
DEBUG 2017-02-13 20:27:23,348: 	 Executing : 
 command : env X509_USER_PROXY=/tmp/x509up_u1701 voms-proxy-info -fqan
 output : /cms/Role=NULL/Capability=NULL

 error: 
 retcode : 0
DEBUG 2017-02-13 20:27:54,774: 	 Registering user credentials for server /DC=ch/DC=cern/OU=computers/CN=vocms(045|052|021|031|0118|0118a|0119|0108|0105).cern.ch
DEBUG 2017-02-13 20:27:54,884: 	 Executing : 
 command : openssl x509 -in ~/.globus/usercert.pem -subject -noout
 output : subject= /DC=ch/DC=cern/OU=Organic Units/OU=Users/CN=yofeng/CN=785825/CN=Yongbin Feng

 error: 
 retcode : 0
DEBUG 2017-02-13 20:27:54,884: 	 Getting myproxy life time left for myproxy.cern.ch
DEBUG 2017-02-13 20:27:54,884: 	 Calculating hash of /DC=ch/DC=cern/OU=Organic Units/OU=Users/CN=yofeng/CN=785825/CN=Yongbin Feng_cmsweb.cern.ch for credential name
DEBUG 2017-02-13 20:27:56,289: 	 Executing : 
 command : myproxy-info -l 46a32ae7e95f6185805e22dd0e47513ea7de8fa0 -s myproxy.cern.ch
 output : username: 46a32ae7e95f6185805e22dd0e47513ea7de8fa0
owner: /DC=ch/DC=cern/OU=Organic Units/OU=Users/CN=yofeng/CN=785825/CN=Yongbin Feng
  renewal policy: /DC=ch/DC=cern/OU=computers/CN=vocms(045|052|021|031|0118|0118a|0119|0108|0105).cern.ch
  trusted retrieval policy: /DC=ch/DC=cern/OU=computers/CN=vocms(045|052|021|031|0118|0118a|0119|0108|0105).cern.ch
  timeleft: 616:06:48  (25.7 days)

 error: 
 retcode : 0
DEBUG 2017-02-13 20:27:56,290: 	 Myproxy is valid: 2218008
DEBUG 2017-02-13 20:27:56,290: 	 Command use: submit
DEBUG 2017-02-13 20:27:56,290: 	 Options use: ['--config', <WMCore.Configuration.Configuration object at 0x22739d0>]
DEBUG 2017-02-13 20:27:57,583: 	 CRABClient version: 3.3.1702
DEBUG 2017-02-13 20:27:57,583: 	 Instance is prod
DEBUG 2017-02-13 20:27:57,583: 	 Server base url is cmsweb.cern.ch
DEBUG 2017-02-13 20:27:57,583: 	 Command url /crabserver/prod/workflow
DEBUG 2017-02-13 20:27:57,583: 	 Started submission
DEBUG 2017-02-13 20:27:57,583: 	 Working on /data/users/fengyb/CMSSW_7_6_3/src/EmergingJetAnalysis/crabTasks/crab_Analysis-20170213-2017-0213-v0/crab_Analysis-20170213-GJets_HT-600ToInf_RunIIFall15DR76-2017-0213-202722
DEBUG 2017-02-13 20:27:59,267: 	 Loading required information from the environment
DEBUG 2017-02-13 20:27:59,267: 	 Found CMSSW_7_6_3 for slc6_amd64_gcc493 with base /data/users/fengyb/CMSSW_7_6_3
DEBUG 2017-02-13 20:27:59,267: 	 Loading required information from the environment
DEBUG 2017-02-13 20:27:59,268: 	 Found CMSSW_7_6_3 for slc6_amd64_gcc493 with base /data/users/fengyb/CMSSW_7_6_3
DEBUG 2017-02-13 20:27:59,282: 	 UNIQUE NAME: tarUUID 16c21235-baaa-4395-a8f2-b91c29c47d72 
DEBUG 2017-02-13 20:27:59,283: 	 self.config: from WMCore.Configuration import Configuration
config = Configuration()
config.section_('General')
config.General.workArea = 'crabTasks/crab_Analysis-20170213-2017-0213-v0'
config.General.requestName = 'Analysis-20170213-GJets_HT-600ToInf_RunIIFall15DR76-2017-0213-202722'
config.section_('JobType')
config.JobType.priority = 30
config.JobType.psetName = 'Configuration/test/test_cfg.py'
config.JobType.pluginName = 'Analysis'
config.JobType.pyCfgParams = ['crab=1', 'data=0', 'sample=gjet']
config.section_('Data')
config.Data.inputDataset = '/GJets_HT-600ToInf_TuneCUETP8M1_13TeV-madgraphMLM-pythia8/RunIIFall15DR76-PU25nsData2015v1_76X_mcRun2_asymptotic_v12-v1/AODSIM'
config.Data.outputDatasetTag = 'Analysis-20170213'
config.Data.publication = True
config.Data.unitsPerJob = 1
config.Data.ignoreLocality = True
config.Data.splitting = 'FileBased'
config.Data.inputDBS = 'global'
config.Data.outLFNDirBase = '/store/user/yofeng/GJet/ntuple/Analysis-20170213-v0/GJets_HT-600ToInf_RunIIFall15DR76/'
config.Data.totalUnits = 1000
config.section_('Site')
config.Site.blacklist = ['T2_US_Purdue']
config.Site.storageSite = 'T3_US_UMD'

DEBUG 2017-02-13 20:27:59,283: 	 self.config.JobType.psetName: Configuration/test/test_cfg.py
INFO 2017-02-13 20:27:59,284: 	 Importing CMSSW configuration Configuration/test/test_cfg.py
DEBUG 2017-02-13 20:27:59,284: 	 Additional parameters for the CMSSW configuration are: ['crab=1', 'data=0', 'sample=gjet']
INFO 2017-02-13 20:28:05,059: 	 Finished importing CMSSW configuration Configuration/test/test_cfg.py
DEBUG 2017-02-13 20:28:05,059: 	 Writing CMSSW configuration to /data/users/fengyb/CMSSW_7_6_3/src/EmergingJetAnalysis/crabTasks/crab_Analysis-20170213-2017-0213-v0/crab_Analysis-20170213-GJets_HT-600ToInf_RunIIFall15DR76-2017-0213-202722/inputs/PSet.py
DEBUG 2017-02-13 20:28:08,008: 	 The following EDM output files will be collected: ['output.root']
DEBUG 2017-02-13 20:28:08,008: 	 The following TFile output files will be collected: ['ntuple.root']
DEBUG 2017-02-13 20:28:08,008: 	 The following user output files will be collected: []
DEBUG 2017-02-13 20:28:08,008: 	 Loading required information from the environment
DEBUG 2017-02-13 20:28:08,008: 	 Found CMSSW_7_6_3 for slc6_amd64_gcc493 with base /data/users/fengyb/CMSSW_7_6_3
DEBUG 2017-02-13 20:28:08,008: 	 Making tarball in /data/users/fengyb/CMSSW_7_6_3/src/EmergingJetAnalysis/crabTasks/crab_Analysis-20170213-2017-0213-v0/crab_Analysis-20170213-GJets_HT-600ToInf_RunIIFall15DR76-2017-0213-202722/inputs/16c21235-baaa-4395-a8f2-b91c29c47d72default.tgz
DEBUG 2017-02-13 20:28:08,101: 	 Checking directory /data/users/fengyb/CMSSW_7_6_3/lib
DEBUG 2017-02-13 20:28:08,101: 	 Adding directory /data/users/fengyb/CMSSW_7_6_3/lib to tarball
DEBUG 2017-02-13 20:28:11,241: 	 Checking directory /data/users/fengyb/CMSSW_7_6_3/biglib
DEBUG 2017-02-13 20:28:11,241: 	 Adding directory /data/users/fengyb/CMSSW_7_6_3/biglib to tarball
DEBUG 2017-02-13 20:28:11,243: 	 Checking directory /data/users/fengyb/CMSSW_7_6_3/module
DEBUG 2017-02-13 20:28:11,585: 	 Adding data directory /data/users/fengyb/CMSSW_7_6_3/src/RecoEgamma/EgammaTools/data to tarball
DEBUG 2017-02-13 20:28:11,654: 	 Adding data directory /data/users/fengyb/CMSSW_7_6_3/src/RecoEgamma/EgammaTools/interface to tarball
DEBUG 2017-02-13 20:28:11,835: 	 Adding data directory /data/users/fengyb/CMSSW_7_6_3/src/RecoEgamma/PhotonIdentification/data to tarball
DEBUG 2017-02-13 20:28:11,844: 	 Adding data directory /data/users/fengyb/CMSSW_7_6_3/src/RecoEgamma/PhotonIdentification/interface to tarball
DEBUG 2017-02-13 20:28:12,033: 	 Adding data directory /data/users/fengyb/CMSSW_7_6_3/src/EmergingJetAnalysis/EmergingJetAnalyzer/interface to tarball
DEBUG 2017-02-13 20:28:12,100: 	 Adding data directory /data/users/fengyb/CMSSW_7_6_3/src/EmergingJetAnalysis/EmJetAnalyzer/interface to tarball
DEBUG 2017-02-13 20:28:12,640: 	 Uploading archive /data/users/fengyb/CMSSW_7_6_3/src/EmergingJetAnalysis/crabTasks/crab_Analysis-20170213-2017-0213-v0/crab_Analysis-20170213-GJets_HT-600ToInf_RunIIFall15DR76-2017-0213-202722/inputs/16c21235-baaa-4395-a8f2-b91c29c47d72default.tgz to the CRAB cache. Using URI https://cmsweb.cern.ch/crabcache
DEBUG 2017-02-13 20:28:18,000: 	 Loading required information from the environment
DEBUG 2017-02-13 20:28:18,000: 	 Found CMSSW_7_6_3 for slc6_amd64_gcc493 with base /data/users/fengyb/CMSSW_7_6_3
DEBUG 2017-02-13 20:28:18,000: 	 Making tarball in /data/users/fengyb/CMSSW_7_6_3/src/EmergingJetAnalysis/crabTasks/crab_Analysis-20170213-2017-0213-v0/crab_Analysis-20170213-GJets_HT-600ToInf_RunIIFall15DR76-2017-0213-202722/inputs/debugFiles.tgz
DEBUG 2017-02-13 20:28:18,004: 	 Uploading archive /data/users/fengyb/CMSSW_7_6_3/src/EmergingJetAnalysis/crabTasks/crab_Analysis-20170213-2017-0213-v0/crab_Analysis-20170213-GJets_HT-600ToInf_RunIIFall15DR76-2017-0213-202722/inputs/debugFiles.tgz to the CRAB cache. Using URI https://cmsweb.cern.ch/crabcache
DEBUG 2017-02-13 20:28:19,307: 	 Result uploading input files: 9aafe0a8491236198e8172e212a66d0df38cbb56017f2f7821d2bbc229867fe1.tar.gz 
WARNING 2017-02-13 20:28:19,307: 	 Warning: The following output files will not be published, as they are not EDM files: ['ntuple.root']
INFO 2017-02-13 20:28:19,308: 	 Sending the request to the server
DEBUG 2017-02-13 20:28:19,308: 	 Submitting {'maxjobruntime': 1250, 'extrajdl': [], 'ignorelocality': 1, 'savelogsflag': 0, 'useparent': 0, 'asyncdest': 'T3_US_UMD', 'algoargs': 1, 'cachefilename': '9aafe0a8491236198e8172e212a66d0df38cbb56017f2f7821d2bbc229867fe1.tar.gz', 'numcores': 1, 'addoutputfiles': [], 'generator': 'pythia', 'maxmemory': 2000, 'publishdbsurl': 'https://cmsweb.cern.ch/dbs/prod/phys03/DBSWriter', 'priority': 30, 'jobsw': 'CMSSW_7_6_3', 'edmoutfiles': ['output.root'], 'userfiles': [], 'primarydataset': '', 'inputdata': '/GJets_HT-600ToInf_TuneCUETP8M1_13TeV-madgraphMLM-pythia8/RunIIFall15DR76-PU25nsData2015v1_76X_mcRun2_asymptotic_v12-v1/AODSIM', 'lfn': '/store/user/yofeng/GJet/ntuple/Analysis-20170213-v0/GJets_HT-600ToInf_RunIIFall15DR76/', 'dryrun': 0, 'workflow': 'crab_Analysis-20170213-GJets_HT-600ToInf_RunIIFall15DR76-2017-0213-202722', 'adduserfiles': [], 'nonprodsw': 0, 'tfileoutfiles': ['ntuple.root'], 'oneEventMode': 0, 'debugfilename': 'e46b9390b1974398ab76f0cf938b35b538aaaa8ac7643c0b4e79445c09eca696.tar.gz', 'cacheurl': u'https://cmsweb.cern.ch/crabcache', 'saveoutput': 1, 'publication': 1, 'jobarch': 'slc6_amd64_gcc493', 'totalunits': 1000, 'splitalgo': 'FileBased', 'ignoreglobalblacklist': 0, 'nonvaliddata': 0, 'dbsurl': 'https://cmsweb.cern.ch/dbs/prod/global/DBSReader', 'publishgroupname': 0, 'jobtype': 'Analysis', 'siteblacklist': ['T2_US_Purdue'], 'publishname2': 'Analysis-20170213'} 
DEBUG 2017-02-13 20:28:19,308: 	 Encoded submit request: maxjobruntime=1250&ignorelocality=1&savelogsflag=0&useparent=0&asyncdest=T3_US_UMD&algoargs=1&cachefilename=9aafe0a8491236198e8172e212a66d0df38cbb56017f2f7821d2bbc229867fe1.tar.gz&numcores=1&generator=pythia&maxmemory=2000&publishdbsurl=https%3A%2F%2Fcmsweb.cern.ch%2Fdbs%2Fprod%2Fphys03%2FDBSWriter&priority=30&jobsw=CMSSW_7_6_3&primarydataset=&inputdata=%2FGJets_HT-600ToInf_TuneCUETP8M1_13TeV-madgraphMLM-pythia8%2FRunIIFall15DR76-PU25nsData2015v1_76X_mcRun2_asymptotic_v12-v1%2FAODSIM&lfn=%2Fstore%2Fuser%2Fyofeng%2FGJet%2Fntuple%2FAnalysis-20170213-v0%2FGJets_HT-600ToInf_RunIIFall15DR76%2F&dryrun=0&workflow=crab_Analysis-20170213-GJets_HT-600ToInf_RunIIFall15DR76-2017-0213-202722&nonprodsw=0&oneEventMode=0&debugfilename=e46b9390b1974398ab76f0cf938b35b538aaaa8ac7643c0b4e79445c09eca696.tar.gz&cacheurl=https%3A%2F%2Fcmsweb.cern.ch%2Fcrabcache&saveoutput=1&publication=1&jobarch=slc6_amd64_gcc493&totalunits=1000&splitalgo=FileBased&ignoreglobalblacklist=0&nonvaliddata=0&dbsurl=https%3A%2F%2Fcmsweb.cern.ch%2Fdbs%2Fprod%2Fglobal%2FDBSReader&publishgroupname=0&jobtype=Analysis&publishname2=Analysis-20170213&siteblacklist=T2_US_Purdue&tfileoutfiles=ntuple.root&edmoutfiles=output.root
DEBUG 2017-02-13 20:28:20,868: 	 Result: {u'result': [{u'RequestName': u'170214_012820:yofeng_crab_Analysis-20170213-GJets_HT-600ToInf_RunIIFall15DR76-2017-0213-202722'}]}
INFO 2017-02-13 20:28:20,870: 	 Success: Your task has been delivered to the CRAB3 server.
INFO 2017-02-13 20:28:20,870: 	 Task name: 170214_012820:yofeng_crab_Analysis-20170213-GJets_HT-600ToInf_RunIIFall15DR76-2017-0213-202722
INFO 2017-02-13 20:28:20,870: 	 Please use 'crab status' to check how the submission process proceeds.
DEBUG 2017-02-13 20:28:20,870: 	 About to return
DEBUG 2017-02-13 20:46:18,312: 	 Executing command: 'status'
DEBUG 2017-02-13 20:46:18,312: 	 Found CRAB cache file /home/fengyb/.crab3
DEBUG 2017-02-13 20:46:18,320: 	 Checking credentials
DEBUG 2017-02-13 20:46:18,320: 	 Found proxy file /tmp/x509up_u1701
DEBUG 2017-02-13 20:46:18,320: 	 Getting proxy life time left
DEBUG 2017-02-13 20:46:18,424: 	 Executing : 
 command : voms-proxy-info -file /tmp/x509up_u1701 -timeleft
 output : 41365

 error: 
 retcode : 0
DEBUG 2017-02-13 20:46:18,527: 	 Executing : 
 command : voms-proxy-info -file /tmp/x509up_u1701 -actimeleft
 output : 41365

 error: 
 retcode : 0
DEBUG 2017-02-13 20:46:18,528: 	 Proxy valid for 11:29:25 hours
DEBUG 2017-02-13 20:46:18,638: 	 Executing : 
 command : openssl x509 -in ~/.globus/usercert.pem -subject -noout
 output : subject= /DC=ch/DC=cern/OU=Organic Units/OU=Users/CN=yofeng/CN=785825/CN=Yongbin Feng

 error: 
 retcode : 0
DEBUG 2017-02-13 20:46:18,639: 	 Checking credentials
DEBUG 2017-02-13 20:46:18,639: 	 Found proxy file /tmp/x509up_u1701
DEBUG 2017-02-13 20:46:18,639: 	 Getting proxy life time left
DEBUG 2017-02-13 20:46:18,742: 	 Executing : 
 command : voms-proxy-info -file /tmp/x509up_u1701 -timeleft
 output : 41365

 error: 
 retcode : 0
DEBUG 2017-02-13 20:46:18,845: 	 Executing : 
 command : voms-proxy-info -file /tmp/x509up_u1701 -actimeleft
 output : 41365

 error: 
 retcode : 0
DEBUG 2017-02-13 20:46:18,846: 	 Proxy valid for 11:29:25 hours
DEBUG 2017-02-13 20:46:20,174: 	 Registering user credentials for server /DC=ch/DC=cern/OU=computers/CN=vocms(045|052|021|031|0118|0118a|0119|0108|0105).cern.ch
DEBUG 2017-02-13 20:46:20,282: 	 Executing : 
 command : openssl x509 -in ~/.globus/usercert.pem -subject -noout
 output : subject= /DC=ch/DC=cern/OU=Organic Units/OU=Users/CN=yofeng/CN=785825/CN=Yongbin Feng

 error: 
 retcode : 0
DEBUG 2017-02-13 20:46:20,282: 	 Getting myproxy life time left for myproxy.cern.ch
DEBUG 2017-02-13 20:46:20,282: 	 Calculating hash of /DC=ch/DC=cern/OU=Organic Units/OU=Users/CN=yofeng/CN=785825/CN=Yongbin Feng_cmsweb.cern.ch for credential name
DEBUG 2017-02-13 20:46:21,086: 	 Executing : 
 command : myproxy-info -l 46a32ae7e95f6185805e22dd0e47513ea7de8fa0 -s myproxy.cern.ch
 output : username: 46a32ae7e95f6185805e22dd0e47513ea7de8fa0
owner: /DC=ch/DC=cern/OU=Organic Units/OU=Users/CN=yofeng/CN=785825/CN=Yongbin Feng
  renewal policy: /DC=ch/DC=cern/OU=computers/CN=vocms(045|052|021|031|0118|0118a|0119|0108|0105).cern.ch
  trusted retrieval policy: /DC=ch/DC=cern/OU=computers/CN=vocms(045|052|021|031|0118|0118a|0119|0108|0105).cern.ch
  timeleft: 615:48:23  (25.7 days)

 error: 
 retcode : 0
DEBUG 2017-02-13 20:46:21,087: 	 Myproxy is valid: 2216903
DEBUG 2017-02-13 20:46:21,087: 	 Command use: status
DEBUG 2017-02-13 20:46:21,087: 	 Options use: ['-d', 'crab_Analysis-20170213-GJets_HT-600ToInf_RunIIFall15DR76-2017-0213-202722']
DEBUG 2017-02-13 20:46:22,420: 	 CRABClient version: 3.3.1702
DEBUG 2017-02-13 20:46:22,420: 	 Instance is prod
DEBUG 2017-02-13 20:46:22,420: 	 Server base url is cmsweb.cern.ch
DEBUG 2017-02-13 20:46:22,420: 	 Command url /crabserver/prod/workflow
DEBUG 2017-02-13 20:46:22,420: 	 Looking up detailed status of task 170214_012820:yofeng_crab_Analysis-20170213-GJets_HT-600ToInf_RunIIFall15DR76-2017-0213-202722
DEBUG 2017-02-13 20:46:24,700: 	 {u'status': u'SUBMITTED', u'username': u'yofeng', u'jobsPerStatus': {u'running': 168}, u'jobs': {u'133': {u'State': u'running'}, u'132': {u'State': u'running'}, u'131': {u'State': u'running'}, u'130': {u'State': u'running'}, u'137': {u'State': u'running'}, u'136': {u'State': u'running'}, u'135': {u'State': u'running'}, u'134': {u'State': u'running'}, u'139': {u'State': u'running'}, u'138': {u'State': u'running'}, u'93': {u'State': u'running'}, u'24': {u'State': u'running'}, u'25': {u'State': u'running'}, u'26': {u'State': u'running'}, u'27': {u'State': u'running'}, u'20': {u'State': u'running'}, u'21': {u'State': u'running'}, u'22': {u'State': u'running'}, u'23': {u'State': u'running'}, u'95': {u'State': u'running'}, u'28': {u'State': u'running'}, u'29': {u'State': u'running'}, u'94': {u'State': u'running'}, u'4': {u'State': u'running'}, u'8': {u'State': u'running'}, u'96': {u'State': u'running'}, u'120': {u'State': u'running'}, u'121': {u'State': u'running'}, u'122': {u'State': u'running'}, u'123': {u'State': u'running'}, u'124': {u'State': u'running'}, u'125': {u'State': u'running'}, u'126': {u'State': u'running'}, u'127': {u'State': u'running'}, u'128': {u'State': u'running'}, u'129': {u'State': u'running'}, u'91': {u'State': u'running'}, u'59': {u'State': u'running'}, u'58': {u'State': u'running'}, u'55': {u'State': u'running'}, u'54': {u'State': u'running'}, u'57': {u'State': u'running'}, u'56': {u'State': u'running'}, u'51': {u'State': u'running'}, u'50': {u'State': u'running'}, u'53': {u'State': u'running'}, u'52': {u'State': u'running'}, u'90': {u'State': u'running'}, u'115': {u'State': u'running'}, u'114': {u'State': u'running'}, u'88': {u'State': u'running'}, u'89': {u'State': u'running'}, u'111': {u'State': u'running'}, u'110': {u'State': u'running'}, u'113': {u'State': u'running'}, u'112': {u'State': u'running'}, u'82': {u'State': u'running'}, u'83': {u'State': u'running'}, u'80': {u'State': u'running'}, u'81': {u'State': u'running'}, u'119': {u'State': u'running'}, u'118': {u'State': u'running'}, u'84': {u'State': u'running'}, u'85': {u'State': u'running'}, u'3': {u'State': u'running'}, u'7': {u'State': u'running'}, u'92': {u'State': u'running'}, u'108': {u'State': u'running'}, u'109': {u'State': u'running'}, u'102': {u'State': u'running'}, u'103': {u'State': u'running'}, u'100': {u'State': u'running'}, u'101': {u'State': u'running'}, u'106': {u'State': u'running'}, u'107': {u'State': u'running'}, u'104': {u'State': u'running'}, u'105': {u'State': u'running'}, u'39': {u'State': u'running'}, u'38': {u'State': u'running'}, u'33': {u'State': u'running'}, u'32': {u'State': u'running'}, u'31': {u'State': u'running'}, u'30': {u'State': u'running'}, u'37': {u'State': u'running'}, u'36': {u'State': u'running'}, u'35': {u'State': u'running'}, u'34': {u'State': u'running'}, u'60': {u'State': u'running'}, u'61': {u'State': u'running'}, u'62': {u'State': u'running'}, u'63': {u'State': u'running'}, u'64': {u'State': u'running'}, u'65': {u'State': u'running'}, u'66': {u'State': u'running'}, u'67': {u'State': u'running'}, u'68': {u'State': u'running'}, u'69': {u'State': u'running'}, u'2': {u'State': u'running'}, u'6': {u'State': u'running'}, u'97': {u'State': u'running'}, u'99': {u'State': u'running'}, u'98': {u'State': u'running'}, u'168': {u'State': u'running'}, u'164': {u'State': u'running'}, u'165': {u'State': u'running'}, u'166': {u'State': u'running'}, u'167': {u'State': u'running'}, u'160': {u'State': u'running'}, u'161': {u'State': u'running'}, u'162': {u'State': u'running'}, u'163': {u'State': u'running'}, u'11': {u'State': u'running'}, u'10': {u'State': u'running'}, u'13': {u'State': u'running'}, u'12': {u'State': u'running'}, u'15': {u'State': u'running'}, u'14': {u'State': u'running'}, u'17': {u'State': u'running'}, u'16': {u'State': u'running'}, u'19': {u'State': u'running'}, u'18': {u'State': u'running'}, u'117': {u'State': u'running'}, u'116': {u'State': u'running'}, u'151': {u'State': u'running'}, u'150': {u'State': u'running'}, u'153': {u'State': u'running'}, u'152': {u'State': u'running'}, u'155': {u'State': u'running'}, u'154': {u'State': u'running'}, u'157': {u'State': u'running'}, u'156': {u'State': u'running'}, u'159': {u'State': u'running'}, u'158': {u'State': u'running'}, u'48': {u'State': u'running'}, u'49': {u'State': u'running'}, u'46': {u'State': u'running'}, u'86': {u'State': u'running'}, u'44': {u'State': u'running'}, u'45': {u'State': u'running'}, u'42': {u'State': u'running'}, u'43': {u'State': u'running'}, u'40': {u'State': u'running'}, u'87': {u'State': u'running'}, u'1': {u'State': u'running'}, u'5': {u'State': u'running'}, u'9': {u'State': u'running'}, u'146': {u'State': u'running'}, u'147': {u'State': u'running'}, u'144': {u'State': u'running'}, u'145': {u'State': u'running'}, u'142': {u'State': u'running'}, u'143': {u'State': u'running'}, u'140': {u'State': u'running'}, u'141': {u'State': u'running'}, u'148': {u'State': u'running'}, u'149': {u'State': u'running'}, u'77': {u'State': u'running'}, u'76': {u'State': u'running'}, u'75': {u'State': u'running'}, u'74': {u'State': u'running'}, u'73': {u'State': u'running'}, u'72': {u'State': u'running'}, u'71': {u'State': u'running'}, u'70': {u'State': u'running'}, u'79': {u'State': u'running'}, u'78': {u'State': u'running'}, u'41': {u'State': u'running'}, u'47': {u'State': u'running'}}, u'publication': {}, u'taskWarningMsg': [], u'schedd': u'crab3@vocms0195.cern.ch', u'publicationFailures': {}, u'outdatasets': None, u'statusFailureMsg': u'', u'taskFailureMsg': u'', u'failedJobdefs': 0, u'ASOURL': u'https://cmsweb.cern.ch/couchdb2', u'command': u'SUBMIT', u'totalJobdefs': 0, u'submissionTime': 1487035700, u'jobdefErrors': [], u'collector': u'cmsgwms-collector-global.cern.ch,cmssrv221.fnal.gov', u'jobList': [[u'running', 165], [u'running', 133], [u'running', 132], [u'running', 131], [u'running', 130], [u'running', 137], [u'running', 136], [u'running', 135], [u'running', 134], [u'running', 139], [u'running', 138], [u'running', 166], [u'running', 24], [u'running', 25], [u'running', 26], [u'running', 27], [u'running', 20], [u'running', 21], [u'running', 22], [u'running', 23], [u'running', 160], [u'running', 28], [u'running', 29], [u'running', 161], [u'running', 4], [u'running', 8], [u'running', 163], [u'running', 119], [u'running', 120], [u'running', 121], [u'running', 122], [u'running', 123], [u'running', 124], [u'running', 125], [u'running', 126], [u'running', 127], [u'running', 128], [u'running', 129], [u'running', 167], [u'running', 118], [u'running', 59], [u'running', 58], [u'running', 55], [u'running', 54], [u'running', 57], [u'running', 56], [u'running', 51], [u'running', 50], [u'running', 53], [u'running', 52], [u'running', 164], [u'running', 115], [u'running', 114], [u'running', 88], [u'running', 89], [u'running', 111], [u'running', 110], [u'running', 113], [u'running', 112], [u'running', 82], [u'running', 83], [u'running', 80], [u'running', 81], [u'running', 86], [u'running', 87], [u'running', 84], [u'running', 85], [u'running', 3], [u'running', 7], [u'running', 108], [u'running', 109], [u'running', 102], [u'running', 103], [u'running', 100], [u'running', 101], [u'running', 106], [u'running', 107], [u'running', 104], [u'running', 105], [u'running', 39], [u'running', 38], [u'running', 33], [u'running', 32], [u'running', 31], [u'running', 30], [u'running', 37], [u'running', 36], [u'running', 35], [u'running', 34], [u'running', 60], [u'running', 61], [u'running', 62], [u'running', 63], [u'running', 64], [u'running', 65], [u'running', 66], [u'running', 67], [u'running', 68], [u'running', 69], [u'running', 2], [u'running', 162], [u'running', 6], [u'running', 99], [u'running', 98], [u'running', 168], [u'running', 91], [u'running', 90], [u'running', 93], [u'running', 92], [u'running', 95], [u'running', 94], [u'running', 97], [u'running', 96], [u'running', 11], [u'running', 10], [u'running', 13], [u'running', 12], [u'running', 15], [u'running', 14], [u'running', 17], [u'running', 16], [u'running', 19], [u'running', 18], [u'running', 117], [u'running', 116], [u'running', 151], [u'running', 150], [u'running', 153], [u'running', 152], [u'running', 155], [u'running', 154], [u'running', 157], [u'running', 156], [u'running', 159], [u'running', 158], [u'running', 48], [u'running', 49], [u'running', 46], [u'running', 47], [u'running', 44], [u'running', 45], [u'running', 42], [u'running', 43], [u'running', 40], [u'running', 41], [u'running', 1], [u'running', 5], [u'running', 9], [u'running', 146], [u'running', 147], [u'running', 144], [u'running', 145], [u'running', 142], [u'running', 143], [u'running', 140], [u'running', 141], [u'running', 148], [u'running', 149], [u'running', 77], [u'running', 76], [u'running', 75], [u'running', 74], [u'running', 73], [u'running', 72], [u'running', 71], [u'running', 70], [u'running', 79], [u'running', 78]]}
INFO 2017-02-13 20:46:24,700: 	 CRAB project directory:		/data/users/fengyb/CMSSW_7_6_3/src/EmergingJetAnalysis/crabTasks/crab_Analysis-20170213-2017-0213-v0/crab_Analysis-20170213-GJets_HT-600ToInf_RunIIFall15DR76-2017-0213-202722
INFO 2017-02-13 20:46:24,700: 	 Task name:			170214_012820:yofeng_crab_Analysis-20170213-GJets_HT-600ToInf_RunIIFall15DR76-2017-0213-202722
INFO 2017-02-13 20:46:24,701: 	 Grid scheduler:			crab3@vocms0195.cern.ch
INFO 2017-02-13 20:46:24,701: 	 Task status:			SUBMITTED
INFO 2017-02-13 20:46:24,701: 	 Task URL to use for HELP:	https://cmsweb.cern.ch/crabserver/ui/task/170214_012820%3Ayofeng_crab_Analysis-20170213-GJets_HT-600ToInf_RunIIFall15DR76-2017-0213-202722
INFO 2017-02-13 20:46:24,701: 	 Dashboard monitoring URL:	http://dashb-cms-job.cern.ch/dashboard/templates/task-analysis/#user=yofeng&table=Mains&pattern=170214_012820%3Ayofeng_crab_Analysis-20170213-GJets_HT-600ToInf_RunIIFall15DR76-2017-0213-202722
INFO 2017-02-13 20:46:24,701: 	 
Jobs status:			running       100.0% (168/168)
INFO 2017-02-13 20:46:24,701: 	 
No publication information available yet
INFO 2017-02-13 20:46:24,704: 	 Log file is /data/users/fengyb/CMSSW_7_6_3/src/EmergingJetAnalysis/crabTasks/crab_Analysis-20170213-2017-0213-v0/crab_Analysis-20170213-GJets_HT-600ToInf_RunIIFall15DR76-2017-0213-202722/crab.log
DEBUG 2017-02-14 13:07:03,991: 	 Executing command: 'status'
DEBUG 2017-02-14 13:07:03,992: 	 Found CRAB cache file /home/fengyb/.crab3
DEBUG 2017-02-14 13:07:04,290: 	 Checking credentials
DEBUG 2017-02-14 13:07:04,291: 	 Found proxy file /tmp/x509up_u1701
DEBUG 2017-02-14 13:07:04,291: 	 Getting proxy life time left
DEBUG 2017-02-14 13:07:04,395: 	 Executing : 
 command : voms-proxy-info -file /tmp/x509up_u1701 -timeleft
 output : 43184

 error: 
 retcode : 0
DEBUG 2017-02-14 13:07:04,498: 	 Executing : 
 command : voms-proxy-info -file /tmp/x509up_u1701 -actimeleft
 output : 43184

 error: 
 retcode : 0
DEBUG 2017-02-14 13:07:04,499: 	 Proxy valid for 11:59:44 hours
DEBUG 2017-02-14 13:07:04,624: 	 Executing : 
 command : openssl x509 -in ~/.globus/usercert.pem -subject -noout
 output : subject= /DC=ch/DC=cern/OU=Organic Units/OU=Users/CN=yofeng/CN=785825/CN=Yongbin Feng

 error: 
 retcode : 0
DEBUG 2017-02-14 13:07:04,625: 	 Checking credentials
DEBUG 2017-02-14 13:07:04,625: 	 Found proxy file /tmp/x509up_u1701
DEBUG 2017-02-14 13:07:04,625: 	 Getting proxy life time left
DEBUG 2017-02-14 13:07:04,728: 	 Executing : 
 command : voms-proxy-info -file /tmp/x509up_u1701 -timeleft
 output : 43184

 error: 
 retcode : 0
DEBUG 2017-02-14 13:07:04,832: 	 Executing : 
 command : voms-proxy-info -file /tmp/x509up_u1701 -actimeleft
 output : 43184

 error: 
 retcode : 0
DEBUG 2017-02-14 13:07:04,832: 	 Proxy valid for 11:59:44 hours
DEBUG 2017-02-14 13:07:06,316: 	 Registering user credentials for server /DC=ch/DC=cern/OU=computers/CN=vocms(045|052|021|031|0118|0118a|0119|0108|0105).cern.ch
DEBUG 2017-02-14 13:07:06,426: 	 Executing : 
 command : openssl x509 -in ~/.globus/usercert.pem -subject -noout
 output : subject= /DC=ch/DC=cern/OU=Organic Units/OU=Users/CN=yofeng/CN=785825/CN=Yongbin Feng

 error: 
 retcode : 0
DEBUG 2017-02-14 13:07:06,426: 	 Getting myproxy life time left for myproxy.cern.ch
DEBUG 2017-02-14 13:07:06,426: 	 Calculating hash of /DC=ch/DC=cern/OU=Organic Units/OU=Users/CN=yofeng/CN=785825/CN=Yongbin Feng_cmsweb.cern.ch for credential name
DEBUG 2017-02-14 13:07:09,834: 	 Executing : 
 command : myproxy-info -l 46a32ae7e95f6185805e22dd0e47513ea7de8fa0 -s myproxy.cern.ch
 output : username: 46a32ae7e95f6185805e22dd0e47513ea7de8fa0
owner: /DC=ch/DC=cern/OU=Organic Units/OU=Users/CN=yofeng/CN=785825/CN=Yongbin Feng
  renewal policy: /DC=ch/DC=cern/OU=computers/CN=vocms(045|052|021|031|0118|0118a|0119|0108|0105).cern.ch
  trusted retrieval policy: /DC=ch/DC=cern/OU=computers/CN=vocms(045|052|021|031|0118|0118a|0119|0108|0105).cern.ch
  timeleft: 599:27:35  (25.0 days)

 error: 
 retcode : 0
DEBUG 2017-02-14 13:07:09,835: 	 Myproxy is valid: 2158055
DEBUG 2017-02-14 13:07:09,835: 	 Command use: status
DEBUG 2017-02-14 13:07:09,835: 	 Options use: ['-d', 'crab_Analysis-20170213-GJets_HT-600ToInf_RunIIFall15DR76-2017-0213-202722']
DEBUG 2017-02-14 13:07:12,154: 	 CRABClient version: 3.3.1702
DEBUG 2017-02-14 13:07:12,154: 	 Instance is prod
DEBUG 2017-02-14 13:07:12,154: 	 Server base url is cmsweb.cern.ch
DEBUG 2017-02-14 13:07:12,155: 	 Command url /crabserver/prod/workflow
DEBUG 2017-02-14 13:07:12,155: 	 Looking up detailed status of task 170214_012820:yofeng_crab_Analysis-20170213-GJets_HT-600ToInf_RunIIFall15DR76-2017-0213-202722
DEBUG 2017-02-14 13:07:14,600: 	 {u'status': u'FAILED', u'username': u'yofeng', u'jobsPerStatus': {u'failed': 1, u'finished': 167}, u'jobs': {u'133': {u'State': u'finished'}, u'132': {u'State': u'finished'}, u'131': {u'State': u'finished'}, u'130': {u'State': u'finished'}, u'137': {u'State': u'finished'}, u'136': {u'State': u'finished'}, u'135': {u'State': u'finished'}, u'134': {u'State': u'finished'}, u'139': {u'State': u'finished'}, u'138': {u'State': u'finished'}, u'93': {u'State': u'finished'}, u'24': {u'State': u'finished'}, u'25': {u'State': u'finished'}, u'26': {u'State': u'finished'}, u'27': {u'State': u'finished'}, u'20': {u'State': u'finished'}, u'21': {u'State': u'finished'}, u'22': {u'State': u'finished'}, u'23': {u'State': u'finished'}, u'95': {u'State': u'finished'}, u'28': {u'State': u'finished'}, u'29': {u'State': u'finished'}, u'94': {u'State': u'finished'}, u'4': {u'State': u'finished'}, u'8': {u'State': u'finished'}, u'96': {u'State': u'finished'}, u'120': {u'State': u'finished'}, u'121': {u'State': u'finished'}, u'122': {u'State': u'finished'}, u'123': {u'State': u'finished'}, u'124': {u'State': u'finished'}, u'125': {u'State': u'finished'}, u'126': {u'State': u'finished'}, u'127': {u'State': u'finished'}, u'128': {u'State': u'finished'}, u'129': {u'State': u'finished'}, u'91': {u'State': u'finished'}, u'59': {u'State': u'finished'}, u'58': {u'State': u'finished'}, u'55': {u'State': u'finished'}, u'54': {u'State': u'finished'}, u'57': {u'State': u'finished'}, u'56': {u'State': u'finished'}, u'51': {u'State': u'finished'}, u'50': {u'State': u'finished'}, u'53': {u'State': u'finished'}, u'52': {u'State': u'finished'}, u'90': {u'State': u'finished'}, u'115': {u'State': u'finished'}, u'114': {u'State': u'finished'}, u'88': {u'State': u'finished'}, u'89': {u'State': u'finished'}, u'111': {u'State': u'finished'}, u'110': {u'State': u'finished'}, u'113': {u'State': u'finished'}, u'112': {u'State': u'finished'}, u'82': {u'State': u'finished'}, u'83': {u'State': u'finished'}, u'80': {u'State': u'finished'}, u'81': {u'State': u'finished'}, u'119': {u'State': u'finished'}, u'118': {u'State': u'finished'}, u'84': {u'State': u'finished'}, u'85': {u'State': u'finished'}, u'3': {u'State': u'finished'}, u'7': {u'State': u'finished'}, u'92': {u'State': u'finished'}, u'108': {u'State': u'finished'}, u'109': {u'State': u'finished'}, u'102': {u'State': u'finished'}, u'103': {u'State': u'finished'}, u'100': {u'State': u'finished'}, u'101': {u'State': u'finished'}, u'106': {u'State': u'finished'}, u'107': {u'State': u'finished'}, u'104': {u'State': u'finished'}, u'105': {u'State': u'finished'}, u'39': {u'State': u'finished'}, u'38': {u'State': u'finished'}, u'33': {u'State': u'finished'}, u'32': {u'State': u'finished'}, u'31': {u'State': u'finished'}, u'30': {u'State': u'finished'}, u'37': {u'State': u'finished'}, u'36': {u'State': u'failed', u'Error': [132, u'CmsRunFailure', {}]}, u'35': {u'State': u'finished'}, u'34': {u'State': u'finished'}, u'60': {u'State': u'finished'}, u'61': {u'State': u'finished'}, u'62': {u'State': u'finished'}, u'63': {u'State': u'finished'}, u'64': {u'State': u'finished'}, u'65': {u'State': u'finished'}, u'66': {u'State': u'finished'}, u'67': {u'State': u'finished'}, u'68': {u'State': u'finished'}, u'69': {u'State': u'finished'}, u'2': {u'State': u'finished'}, u'6': {u'State': u'finished'}, u'97': {u'State': u'finished'}, u'99': {u'State': u'finished'}, u'98': {u'State': u'finished'}, u'168': {u'State': u'finished'}, u'164': {u'State': u'finished'}, u'165': {u'State': u'finished'}, u'166': {u'State': u'finished'}, u'167': {u'State': u'finished'}, u'160': {u'State': u'finished'}, u'161': {u'State': u'finished'}, u'162': {u'State': u'finished'}, u'163': {u'State': u'finished'}, u'11': {u'State': u'finished'}, u'10': {u'State': u'finished'}, u'13': {u'State': u'finished'}, u'12': {u'State': u'finished'}, u'15': {u'State': u'finished'}, u'14': {u'State': u'finished'}, u'17': {u'State': u'finished'}, u'16': {u'State': u'finished'}, u'19': {u'State': u'finished'}, u'18': {u'State': u'finished'}, u'117': {u'State': u'finished'}, u'116': {u'State': u'finished'}, u'151': {u'State': u'finished'}, u'150': {u'State': u'finished'}, u'153': {u'State': u'finished'}, u'152': {u'State': u'finished'}, u'155': {u'State': u'finished'}, u'154': {u'State': u'finished'}, u'157': {u'State': u'finished'}, u'156': {u'State': u'finished'}, u'159': {u'State': u'finished'}, u'158': {u'State': u'finished'}, u'48': {u'State': u'finished'}, u'49': {u'State': u'finished'}, u'46': {u'State': u'finished'}, u'86': {u'State': u'finished'}, u'44': {u'State': u'finished'}, u'45': {u'State': u'finished'}, u'42': {u'State': u'finished'}, u'43': {u'State': u'finished'}, u'40': {u'State': u'finished'}, u'87': {u'State': u'finished'}, u'1': {u'State': u'finished'}, u'5': {u'State': u'finished'}, u'9': {u'State': u'finished'}, u'146': {u'State': u'finished'}, u'147': {u'State': u'finished'}, u'144': {u'State': u'finished'}, u'145': {u'State': u'finished'}, u'142': {u'State': u'finished'}, u'143': {u'State': u'finished'}, u'140': {u'State': u'finished'}, u'141': {u'State': u'finished'}, u'148': {u'State': u'finished'}, u'149': {u'State': u'finished'}, u'77': {u'State': u'finished'}, u'76': {u'State': u'finished'}, u'75': {u'State': u'finished'}, u'74': {u'State': u'finished'}, u'73': {u'State': u'finished'}, u'72': {u'State': u'finished'}, u'71': {u'State': u'finished'}, u'70': {u'State': u'finished'}, u'79': {u'State': u'finished'}, u'78': {u'State': u'finished'}, u'41': {u'State': u'finished'}, u'47': {u'State': u'finished'}}, u'publication': {u'publishing': 0, u'publication_failed': 0, u'not_published': 0, u'published': 167}, u'taskWarningMsg': [], u'schedd': u'crab3@vocms0195.cern.ch', u'publicationFailures': {}, u'outdatasets': [u'/GJets_HT-600ToInf_TuneCUETP8M1_13TeV-madgraphMLM-pythia8/yofeng-Analysis-20170213-8e4c91f6c48dd064d89c358e8f6a85d1/USER'], u'statusFailureMsg': u'', u'taskFailureMsg': u'', u'failedJobdefs': 0, u'ASOURL': u'https://cmsweb.cern.ch/couchdb2', u'command': u'SUBMIT', u'totalJobdefs': 0, u'submissionTime': 1487035700, u'jobdefErrors': [], u'collector': u'cmsgwms-collector-global.cern.ch,cmssrv221.fnal.gov', u'jobList': [[u'finished', 165], [u'finished', 133], [u'finished', 132], [u'finished', 131], [u'finished', 130], [u'finished', 137], [u'finished', 136], [u'finished', 135], [u'finished', 134], [u'finished', 139], [u'finished', 138], [u'finished', 166], [u'finished', 24], [u'finished', 25], [u'finished', 26], [u'finished', 27], [u'finished', 20], [u'finished', 21], [u'finished', 22], [u'finished', 23], [u'finished', 160], [u'finished', 28], [u'finished', 29], [u'finished', 161], [u'finished', 4], [u'finished', 8], [u'finished', 163], [u'finished', 119], [u'finished', 120], [u'finished', 121], [u'finished', 122], [u'finished', 123], [u'finished', 124], [u'finished', 125], [u'finished', 126], [u'finished', 127], [u'finished', 128], [u'finished', 129], [u'finished', 167], [u'finished', 118], [u'finished', 59], [u'finished', 58], [u'finished', 55], [u'finished', 54], [u'finished', 57], [u'finished', 56], [u'finished', 51], [u'finished', 50], [u'finished', 53], [u'finished', 52], [u'finished', 164], [u'finished', 115], [u'finished', 114], [u'finished', 88], [u'finished', 89], [u'finished', 111], [u'finished', 110], [u'finished', 113], [u'finished', 112], [u'finished', 82], [u'finished', 83], [u'finished', 80], [u'finished', 81], [u'finished', 86], [u'finished', 87], [u'finished', 84], [u'finished', 85], [u'finished', 3], [u'finished', 7], [u'finished', 108], [u'finished', 109], [u'finished', 102], [u'finished', 103], [u'finished', 100], [u'finished', 101], [u'finished', 106], [u'finished', 107], [u'finished', 104], [u'finished', 105], [u'finished', 39], [u'finished', 38], [u'finished', 33], [u'finished', 32], [u'finished', 31], [u'finished', 30], [u'finished', 37], [u'failed', 36], [u'finished', 35], [u'finished', 34], [u'finished', 60], [u'finished', 61], [u'finished', 62], [u'finished', 63], [u'finished', 64], [u'finished', 65], [u'finished', 66], [u'finished', 67], [u'finished', 68], [u'finished', 69], [u'finished', 2], [u'finished', 162], [u'finished', 6], [u'finished', 99], [u'finished', 98], [u'finished', 168], [u'finished', 91], [u'finished', 90], [u'finished', 93], [u'finished', 92], [u'finished', 95], [u'finished', 94], [u'finished', 97], [u'finished', 96], [u'finished', 11], [u'finished', 10], [u'finished', 13], [u'finished', 12], [u'finished', 15], [u'finished', 14], [u'finished', 17], [u'finished', 16], [u'finished', 19], [u'finished', 18], [u'finished', 117], [u'finished', 116], [u'finished', 151], [u'finished', 150], [u'finished', 153], [u'finished', 152], [u'finished', 155], [u'finished', 154], [u'finished', 157], [u'finished', 156], [u'finished', 159], [u'finished', 158], [u'finished', 48], [u'finished', 49], [u'finished', 46], [u'finished', 47], [u'finished', 44], [u'finished', 45], [u'finished', 42], [u'finished', 43], [u'finished', 40], [u'finished', 41], [u'finished', 1], [u'finished', 5], [u'finished', 9], [u'finished', 146], [u'finished', 147], [u'finished', 144], [u'finished', 145], [u'finished', 142], [u'finished', 143], [u'finished', 140], [u'finished', 141], [u'finished', 148], [u'finished', 149], [u'finished', 77], [u'finished', 76], [u'finished', 75], [u'finished', 74], [u'finished', 73], [u'finished', 72], [u'finished', 71], [u'finished', 70], [u'finished', 79], [u'finished', 78]]}
INFO 2017-02-14 13:07:14,600: 	 CRAB project directory:		/data/users/fengyb/CMSSW_7_6_3/src/EmergingJetAnalysis/crabTasks/crab_Analysis-20170213-2017-0213-v0/crab_Analysis-20170213-GJets_HT-600ToInf_RunIIFall15DR76-2017-0213-202722
INFO 2017-02-14 13:07:14,600: 	 Task name:			170214_012820:yofeng_crab_Analysis-20170213-GJets_HT-600ToInf_RunIIFall15DR76-2017-0213-202722
INFO 2017-02-14 13:07:14,600: 	 Grid scheduler:			crab3@vocms0195.cern.ch
INFO 2017-02-14 13:07:14,600: 	 Task status:			FAILED
INFO 2017-02-14 13:07:14,600: 	 Task URL to use for HELP:	https://cmsweb.cern.ch/crabserver/ui/task/170214_012820%3Ayofeng_crab_Analysis-20170213-GJets_HT-600ToInf_RunIIFall15DR76-2017-0213-202722
INFO 2017-02-14 13:07:14,600: 	 Dashboard monitoring URL:	http://dashb-cms-job.cern.ch/dashboard/templates/task-analysis/#user=yofeng&table=Mains&pattern=170214_012820%3Ayofeng_crab_Analysis-20170213-GJets_HT-600ToInf_RunIIFall15DR76-2017-0213-202722
INFO 2017-02-14 13:07:14,600: 	 
Jobs status:			failed          0.6% (  1/168)
INFO 2017-02-14 13:07:14,601: 	 				finished       99.4% (167/168)
INFO 2017-02-14 13:07:14,601: 	 
Publication status:		finished       99.4% (167/168)
				unsubmitted     0.6% (  1/168)
INFO 2017-02-14 13:07:14,601: 	 
Output dataset:			/GJets_HT-600ToInf_TuneCUETP8M1_13TeV-madgraphMLM-pythia8/yofeng-Analysis-20170213-8e4c91f6c48dd064d89c358e8f6a85d1/USER
Output dataset DAS URL:		https://cmsweb.cern.ch/das/request?input=%2FGJets_HT-600ToInf_TuneCUETP8M1_13TeV-madgraphMLM-pythia8%2Fyofeng-Analysis-20170213-8e4c91f6c48dd064d89c358e8f6a85d1%2FUSER&instance=prod%2Fphys03
INFO 2017-02-14 13:07:14,601: 	 
Error Summary: (use crab status --verboseErrors for details about the errors)

  1 jobs failed with exit code 132

Have a look at https://twiki.cern.ch/twiki/bin/viewauth/CMSPublic/JobExitCodes for a description of the exit codes.
INFO 2017-02-14 13:07:14,658: 	 Log file is /data/users/fengyb/CMSSW_7_6_3/src/EmergingJetAnalysis/crabTasks/crab_Analysis-20170213-2017-0213-v0/crab_Analysis-20170213-GJets_HT-600ToInf_RunIIFall15DR76-2017-0213-202722/crab.log
DEBUG 2017-02-14 13:07:39,367: 	 Executing command: 'resubmit'
DEBUG 2017-02-14 13:07:39,367: 	 Found CRAB cache file /home/fengyb/.crab3
DEBUG 2017-02-14 13:07:39,375: 	 Checking credentials
DEBUG 2017-02-14 13:07:39,375: 	 Found proxy file /tmp/x509up_u1701
DEBUG 2017-02-14 13:07:39,375: 	 Getting proxy life time left
DEBUG 2017-02-14 13:07:39,478: 	 Executing : 
 command : voms-proxy-info -file /tmp/x509up_u1701 -timeleft
 output : 43149

 error: 
 retcode : 0
DEBUG 2017-02-14 13:07:39,582: 	 Executing : 
 command : voms-proxy-info -file /tmp/x509up_u1701 -actimeleft
 output : 43149

 error: 
 retcode : 0
DEBUG 2017-02-14 13:07:39,583: 	 Proxy valid for 11:59:09 hours
DEBUG 2017-02-14 13:07:39,694: 	 Executing : 
 command : openssl x509 -in ~/.globus/usercert.pem -subject -noout
 output : subject= /DC=ch/DC=cern/OU=Organic Units/OU=Users/CN=yofeng/CN=785825/CN=Yongbin Feng

 error: 
 retcode : 0
DEBUG 2017-02-14 13:07:39,694: 	 Checking credentials
DEBUG 2017-02-14 13:07:39,695: 	 Found proxy file /tmp/x509up_u1701
DEBUG 2017-02-14 13:07:39,695: 	 Getting proxy life time left
DEBUG 2017-02-14 13:07:39,798: 	 Executing : 
 command : voms-proxy-info -file /tmp/x509up_u1701 -timeleft
 output : 43149

 error: 
 retcode : 0
DEBUG 2017-02-14 13:07:39,902: 	 Executing : 
 command : voms-proxy-info -file /tmp/x509up_u1701 -actimeleft
 output : 43149

 error: 
 retcode : 0
DEBUG 2017-02-14 13:07:39,902: 	 Proxy valid for 11:59:09 hours
DEBUG 2017-02-14 13:07:41,096: 	 Registering user credentials for server /DC=ch/DC=cern/OU=computers/CN=vocms(045|052|021|031|0118|0118a|0119|0108|0105).cern.ch
DEBUG 2017-02-14 13:07:41,204: 	 Executing : 
 command : openssl x509 -in ~/.globus/usercert.pem -subject -noout
 output : subject= /DC=ch/DC=cern/OU=Organic Units/OU=Users/CN=yofeng/CN=785825/CN=Yongbin Feng

 error: 
 retcode : 0
DEBUG 2017-02-14 13:07:41,205: 	 Getting myproxy life time left for myproxy.cern.ch
DEBUG 2017-02-14 13:07:41,205: 	 Calculating hash of /DC=ch/DC=cern/OU=Organic Units/OU=Users/CN=yofeng/CN=785825/CN=Yongbin Feng_cmsweb.cern.ch for credential name
DEBUG 2017-02-14 13:07:42,009: 	 Executing : 
 command : myproxy-info -l 46a32ae7e95f6185805e22dd0e47513ea7de8fa0 -s myproxy.cern.ch
 output : username: 46a32ae7e95f6185805e22dd0e47513ea7de8fa0
owner: /DC=ch/DC=cern/OU=Organic Units/OU=Users/CN=yofeng/CN=785825/CN=Yongbin Feng
  renewal policy: /DC=ch/DC=cern/OU=computers/CN=vocms(045|052|021|031|0118|0118a|0119|0108|0105).cern.ch
  trusted retrieval policy: /DC=ch/DC=cern/OU=computers/CN=vocms(045|052|021|031|0118|0118a|0119|0108|0105).cern.ch
  timeleft: 599:27:03  (25.0 days)

 error: 
 retcode : 0
DEBUG 2017-02-14 13:07:42,010: 	 Myproxy is valid: 2158023
DEBUG 2017-02-14 13:07:42,010: 	 Command use: resubmit
DEBUG 2017-02-14 13:07:42,010: 	 Options use: ['-d', 'crab_Analysis-20170213-GJets_HT-600ToInf_RunIIFall15DR76-2017-0213-202722']
DEBUG 2017-02-14 13:07:43,176: 	 CRABClient version: 3.3.1702
DEBUG 2017-02-14 13:07:43,176: 	 Instance is prod
DEBUG 2017-02-14 13:07:43,176: 	 Server base url is cmsweb.cern.ch
DEBUG 2017-02-14 13:07:43,176: 	 Command url /crabserver/prod/workflow
DEBUG 2017-02-14 13:07:43,176: 	 Requesting resubmission of failed jobs in task 170214_012820:yofeng_crab_Analysis-20170213-GJets_HT-600ToInf_RunIIFall15DR76-2017-0213-202722
INFO 2017-02-14 13:07:43,176: 	 Sending resubmit request to the server.
DEBUG 2017-02-14 13:07:43,176: 	 Submitting {'publication': 0, 'force': 0, 'subresource': 'resubmit', 'workflow': u'170214_012820:yofeng_crab_Analysis-20170213-GJets_HT-600ToInf_RunIIFall15DR76-2017-0213-202722'} 
DEBUG 2017-02-14 13:07:43,176: 	 Encoded resubmit request: publication=0&force=0&subresource=resubmit&workflow=170214_012820%3Ayofeng_crab_Analysis-20170213-GJets_HT-600ToInf_RunIIFall15DR76-2017-0213-202722
DEBUG 2017-02-14 13:08:35,327: 	 Result: {u'result': [{u'result': u'ok'}], u'desc': {u'columns': [u'tm_site_blacklist', u'tm_site_whitelist', u'tm_maxjobruntime', u'tm_maxmemory', u'tm_numcores', u'tm_priority']}}
INFO 2017-02-14 13:08:35,327: 	 Resubmit request sent to the server.
INFO 2017-02-14 13:08:35,327: 	 Please use 'crab status' to check how the resubmission process proceeds.
Notice it may take a couple of minutes for the resubmission to get fully processed.
INFO 2017-02-14 13:08:35,417: 	 Log file is /data/users/fengyb/CMSSW_7_6_3/src/EmergingJetAnalysis/crabTasks/crab_Analysis-20170213-2017-0213-v0/crab_Analysis-20170213-GJets_HT-600ToInf_RunIIFall15DR76-2017-0213-202722/crab.log
