['skim', 'analyze']
# Conditions read from  CMS_CONDITIONS  via FrontierProd 

####################
Adding Skim step
####################

Adding GJet Skim step.
triggerSelection should be verified for new datasets.
photonID should be modified for each global tag.
 switching PAT Tau input to:  cms.InputTag("hpsPFTauProducer76xReMiniAOD")

####################
Adding Analyze step
####################

CMSSW_VERSION is CMSSW_7_6_3
Using the following global tags [MC, DATA]:
['76X_mcRun2_asymptotic_RunIIFall15DR76_v1', '76X_dataRun2_16Dec2015_v0']
DEBUG 2017-03-01 14:36:33,170: 	 Executing command: 'submit'
DEBUG 2017-03-01 14:36:33,196: 	 Found CRAB cache file /home/fengyb/.crab3
DEBUG 2017-03-01 14:36:33,203: 	 Checking credentials
DEBUG 2017-03-01 14:36:33,203: 	 Found proxy file /tmp/x509up_u1701
DEBUG 2017-03-01 14:36:33,203: 	 Getting proxy life time left
DEBUG 2017-03-01 14:36:33,306: 	 Executing : 
 command : voms-proxy-info -file /tmp/x509up_u1701 -timeleft
 output : 43162

 error: 
 retcode : 0
DEBUG 2017-03-01 14:36:33,410: 	 Executing : 
 command : voms-proxy-info -file /tmp/x509up_u1701 -actimeleft
 output : 43162

 error: 
 retcode : 0
DEBUG 2017-03-01 14:36:33,410: 	 Proxy valid for 11:59:22 hours
DEBUG 2017-03-01 14:36:33,411: 	 Will use CRAB Analysis plugin (i.e. will run an analysis job type).
DEBUG 2017-03-01 14:36:33,523: 	 Executing : 
 command : openssl x509 -in ~/.globus/usercert.pem -subject -noout
 output : subject= /DC=ch/DC=cern/OU=Organic Units/OU=Users/CN=yofeng/CN=785825/CN=Yongbin Feng

 error: 
 retcode : 0
DEBUG 2017-03-01 14:36:33,523: 	 Checking credentials
DEBUG 2017-03-01 14:36:33,523: 	 Found proxy file /tmp/x509up_u1701
DEBUG 2017-03-01 14:36:33,523: 	 Getting proxy life time left
DEBUG 2017-03-01 14:36:33,626: 	 Executing : 
 command : voms-proxy-info -file /tmp/x509up_u1701 -timeleft
 output : 43162

 error: 
 retcode : 0
DEBUG 2017-03-01 14:36:33,729: 	 Executing : 
 command : voms-proxy-info -file /tmp/x509up_u1701 -actimeleft
 output : 43162

 error: 
 retcode : 0
DEBUG 2017-03-01 14:36:33,730: 	 Proxy valid for 11:59:22 hours
DEBUG 2017-03-01 14:36:33,833: 	 Executing : 
 command : env X509_USER_PROXY=/tmp/x509up_u1701 voms-proxy-info -fqan
 output : /cms/Role=NULL/Capability=NULL

 error: 
 retcode : 0
DEBUG 2017-03-01 14:36:35,227: 	 Registering user credentials for server /DC=ch/DC=cern/OU=computers/CN=vocms(045|052|021|031|0118|0118a|0119|0108|0105).cern.ch
DEBUG 2017-03-01 14:36:35,334: 	 Executing : 
 command : openssl x509 -in ~/.globus/usercert.pem -subject -noout
 output : subject= /DC=ch/DC=cern/OU=Organic Units/OU=Users/CN=yofeng/CN=785825/CN=Yongbin Feng

 error: 
 retcode : 0
DEBUG 2017-03-01 14:36:35,335: 	 Getting myproxy life time left for myproxy.cern.ch
DEBUG 2017-03-01 14:36:35,335: 	 Calculating hash of /DC=ch/DC=cern/OU=Organic Units/OU=Users/CN=yofeng/CN=785825/CN=Yongbin Feng_cmsweb.cern.ch for credential name
DEBUG 2017-03-01 14:36:36,339: 	 Executing : 
 command : myproxy-info -l 46a32ae7e95f6185805e22dd0e47513ea7de8fa0 -s myproxy.cern.ch
 output : username: 46a32ae7e95f6185805e22dd0e47513ea7de8fa0
owner: /DC=ch/DC=cern/OU=Organic Units/OU=Users/CN=yofeng/CN=785825/CN=Yongbin Feng
  renewal policy: /DC=ch/DC=cern/OU=computers/CN=vocms(045|052|021|031|0118|0118a|0119|0108|0105).cern.ch
  trusted retrieval policy: /DC=ch/DC=cern/OU=computers/CN=vocms(045|052|021|031|0118|0118a|0119|0108|0105).cern.ch
  timeleft: 719:18:03  (30.0 days)

 error: 
 retcode : 0
DEBUG 2017-03-01 14:36:36,340: 	 Myproxy is valid: 2589483
DEBUG 2017-03-01 14:36:36,340: 	 Command use: submit
DEBUG 2017-03-01 14:36:36,340: 	 Options use: ['--config', <WMCore.Configuration.Configuration object at 0x1a0a9d0>]
DEBUG 2017-03-01 14:36:37,639: 	 CRABClient version: 3.3.1702
DEBUG 2017-03-01 14:36:37,639: 	 Instance is prod
DEBUG 2017-03-01 14:36:37,639: 	 Server base url is cmsweb.cern.ch
DEBUG 2017-03-01 14:36:37,639: 	 Command url /crabserver/prod/workflow
DEBUG 2017-03-01 14:36:37,639: 	 Started submission
DEBUG 2017-03-01 14:36:37,639: 	 Working on /data/users/fengyb/CMSSW_7_6_3/src/EmergingJetAnalysis/crabTasks/crab_Analysis-20170301-2017-0301-v3/crab_Analysis-20170301-GJets_HT-600ToInf_RunIIFall15DR76-2017-0301-143633
DEBUG 2017-03-01 14:36:38,939: 	 Loading required information from the environment
DEBUG 2017-03-01 14:36:38,939: 	 Found CMSSW_7_6_3 for slc6_amd64_gcc493 with base /data/users/fengyb/CMSSW_7_6_3
DEBUG 2017-03-01 14:36:38,939: 	 Loading required information from the environment
DEBUG 2017-03-01 14:36:38,939: 	 Found CMSSW_7_6_3 for slc6_amd64_gcc493 with base /data/users/fengyb/CMSSW_7_6_3
DEBUG 2017-03-01 14:36:38,953: 	 UNIQUE NAME: tarUUID 7e19a10d-6be8-4bcf-948c-f07c201e89da 
DEBUG 2017-03-01 14:36:38,953: 	 self.config: from WMCore.Configuration import Configuration
config = Configuration()
config.section_('General')
config.General.workArea = 'crabTasks/crab_Analysis-20170301-2017-0301-v3'
config.General.requestName = 'Analysis-20170301-GJets_HT-600ToInf_RunIIFall15DR76-2017-0301-143633'
config.section_('JobType')
config.JobType.priority = 30
config.JobType.psetName = 'Configuration/test/test_cfg.py'
config.JobType.pluginName = 'Analysis'
config.JobType.pyCfgParams = ['crab=1', 'data=0', 'sample=gjet']
config.section_('Data')
config.Data.inputDataset = '/GJets_HT-600ToInf_TuneCUETP8M1_13TeV-madgraphMLM-pythia8/RunIIFall15DR76-PU25nsData2015v1_76X_mcRun2_asymptotic_v12-v1/AODSIM'
config.Data.outputDatasetTag = 'Analysis-20170301'
config.Data.publication = True
config.Data.unitsPerJob = 1
config.Data.ignoreLocality = True
config.Data.splitting = 'FileBased'
config.Data.inputDBS = 'global'
config.Data.outLFNDirBase = '/store/user/yofeng/GJet/ntuple/Analysis-20170301-v3/GJets_HT-600ToInf_RunIIFall15DR76/'
config.Data.totalUnits = 1000
config.section_('Site')
config.Site.blacklist = ['T2_US_Purdue']
config.Site.storageSite = 'T3_US_UMD'

DEBUG 2017-03-01 14:36:38,953: 	 self.config.JobType.psetName: Configuration/test/test_cfg.py
INFO 2017-03-01 14:36:38,954: 	 Importing CMSSW configuration Configuration/test/test_cfg.py
DEBUG 2017-03-01 14:36:38,954: 	 Additional parameters for the CMSSW configuration are: ['crab=1', 'data=0', 'sample=gjet']
INFO 2017-03-01 14:36:44,918: 	 Finished importing CMSSW configuration Configuration/test/test_cfg.py
DEBUG 2017-03-01 14:36:44,918: 	 Writing CMSSW configuration to /data/users/fengyb/CMSSW_7_6_3/src/EmergingJetAnalysis/crabTasks/crab_Analysis-20170301-2017-0301-v3/crab_Analysis-20170301-GJets_HT-600ToInf_RunIIFall15DR76-2017-0301-143633/inputs/PSet.py
DEBUG 2017-03-01 14:36:47,837: 	 The following EDM output files will be collected: ['output.root']
DEBUG 2017-03-01 14:36:47,837: 	 The following TFile output files will be collected: ['ntuple.root']
DEBUG 2017-03-01 14:36:47,837: 	 The following user output files will be collected: []
DEBUG 2017-03-01 14:36:47,837: 	 Loading required information from the environment
DEBUG 2017-03-01 14:36:47,837: 	 Found CMSSW_7_6_3 for slc6_amd64_gcc493 with base /data/users/fengyb/CMSSW_7_6_3
DEBUG 2017-03-01 14:36:47,837: 	 Making tarball in /data/users/fengyb/CMSSW_7_6_3/src/EmergingJetAnalysis/crabTasks/crab_Analysis-20170301-2017-0301-v3/crab_Analysis-20170301-GJets_HT-600ToInf_RunIIFall15DR76-2017-0301-143633/inputs/7e19a10d-6be8-4bcf-948c-f07c201e89dadefault.tgz
DEBUG 2017-03-01 14:36:47,882: 	 Checking directory /data/users/fengyb/CMSSW_7_6_3/lib
DEBUG 2017-03-01 14:36:47,882: 	 Adding directory /data/users/fengyb/CMSSW_7_6_3/lib to tarball
DEBUG 2017-03-01 14:36:51,337: 	 Checking directory /data/users/fengyb/CMSSW_7_6_3/biglib
DEBUG 2017-03-01 14:36:51,338: 	 Adding directory /data/users/fengyb/CMSSW_7_6_3/biglib to tarball
DEBUG 2017-03-01 14:36:51,340: 	 Checking directory /data/users/fengyb/CMSSW_7_6_3/module
DEBUG 2017-03-01 14:36:51,463: 	 Adding data directory /data/users/fengyb/CMSSW_7_6_3/src/RecoEgamma/EgammaTools/data to tarball
DEBUG 2017-03-01 14:36:51,491: 	 Adding data directory /data/users/fengyb/CMSSW_7_6_3/src/RecoEgamma/EgammaTools/interface to tarball
DEBUG 2017-03-01 14:36:51,516: 	 Adding data directory /data/users/fengyb/CMSSW_7_6_3/src/RecoEgamma/PhotonIdentification/data to tarball
DEBUG 2017-03-01 14:36:51,527: 	 Adding data directory /data/users/fengyb/CMSSW_7_6_3/src/RecoEgamma/PhotonIdentification/interface to tarball
DEBUG 2017-03-01 14:36:51,575: 	 Adding data directory /data/users/fengyb/CMSSW_7_6_3/src/EmergingJetAnalysis/EmergingJetAnalyzer/interface to tarball
DEBUG 2017-03-01 14:36:51,620: 	 Adding data directory /data/users/fengyb/CMSSW_7_6_3/src/EmergingJetAnalysis/EmJetAnalyzer/interface to tarball
DEBUG 2017-03-01 14:36:52,227: 	 Uploading archive /data/users/fengyb/CMSSW_7_6_3/src/EmergingJetAnalysis/crabTasks/crab_Analysis-20170301-2017-0301-v3/crab_Analysis-20170301-GJets_HT-600ToInf_RunIIFall15DR76-2017-0301-143633/inputs/7e19a10d-6be8-4bcf-948c-f07c201e89dadefault.tgz to the CRAB cache. Using URI https://cmsweb.cern.ch/crabcache
DEBUG 2017-03-01 14:36:58,046: 	 Loading required information from the environment
DEBUG 2017-03-01 14:36:58,047: 	 Found CMSSW_7_6_3 for slc6_amd64_gcc493 with base /data/users/fengyb/CMSSW_7_6_3
DEBUG 2017-03-01 14:36:58,047: 	 Making tarball in /data/users/fengyb/CMSSW_7_6_3/src/EmergingJetAnalysis/crabTasks/crab_Analysis-20170301-2017-0301-v3/crab_Analysis-20170301-GJets_HT-600ToInf_RunIIFall15DR76-2017-0301-143633/inputs/debugFiles.tgz
DEBUG 2017-03-01 14:36:58,051: 	 Uploading archive /data/users/fengyb/CMSSW_7_6_3/src/EmergingJetAnalysis/crabTasks/crab_Analysis-20170301-2017-0301-v3/crab_Analysis-20170301-GJets_HT-600ToInf_RunIIFall15DR76-2017-0301-143633/inputs/debugFiles.tgz to the CRAB cache. Using URI https://cmsweb.cern.ch/crabcache
DEBUG 2017-03-01 14:36:59,381: 	 Result uploading input files: a60e243c9f490ae55c407d93c8a64178da955556ab5fa3ab265efad67e939b9a.tar.gz 
WARNING 2017-03-01 14:36:59,381: 	 Warning: The following output files will not be published, as they are not EDM files: ['ntuple.root']
INFO 2017-03-01 14:36:59,381: 	 Sending the request to the server
DEBUG 2017-03-01 14:36:59,381: 	 Submitting {'maxjobruntime': 1250, 'extrajdl': [], 'ignorelocality': 1, 'savelogsflag': 0, 'useparent': 0, 'asyncdest': 'T3_US_UMD', 'algoargs': 1, 'cachefilename': 'a60e243c9f490ae55c407d93c8a64178da955556ab5fa3ab265efad67e939b9a.tar.gz', 'numcores': 1, 'addoutputfiles': [], 'generator': 'pythia', 'maxmemory': 2000, 'publishdbsurl': 'https://cmsweb.cern.ch/dbs/prod/phys03/DBSWriter', 'priority': 30, 'jobsw': 'CMSSW_7_6_3', 'edmoutfiles': ['output.root'], 'userfiles': [], 'primarydataset': '', 'inputdata': '/GJets_HT-600ToInf_TuneCUETP8M1_13TeV-madgraphMLM-pythia8/RunIIFall15DR76-PU25nsData2015v1_76X_mcRun2_asymptotic_v12-v1/AODSIM', 'lfn': '/store/user/yofeng/GJet/ntuple/Analysis-20170301-v3/GJets_HT-600ToInf_RunIIFall15DR76/', 'dryrun': 0, 'workflow': 'crab_Analysis-20170301-GJets_HT-600ToInf_RunIIFall15DR76-2017-0301-143633', 'adduserfiles': [], 'nonprodsw': 0, 'tfileoutfiles': ['ntuple.root'], 'oneEventMode': 0, 'debugfilename': '92b091f752f3b117d258960dec6d017dc5550886f2db0692d5eff42160e2291b.tar.gz', 'cacheurl': u'https://cmsweb.cern.ch/crabcache', 'saveoutput': 1, 'publication': 1, 'jobarch': 'slc6_amd64_gcc493', 'totalunits': 1000, 'splitalgo': 'FileBased', 'ignoreglobalblacklist': 0, 'nonvaliddata': 0, 'dbsurl': 'https://cmsweb.cern.ch/dbs/prod/global/DBSReader', 'publishgroupname': 0, 'jobtype': 'Analysis', 'siteblacklist': ['T2_US_Purdue'], 'publishname2': 'Analysis-20170301'} 
DEBUG 2017-03-01 14:36:59,382: 	 Encoded submit request: maxjobruntime=1250&ignorelocality=1&savelogsflag=0&useparent=0&asyncdest=T3_US_UMD&algoargs=1&cachefilename=a60e243c9f490ae55c407d93c8a64178da955556ab5fa3ab265efad67e939b9a.tar.gz&numcores=1&generator=pythia&maxmemory=2000&publishdbsurl=https%3A%2F%2Fcmsweb.cern.ch%2Fdbs%2Fprod%2Fphys03%2FDBSWriter&priority=30&jobsw=CMSSW_7_6_3&primarydataset=&inputdata=%2FGJets_HT-600ToInf_TuneCUETP8M1_13TeV-madgraphMLM-pythia8%2FRunIIFall15DR76-PU25nsData2015v1_76X_mcRun2_asymptotic_v12-v1%2FAODSIM&lfn=%2Fstore%2Fuser%2Fyofeng%2FGJet%2Fntuple%2FAnalysis-20170301-v3%2FGJets_HT-600ToInf_RunIIFall15DR76%2F&dryrun=0&workflow=crab_Analysis-20170301-GJets_HT-600ToInf_RunIIFall15DR76-2017-0301-143633&nonprodsw=0&oneEventMode=0&debugfilename=92b091f752f3b117d258960dec6d017dc5550886f2db0692d5eff42160e2291b.tar.gz&cacheurl=https%3A%2F%2Fcmsweb.cern.ch%2Fcrabcache&saveoutput=1&publication=1&jobarch=slc6_amd64_gcc493&totalunits=1000&splitalgo=FileBased&ignoreglobalblacklist=0&nonvaliddata=0&dbsurl=https%3A%2F%2Fcmsweb.cern.ch%2Fdbs%2Fprod%2Fglobal%2FDBSReader&publishgroupname=0&jobtype=Analysis&publishname2=Analysis-20170301&siteblacklist=T2_US_Purdue&tfileoutfiles=ntuple.root&edmoutfiles=output.root
DEBUG 2017-03-01 14:37:00,831: 	 Result: {u'result': [{u'RequestName': u'170301_193700:yofeng_crab_Analysis-20170301-GJets_HT-600ToInf_RunIIFall15DR76-2017-0301-143633'}]}
INFO 2017-03-01 14:37:00,833: 	 Success: Your task has been delivered to the CRAB3 server.
INFO 2017-03-01 14:37:00,833: 	 Task name: 170301_193700:yofeng_crab_Analysis-20170301-GJets_HT-600ToInf_RunIIFall15DR76-2017-0301-143633
INFO 2017-03-01 14:37:00,833: 	 Please use 'crab status' to check how the submission process proceeds.
DEBUG 2017-03-01 14:37:00,833: 	 About to return
DEBUG 2017-03-02 14:07:26,330: 	 Executing command: 'status'
DEBUG 2017-03-02 14:07:26,330: 	 Found CRAB cache file /home/fengyb/.crab3
DEBUG 2017-03-02 14:07:26,337: 	 Checking credentials
DEBUG 2017-03-02 14:07:26,337: 	 Found proxy file /tmp/x509up_u1701
DEBUG 2017-03-02 14:07:26,337: 	 Getting proxy life time left
DEBUG 2017-03-02 14:07:26,441: 	 Executing : 
 command : voms-proxy-info -file /tmp/x509up_u1701 -timeleft
 output : 27829

 error: 
 retcode : 0
DEBUG 2017-03-02 14:07:26,544: 	 Executing : 
 command : voms-proxy-info -file /tmp/x509up_u1701 -actimeleft
 output : 27829

 error: 
 retcode : 0
DEBUG 2017-03-02 14:07:26,544: 	 Proxy valid for 07:43:49 hours
DEBUG 2017-03-02 14:07:26,675: 	 Executing : 
 command : openssl x509 -in ~/.globus/usercert.pem -subject -noout
 output : subject= /DC=ch/DC=cern/OU=Organic Units/OU=Users/CN=yofeng/CN=785825/CN=Yongbin Feng

 error: 
 retcode : 0
DEBUG 2017-03-02 14:07:26,675: 	 Checking credentials
DEBUG 2017-03-02 14:07:26,675: 	 Found proxy file /tmp/x509up_u1701
DEBUG 2017-03-02 14:07:26,675: 	 Getting proxy life time left
DEBUG 2017-03-02 14:07:26,778: 	 Executing : 
 command : voms-proxy-info -file /tmp/x509up_u1701 -timeleft
 output : 27829

 error: 
 retcode : 0
DEBUG 2017-03-02 14:07:26,882: 	 Executing : 
 command : voms-proxy-info -file /tmp/x509up_u1701 -actimeleft
 output : 27829

 error: 
 retcode : 0
DEBUG 2017-03-02 14:07:26,882: 	 Proxy valid for 07:43:49 hours
DEBUG 2017-03-02 14:07:31,877: 	 Registering user credentials for server /DC=ch/DC=cern/OU=computers/CN=vocms(045|052|021|031|0118|0118a|0119|0108|0105).cern.ch
DEBUG 2017-03-02 14:07:31,987: 	 Executing : 
 command : openssl x509 -in ~/.globus/usercert.pem -subject -noout
 output : subject= /DC=ch/DC=cern/OU=Organic Units/OU=Users/CN=yofeng/CN=785825/CN=Yongbin Feng

 error: 
 retcode : 0
DEBUG 2017-03-02 14:07:31,987: 	 Getting myproxy life time left for myproxy.cern.ch
DEBUG 2017-03-02 14:07:31,987: 	 Calculating hash of /DC=ch/DC=cern/OU=Organic Units/OU=Users/CN=yofeng/CN=785825/CN=Yongbin Feng_cmsweb.cern.ch for credential name
DEBUG 2017-03-02 14:07:32,792: 	 Executing : 
 command : myproxy-info -l 46a32ae7e95f6185805e22dd0e47513ea7de8fa0 -s myproxy.cern.ch
 output : username: 46a32ae7e95f6185805e22dd0e47513ea7de8fa0
owner: /DC=ch/DC=cern/OU=Organic Units/OU=Users/CN=yofeng/CN=785825/CN=Yongbin Feng
  renewal policy: /DC=ch/DC=cern/OU=computers/CN=vocms(045|052|021|031|0118|0118a|0119|0108|0105).cern.ch
  trusted retrieval policy: /DC=ch/DC=cern/OU=computers/CN=vocms(045|052|021|031|0118|0118a|0119|0108|0105).cern.ch
  timeleft: 695:47:07  (29.0 days)

 error: 
 retcode : 0
DEBUG 2017-03-02 14:07:32,793: 	 Myproxy is valid: 2504827
DEBUG 2017-03-02 14:07:32,793: 	 Command use: status
DEBUG 2017-03-02 14:07:32,793: 	 Options use: ['-d', 'crab_Analysis-20170301-GJets_HT-600ToInf_RunIIFall15DR76-2017-0301-143633']
DEBUG 2017-03-02 14:07:33,874: 	 CRABClient version: 3.3.1702
DEBUG 2017-03-02 14:07:33,874: 	 Instance is prod
DEBUG 2017-03-02 14:07:33,874: 	 Server base url is cmsweb.cern.ch
DEBUG 2017-03-02 14:07:33,874: 	 Command url /crabserver/prod/workflow
DEBUG 2017-03-02 14:07:33,874: 	 Looking up detailed status of task 170301_193700:yofeng_crab_Analysis-20170301-GJets_HT-600ToInf_RunIIFall15DR76-2017-0301-143633
DEBUG 2017-03-02 14:07:37,587: 	 {u'status': u'COMPLETED', u'username': u'yofeng', u'jobsPerStatus': {u'finished': 168}, u'jobs': {u'133': {u'State': u'finished'}, u'132': {u'State': u'finished'}, u'131': {u'State': u'finished'}, u'130': {u'State': u'finished'}, u'137': {u'State': u'finished'}, u'136': {u'State': u'finished'}, u'135': {u'State': u'finished'}, u'134': {u'State': u'finished'}, u'139': {u'State': u'finished'}, u'138': {u'State': u'finished'}, u'93': {u'State': u'finished'}, u'24': {u'State': u'finished'}, u'25': {u'State': u'finished'}, u'26': {u'State': u'finished'}, u'27': {u'State': u'finished'}, u'20': {u'State': u'finished'}, u'21': {u'State': u'finished'}, u'22': {u'State': u'finished'}, u'23': {u'State': u'finished'}, u'95': {u'State': u'finished'}, u'28': {u'State': u'finished'}, u'29': {u'State': u'finished'}, u'94': {u'State': u'finished'}, u'4': {u'State': u'finished'}, u'8': {u'State': u'finished'}, u'96': {u'State': u'finished'}, u'120': {u'State': u'finished'}, u'121': {u'State': u'finished'}, u'122': {u'State': u'finished'}, u'123': {u'State': u'finished'}, u'124': {u'State': u'finished'}, u'125': {u'State': u'finished'}, u'126': {u'State': u'finished'}, u'127': {u'State': u'finished'}, u'128': {u'State': u'finished'}, u'129': {u'State': u'finished'}, u'91': {u'State': u'finished'}, u'59': {u'State': u'finished'}, u'58': {u'State': u'finished'}, u'55': {u'State': u'finished'}, u'54': {u'State': u'finished'}, u'57': {u'State': u'finished'}, u'56': {u'State': u'finished'}, u'51': {u'State': u'finished'}, u'50': {u'State': u'finished'}, u'53': {u'State': u'finished'}, u'52': {u'State': u'finished'}, u'90': {u'State': u'finished'}, u'115': {u'State': u'finished'}, u'114': {u'State': u'finished'}, u'88': {u'State': u'finished'}, u'89': {u'State': u'finished'}, u'111': {u'State': u'finished'}, u'110': {u'State': u'finished'}, u'113': {u'State': u'finished'}, u'112': {u'State': u'finished'}, u'82': {u'State': u'finished'}, u'83': {u'State': u'finished'}, u'80': {u'State': u'finished'}, u'81': {u'State': u'finished'}, u'119': {u'State': u'finished'}, u'118': {u'State': u'finished'}, u'84': {u'State': u'finished'}, u'85': {u'State': u'finished'}, u'3': {u'State': u'finished'}, u'7': {u'State': u'finished'}, u'92': {u'State': u'finished'}, u'108': {u'State': u'finished'}, u'109': {u'State': u'finished'}, u'102': {u'State': u'finished'}, u'103': {u'State': u'finished'}, u'100': {u'State': u'finished'}, u'101': {u'State': u'finished'}, u'106': {u'State': u'finished'}, u'107': {u'State': u'finished'}, u'104': {u'State': u'finished'}, u'105': {u'State': u'finished'}, u'39': {u'State': u'finished'}, u'38': {u'State': u'finished'}, u'33': {u'State': u'finished'}, u'32': {u'State': u'finished'}, u'31': {u'State': u'finished'}, u'30': {u'State': u'finished'}, u'37': {u'State': u'finished'}, u'36': {u'State': u'finished'}, u'35': {u'State': u'finished'}, u'34': {u'State': u'finished'}, u'60': {u'State': u'finished'}, u'61': {u'State': u'finished'}, u'62': {u'State': u'finished'}, u'63': {u'State': u'finished'}, u'64': {u'State': u'finished'}, u'65': {u'State': u'finished'}, u'66': {u'State': u'finished'}, u'67': {u'State': u'finished'}, u'68': {u'State': u'finished'}, u'69': {u'State': u'finished'}, u'2': {u'State': u'finished'}, u'6': {u'State': u'finished'}, u'97': {u'State': u'finished'}, u'99': {u'State': u'finished'}, u'98': {u'State': u'finished'}, u'168': {u'State': u'finished'}, u'164': {u'State': u'finished'}, u'165': {u'State': u'finished'}, u'166': {u'State': u'finished'}, u'167': {u'State': u'finished'}, u'160': {u'State': u'finished'}, u'161': {u'State': u'finished'}, u'162': {u'State': u'finished'}, u'163': {u'State': u'finished'}, u'11': {u'State': u'finished'}, u'10': {u'State': u'finished'}, u'13': {u'State': u'finished'}, u'12': {u'State': u'finished'}, u'15': {u'State': u'finished'}, u'14': {u'State': u'finished'}, u'17': {u'State': u'finished'}, u'16': {u'State': u'finished'}, u'19': {u'State': u'finished'}, u'18': {u'State': u'finished'}, u'117': {u'State': u'finished'}, u'116': {u'State': u'finished'}, u'151': {u'State': u'finished'}, u'150': {u'State': u'finished'}, u'153': {u'State': u'finished'}, u'152': {u'State': u'finished'}, u'155': {u'State': u'finished'}, u'154': {u'State': u'finished'}, u'157': {u'State': u'finished'}, u'156': {u'State': u'finished'}, u'159': {u'State': u'finished'}, u'158': {u'State': u'finished'}, u'48': {u'State': u'finished'}, u'49': {u'State': u'finished'}, u'46': {u'State': u'finished'}, u'86': {u'State': u'finished'}, u'44': {u'State': u'finished'}, u'45': {u'State': u'finished'}, u'42': {u'State': u'finished'}, u'43': {u'State': u'finished'}, u'40': {u'State': u'finished'}, u'87': {u'State': u'finished'}, u'1': {u'State': u'finished'}, u'5': {u'State': u'finished'}, u'9': {u'State': u'finished'}, u'146': {u'State': u'finished'}, u'147': {u'State': u'finished'}, u'144': {u'State': u'finished'}, u'145': {u'State': u'finished'}, u'142': {u'State': u'finished'}, u'143': {u'State': u'finished'}, u'140': {u'State': u'finished'}, u'141': {u'State': u'finished'}, u'148': {u'State': u'finished'}, u'149': {u'State': u'finished'}, u'77': {u'State': u'finished'}, u'76': {u'State': u'finished'}, u'75': {u'State': u'finished'}, u'74': {u'State': u'finished'}, u'73': {u'State': u'finished'}, u'72': {u'State': u'finished'}, u'71': {u'State': u'finished'}, u'70': {u'State': u'finished'}, u'79': {u'State': u'finished'}, u'78': {u'State': u'finished'}, u'41': {u'State': u'finished'}, u'47': {u'State': u'finished'}}, u'publication': {u'publishing': 0, u'publication_failed': 0, u'not_published': 0, u'published': 168}, u'taskWarningMsg': [], u'schedd': u'crab3@vocms0122.cern.ch', u'publicationFailures': {}, u'outdatasets': [u'/GJets_HT-600ToInf_TuneCUETP8M1_13TeV-madgraphMLM-pythia8/yofeng-Analysis-20170301-5fc285fcc1de9c7a8e1aeab2e6d06c5e/USER'], u'statusFailureMsg': u'', u'taskFailureMsg': u'', u'failedJobdefs': 0, u'ASOURL': u'https://cmsweb.cern.ch/couchdb2', u'command': u'SUBMIT', u'totalJobdefs': 0, u'submissionTime': 1488397020, u'jobdefErrors': [], u'collector': u'cmsgwms-collector-global.cern.ch,cmssrv221.fnal.gov', u'jobList': [[u'finished', 165], [u'finished', 133], [u'finished', 132], [u'finished', 131], [u'finished', 130], [u'finished', 137], [u'finished', 136], [u'finished', 135], [u'finished', 134], [u'finished', 139], [u'finished', 138], [u'finished', 166], [u'finished', 24], [u'finished', 25], [u'finished', 26], [u'finished', 27], [u'finished', 20], [u'finished', 21], [u'finished', 22], [u'finished', 23], [u'finished', 160], [u'finished', 28], [u'finished', 29], [u'finished', 161], [u'finished', 4], [u'finished', 8], [u'finished', 163], [u'finished', 119], [u'finished', 120], [u'finished', 121], [u'finished', 122], [u'finished', 123], [u'finished', 124], [u'finished', 125], [u'finished', 126], [u'finished', 127], [u'finished', 128], [u'finished', 129], [u'finished', 167], [u'finished', 118], [u'finished', 59], [u'finished', 58], [u'finished', 55], [u'finished', 54], [u'finished', 57], [u'finished', 56], [u'finished', 51], [u'finished', 50], [u'finished', 53], [u'finished', 52], [u'finished', 164], [u'finished', 115], [u'finished', 114], [u'finished', 88], [u'finished', 89], [u'finished', 111], [u'finished', 110], [u'finished', 113], [u'finished', 112], [u'finished', 82], [u'finished', 83], [u'finished', 80], [u'finished', 81], [u'finished', 86], [u'finished', 87], [u'finished', 84], [u'finished', 85], [u'finished', 3], [u'finished', 7], [u'finished', 108], [u'finished', 109], [u'finished', 102], [u'finished', 103], [u'finished', 100], [u'finished', 101], [u'finished', 106], [u'finished', 107], [u'finished', 104], [u'finished', 105], [u'finished', 39], [u'finished', 38], [u'finished', 33], [u'finished', 32], [u'finished', 31], [u'finished', 30], [u'finished', 37], [u'finished', 36], [u'finished', 35], [u'finished', 34], [u'finished', 60], [u'finished', 61], [u'finished', 62], [u'finished', 63], [u'finished', 64], [u'finished', 65], [u'finished', 66], [u'finished', 67], [u'finished', 68], [u'finished', 69], [u'finished', 2], [u'finished', 162], [u'finished', 6], [u'finished', 99], [u'finished', 98], [u'finished', 168], [u'finished', 91], [u'finished', 90], [u'finished', 93], [u'finished', 92], [u'finished', 95], [u'finished', 94], [u'finished', 97], [u'finished', 96], [u'finished', 11], [u'finished', 10], [u'finished', 13], [u'finished', 12], [u'finished', 15], [u'finished', 14], [u'finished', 17], [u'finished', 16], [u'finished', 19], [u'finished', 18], [u'finished', 117], [u'finished', 116], [u'finished', 151], [u'finished', 150], [u'finished', 153], [u'finished', 152], [u'finished', 155], [u'finished', 154], [u'finished', 157], [u'finished', 156], [u'finished', 159], [u'finished', 158], [u'finished', 48], [u'finished', 49], [u'finished', 46], [u'finished', 47], [u'finished', 44], [u'finished', 45], [u'finished', 42], [u'finished', 43], [u'finished', 40], [u'finished', 41], [u'finished', 1], [u'finished', 5], [u'finished', 9], [u'finished', 146], [u'finished', 147], [u'finished', 144], [u'finished', 145], [u'finished', 142], [u'finished', 143], [u'finished', 140], [u'finished', 141], [u'finished', 148], [u'finished', 149], [u'finished', 77], [u'finished', 76], [u'finished', 75], [u'finished', 74], [u'finished', 73], [u'finished', 72], [u'finished', 71], [u'finished', 70], [u'finished', 79], [u'finished', 78]]}
INFO 2017-03-02 14:07:37,587: 	 CRAB project directory:		/data/users/fengyb/CMSSW_7_6_3/src/EmergingJetAnalysis/crabTasks/crab_Analysis-20170301-2017-0301-v3/crab_Analysis-20170301-GJets_HT-600ToInf_RunIIFall15DR76-2017-0301-143633
INFO 2017-03-02 14:07:37,587: 	 Task name:			170301_193700:yofeng_crab_Analysis-20170301-GJets_HT-600ToInf_RunIIFall15DR76-2017-0301-143633
INFO 2017-03-02 14:07:37,587: 	 Grid scheduler:			crab3@vocms0122.cern.ch
INFO 2017-03-02 14:07:37,587: 	 Task status:			COMPLETED
INFO 2017-03-02 14:07:37,588: 	 Task URL to use for HELP:	https://cmsweb.cern.ch/crabserver/ui/task/170301_193700%3Ayofeng_crab_Analysis-20170301-GJets_HT-600ToInf_RunIIFall15DR76-2017-0301-143633
INFO 2017-03-02 14:07:37,588: 	 Dashboard monitoring URL:	http://dashb-cms-job.cern.ch/dashboard/templates/task-analysis/#user=yofeng&table=Mains&pattern=170301_193700%3Ayofeng_crab_Analysis-20170301-GJets_HT-600ToInf_RunIIFall15DR76-2017-0301-143633
INFO 2017-03-02 14:07:37,588: 	 
Jobs status:			finished      100.0% (168/168)
INFO 2017-03-02 14:07:37,588: 	 
Publication status:		finished      100.0% (168/168)
INFO 2017-03-02 14:07:37,588: 	 
Output dataset:			/GJets_HT-600ToInf_TuneCUETP8M1_13TeV-madgraphMLM-pythia8/yofeng-Analysis-20170301-5fc285fcc1de9c7a8e1aeab2e6d06c5e/USER
Output dataset DAS URL:		https://cmsweb.cern.ch/das/request?input=%2FGJets_HT-600ToInf_TuneCUETP8M1_13TeV-madgraphMLM-pythia8%2Fyofeng-Analysis-20170301-5fc285fcc1de9c7a8e1aeab2e6d06c5e%2FUSER&instance=prod%2Fphys03
INFO 2017-03-02 14:07:37,594: 	 Log file is /data/users/fengyb/CMSSW_7_6_3/src/EmergingJetAnalysis/crabTasks/crab_Analysis-20170301-2017-0301-v3/crab_Analysis-20170301-GJets_HT-600ToInf_RunIIFall15DR76-2017-0301-143633/crab.log
