['skim', 'analyze']
# Conditions read from  CMS_CONDITIONS  via FrontierProd 

####################
Adding Skim step
####################

Adding GJet Skim step.
triggerSelection should be verified for new datasets.
photonID should be modified for each global tag.
 switching PAT Tau input to:  cms.InputTag("hpsPFTauProducer76xReMiniAOD")

####################
Adding Analyze step
####################

CMSSW_VERSION is CMSSW_7_6_3
Using the following global tags [MC, DATA]:
['76X_mcRun2_asymptotic_RunIIFall15DR76_v1', '76X_dataRun2_16Dec2015_v0']
DEBUG 2017-02-13 21:20:20,984: 	 Executing command: 'submit'
DEBUG 2017-02-13 21:20:20,989: 	 Found CRAB cache file /home/fengyb/.crab3
DEBUG 2017-02-13 21:20:20,995: 	 Checking credentials
DEBUG 2017-02-13 21:20:20,996: 	 Found proxy file /tmp/x509up_u1701
DEBUG 2017-02-13 21:20:20,996: 	 Getting proxy life time left
DEBUG 2017-02-13 21:20:21,099: 	 Executing : 
 command : voms-proxy-info -file /tmp/x509up_u1701 -timeleft
 output : 39322

 error: 
 retcode : 0
DEBUG 2017-02-13 21:20:21,202: 	 Executing : 
 command : voms-proxy-info -file /tmp/x509up_u1701 -actimeleft
 output : 39322

 error: 
 retcode : 0
DEBUG 2017-02-13 21:20:21,203: 	 Proxy valid for 10:55:22 hours
DEBUG 2017-02-13 21:20:21,203: 	 Will use CRAB Analysis plugin (i.e. will run an analysis job type).
DEBUG 2017-02-13 21:20:21,490: 	 Executing : 
 command : openssl x509 -in ~/.globus/usercert.pem -subject -noout
 output : subject= /DC=ch/DC=cern/OU=Organic Units/OU=Users/CN=yofeng/CN=785825/CN=Yongbin Feng

 error: 
 retcode : 0
DEBUG 2017-02-13 21:20:21,490: 	 Checking credentials
DEBUG 2017-02-13 21:20:21,490: 	 Found proxy file /tmp/x509up_u1701
DEBUG 2017-02-13 21:20:21,490: 	 Getting proxy life time left
DEBUG 2017-02-13 21:20:21,594: 	 Executing : 
 command : voms-proxy-info -file /tmp/x509up_u1701 -timeleft
 output : 39322

 error: 
 retcode : 0
DEBUG 2017-02-13 21:20:21,697: 	 Executing : 
 command : voms-proxy-info -file /tmp/x509up_u1701 -actimeleft
 output : 39322

 error: 
 retcode : 0
DEBUG 2017-02-13 21:20:21,697: 	 Proxy valid for 10:55:22 hours
DEBUG 2017-02-13 21:20:21,800: 	 Executing : 
 command : env X509_USER_PROXY=/tmp/x509up_u1701 voms-proxy-info -fqan
 output : /cms/Role=NULL/Capability=NULL

 error: 
 retcode : 0
DEBUG 2017-02-13 21:20:22,904: 	 Registering user credentials for server /DC=ch/DC=cern/OU=computers/CN=vocms(045|052|021|031|0118|0118a|0119|0108|0105).cern.ch
DEBUG 2017-02-13 21:20:23,012: 	 Executing : 
 command : openssl x509 -in ~/.globus/usercert.pem -subject -noout
 output : subject= /DC=ch/DC=cern/OU=Organic Units/OU=Users/CN=yofeng/CN=785825/CN=Yongbin Feng

 error: 
 retcode : 0
DEBUG 2017-02-13 21:20:23,012: 	 Getting myproxy life time left for myproxy.cern.ch
DEBUG 2017-02-13 21:20:23,012: 	 Calculating hash of /DC=ch/DC=cern/OU=Organic Units/OU=Users/CN=yofeng/CN=785825/CN=Yongbin Feng_cmsweb.cern.ch for credential name
DEBUG 2017-02-13 21:20:23,816: 	 Executing : 
 command : myproxy-info -l 46a32ae7e95f6185805e22dd0e47513ea7de8fa0 -s myproxy.cern.ch
 output : username: 46a32ae7e95f6185805e22dd0e47513ea7de8fa0
owner: /DC=ch/DC=cern/OU=Organic Units/OU=Users/CN=yofeng/CN=785825/CN=Yongbin Feng
  renewal policy: /DC=ch/DC=cern/OU=computers/CN=vocms(045|052|021|031|0118|0118a|0119|0108|0105).cern.ch
  trusted retrieval policy: /DC=ch/DC=cern/OU=computers/CN=vocms(045|052|021|031|0118|0118a|0119|0108|0105).cern.ch
  timeleft: 615:14:21  (25.6 days)

 error: 
 retcode : 0
DEBUG 2017-02-13 21:20:23,817: 	 Myproxy is valid: 2214861
DEBUG 2017-02-13 21:20:23,818: 	 Command use: submit
DEBUG 2017-02-13 21:20:23,818: 	 Options use: ['--config', <WMCore.Configuration.Configuration object at 0xb759d0>]
DEBUG 2017-02-13 21:20:26,394: 	 CRABClient version: 3.3.1702
DEBUG 2017-02-13 21:20:26,394: 	 Instance is prod
DEBUG 2017-02-13 21:20:26,394: 	 Server base url is cmsweb.cern.ch
DEBUG 2017-02-13 21:20:26,394: 	 Command url /crabserver/prod/workflow
DEBUG 2017-02-13 21:20:26,394: 	 Started submission
DEBUG 2017-02-13 21:20:26,394: 	 Working on /data/users/fengyb/CMSSW_7_6_3/src/EmergingJetAnalysis/crabTasks/crab_Analysis-20170213-2017-0213-v0/crab_Analysis-20170213-GJets_HT-100To200_RunIISpring15DR74-2017-0213-212020
DEBUG 2017-02-13 21:20:27,766: 	 Loading required information from the environment
DEBUG 2017-02-13 21:20:27,766: 	 Found CMSSW_7_6_3 for slc6_amd64_gcc493 with base /data/users/fengyb/CMSSW_7_6_3
DEBUG 2017-02-13 21:20:27,766: 	 Loading required information from the environment
DEBUG 2017-02-13 21:20:27,766: 	 Found CMSSW_7_6_3 for slc6_amd64_gcc493 with base /data/users/fengyb/CMSSW_7_6_3
DEBUG 2017-02-13 21:20:27,777: 	 UNIQUE NAME: tarUUID 774a018f-9c46-4345-87ba-4a507bcac7bd 
DEBUG 2017-02-13 21:20:27,778: 	 self.config: from WMCore.Configuration import Configuration
config = Configuration()
config.section_('General')
config.General.workArea = 'crabTasks/crab_Analysis-20170213-2017-0213-v0'
config.General.requestName = 'Analysis-20170213-GJets_HT-100To200_RunIISpring15DR74-2017-0213-212020'
config.section_('JobType')
config.JobType.priority = 30
config.JobType.psetName = 'Configuration/test/test_cfg.py'
config.JobType.pluginName = 'Analysis'
config.JobType.pyCfgParams = ['crab=1', 'data=0', 'sample=gjet']
config.section_('Data')
config.Data.inputDataset = '/GJets_HT-100To200_TuneCUETP8M1_13TeV-madgraphMLM-pythia8/RunIISpring15DR74-Asympt25ns_MCRUN2_74_V9-v2/AODSIM'
config.Data.outputDatasetTag = 'Analysis-20170213'
config.Data.publication = True
config.Data.unitsPerJob = 1
config.Data.ignoreLocality = True
config.Data.splitting = 'FileBased'
config.Data.inputDBS = 'global'
config.Data.outLFNDirBase = '/store/user/yofeng/GJet/ntuple/Analysis-20170213-v0/GJets_HT-100To200_RunIISpring15DR74/'
config.Data.totalUnits = 1000
config.section_('Site')
config.Site.blacklist = ['T2_US_Purdue']
config.Site.storageSite = 'T3_US_UMD'

DEBUG 2017-02-13 21:20:27,778: 	 self.config.JobType.psetName: Configuration/test/test_cfg.py
INFO 2017-02-13 21:20:27,778: 	 Importing CMSSW configuration Configuration/test/test_cfg.py
DEBUG 2017-02-13 21:20:27,778: 	 Additional parameters for the CMSSW configuration are: ['crab=1', 'data=0', 'sample=gjet']
INFO 2017-02-13 21:20:33,308: 	 Finished importing CMSSW configuration Configuration/test/test_cfg.py
DEBUG 2017-02-13 21:20:33,308: 	 Writing CMSSW configuration to /data/users/fengyb/CMSSW_7_6_3/src/EmergingJetAnalysis/crabTasks/crab_Analysis-20170213-2017-0213-v0/crab_Analysis-20170213-GJets_HT-100To200_RunIISpring15DR74-2017-0213-212020/inputs/PSet.py
DEBUG 2017-02-13 21:20:36,176: 	 The following EDM output files will be collected: ['output.root']
DEBUG 2017-02-13 21:20:36,176: 	 The following TFile output files will be collected: ['ntuple.root']
DEBUG 2017-02-13 21:20:36,176: 	 The following user output files will be collected: []
DEBUG 2017-02-13 21:20:36,177: 	 Loading required information from the environment
DEBUG 2017-02-13 21:20:36,177: 	 Found CMSSW_7_6_3 for slc6_amd64_gcc493 with base /data/users/fengyb/CMSSW_7_6_3
DEBUG 2017-02-13 21:20:36,177: 	 Making tarball in /data/users/fengyb/CMSSW_7_6_3/src/EmergingJetAnalysis/crabTasks/crab_Analysis-20170213-2017-0213-v0/crab_Analysis-20170213-GJets_HT-100To200_RunIISpring15DR74-2017-0213-212020/inputs/774a018f-9c46-4345-87ba-4a507bcac7bddefault.tgz
DEBUG 2017-02-13 21:20:36,181: 	 Checking directory /data/users/fengyb/CMSSW_7_6_3/lib
DEBUG 2017-02-13 21:20:36,181: 	 Adding directory /data/users/fengyb/CMSSW_7_6_3/lib to tarball
DEBUG 2017-02-13 21:20:39,104: 	 Checking directory /data/users/fengyb/CMSSW_7_6_3/biglib
DEBUG 2017-02-13 21:20:39,104: 	 Adding directory /data/users/fengyb/CMSSW_7_6_3/biglib to tarball
DEBUG 2017-02-13 21:20:39,106: 	 Checking directory /data/users/fengyb/CMSSW_7_6_3/module
DEBUG 2017-02-13 21:20:39,122: 	 Adding data directory /data/users/fengyb/CMSSW_7_6_3/src/RecoEgamma/EgammaTools/data to tarball
DEBUG 2017-02-13 21:20:39,147: 	 Adding data directory /data/users/fengyb/CMSSW_7_6_3/src/RecoEgamma/EgammaTools/interface to tarball
DEBUG 2017-02-13 21:20:39,164: 	 Adding data directory /data/users/fengyb/CMSSW_7_6_3/src/RecoEgamma/PhotonIdentification/data to tarball
DEBUG 2017-02-13 21:20:39,172: 	 Adding data directory /data/users/fengyb/CMSSW_7_6_3/src/RecoEgamma/PhotonIdentification/interface to tarball
DEBUG 2017-02-13 21:20:39,192: 	 Adding data directory /data/users/fengyb/CMSSW_7_6_3/src/EmergingJetAnalysis/EmergingJetAnalyzer/interface to tarball
DEBUG 2017-02-13 21:20:39,207: 	 Adding data directory /data/users/fengyb/CMSSW_7_6_3/src/EmergingJetAnalysis/EmJetAnalyzer/interface to tarball
DEBUG 2017-02-13 21:20:39,744: 	 Uploading archive /data/users/fengyb/CMSSW_7_6_3/src/EmergingJetAnalysis/crabTasks/crab_Analysis-20170213-2017-0213-v0/crab_Analysis-20170213-GJets_HT-100To200_RunIISpring15DR74-2017-0213-212020/inputs/774a018f-9c46-4345-87ba-4a507bcac7bddefault.tgz to the CRAB cache. Using URI https://cmsweb.cern.ch/crabcache
DEBUG 2017-02-13 21:20:45,477: 	 Loading required information from the environment
DEBUG 2017-02-13 21:20:45,477: 	 Found CMSSW_7_6_3 for slc6_amd64_gcc493 with base /data/users/fengyb/CMSSW_7_6_3
DEBUG 2017-02-13 21:20:45,477: 	 Making tarball in /data/users/fengyb/CMSSW_7_6_3/src/EmergingJetAnalysis/crabTasks/crab_Analysis-20170213-2017-0213-v0/crab_Analysis-20170213-GJets_HT-100To200_RunIISpring15DR74-2017-0213-212020/inputs/debugFiles.tgz
DEBUG 2017-02-13 21:20:45,481: 	 Uploading archive /data/users/fengyb/CMSSW_7_6_3/src/EmergingJetAnalysis/crabTasks/crab_Analysis-20170213-2017-0213-v0/crab_Analysis-20170213-GJets_HT-100To200_RunIISpring15DR74-2017-0213-212020/inputs/debugFiles.tgz to the CRAB cache. Using URI https://cmsweb.cern.ch/crabcache
DEBUG 2017-02-13 21:20:46,777: 	 Result uploading input files: 9aafe0a8491236198e8172e212a66d0df38cbb56017f2f7821d2bbc229867fe1.tar.gz 
WARNING 2017-02-13 21:20:46,777: 	 Warning: The following output files will not be published, as they are not EDM files: ['ntuple.root']
INFO 2017-02-13 21:20:46,777: 	 Sending the request to the server
DEBUG 2017-02-13 21:20:46,777: 	 Submitting {'maxjobruntime': 1250, 'extrajdl': [], 'ignorelocality': 1, 'savelogsflag': 0, 'useparent': 0, 'asyncdest': 'T3_US_UMD', 'algoargs': 1, 'cachefilename': '9aafe0a8491236198e8172e212a66d0df38cbb56017f2f7821d2bbc229867fe1.tar.gz', 'numcores': 1, 'addoutputfiles': [], 'generator': 'pythia', 'maxmemory': 2000, 'publishdbsurl': 'https://cmsweb.cern.ch/dbs/prod/phys03/DBSWriter', 'priority': 30, 'jobsw': 'CMSSW_7_6_3', 'edmoutfiles': ['output.root'], 'userfiles': [], 'primarydataset': '', 'inputdata': '/GJets_HT-100To200_TuneCUETP8M1_13TeV-madgraphMLM-pythia8/RunIISpring15DR74-Asympt25ns_MCRUN2_74_V9-v2/AODSIM', 'lfn': '/store/user/yofeng/GJet/ntuple/Analysis-20170213-v0/GJets_HT-100To200_RunIISpring15DR74/', 'dryrun': 0, 'workflow': 'crab_Analysis-20170213-GJets_HT-100To200_RunIISpring15DR74-2017-0213-212020', 'adduserfiles': [], 'nonprodsw': 0, 'tfileoutfiles': ['ntuple.root'], 'oneEventMode': 0, 'debugfilename': '3cbfef9a0cd07584f96592ea01d7bd592947ff3deeb197f679be38e110ca7e49.tar.gz', 'cacheurl': u'https://cmsweb.cern.ch/crabcache', 'saveoutput': 1, 'publication': 1, 'jobarch': 'slc6_amd64_gcc493', 'totalunits': 1000, 'splitalgo': 'FileBased', 'ignoreglobalblacklist': 0, 'nonvaliddata': 0, 'dbsurl': 'https://cmsweb.cern.ch/dbs/prod/global/DBSReader', 'publishgroupname': 0, 'jobtype': 'Analysis', 'siteblacklist': ['T2_US_Purdue'], 'publishname2': 'Analysis-20170213'} 
DEBUG 2017-02-13 21:20:46,778: 	 Encoded submit request: maxjobruntime=1250&ignorelocality=1&savelogsflag=0&useparent=0&asyncdest=T3_US_UMD&algoargs=1&cachefilename=9aafe0a8491236198e8172e212a66d0df38cbb56017f2f7821d2bbc229867fe1.tar.gz&numcores=1&generator=pythia&maxmemory=2000&publishdbsurl=https%3A%2F%2Fcmsweb.cern.ch%2Fdbs%2Fprod%2Fphys03%2FDBSWriter&priority=30&jobsw=CMSSW_7_6_3&primarydataset=&inputdata=%2FGJets_HT-100To200_TuneCUETP8M1_13TeV-madgraphMLM-pythia8%2FRunIISpring15DR74-Asympt25ns_MCRUN2_74_V9-v2%2FAODSIM&lfn=%2Fstore%2Fuser%2Fyofeng%2FGJet%2Fntuple%2FAnalysis-20170213-v0%2FGJets_HT-100To200_RunIISpring15DR74%2F&dryrun=0&workflow=crab_Analysis-20170213-GJets_HT-100To200_RunIISpring15DR74-2017-0213-212020&nonprodsw=0&oneEventMode=0&debugfilename=3cbfef9a0cd07584f96592ea01d7bd592947ff3deeb197f679be38e110ca7e49.tar.gz&cacheurl=https%3A%2F%2Fcmsweb.cern.ch%2Fcrabcache&saveoutput=1&publication=1&jobarch=slc6_amd64_gcc493&totalunits=1000&splitalgo=FileBased&ignoreglobalblacklist=0&nonvaliddata=0&dbsurl=https%3A%2F%2Fcmsweb.cern.ch%2Fdbs%2Fprod%2Fglobal%2FDBSReader&publishgroupname=0&jobtype=Analysis&publishname2=Analysis-20170213&siteblacklist=T2_US_Purdue&tfileoutfiles=ntuple.root&edmoutfiles=output.root
DEBUG 2017-02-13 21:20:48,283: 	 Result: {u'result': [{u'RequestName': u'170214_022047:yofeng_crab_Analysis-20170213-GJets_HT-100To200_RunIISpring15DR74-2017-0213-212020'}]}
INFO 2017-02-13 21:20:48,343: 	 Success: Your task has been delivered to the CRAB3 server.
INFO 2017-02-13 21:20:48,343: 	 Task name: 170214_022047:yofeng_crab_Analysis-20170213-GJets_HT-100To200_RunIISpring15DR74-2017-0213-212020
INFO 2017-02-13 21:20:48,344: 	 Please use 'crab status' to check how the submission process proceeds.
DEBUG 2017-02-13 21:20:48,344: 	 About to return
DEBUG 2017-02-13 21:22:01,094: 	 Executing command: 'status'
DEBUG 2017-02-13 21:22:01,094: 	 Found CRAB cache file /home/fengyb/.crab3
DEBUG 2017-02-13 21:22:01,102: 	 Checking credentials
DEBUG 2017-02-13 21:22:01,102: 	 Found proxy file /tmp/x509up_u1701
DEBUG 2017-02-13 21:22:01,102: 	 Getting proxy life time left
DEBUG 2017-02-13 21:22:01,206: 	 Executing : 
 command : voms-proxy-info -file /tmp/x509up_u1701 -timeleft
 output : 39222

 error: 
 retcode : 0
DEBUG 2017-02-13 21:22:01,309: 	 Executing : 
 command : voms-proxy-info -file /tmp/x509up_u1701 -actimeleft
 output : 39222

 error: 
 retcode : 0
DEBUG 2017-02-13 21:22:01,310: 	 Proxy valid for 10:53:42 hours
DEBUG 2017-02-13 21:22:01,420: 	 Executing : 
 command : openssl x509 -in ~/.globus/usercert.pem -subject -noout
 output : subject= /DC=ch/DC=cern/OU=Organic Units/OU=Users/CN=yofeng/CN=785825/CN=Yongbin Feng

 error: 
 retcode : 0
DEBUG 2017-02-13 21:22:01,420: 	 Checking credentials
DEBUG 2017-02-13 21:22:01,421: 	 Found proxy file /tmp/x509up_u1701
DEBUG 2017-02-13 21:22:01,421: 	 Getting proxy life time left
DEBUG 2017-02-13 21:22:01,524: 	 Executing : 
 command : voms-proxy-info -file /tmp/x509up_u1701 -timeleft
 output : 39222

 error: 
 retcode : 0
DEBUG 2017-02-13 21:22:01,627: 	 Executing : 
 command : voms-proxy-info -file /tmp/x509up_u1701 -actimeleft
 output : 39222

 error: 
 retcode : 0
DEBUG 2017-02-13 21:22:01,627: 	 Proxy valid for 10:53:42 hours
DEBUG 2017-02-13 21:22:02,939: 	 Registering user credentials for server /DC=ch/DC=cern/OU=computers/CN=vocms(045|052|021|031|0118|0118a|0119|0108|0105).cern.ch
DEBUG 2017-02-13 21:22:03,047: 	 Executing : 
 command : openssl x509 -in ~/.globus/usercert.pem -subject -noout
 output : subject= /DC=ch/DC=cern/OU=Organic Units/OU=Users/CN=yofeng/CN=785825/CN=Yongbin Feng

 error: 
 retcode : 0
DEBUG 2017-02-13 21:22:03,048: 	 Getting myproxy life time left for myproxy.cern.ch
DEBUG 2017-02-13 21:22:03,048: 	 Calculating hash of /DC=ch/DC=cern/OU=Organic Units/OU=Users/CN=yofeng/CN=785825/CN=Yongbin Feng_cmsweb.cern.ch for credential name
DEBUG 2017-02-13 21:22:03,952: 	 Executing : 
 command : myproxy-info -l 46a32ae7e95f6185805e22dd0e47513ea7de8fa0 -s myproxy.cern.ch
 output : username: 46a32ae7e95f6185805e22dd0e47513ea7de8fa0
owner: /DC=ch/DC=cern/OU=Organic Units/OU=Users/CN=yofeng/CN=785825/CN=Yongbin Feng
  renewal policy: /DC=ch/DC=cern/OU=computers/CN=vocms(045|052|021|031|0118|0118a|0119|0108|0105).cern.ch
  trusted retrieval policy: /DC=ch/DC=cern/OU=computers/CN=vocms(045|052|021|031|0118|0118a|0119|0108|0105).cern.ch
  timeleft: 615:12:41  (25.6 days)

 error: 
 retcode : 0
DEBUG 2017-02-13 21:22:03,953: 	 Myproxy is valid: 2214761
DEBUG 2017-02-13 21:22:03,953: 	 Command use: status
DEBUG 2017-02-13 21:22:03,953: 	 Options use: ['-d', 'crab_Analysis-20170213-GJets_HT-100To200_RunIISpring15DR74-2017-0213-212020/']
DEBUG 2017-02-13 21:22:05,391: 	 CRABClient version: 3.3.1702
DEBUG 2017-02-13 21:22:05,391: 	 Instance is prod
DEBUG 2017-02-13 21:22:05,391: 	 Server base url is cmsweb.cern.ch
DEBUG 2017-02-13 21:22:05,391: 	 Command url /crabserver/prod/workflow
DEBUG 2017-02-13 21:22:05,391: 	 Looking up detailed status of task 170214_022047:yofeng_crab_Analysis-20170213-GJets_HT-100To200_RunIISpring15DR74-2017-0213-212020
DEBUG 2017-02-13 21:22:06,549: 	 {u'status': u'SUBMITFAILED', u'username': u'yofeng', u'totalJobdefs': 0, u'jobsPerStatus': {}, u'taskWarningMsg': [], u'schedd': u'', u'statusFailureMsg': u'', u'taskFailureMsg': u'Task could not be submitted because there is no DISK replica for dataset /GJets_HT-100To200_TuneCUETP8M1_13TeV-madgraphMLM-pythia8/RunIISpring15DR74-Asympt25ns_MCRUN2_74_V9-v2/AODSIM . Please, check DAS, https://cmsweb.cern.ch/das, and make sure the dataset is accessible on DISK You might want to contact your physics group if you need a disk replica.\nN.B.: your dataset is stored at T1_US_FNAL_Buffer,T1_US_FNAL_MSS, but those are TAPE locations.', u'failedJobdefs': 0, u'command': u'SUBMIT', u'submissionTime': 1487038848, u'jobdefErrors': [], u'collector': u'cmsgwms-collector-global.cern.ch,cmssrv221.fnal.gov', u'jobList': []}
INFO 2017-02-13 21:22:06,549: 	 CRAB project directory:		/data/users/fengyb/CMSSW_7_6_3/src/EmergingJetAnalysis/crabTasks/crab_Analysis-20170213-2017-0213-v0/crab_Analysis-20170213-GJets_HT-100To200_RunIISpring15DR74-2017-0213-212020
INFO 2017-02-13 21:22:06,550: 	 Task name:			170214_022047:yofeng_crab_Analysis-20170213-GJets_HT-100To200_RunIISpring15DR74-2017-0213-212020
INFO 2017-02-13 21:22:06,550: 	 Task status:			SUBMITFAILED
INFO 2017-02-13 21:22:06,550: 	 Task URL to use for HELP:	https://cmsweb.cern.ch/crabserver/ui/task/170214_022047%3Ayofeng_crab_Analysis-20170213-GJets_HT-100To200_RunIISpring15DR74-2017-0213-212020
ERROR 2017-02-13 21:22:06,550: 	 Failure message:		Task could not be submitted because there is no DISK replica for dataset /GJets_HT-100To200_TuneCUETP8M1_13TeV-madgraphMLM-pythia8/RunIISpring15DR74-Asympt25ns_MCRUN2_74_V9-v2/AODSIM . Please, check DAS, https://cmsweb.cern.ch/das, and make sure the dataset is accessible on DISK You might want to contact your physics group if you need a disk replica.
				N.B.: your dataset is stored at T1_US_FNAL_Buffer,T1_US_FNAL_MSS, but those are TAPE locations.
INFO 2017-02-13 21:22:06,552: 	 Log file is /data/users/fengyb/CMSSW_7_6_3/src/EmergingJetAnalysis/crabTasks/crab_Analysis-20170213-2017-0213-v0/crab_Analysis-20170213-GJets_HT-100To200_RunIISpring15DR74-2017-0213-212020/crab.log
DEBUG 2017-02-13 21:24:51,386: 	 Executing command: 'status'
DEBUG 2017-02-13 21:24:51,387: 	 Found CRAB cache file /home/fengyb/.crab3
DEBUG 2017-02-13 21:24:51,392: 	 Checking credentials
DEBUG 2017-02-13 21:24:51,392: 	 Found proxy file /tmp/x509up_u1701
DEBUG 2017-02-13 21:24:51,393: 	 Getting proxy life time left
DEBUG 2017-02-13 21:24:51,496: 	 Executing : 
 command : voms-proxy-info -file /tmp/x509up_u1701 -timeleft
 output : 39052

 error: 
 retcode : 0
DEBUG 2017-02-13 21:24:51,599: 	 Executing : 
 command : voms-proxy-info -file /tmp/x509up_u1701 -actimeleft
 output : 39052

 error: 
 retcode : 0
DEBUG 2017-02-13 21:24:51,600: 	 Proxy valid for 10:50:52 hours
DEBUG 2017-02-13 21:24:51,710: 	 Executing : 
 command : openssl x509 -in ~/.globus/usercert.pem -subject -noout
 output : subject= /DC=ch/DC=cern/OU=Organic Units/OU=Users/CN=yofeng/CN=785825/CN=Yongbin Feng

 error: 
 retcode : 0
DEBUG 2017-02-13 21:24:51,711: 	 Checking credentials
DEBUG 2017-02-13 21:24:51,711: 	 Found proxy file /tmp/x509up_u1701
DEBUG 2017-02-13 21:24:51,711: 	 Getting proxy life time left
DEBUG 2017-02-13 21:24:51,814: 	 Executing : 
 command : voms-proxy-info -file /tmp/x509up_u1701 -timeleft
 output : 39052

 error: 
 retcode : 0
DEBUG 2017-02-13 21:24:51,917: 	 Executing : 
 command : voms-proxy-info -file /tmp/x509up_u1701 -actimeleft
 output : 39052

 error: 
 retcode : 0
DEBUG 2017-02-13 21:24:51,918: 	 Proxy valid for 10:50:52 hours
DEBUG 2017-02-13 21:24:53,348: 	 Registering user credentials for server /DC=ch/DC=cern/OU=computers/CN=vocms(045|052|021|031|0118|0118a|0119|0108|0105).cern.ch
DEBUG 2017-02-13 21:24:53,456: 	 Executing : 
 command : openssl x509 -in ~/.globus/usercert.pem -subject -noout
 output : subject= /DC=ch/DC=cern/OU=Organic Units/OU=Users/CN=yofeng/CN=785825/CN=Yongbin Feng

 error: 
 retcode : 0
DEBUG 2017-02-13 21:24:53,456: 	 Getting myproxy life time left for myproxy.cern.ch
DEBUG 2017-02-13 21:24:53,456: 	 Calculating hash of /DC=ch/DC=cern/OU=Organic Units/OU=Users/CN=yofeng/CN=785825/CN=Yongbin Feng_cmsweb.cern.ch for credential name
DEBUG 2017-02-13 21:24:54,260: 	 Executing : 
 command : myproxy-info -l 46a32ae7e95f6185805e22dd0e47513ea7de8fa0 -s myproxy.cern.ch
 output : username: 46a32ae7e95f6185805e22dd0e47513ea7de8fa0
owner: /DC=ch/DC=cern/OU=Organic Units/OU=Users/CN=yofeng/CN=785825/CN=Yongbin Feng
  renewal policy: /DC=ch/DC=cern/OU=computers/CN=vocms(045|052|021|031|0118|0118a|0119|0108|0105).cern.ch
  trusted retrieval policy: /DC=ch/DC=cern/OU=computers/CN=vocms(045|052|021|031|0118|0118a|0119|0108|0105).cern.ch
  timeleft: 615:09:50  (25.6 days)

 error: 
 retcode : 0
DEBUG 2017-02-13 21:24:54,261: 	 Myproxy is valid: 2214590
DEBUG 2017-02-13 21:24:54,262: 	 Command use: status
DEBUG 2017-02-13 21:24:54,262: 	 Options use: ['-d', 'crab_Analysis-20170213-GJets_HT-100To200_RunIISpring15DR74-2017-0213-212020/']
DEBUG 2017-02-13 21:25:07,347: 	 CRABClient version: 3.3.1702
DEBUG 2017-02-13 21:25:07,347: 	 Instance is prod
DEBUG 2017-02-13 21:25:07,347: 	 Server base url is cmsweb.cern.ch
DEBUG 2017-02-13 21:25:07,347: 	 Command url /crabserver/prod/workflow
DEBUG 2017-02-13 21:25:07,347: 	 Looking up detailed status of task 170214_022047:yofeng_crab_Analysis-20170213-GJets_HT-100To200_RunIISpring15DR74-2017-0213-212020
DEBUG 2017-02-13 21:25:08,429: 	 {u'status': u'SUBMITFAILED', u'username': u'yofeng', u'totalJobdefs': 0, u'jobsPerStatus': {}, u'taskWarningMsg': [], u'schedd': u'', u'statusFailureMsg': u'', u'taskFailureMsg': u'Task could not be submitted because there is no DISK replica for dataset /GJets_HT-100To200_TuneCUETP8M1_13TeV-madgraphMLM-pythia8/RunIISpring15DR74-Asympt25ns_MCRUN2_74_V9-v2/AODSIM . Please, check DAS, https://cmsweb.cern.ch/das, and make sure the dataset is accessible on DISK You might want to contact your physics group if you need a disk replica.\nN.B.: your dataset is stored at T1_US_FNAL_Buffer,T1_US_FNAL_MSS, but those are TAPE locations.', u'failedJobdefs': 0, u'command': u'SUBMIT', u'submissionTime': 1487038848, u'jobdefErrors': [], u'collector': u'cmsgwms-collector-global.cern.ch,cmssrv221.fnal.gov', u'jobList': []}
INFO 2017-02-13 21:25:08,429: 	 CRAB project directory:		/data/users/fengyb/CMSSW_7_6_3/src/EmergingJetAnalysis/crabTasks/crab_Analysis-20170213-2017-0213-v0/crab_Analysis-20170213-GJets_HT-100To200_RunIISpring15DR74-2017-0213-212020
INFO 2017-02-13 21:25:08,429: 	 Task name:			170214_022047:yofeng_crab_Analysis-20170213-GJets_HT-100To200_RunIISpring15DR74-2017-0213-212020
INFO 2017-02-13 21:25:08,429: 	 Task status:			SUBMITFAILED
INFO 2017-02-13 21:25:08,430: 	 Task URL to use for HELP:	https://cmsweb.cern.ch/crabserver/ui/task/170214_022047%3Ayofeng_crab_Analysis-20170213-GJets_HT-100To200_RunIISpring15DR74-2017-0213-212020
ERROR 2017-02-13 21:25:08,430: 	 Failure message:		Task could not be submitted because there is no DISK replica for dataset /GJets_HT-100To200_TuneCUETP8M1_13TeV-madgraphMLM-pythia8/RunIISpring15DR74-Asympt25ns_MCRUN2_74_V9-v2/AODSIM . Please, check DAS, https://cmsweb.cern.ch/das, and make sure the dataset is accessible on DISK You might want to contact your physics group if you need a disk replica.
				N.B.: your dataset is stored at T1_US_FNAL_Buffer,T1_US_FNAL_MSS, but those are TAPE locations.
INFO 2017-02-13 21:25:08,432: 	 Log file is /data/users/fengyb/CMSSW_7_6_3/src/EmergingJetAnalysis/crabTasks/crab_Analysis-20170213-2017-0213-v0/crab_Analysis-20170213-GJets_HT-100To200_RunIISpring15DR74-2017-0213-212020/crab.log
DEBUG 2017-02-13 21:30:41,743: 	 Executing command: 'status'
DEBUG 2017-02-13 21:30:41,744: 	 Found CRAB cache file /home/fengyb/.crab3
DEBUG 2017-02-13 21:30:41,753: 	 Checking credentials
DEBUG 2017-02-13 21:30:41,753: 	 Found proxy file /tmp/x509up_u1701
DEBUG 2017-02-13 21:30:41,753: 	 Getting proxy life time left
DEBUG 2017-02-13 21:30:41,856: 	 Executing : 
 command : voms-proxy-info -file /tmp/x509up_u1701 -timeleft
 output : 38702

 error: 
 retcode : 0
DEBUG 2017-02-13 21:30:41,960: 	 Executing : 
 command : voms-proxy-info -file /tmp/x509up_u1701 -actimeleft
 output : 38702

 error: 
 retcode : 0
DEBUG 2017-02-13 21:30:41,960: 	 Proxy valid for 10:45:02 hours
DEBUG 2017-02-13 21:30:42,070: 	 Executing : 
 command : openssl x509 -in ~/.globus/usercert.pem -subject -noout
 output : subject= /DC=ch/DC=cern/OU=Organic Units/OU=Users/CN=yofeng/CN=785825/CN=Yongbin Feng

 error: 
 retcode : 0
DEBUG 2017-02-13 21:30:42,070: 	 Checking credentials
DEBUG 2017-02-13 21:30:42,070: 	 Found proxy file /tmp/x509up_u1701
DEBUG 2017-02-13 21:30:42,070: 	 Getting proxy life time left
DEBUG 2017-02-13 21:30:42,174: 	 Executing : 
 command : voms-proxy-info -file /tmp/x509up_u1701 -timeleft
 output : 38701

 error: 
 retcode : 0
DEBUG 2017-02-13 21:30:42,277: 	 Executing : 
 command : voms-proxy-info -file /tmp/x509up_u1701 -actimeleft
 output : 38701

 error: 
 retcode : 0
DEBUG 2017-02-13 21:30:42,277: 	 Proxy valid for 10:45:01 hours
DEBUG 2017-02-13 21:30:43,358: 	 Registering user credentials for server /DC=ch/DC=cern/OU=computers/CN=vocms(045|052|021|031|0118|0118a|0119|0108|0105).cern.ch
DEBUG 2017-02-13 21:30:43,466: 	 Executing : 
 command : openssl x509 -in ~/.globus/usercert.pem -subject -noout
 output : subject= /DC=ch/DC=cern/OU=Organic Units/OU=Users/CN=yofeng/CN=785825/CN=Yongbin Feng

 error: 
 retcode : 0
DEBUG 2017-02-13 21:30:43,466: 	 Getting myproxy life time left for myproxy.cern.ch
DEBUG 2017-02-13 21:30:43,466: 	 Calculating hash of /DC=ch/DC=cern/OU=Organic Units/OU=Users/CN=yofeng/CN=785825/CN=Yongbin Feng_cmsweb.cern.ch for credential name
DEBUG 2017-02-13 21:30:44,570: 	 Executing : 
 command : myproxy-info -l 46a32ae7e95f6185805e22dd0e47513ea7de8fa0 -s myproxy.cern.ch
 output : username: 46a32ae7e95f6185805e22dd0e47513ea7de8fa0
owner: /DC=ch/DC=cern/OU=Organic Units/OU=Users/CN=yofeng/CN=785825/CN=Yongbin Feng
  renewal policy: /DC=ch/DC=cern/OU=computers/CN=vocms(045|052|021|031|0118|0118a|0119|0108|0105).cern.ch
  trusted retrieval policy: /DC=ch/DC=cern/OU=computers/CN=vocms(045|052|021|031|0118|0118a|0119|0108|0105).cern.ch
  timeleft: 615:04:00  (25.6 days)

 error: 
 retcode : 0
DEBUG 2017-02-13 21:30:44,571: 	 Myproxy is valid: 2214240
DEBUG 2017-02-13 21:30:44,571: 	 Command use: status
DEBUG 2017-02-13 21:30:44,571: 	 Options use: ['-d', 'crab_Analysis-20170213-GJets_HT-100To200_RunIISpring15DR74-2017-0213-212020/']
DEBUG 2017-02-13 21:30:45,808: 	 CRABClient version: 3.3.1702
DEBUG 2017-02-13 21:30:45,808: 	 Instance is prod
DEBUG 2017-02-13 21:30:45,808: 	 Server base url is cmsweb.cern.ch
DEBUG 2017-02-13 21:30:45,808: 	 Command url /crabserver/prod/workflow
DEBUG 2017-02-13 21:30:45,808: 	 Looking up detailed status of task 170214_022047:yofeng_crab_Analysis-20170213-GJets_HT-100To200_RunIISpring15DR74-2017-0213-212020
DEBUG 2017-02-13 21:30:46,888: 	 {u'status': u'SUBMITFAILED', u'username': u'yofeng', u'totalJobdefs': 0, u'jobsPerStatus': {}, u'taskWarningMsg': [], u'schedd': u'', u'statusFailureMsg': u'', u'taskFailureMsg': u'Task could not be submitted because there is no DISK replica for dataset /GJets_HT-100To200_TuneCUETP8M1_13TeV-madgraphMLM-pythia8/RunIISpring15DR74-Asympt25ns_MCRUN2_74_V9-v2/AODSIM . Please, check DAS, https://cmsweb.cern.ch/das, and make sure the dataset is accessible on DISK You might want to contact your physics group if you need a disk replica.\nN.B.: your dataset is stored at T1_US_FNAL_Buffer,T1_US_FNAL_MSS, but those are TAPE locations.', u'failedJobdefs': 0, u'command': u'SUBMIT', u'submissionTime': 1487038848, u'jobdefErrors': [], u'collector': u'cmsgwms-collector-global.cern.ch,cmssrv221.fnal.gov', u'jobList': []}
INFO 2017-02-13 21:30:46,888: 	 CRAB project directory:		/data/users/fengyb/CMSSW_7_6_3/src/EmergingJetAnalysis/crabTasks/crab_Analysis-20170213-2017-0213-v0/crab_Analysis-20170213-GJets_HT-100To200_RunIISpring15DR74-2017-0213-212020
INFO 2017-02-13 21:30:46,889: 	 Task name:			170214_022047:yofeng_crab_Analysis-20170213-GJets_HT-100To200_RunIISpring15DR74-2017-0213-212020
INFO 2017-02-13 21:30:46,889: 	 Task status:			SUBMITFAILED
INFO 2017-02-13 21:30:46,889: 	 Task URL to use for HELP:	https://cmsweb.cern.ch/crabserver/ui/task/170214_022047%3Ayofeng_crab_Analysis-20170213-GJets_HT-100To200_RunIISpring15DR74-2017-0213-212020
ERROR 2017-02-13 21:30:46,889: 	 Failure message:		Task could not be submitted because there is no DISK replica for dataset /GJets_HT-100To200_TuneCUETP8M1_13TeV-madgraphMLM-pythia8/RunIISpring15DR74-Asympt25ns_MCRUN2_74_V9-v2/AODSIM . Please, check DAS, https://cmsweb.cern.ch/das, and make sure the dataset is accessible on DISK You might want to contact your physics group if you need a disk replica.
				N.B.: your dataset is stored at T1_US_FNAL_Buffer,T1_US_FNAL_MSS, but those are TAPE locations.
INFO 2017-02-13 21:30:46,891: 	 Log file is /data/users/fengyb/CMSSW_7_6_3/src/EmergingJetAnalysis/crabTasks/crab_Analysis-20170213-2017-0213-v0/crab_Analysis-20170213-GJets_HT-100To200_RunIISpring15DR74-2017-0213-212020/crab.log
DEBUG 2017-02-14 11:15:20,873: 	 Executing command: 'status'
DEBUG 2017-02-14 11:15:20,874: 	 Found CRAB cache file /home/fengyb/.crab3
DEBUG 2017-02-14 11:15:20,880: 	 Checking credentials
DEBUG 2017-02-14 11:15:20,880: 	 Found proxy file /tmp/x509up_u1701
DEBUG 2017-02-14 11:15:20,880: 	 Getting proxy life time left
DEBUG 2017-02-14 11:15:20,983: 	 Executing : 
 command : voms-proxy-info -file /tmp/x509up_u1701 -timeleft
 output : 0

 error: 
 retcode : 0
DEBUG 2017-02-14 11:15:20,983: 	 Proxy valid for 00:00:00 hours
DEBUG 2017-02-14 11:15:20,983: 	 Creating new proxy for 24:00 hours with VO group '' and VO role 'NULL'.
DEBUG 2017-02-14 11:15:26,593: 	 Executing : 
 command : voms-proxy-init -voms cms:/cms -valid 24:00 -rfc
 output : None
 error: None
 retcode : 0
DEBUG 2017-02-14 11:15:26,697: 	 Executing : 
 command : voms-proxy-info -file /tmp/x509up_u1701 -timeleft
 output : 86400

 error: 
 retcode : 0
DEBUG 2017-02-14 11:15:26,800: 	 Executing : 
 command : voms-proxy-info -file /tmp/x509up_u1701 -actimeleft
 output : 86400

 error: 
 retcode : 0
DEBUG 2017-02-14 11:15:26,904: 	 Executing : 
 command : env X509_USER_PROXY=/tmp/x509up_u1701 voms-proxy-info -fqan
 output : /cms/Role=NULL/Capability=NULL

 error: 
 retcode : 0
DEBUG 2017-02-14 11:15:26,904: 	 Proxy created.
DEBUG 2017-02-14 11:15:27,014: 	 Executing : 
 command : openssl x509 -in ~/.globus/usercert.pem -subject -noout
 output : subject= /DC=ch/DC=cern/OU=Organic Units/OU=Users/CN=yofeng/CN=785825/CN=Yongbin Feng

 error: 
 retcode : 0
DEBUG 2017-02-14 11:15:27,015: 	 Checking credentials
DEBUG 2017-02-14 11:15:27,015: 	 Found proxy file /tmp/x509up_u1701
DEBUG 2017-02-14 11:15:27,015: 	 Getting proxy life time left
DEBUG 2017-02-14 11:15:27,118: 	 Executing : 
 command : voms-proxy-info -file /tmp/x509up_u1701 -timeleft
 output : 86399

 error: 
 retcode : 0
DEBUG 2017-02-14 11:15:27,221: 	 Executing : 
 command : voms-proxy-info -file /tmp/x509up_u1701 -actimeleft
 output : 86399

 error: 
 retcode : 0
DEBUG 2017-02-14 11:15:27,222: 	 Proxy valid for 23:59:59 hours
DEBUG 2017-02-14 11:15:28,395: 	 Registering user credentials for server /DC=ch/DC=cern/OU=computers/CN=vocms(045|052|021|031|0118|0118a|0119|0108|0105).cern.ch
DEBUG 2017-02-14 11:15:28,503: 	 Executing : 
 command : openssl x509 -in ~/.globus/usercert.pem -subject -noout
 output : subject= /DC=ch/DC=cern/OU=Organic Units/OU=Users/CN=yofeng/CN=785825/CN=Yongbin Feng

 error: 
 retcode : 0
DEBUG 2017-02-14 11:15:28,503: 	 Getting myproxy life time left for myproxy.cern.ch
DEBUG 2017-02-14 11:15:28,503: 	 Calculating hash of /DC=ch/DC=cern/OU=Organic Units/OU=Users/CN=yofeng/CN=785825/CN=Yongbin Feng_cmsweb.cern.ch for credential name
DEBUG 2017-02-14 11:15:29,608: 	 Executing : 
 command : myproxy-info -l 46a32ae7e95f6185805e22dd0e47513ea7de8fa0 -s myproxy.cern.ch
 output : username: 46a32ae7e95f6185805e22dd0e47513ea7de8fa0
owner: /DC=ch/DC=cern/OU=Organic Units/OU=Users/CN=yofeng/CN=785825/CN=Yongbin Feng
  renewal policy: /DC=ch/DC=cern/OU=computers/CN=vocms(045|052|021|031|0118|0118a|0119|0108|0105).cern.ch
  trusted retrieval policy: /DC=ch/DC=cern/OU=computers/CN=vocms(045|052|021|031|0118|0118a|0119|0108|0105).cern.ch
  timeleft: 601:19:15  (25.1 days)

 error: 
 retcode : 0
DEBUG 2017-02-14 11:15:29,609: 	 Myproxy is valid: 2164755
DEBUG 2017-02-14 11:15:29,609: 	 Command use: status
DEBUG 2017-02-14 11:15:29,609: 	 Options use: ['-d', 'crab_Analysis-20170213-GJets_HT-100To200_RunIISpring15DR74-2017-0213-212020']
DEBUG 2017-02-14 11:15:31,218: 	 CRABClient version: 3.3.1702
DEBUG 2017-02-14 11:15:31,218: 	 Instance is prod
DEBUG 2017-02-14 11:15:31,218: 	 Server base url is cmsweb.cern.ch
DEBUG 2017-02-14 11:15:31,218: 	 Command url /crabserver/prod/workflow
DEBUG 2017-02-14 11:15:31,218: 	 Looking up detailed status of task 170214_022047:yofeng_crab_Analysis-20170213-GJets_HT-100To200_RunIISpring15DR74-2017-0213-212020
DEBUG 2017-02-14 11:15:32,478: 	 {u'status': u'SUBMITFAILED', u'username': u'yofeng', u'totalJobdefs': 0, u'jobsPerStatus': {}, u'taskWarningMsg': [], u'schedd': u'', u'statusFailureMsg': u'', u'taskFailureMsg': u'Task could not be submitted because there is no DISK replica for dataset /GJets_HT-100To200_TuneCUETP8M1_13TeV-madgraphMLM-pythia8/RunIISpring15DR74-Asympt25ns_MCRUN2_74_V9-v2/AODSIM . Please, check DAS, https://cmsweb.cern.ch/das, and make sure the dataset is accessible on DISK You might want to contact your physics group if you need a disk replica.\nN.B.: your dataset is stored at T1_US_FNAL_Buffer,T1_US_FNAL_MSS, but those are TAPE locations.', u'failedJobdefs': 0, u'command': u'SUBMIT', u'submissionTime': 1487038848, u'jobdefErrors': [], u'collector': u'cmsgwms-collector-global.cern.ch,cmssrv221.fnal.gov', u'jobList': []}
INFO 2017-02-14 11:15:32,478: 	 CRAB project directory:		/data/users/fengyb/CMSSW_7_6_3/src/EmergingJetAnalysis/crabTasks/crab_Analysis-20170213-2017-0213-v0/crab_Analysis-20170213-GJets_HT-100To200_RunIISpring15DR74-2017-0213-212020
INFO 2017-02-14 11:15:32,478: 	 Task name:			170214_022047:yofeng_crab_Analysis-20170213-GJets_HT-100To200_RunIISpring15DR74-2017-0213-212020
INFO 2017-02-14 11:15:32,478: 	 Task status:			SUBMITFAILED
INFO 2017-02-14 11:15:32,478: 	 Task URL to use for HELP:	https://cmsweb.cern.ch/crabserver/ui/task/170214_022047%3Ayofeng_crab_Analysis-20170213-GJets_HT-100To200_RunIISpring15DR74-2017-0213-212020
ERROR 2017-02-14 11:15:32,478: 	 Failure message:		Task could not be submitted because there is no DISK replica for dataset /GJets_HT-100To200_TuneCUETP8M1_13TeV-madgraphMLM-pythia8/RunIISpring15DR74-Asympt25ns_MCRUN2_74_V9-v2/AODSIM . Please, check DAS, https://cmsweb.cern.ch/das, and make sure the dataset is accessible on DISK You might want to contact your physics group if you need a disk replica.
				N.B.: your dataset is stored at T1_US_FNAL_Buffer,T1_US_FNAL_MSS, but those are TAPE locations.
INFO 2017-02-14 11:15:32,481: 	 Log file is /data/users/fengyb/CMSSW_7_6_3/src/EmergingJetAnalysis/crabTasks/crab_Analysis-20170213-2017-0213-v0/crab_Analysis-20170213-GJets_HT-100To200_RunIISpring15DR74-2017-0213-212020/crab.log
DEBUG 2017-02-21 16:37:29,308: 	 Executing command: 'status'
DEBUG 2017-02-21 16:37:29,309: 	 Found CRAB cache file /home/fengyb/.crab3
DEBUG 2017-02-21 16:37:29,324: 	 Checking credentials
DEBUG 2017-02-21 16:37:29,324: 	 Found proxy file /tmp/x509up_u1701
DEBUG 2017-02-21 16:37:29,324: 	 Getting proxy life time left
DEBUG 2017-02-21 16:37:29,532: 	 Executing : 
 command : voms-proxy-info -file /tmp/x509up_u1701 -timeleft
 output : 43165

 error: 
 retcode : 0
DEBUG 2017-02-21 16:37:29,638: 	 Executing : 
 command : voms-proxy-info -file /tmp/x509up_u1701 -actimeleft
 output : 43165

 error: 
 retcode : 0
DEBUG 2017-02-21 16:37:29,638: 	 Proxy valid for 11:59:25 hours
DEBUG 2017-02-21 16:37:29,814: 	 Executing : 
 command : openssl x509 -in ~/.globus/usercert.pem -subject -noout
 output : subject= /DC=ch/DC=cern/OU=Organic Units/OU=Users/CN=yofeng/CN=785825/CN=Yongbin Feng

 error: 
 retcode : 0
DEBUG 2017-02-21 16:37:29,815: 	 Checking credentials
DEBUG 2017-02-21 16:37:29,815: 	 Found proxy file /tmp/x509up_u1701
DEBUG 2017-02-21 16:37:29,815: 	 Getting proxy life time left
DEBUG 2017-02-21 16:37:29,920: 	 Executing : 
 command : voms-proxy-info -file /tmp/x509up_u1701 -timeleft
 output : 43165

 error: 
 retcode : 0
DEBUG 2017-02-21 16:37:30,024: 	 Executing : 
 command : voms-proxy-info -file /tmp/x509up_u1701 -actimeleft
 output : 43165

 error: 
 retcode : 0
DEBUG 2017-02-21 16:37:30,025: 	 Proxy valid for 11:59:25 hours
DEBUG 2017-02-21 16:37:31,669: 	 Registering user credentials for server /DC=ch/DC=cern/OU=computers/CN=vocms(045|052|021|031|0118|0118a|0119|0108|0105).cern.ch
DEBUG 2017-02-21 16:37:31,780: 	 Executing : 
 command : openssl x509 -in ~/.globus/usercert.pem -subject -noout
 output : subject= /DC=ch/DC=cern/OU=Organic Units/OU=Users/CN=yofeng/CN=785825/CN=Yongbin Feng

 error: 
 retcode : 0
DEBUG 2017-02-21 16:37:31,780: 	 Getting myproxy life time left for myproxy.cern.ch
DEBUG 2017-02-21 16:37:31,780: 	 Calculating hash of /DC=ch/DC=cern/OU=Organic Units/OU=Users/CN=yofeng/CN=785825/CN=Yongbin Feng_cmsweb.cern.ch for credential name
DEBUG 2017-02-21 16:37:33,589: 	 Executing : 
 command : myproxy-info -l 46a32ae7e95f6185805e22dd0e47513ea7de8fa0 -s myproxy.cern.ch
 output : username: 46a32ae7e95f6185805e22dd0e47513ea7de8fa0
owner: /DC=ch/DC=cern/OU=Organic Units/OU=Users/CN=yofeng/CN=785825/CN=Yongbin Feng
  renewal policy: /DC=ch/DC=cern/OU=computers/CN=vocms(045|052|021|031|0118|0118a|0119|0108|0105).cern.ch
  trusted retrieval policy: /DC=ch/DC=cern/OU=computers/CN=vocms(045|052|021|031|0118|0118a|0119|0108|0105).cern.ch
  timeleft: 427:57:11  (17.8 days)

 error: 
 retcode : 0
DEBUG 2017-02-21 16:37:33,591: 	 Myproxy is valid: 1540631
DEBUG 2017-02-21 16:37:33,591: 	 Command use: status
DEBUG 2017-02-21 16:37:33,592: 	 Options use: ['-d', 'crab_Analysis-20170213-GJets_HT-100To200_RunIISpring15DR74-2017-0213-212020']
DEBUG 2017-02-21 16:37:35,217: 	 CRABClient version: 3.3.1702
DEBUG 2017-02-21 16:37:35,218: 	 Instance is prod
DEBUG 2017-02-21 16:37:35,218: 	 Server base url is cmsweb.cern.ch
DEBUG 2017-02-21 16:37:35,218: 	 Command url /crabserver/prod/workflow
DEBUG 2017-02-21 16:37:35,218: 	 Looking up detailed status of task 170214_022047:yofeng_crab_Analysis-20170213-GJets_HT-100To200_RunIISpring15DR74-2017-0213-212020
DEBUG 2017-02-21 16:37:36,517: 	 {u'status': u'SUBMITFAILED', u'username': u'yofeng', u'totalJobdefs': 0, u'jobsPerStatus': {}, u'taskWarningMsg': [], u'schedd': u'', u'statusFailureMsg': u'', u'taskFailureMsg': u'Task could not be submitted because there is no DISK replica for dataset /GJets_HT-100To200_TuneCUETP8M1_13TeV-madgraphMLM-pythia8/RunIISpring15DR74-Asympt25ns_MCRUN2_74_V9-v2/AODSIM . Please, check DAS, https://cmsweb.cern.ch/das, and make sure the dataset is accessible on DISK You might want to contact your physics group if you need a disk replica.\nN.B.: your dataset is stored at T1_US_FNAL_Buffer,T1_US_FNAL_MSS, but those are TAPE locations.', u'failedJobdefs': 0, u'command': u'SUBMIT', u'submissionTime': 1487038848, u'jobdefErrors': [], u'collector': u'cmsgwms-collector-global.cern.ch,cmssrv221.fnal.gov', u'jobList': []}
INFO 2017-02-21 16:37:36,517: 	 CRAB project directory:		/data/users/fengyb/CMSSW_7_6_3/src/EmergingJetAnalysis/crabTasks/crab_Analysis-20170213-2017-0213-v0/crab_Analysis-20170213-GJets_HT-100To200_RunIISpring15DR74-2017-0213-212020
INFO 2017-02-21 16:37:36,518: 	 Task name:			170214_022047:yofeng_crab_Analysis-20170213-GJets_HT-100To200_RunIISpring15DR74-2017-0213-212020
INFO 2017-02-21 16:37:36,518: 	 Task status:			SUBMITFAILED
INFO 2017-02-21 16:37:36,518: 	 Task URL to use for HELP:	https://cmsweb.cern.ch/crabserver/ui/task/170214_022047%3Ayofeng_crab_Analysis-20170213-GJets_HT-100To200_RunIISpring15DR74-2017-0213-212020
ERROR 2017-02-21 16:37:36,519: 	 Failure message:		Task could not be submitted because there is no DISK replica for dataset /GJets_HT-100To200_TuneCUETP8M1_13TeV-madgraphMLM-pythia8/RunIISpring15DR74-Asympt25ns_MCRUN2_74_V9-v2/AODSIM . Please, check DAS, https://cmsweb.cern.ch/das, and make sure the dataset is accessible on DISK You might want to contact your physics group if you need a disk replica.
				N.B.: your dataset is stored at T1_US_FNAL_Buffer,T1_US_FNAL_MSS, but those are TAPE locations.
INFO 2017-02-21 16:37:36,527: 	 Log file is /data/users/fengyb/CMSSW_7_6_3/src/EmergingJetAnalysis/crabTasks/crab_Analysis-20170213-2017-0213-v0/crab_Analysis-20170213-GJets_HT-100To200_RunIISpring15DR74-2017-0213-212020/crab.log
